<?xml version="1.0" encoding="UTF-8"?>
<!-- Generated by org.testng.reporters.JUnitReportReporter -->
<testsuite hostname="DESKTOP-CHKRU1Q" failures="0" tests="3" name="Test.day4" time="0.009" errors="0" timestamp="2024-04-28T15:56:33 ICT" skipped="1">
  <testcase classname="Test.day4" name="LoginAPIhomeloan" time="0.007"/>
  <testcase classname="Test.day4" name="Webloginhomeloan" time="0.002"/>
  <testcase classname="Test.day4" name="Mobileloginhomeloan">
    <skipped/>
  </testcase> <!-- Mobileloginhomeloan -->
</testsuite> <!-- Test.day4 -->
