<?xml version="1.0" encoding="UTF-8"?>
<!-- Generated by org.testng.reporters.JUnitReportReporter -->
<testsuite hostname="DESKTOP-CHKRU1Q" failures="0" tests="2" name="Test.day1" time="0.010" errors="0" timestamp="2024-04-28T15:56:33 ICT" skipped="0">
  <testcase classname="Test.day1" name="Demo" time="0.008"/>
  <testcase classname="Test.day1" name="SecondTest" time="0.002"/>
</testsuite> <!-- Test.day1 -->
