<?xml version="1.0" encoding="UTF-8"?>
<testsuite xmlns:xsi="http://www.w3.org/2001/XMLSchema-instance" xsi:noNamespaceSchemaLocation="https://maven.apache.org/surefire/maven-surefire-plugin/xsd/surefire-test-report.xsd" version="3.0.2" name="TestSuite" time="31.503" tests="3" errors="0" skipped="1" failures="1">
  <properties>
    <property name="java.specification.version" value="17"/>
    <property name="webdriver.chrome.driver" value="D:\chromedriver-win64 (3)\chromedriver-win64\chromedriver.exe"/>
    <property name="sun.cpu.isalist" value="amd64"/>
    <property name="sun.jnu.encoding" value="Cp1252"/>
    <property name="java.class.path" value="E:\javastudy\trangselenium\target\test-classes;E:\javastudy\trangselenium\target\classes;D:\maven\apache-maven-3.9.6\repository\org\seleniumhq\selenium\selenium-java\4.22.0\selenium-java-4.22.0.jar;D:\maven\apache-maven-3.9.6\repository\org\seleniumhq\selenium\selenium-api\4.22.0\selenium-api-4.22.0.jar;D:\maven\apache-maven-3.9.6\repository\org\seleniumhq\selenium\selenium-chrome-driver\4.22.0\selenium-chrome-driver-4.22.0.jar;D:\maven\apache-maven-3.9.6\repository\com\google\auto\service\auto-service-annotations\1.1.1\auto-service-annotations-1.1.1.jar;D:\maven\apache-maven-3.9.6\repository\org\seleniumhq\selenium\selenium-chromium-driver\4.22.0\selenium-chromium-driver-4.22.0.jar;D:\maven\apache-maven-3.9.6\repository\org\seleniumhq\selenium\selenium-json\4.22.0\selenium-json-4.22.0.jar;D:\maven\apache-maven-3.9.6\repository\org\seleniumhq\selenium\selenium-manager\4.22.0\selenium-manager-4.22.0.jar;D:\maven\apache-maven-3.9.6\repository\org\seleniumhq\selenium\selenium-devtools-v124\4.22.0\selenium-devtools-v124-4.22.0.jar;D:\maven\apache-maven-3.9.6\repository\org\seleniumhq\selenium\selenium-devtools-v125\4.22.0\selenium-devtools-v125-4.22.0.jar;D:\maven\apache-maven-3.9.6\repository\org\seleniumhq\selenium\selenium-devtools-v126\4.22.0\selenium-devtools-v126-4.22.0.jar;D:\maven\apache-maven-3.9.6\repository\org\seleniumhq\selenium\selenium-devtools-v85\4.22.0\selenium-devtools-v85-4.22.0.jar;D:\maven\apache-maven-3.9.6\repository\org\seleniumhq\selenium\selenium-edge-driver\4.22.0\selenium-edge-driver-4.22.0.jar;D:\maven\apache-maven-3.9.6\repository\org\seleniumhq\selenium\selenium-firefox-driver\4.22.0\selenium-firefox-driver-4.22.0.jar;D:\maven\apache-maven-3.9.6\repository\org\seleniumhq\selenium\selenium-http\4.22.0\selenium-http-4.22.0.jar;D:\maven\apache-maven-3.9.6\repository\dev\failsafe\failsafe\3.3.2\failsafe-3.3.2.jar;D:\maven\apache-maven-3.9.6\repository\org\seleniumhq\selenium\selenium-ie-driver\4.22.0\selenium-ie-driver-4.22.0.jar;D:\maven\apache-maven-3.9.6\repository\org\seleniumhq\selenium\selenium-remote-driver\4.22.0\selenium-remote-driver-4.22.0.jar;D:\maven\apache-maven-3.9.6\repository\com\google\guava\guava\33.2.1-jre\guava-33.2.1-jre.jar;D:\maven\apache-maven-3.9.6\repository\com\google\guava\failureaccess\1.0.2\failureaccess-1.0.2.jar;D:\maven\apache-maven-3.9.6\repository\com\google\guava\listenablefuture\9999.0-empty-to-avoid-conflict-with-guava\listenablefuture-9999.0-empty-to-avoid-conflict-with-guava.jar;D:\maven\apache-maven-3.9.6\repository\com\google\code\findbugs\jsr305\3.0.2\jsr305-3.0.2.jar;D:\maven\apache-maven-3.9.6\repository\org\checkerframework\checker-qual\3.42.0\checker-qual-3.42.0.jar;D:\maven\apache-maven-3.9.6\repository\com\google\j2objc\j2objc-annotations\3.0.0\j2objc-annotations-3.0.0.jar;D:\maven\apache-maven-3.9.6\repository\io\opentelemetry\semconv\opentelemetry-semconv\1.25.0-alpha\opentelemetry-semconv-1.25.0-alpha.jar;D:\maven\apache-maven-3.9.6\repository\io\opentelemetry\opentelemetry-api\1.39.0\opentelemetry-api-1.39.0.jar;D:\maven\apache-maven-3.9.6\repository\io\opentelemetry\opentelemetry-context\1.39.0\opentelemetry-context-1.39.0.jar;D:\maven\apache-maven-3.9.6\repository\io\opentelemetry\opentelemetry-exporter-logging\1.39.0\opentelemetry-exporter-logging-1.39.0.jar;D:\maven\apache-maven-3.9.6\repository\io\opentelemetry\opentelemetry-sdk-common\1.39.0\opentelemetry-sdk-common-1.39.0.jar;D:\maven\apache-maven-3.9.6\repository\io\opentelemetry\opentelemetry-sdk-extension-autoconfigure-spi\1.39.0\opentelemetry-sdk-extension-autoconfigure-spi-1.39.0.jar;D:\maven\apache-maven-3.9.6\repository\io\opentelemetry\opentelemetry-sdk-extension-autoconfigure\1.39.0\opentelemetry-sdk-extension-autoconfigure-1.39.0.jar;D:\maven\apache-maven-3.9.6\repository\io\opentelemetry\opentelemetry-api-incubator\1.39.0-alpha\opentelemetry-api-incubator-1.39.0-alpha.jar;D:\maven\apache-maven-3.9.6\repository\io\opentelemetry\opentelemetry-sdk-trace\1.39.0\opentelemetry-sdk-trace-1.39.0.jar;D:\maven\apache-maven-3.9.6\repository\io\opentelemetry\opentelemetry-sdk\1.39.0\opentelemetry-sdk-1.39.0.jar;D:\maven\apache-maven-3.9.6\repository\io\opentelemetry\opentelemetry-sdk-metrics\1.39.0\opentelemetry-sdk-metrics-1.39.0.jar;D:\maven\apache-maven-3.9.6\repository\io\opentelemetry\opentelemetry-sdk-logs\1.39.0\opentelemetry-sdk-logs-1.39.0.jar;D:\maven\apache-maven-3.9.6\repository\net\bytebuddy\byte-buddy\1.14.17\byte-buddy-1.14.17.jar;D:\maven\apache-maven-3.9.6\repository\org\seleniumhq\selenium\selenium-os\4.22.0\selenium-os-4.22.0.jar;D:\maven\apache-maven-3.9.6\repository\org\apache\commons\commons-exec\1.4.0\commons-exec-1.4.0.jar;D:\maven\apache-maven-3.9.6\repository\org\seleniumhq\selenium\selenium-safari-driver\4.22.0\selenium-safari-driver-4.22.0.jar;D:\maven\apache-maven-3.9.6\repository\org\seleniumhq\selenium\selenium-support\4.22.0\selenium-support-4.22.0.jar;D:\maven\apache-maven-3.9.6\repository\com\fasterxml\jackson\core\jackson-databind\2.17.2\jackson-databind-2.17.2.jar;D:\maven\apache-maven-3.9.6\repository\com\fasterxml\jackson\core\jackson-annotations\2.17.2\jackson-annotations-2.17.2.jar;D:\maven\apache-maven-3.9.6\repository\com\fasterxml\jackson\core\jackson-core\2.17.2\jackson-core-2.17.2.jar;D:\maven\apache-maven-3.9.6\repository\org\testng\testng\7.9.0\testng-7.9.0.jar;D:\maven\apache-maven-3.9.6\repository\org\slf4j\slf4j-api\1.7.36\slf4j-api-1.7.36.jar;D:\maven\apache-maven-3.9.6\repository\com\beust\jcommander\1.82\jcommander-1.82.jar;D:\maven\apache-maven-3.9.6\repository\org\webjars\jquery\3.7.1\jquery-3.7.1.jar;D:\maven\apache-maven-3.9.6\repository\io\github\bonigarcia\webdrivermanager\5.9.1\webdrivermanager-5.9.1.jar;D:\maven\apache-maven-3.9.6\repository\com\google\code\gson\gson\2.11.0\gson-2.11.0.jar;D:\maven\apache-maven-3.9.6\repository\com\google\errorprone\error_prone_annotations\2.27.0\error_prone_annotations-2.27.0.jar;D:\maven\apache-maven-3.9.6\repository\com\github\docker-java\docker-java\3.3.6\docker-java-3.3.6.jar;D:\maven\apache-maven-3.9.6\repository\com\github\docker-java\docker-java-core\3.3.6\docker-java-core-3.3.6.jar;D:\maven\apache-maven-3.9.6\repository\com\github\docker-java\docker-java-api\3.3.6\docker-java-api-3.3.6.jar;D:\maven\apache-maven-3.9.6\repository\org\slf4j\jcl-over-slf4j\1.7.30\jcl-over-slf4j-1.7.30.jar;D:\maven\apache-maven-3.9.6\repository\com\github\docker-java\docker-java-transport-httpclient5\3.3.6\docker-java-transport-httpclient5-3.3.6.jar;D:\maven\apache-maven-3.9.6\repository\com\github\docker-java\docker-java-transport\3.3.6\docker-java-transport-3.3.6.jar;D:\maven\apache-maven-3.9.6\repository\net\java\dev\jna\jna\5.13.0\jna-5.13.0.jar;D:\maven\apache-maven-3.9.6\repository\org\brotli\dec\0.1.2\dec-0.1.2.jar;D:\maven\apache-maven-3.9.6\repository\org\apache\commons\commons-lang3\3.14.0\commons-lang3-3.14.0.jar;D:\maven\apache-maven-3.9.6\repository\org\apache\commons\commons-compress\1.26.2\commons-compress-1.26.2.jar;D:\maven\apache-maven-3.9.6\repository\commons-codec\commons-codec\1.17.0\commons-codec-1.17.0.jar;D:\maven\apache-maven-3.9.6\repository\commons-io\commons-io\2.16.1\commons-io-2.16.1.jar;D:\maven\apache-maven-3.9.6\repository\org\apache\httpcomponents\client5\httpclient5\5.2.1\httpclient5-5.2.1.jar;D:\maven\apache-maven-3.9.6\repository\org\apache\httpcomponents\core5\httpcore5\5.2\httpcore5-5.2.jar;D:\maven\apache-maven-3.9.6\repository\org\apache\httpcomponents\core5\httpcore5-h2\5.2\httpcore5-h2-5.2.jar;D:\maven\apache-maven-3.9.6\repository\ch\qos\logback\logback-classic\1.2.3\logback-classic-1.2.3.jar;D:\maven\apache-maven-3.9.6\repository\ch\qos\logback\logback-core\1.2.3\logback-core-1.2.3.jar;D:\maven\apache-maven-3.9.6\repository\fpt\com\MavenDemo\0.0.1-SNAPSHOT\MavenDemo-0.0.1-SNAPSHOT.jar;D:\maven\apache-maven-3.9.6\repository\com\aventstack\extentreports\5.1.2\extentreports-5.1.2.jar;D:\maven\apache-maven-3.9.6\repository\io\reactivex\rxjava3\rxjava\3.1.6\rxjava-3.1.6.jar;D:\maven\apache-maven-3.9.6\repository\org\reactivestreams\reactive-streams\1.0.4\reactive-streams-1.0.4.jar;D:\maven\apache-maven-3.9.6\repository\org\freemarker\freemarker\2.3.32\freemarker-2.3.32.jar;D:\maven\apache-maven-3.9.6\repository\org\projectlombok\lombok\1.18.26\lombok-1.18.26.jar;"/>
    <property name="java.vm.vendor" value="Oracle Corporation"/>
    <property name="sun.arch.data.model" value="64"/>
    <property name="user.variant" value=""/>
    <property name="java.vendor.url" value="https://java.oracle.com/"/>
    <property name="user.timezone" value="Asia/Saigon"/>
    <property name="os.name" value="Windows 10"/>
    <property name="java.vm.specification.version" value="17"/>
    <property name="sun.java.launcher" value="SUN_STANDARD"/>
    <property name="user.country" value="US"/>
    <property name="sun.boot.library.path" value="C:\Program Files\Java\jdk-17\bin"/>
    <property name="sun.java.command" value="C:\Users\OS!\AppData\Local\Temp\surefire16999960323312798701\surefirebooter-20240728145522952_3.jar C:\Users\OS!\AppData\Local\Temp\surefire16999960323312798701 2024-07-28T14-55-22_796-jvmRun1 surefire-20240728145522952_1tmp surefire_0-20240728145522952_2tmp"/>
    <property name="jdk.debug" value="release"/>
    <property name="surefire.test.class.path" value="E:\javastudy\trangselenium\target\test-classes;E:\javastudy\trangselenium\target\classes;D:\maven\apache-maven-3.9.6\repository\org\seleniumhq\selenium\selenium-java\4.22.0\selenium-java-4.22.0.jar;D:\maven\apache-maven-3.9.6\repository\org\seleniumhq\selenium\selenium-api\4.22.0\selenium-api-4.22.0.jar;D:\maven\apache-maven-3.9.6\repository\org\seleniumhq\selenium\selenium-chrome-driver\4.22.0\selenium-chrome-driver-4.22.0.jar;D:\maven\apache-maven-3.9.6\repository\com\google\auto\service\auto-service-annotations\1.1.1\auto-service-annotations-1.1.1.jar;D:\maven\apache-maven-3.9.6\repository\org\seleniumhq\selenium\selenium-chromium-driver\4.22.0\selenium-chromium-driver-4.22.0.jar;D:\maven\apache-maven-3.9.6\repository\org\seleniumhq\selenium\selenium-json\4.22.0\selenium-json-4.22.0.jar;D:\maven\apache-maven-3.9.6\repository\org\seleniumhq\selenium\selenium-manager\4.22.0\selenium-manager-4.22.0.jar;D:\maven\apache-maven-3.9.6\repository\org\seleniumhq\selenium\selenium-devtools-v124\4.22.0\selenium-devtools-v124-4.22.0.jar;D:\maven\apache-maven-3.9.6\repository\org\seleniumhq\selenium\selenium-devtools-v125\4.22.0\selenium-devtools-v125-4.22.0.jar;D:\maven\apache-maven-3.9.6\repository\org\seleniumhq\selenium\selenium-devtools-v126\4.22.0\selenium-devtools-v126-4.22.0.jar;D:\maven\apache-maven-3.9.6\repository\org\seleniumhq\selenium\selenium-devtools-v85\4.22.0\selenium-devtools-v85-4.22.0.jar;D:\maven\apache-maven-3.9.6\repository\org\seleniumhq\selenium\selenium-edge-driver\4.22.0\selenium-edge-driver-4.22.0.jar;D:\maven\apache-maven-3.9.6\repository\org\seleniumhq\selenium\selenium-firefox-driver\4.22.0\selenium-firefox-driver-4.22.0.jar;D:\maven\apache-maven-3.9.6\repository\org\seleniumhq\selenium\selenium-http\4.22.0\selenium-http-4.22.0.jar;D:\maven\apache-maven-3.9.6\repository\dev\failsafe\failsafe\3.3.2\failsafe-3.3.2.jar;D:\maven\apache-maven-3.9.6\repository\org\seleniumhq\selenium\selenium-ie-driver\4.22.0\selenium-ie-driver-4.22.0.jar;D:\maven\apache-maven-3.9.6\repository\org\seleniumhq\selenium\selenium-remote-driver\4.22.0\selenium-remote-driver-4.22.0.jar;D:\maven\apache-maven-3.9.6\repository\com\google\guava\guava\33.2.1-jre\guava-33.2.1-jre.jar;D:\maven\apache-maven-3.9.6\repository\com\google\guava\failureaccess\1.0.2\failureaccess-1.0.2.jar;D:\maven\apache-maven-3.9.6\repository\com\google\guava\listenablefuture\9999.0-empty-to-avoid-conflict-with-guava\listenablefuture-9999.0-empty-to-avoid-conflict-with-guava.jar;D:\maven\apache-maven-3.9.6\repository\com\google\code\findbugs\jsr305\3.0.2\jsr305-3.0.2.jar;D:\maven\apache-maven-3.9.6\repository\org\checkerframework\checker-qual\3.42.0\checker-qual-3.42.0.jar;D:\maven\apache-maven-3.9.6\repository\com\google\j2objc\j2objc-annotations\3.0.0\j2objc-annotations-3.0.0.jar;D:\maven\apache-maven-3.9.6\repository\io\opentelemetry\semconv\opentelemetry-semconv\1.25.0-alpha\opentelemetry-semconv-1.25.0-alpha.jar;D:\maven\apache-maven-3.9.6\repository\io\opentelemetry\opentelemetry-api\1.39.0\opentelemetry-api-1.39.0.jar;D:\maven\apache-maven-3.9.6\repository\io\opentelemetry\opentelemetry-context\1.39.0\opentelemetry-context-1.39.0.jar;D:\maven\apache-maven-3.9.6\repository\io\opentelemetry\opentelemetry-exporter-logging\1.39.0\opentelemetry-exporter-logging-1.39.0.jar;D:\maven\apache-maven-3.9.6\repository\io\opentelemetry\opentelemetry-sdk-common\1.39.0\opentelemetry-sdk-common-1.39.0.jar;D:\maven\apache-maven-3.9.6\repository\io\opentelemetry\opentelemetry-sdk-extension-autoconfigure-spi\1.39.0\opentelemetry-sdk-extension-autoconfigure-spi-1.39.0.jar;D:\maven\apache-maven-3.9.6\repository\io\opentelemetry\opentelemetry-sdk-extension-autoconfigure\1.39.0\opentelemetry-sdk-extension-autoconfigure-1.39.0.jar;D:\maven\apache-maven-3.9.6\repository\io\opentelemetry\opentelemetry-api-incubator\1.39.0-alpha\opentelemetry-api-incubator-1.39.0-alpha.jar;D:\maven\apache-maven-3.9.6\repository\io\opentelemetry\opentelemetry-sdk-trace\1.39.0\opentelemetry-sdk-trace-1.39.0.jar;D:\maven\apache-maven-3.9.6\repository\io\opentelemetry\opentelemetry-sdk\1.39.0\opentelemetry-sdk-1.39.0.jar;D:\maven\apache-maven-3.9.6\repository\io\opentelemetry\opentelemetry-sdk-metrics\1.39.0\opentelemetry-sdk-metrics-1.39.0.jar;D:\maven\apache-maven-3.9.6\repository\io\opentelemetry\opentelemetry-sdk-logs\1.39.0\opentelemetry-sdk-logs-1.39.0.jar;D:\maven\apache-maven-3.9.6\repository\net\bytebuddy\byte-buddy\1.14.17\byte-buddy-1.14.17.jar;D:\maven\apache-maven-3.9.6\repository\org\seleniumhq\selenium\selenium-os\4.22.0\selenium-os-4.22.0.jar;D:\maven\apache-maven-3.9.6\repository\org\apache\commons\commons-exec\1.4.0\commons-exec-1.4.0.jar;D:\maven\apache-maven-3.9.6\repository\org\seleniumhq\selenium\selenium-safari-driver\4.22.0\selenium-safari-driver-4.22.0.jar;D:\maven\apache-maven-3.9.6\repository\org\seleniumhq\selenium\selenium-support\4.22.0\selenium-support-4.22.0.jar;D:\maven\apache-maven-3.9.6\repository\com\fasterxml\jackson\core\jackson-databind\2.17.2\jackson-databind-2.17.2.jar;D:\maven\apache-maven-3.9.6\repository\com\fasterxml\jackson\core\jackson-annotations\2.17.2\jackson-annotations-2.17.2.jar;D:\maven\apache-maven-3.9.6\repository\com\fasterxml\jackson\core\jackson-core\2.17.2\jackson-core-2.17.2.jar;D:\maven\apache-maven-3.9.6\repository\org\testng\testng\7.9.0\testng-7.9.0.jar;D:\maven\apache-maven-3.9.6\repository\org\slf4j\slf4j-api\1.7.36\slf4j-api-1.7.36.jar;D:\maven\apache-maven-3.9.6\repository\com\beust\jcommander\1.82\jcommander-1.82.jar;D:\maven\apache-maven-3.9.6\repository\org\webjars\jquery\3.7.1\jquery-3.7.1.jar;D:\maven\apache-maven-3.9.6\repository\io\github\bonigarcia\webdrivermanager\5.9.1\webdrivermanager-5.9.1.jar;D:\maven\apache-maven-3.9.6\repository\com\google\code\gson\gson\2.11.0\gson-2.11.0.jar;D:\maven\apache-maven-3.9.6\repository\com\google\errorprone\error_prone_annotations\2.27.0\error_prone_annotations-2.27.0.jar;D:\maven\apache-maven-3.9.6\repository\com\github\docker-java\docker-java\3.3.6\docker-java-3.3.6.jar;D:\maven\apache-maven-3.9.6\repository\com\github\docker-java\docker-java-core\3.3.6\docker-java-core-3.3.6.jar;D:\maven\apache-maven-3.9.6\repository\com\github\docker-java\docker-java-api\3.3.6\docker-java-api-3.3.6.jar;D:\maven\apache-maven-3.9.6\repository\org\slf4j\jcl-over-slf4j\1.7.30\jcl-over-slf4j-1.7.30.jar;D:\maven\apache-maven-3.9.6\repository\com\github\docker-java\docker-java-transport-httpclient5\3.3.6\docker-java-transport-httpclient5-3.3.6.jar;D:\maven\apache-maven-3.9.6\repository\com\github\docker-java\docker-java-transport\3.3.6\docker-java-transport-3.3.6.jar;D:\maven\apache-maven-3.9.6\repository\net\java\dev\jna\jna\5.13.0\jna-5.13.0.jar;D:\maven\apache-maven-3.9.6\repository\org\brotli\dec\0.1.2\dec-0.1.2.jar;D:\maven\apache-maven-3.9.6\repository\org\apache\commons\commons-lang3\3.14.0\commons-lang3-3.14.0.jar;D:\maven\apache-maven-3.9.6\repository\org\apache\commons\commons-compress\1.26.2\commons-compress-1.26.2.jar;D:\maven\apache-maven-3.9.6\repository\commons-codec\commons-codec\1.17.0\commons-codec-1.17.0.jar;D:\maven\apache-maven-3.9.6\repository\commons-io\commons-io\2.16.1\commons-io-2.16.1.jar;D:\maven\apache-maven-3.9.6\repository\org\apache\httpcomponents\client5\httpclient5\5.2.1\httpclient5-5.2.1.jar;D:\maven\apache-maven-3.9.6\repository\org\apache\httpcomponents\core5\httpcore5\5.2\httpcore5-5.2.jar;D:\maven\apache-maven-3.9.6\repository\org\apache\httpcomponents\core5\httpcore5-h2\5.2\httpcore5-h2-5.2.jar;D:\maven\apache-maven-3.9.6\repository\ch\qos\logback\logback-classic\1.2.3\logback-classic-1.2.3.jar;D:\maven\apache-maven-3.9.6\repository\ch\qos\logback\logback-core\1.2.3\logback-core-1.2.3.jar;D:\maven\apache-maven-3.9.6\repository\fpt\com\MavenDemo\0.0.1-SNAPSHOT\MavenDemo-0.0.1-SNAPSHOT.jar;D:\maven\apache-maven-3.9.6\repository\com\aventstack\extentreports\5.1.2\extentreports-5.1.2.jar;D:\maven\apache-maven-3.9.6\repository\io\reactivex\rxjava3\rxjava\3.1.6\rxjava-3.1.6.jar;D:\maven\apache-maven-3.9.6\repository\org\reactivestreams\reactive-streams\1.0.4\reactive-streams-1.0.4.jar;D:\maven\apache-maven-3.9.6\repository\org\freemarker\freemarker\2.3.32\freemarker-2.3.32.jar;D:\maven\apache-maven-3.9.6\repository\org\projectlombok\lombok\1.18.26\lombok-1.18.26.jar;"/>
    <property name="sun.cpu.endian" value="little"/>
    <property name="user.home" value="C:\Users\OS!"/>
    <property name="user.language" value="en"/>
    <property name="java.specification.vendor" value="Oracle Corporation"/>
    <property name="java.version.date" value="2023-10-17"/>
    <property name="java.home" value="C:\Program Files\Java\jdk-17"/>
    <property name="file.separator" value="\"/>
    <property name="basedir" value="E:\javastudy\trangselenium"/>
    <property name="java.vm.compressedOopsMode" value="Zero based"/>
    <property name="line.separator" value="&#10;"/>
    <property name="java.vm.specification.vendor" value="Oracle Corporation"/>
    <property name="java.specification.name" value="Java Platform API Specification"/>
    <property name="surefire.real.class.path" value="C:\Users\OS!\AppData\Local\Temp\surefire16999960323312798701\surefirebooter-20240728145522952_3.jar"/>
    <property name="user.script" value=""/>
    <property name="sun.management.compiler" value="HotSpot 64-Bit Tiered Compilers"/>
    <property name="java.runtime.version" value="17.0.9+11-LTS-201"/>
    <property name="user.name" value="OS!"/>
    <property name="path.separator" value=";"/>
    <property name="os.version" value="10.0"/>
    <property name="java.runtime.name" value="Java(TM) SE Runtime Environment"/>
    <property name="file.encoding" value="Cp1252"/>
    <property name="java.vm.name" value="Java HotSpot(TM) 64-Bit Server VM"/>
    <property name="localRepository" value="D:\maven\apache-maven-3.9.6\repository"/>
    <property name="java.vendor.url.bug" value="https://bugreport.java.com/bugreport/"/>
    <property name="java.io.tmpdir" value="C:\Users\OS!\AppData\Local\Temp\"/>
    <property name="java.version" value="17.0.9"/>
    <property name="user.dir" value="E:\javastudy\trangselenium"/>
    <property name="os.arch" value="amd64"/>
    <property name="java.vm.specification.name" value="Java Virtual Machine Specification"/>
    <property name="sun.os.patch.level" value=""/>
    <property name="native.encoding" value="Cp1252"/>
    <property name="java.library.path" value="C:\Program Files\Java\jdk-17\bin;C:\Windows\Sun\Java\bin;C:\Windows\system32;C:\Windows;C:\Users\OS!\bin;C:\Program Files\Git\mingw64\bin;C:\Program Files\Git\usr\local\bin;C:\Program Files\Git\usr\bin;C:\Program Files\Git\usr\bin;C:\Program Files\Git\mingw64\bin;C:\Program Files\Git\usr\bin;C:\Users\OS!\bin;C:\eclipse\plugins\org.eclipse.justj.openjdk.hotspot.jre.full.win32.x86_64_17.0.6.v20230204-1729\jre\bin\server;C:\eclipse\plugins\org.eclipse.justj.openjdk.hotspot.jre.full.win32.x86_64_17.0.6.v20230204-1729\jre\bin;C:\Program Files\Common Files\Oracle\Java\javapath;C:\Program Files\nodejs;C:\Program Files\Git\cmd;C:\Program Files\Java\jdk-17;D:\maven\apache-maven-3.9.6\bin;C:\Program Files\Java\jdk-17\bin;C:\Program Files (x86)\dotnet;C:\Users\OS!\AppData\Roaming\npm;C:\Users\OS!\AppData\Local\Programs\Microsoft VS Code\bin;C:\eclipse;C:\Program Files\Git\usr\bin\vendor_perl;C:\Program Files\Git\usr\bin\core_perl;."/>
    <property name="java.vm.info" value="mixed mode, sharing"/>
    <property name="java.vendor" value="Oracle Corporation"/>
    <property name="java.vm.version" value="17.0.9+11-LTS-201"/>
    <property name="sun.io.unicode.encoding" value="UnicodeLittle"/>
    <property name="java.class.version" value="61.0"/>
  </properties>
  <testcase name="submitOrder[{password=P@ssw0rd, product=ZARA COAT 3, email=trangtruong9798@gmail.com}](1)" classname="trangacademy.trangselenium.pageobjects.SubmitOrderTest" time="11.705">
    <system-out><![CDATA[Configuring TestNG with: TestNG740Configurator
14:55:24.254 [main] DEBUG io.github.bonigarcia.wdm.WebDriverManager - Using WebDriverManager 5.9.1
14:55:24.653 [main] DEBUG io.github.bonigarcia.wdm.cache.ResolutionCache - Removing resolution chrome=126 from cache (expired on Sat Jul 27 12:58:32 ICT 2024)
14:55:24.674 [main] DEBUG org.apache.hc.client5.http.impl.classic.InternalHttpClient - ex-0000000001 preparing request execution
14:55:24.687 [main] DEBUG org.apache.hc.client5.http.impl.classic.ProtocolExec - ex-0000000001 target auth state: UNCHALLENGED
14:55:24.688 [main] DEBUG org.apache.hc.client5.http.impl.classic.ProtocolExec - ex-0000000001 proxy auth state: UNCHALLENGED
14:55:24.688 [main] DEBUG org.apache.hc.client5.http.impl.classic.ConnectExec - ex-0000000001 acquiring connection with route {s}->https://raw.githubusercontent.com:443
14:55:24.688 [main] DEBUG org.apache.hc.client5.http.impl.classic.InternalHttpClient - ex-0000000001 acquiring endpoint (3 MINUTES)
14:55:24.690 [main] DEBUG org.apache.hc.client5.http.impl.io.PoolingHttpClientConnectionManager - ex-0000000001 endpoint lease request (3 MINUTES) [route: {s}->https://raw.githubusercontent.com:443][total available: 0; route allocated: 0 of 5; total allocated: 0 of 25]
14:55:24.696 [main] DEBUG org.apache.hc.client5.http.impl.io.PoolingHttpClientConnectionManager - ex-0000000001 endpoint leased [route: {s}->https://raw.githubusercontent.com:443][total available: 0; route allocated: 1 of 5; total allocated: 1 of 25]
14:55:24.709 [main] DEBUG org.apache.hc.client5.http.impl.io.PoolingHttpClientConnectionManager - ex-0000000001 acquired ep-0000000001
14:55:24.709 [main] DEBUG org.apache.hc.client5.http.impl.classic.InternalHttpClient - ex-0000000001 acquired endpoint ep-0000000001
14:55:24.709 [main] DEBUG org.apache.hc.client5.http.impl.classic.ConnectExec - ex-0000000001 opening connection {s}->https://raw.githubusercontent.com:443
14:55:24.710 [main] DEBUG org.apache.hc.client5.http.impl.classic.InternalHttpClient - ep-0000000001 connecting endpoint (null)
14:55:24.713 [main] DEBUG org.apache.hc.client5.http.impl.io.PoolingHttpClientConnectionManager - ep-0000000001 connecting endpoint to https://raw.githubusercontent.com:443 (30 SECONDS)
14:55:24.713 [main] DEBUG org.apache.hc.client5.http.impl.io.DefaultHttpClientConnectionOperator - raw.githubusercontent.com resolving remote address
14:55:24.744 [main] DEBUG org.apache.hc.client5.http.impl.io.DefaultHttpClientConnectionOperator - raw.githubusercontent.com resolved to [raw.githubusercontent.com/185.199.108.133, raw.githubusercontent.com/185.199.109.133, raw.githubusercontent.com/185.199.110.133, raw.githubusercontent.com/185.199.111.133, raw.githubusercontent.com/2606:50c0:8001:0:0:0:0:154, raw.githubusercontent.com/2606:50c0:8002:0:0:0:0:154, raw.githubusercontent.com/2606:50c0:8003:0:0:0:0:154, raw.githubusercontent.com/2606:50c0:8000:0:0:0:0:154]
14:55:24.750 [main] DEBUG org.apache.hc.client5.http.impl.io.DefaultHttpClientConnectionOperator - raw.githubusercontent.com:443 connecting null->raw.githubusercontent.com/185.199.108.133:443 (30 SECONDS)
14:55:24.750 [main] DEBUG org.apache.hc.client5.http.ssl.SSLConnectionSocketFactory - Connecting socket to raw.githubusercontent.com/185.199.108.133:443 with timeout 30 SECONDS
14:55:24.850 [main] DEBUG org.apache.hc.client5.http.ssl.SSLConnectionSocketFactory - Enabled protocols: [TLSv1.3, TLSv1.2]
14:55:24.850 [main] DEBUG org.apache.hc.client5.http.ssl.SSLConnectionSocketFactory - Enabled cipher suites: [TLS_AES_256_GCM_SHA384, TLS_AES_128_GCM_SHA256, TLS_CHACHA20_POLY1305_SHA256, TLS_ECDHE_ECDSA_WITH_AES_256_GCM_SHA384, TLS_ECDHE_ECDSA_WITH_AES_128_GCM_SHA256, TLS_ECDHE_ECDSA_WITH_CHACHA20_POLY1305_SHA256, TLS_ECDHE_RSA_WITH_AES_256_GCM_SHA384, TLS_ECDHE_RSA_WITH_CHACHA20_POLY1305_SHA256, TLS_ECDHE_RSA_WITH_AES_128_GCM_SHA256, TLS_DHE_RSA_WITH_AES_256_GCM_SHA384, TLS_DHE_RSA_WITH_CHACHA20_POLY1305_SHA256, TLS_DHE_DSS_WITH_AES_256_GCM_SHA384, TLS_DHE_RSA_WITH_AES_128_GCM_SHA256, TLS_DHE_DSS_WITH_AES_128_GCM_SHA256, TLS_ECDHE_ECDSA_WITH_AES_256_CBC_SHA384, TLS_ECDHE_RSA_WITH_AES_256_CBC_SHA384, TLS_ECDHE_ECDSA_WITH_AES_128_CBC_SHA256, TLS_ECDHE_RSA_WITH_AES_128_CBC_SHA256, TLS_DHE_RSA_WITH_AES_256_CBC_SHA256, TLS_DHE_DSS_WITH_AES_256_CBC_SHA256, TLS_DHE_RSA_WITH_AES_128_CBC_SHA256, TLS_DHE_DSS_WITH_AES_128_CBC_SHA256, TLS_ECDH_ECDSA_WITH_AES_256_GCM_SHA384, TLS_ECDH_RSA_WITH_AES_256_GCM_SHA384, TLS_ECDH_ECDSA_WITH_AES_128_GCM_SHA256, TLS_ECDH_RSA_WITH_AES_128_GCM_SHA256, TLS_ECDH_ECDSA_WITH_AES_256_CBC_SHA384, TLS_ECDH_RSA_WITH_AES_256_CBC_SHA384, TLS_ECDH_ECDSA_WITH_AES_128_CBC_SHA256, TLS_ECDH_RSA_WITH_AES_128_CBC_SHA256, TLS_ECDHE_ECDSA_WITH_AES_256_CBC_SHA, TLS_ECDHE_RSA_WITH_AES_256_CBC_SHA, TLS_ECDHE_ECDSA_WITH_AES_128_CBC_SHA, TLS_ECDHE_RSA_WITH_AES_128_CBC_SHA, TLS_DHE_RSA_WITH_AES_256_CBC_SHA, TLS_DHE_DSS_WITH_AES_256_CBC_SHA, TLS_DHE_RSA_WITH_AES_128_CBC_SHA, TLS_DHE_DSS_WITH_AES_128_CBC_SHA, TLS_ECDH_ECDSA_WITH_AES_256_CBC_SHA, TLS_ECDH_RSA_WITH_AES_256_CBC_SHA, TLS_ECDH_ECDSA_WITH_AES_128_CBC_SHA, TLS_ECDH_RSA_WITH_AES_128_CBC_SHA, TLS_RSA_WITH_AES_256_GCM_SHA384, TLS_RSA_WITH_AES_128_GCM_SHA256, TLS_RSA_WITH_AES_256_CBC_SHA256, TLS_RSA_WITH_AES_128_CBC_SHA256, TLS_RSA_WITH_AES_256_CBC_SHA, TLS_RSA_WITH_AES_128_CBC_SHA, TLS_EMPTY_RENEGOTIATION_INFO_SCSV]
14:55:24.851 [main] DEBUG org.apache.hc.client5.http.ssl.SSLConnectionSocketFactory - Starting handshake (null)
14:55:24.990 [main] DEBUG org.apache.hc.client5.http.ssl.SSLConnectionSocketFactory - Secure session established
14:55:24.990 [main] DEBUG org.apache.hc.client5.http.ssl.SSLConnectionSocketFactory -  negotiated protocol: TLSv1.3
14:55:24.990 [main] DEBUG org.apache.hc.client5.http.ssl.SSLConnectionSocketFactory -  negotiated cipher suite: TLS_AES_128_GCM_SHA256
14:55:24.990 [main] DEBUG org.apache.hc.client5.http.ssl.SSLConnectionSocketFactory -  peer principal: CN=*.github.io, O="GitHub, Inc.", L=San Francisco, ST=California, C=US
14:55:24.992 [main] DEBUG org.apache.hc.client5.http.ssl.SSLConnectionSocketFactory -  peer alternative names: [*.github.io, github.io, githubusercontent.com, www.github.com, *.github.com, *.githubusercontent.com, github.com]
14:55:24.992 [main] DEBUG org.apache.hc.client5.http.ssl.SSLConnectionSocketFactory -  issuer principal: CN=DigiCert Global G2 TLS RSA SHA256 2020 CA1, O=DigiCert Inc, C=US
14:55:24.992 [main] DEBUG org.apache.hc.client5.http.impl.io.DefaultManagedHttpClientConnection - http-outgoing-0 set socket timeout to 3 MINUTES
14:55:24.993 [main] DEBUG org.apache.hc.client5.http.impl.io.DefaultHttpClientConnectionOperator - raw.githubusercontent.com:443 connected null->raw.githubusercontent.com/185.199.108.133:443 as http-outgoing-0
14:55:24.993 [main] DEBUG org.apache.hc.client5.http.impl.io.PoolingHttpClientConnectionManager - ep-0000000001 connected http-outgoing-0
14:55:24.993 [main] DEBUG org.apache.hc.client5.http.impl.classic.InternalHttpClient - ep-0000000001 endpoint connected
14:55:24.994 [main] DEBUG org.apache.hc.client5.http.impl.classic.MainClientExec - ex-0000000001 executing GET /bonigarcia/webdrivermanager/master/src/main/resources/commands.properties HTTP/1.1
14:55:24.995 [main] DEBUG org.apache.hc.client5.http.protocol.RequestAddCookies - ex-0000000001 Cookie spec selected: strict
14:55:25.004 [main] DEBUG org.apache.hc.client5.http.impl.classic.InternalHttpClient - ep-0000000001 start execution ex-0000000001
14:55:25.004 [main] DEBUG org.apache.hc.client5.http.impl.io.PoolingHttpClientConnectionManager - ep-0000000001 executing exchange ex-0000000001 over http-outgoing-0
14:55:25.005 [main] DEBUG org.apache.hc.client5.http.headers - http-outgoing-0 >> GET /bonigarcia/webdrivermanager/master/src/main/resources/commands.properties HTTP/1.1
14:55:25.005 [main] DEBUG org.apache.hc.client5.http.headers - http-outgoing-0 >> user-agent: Apache-HttpClient/5.0
14:55:25.005 [main] DEBUG org.apache.hc.client5.http.headers - http-outgoing-0 >> accept-encoding: gzip, deflate, br
14:55:25.005 [main] DEBUG org.apache.hc.client5.http.headers - http-outgoing-0 >> cache-control: max-age=0
14:55:25.005 [main] DEBUG org.apache.hc.client5.http.headers - http-outgoing-0 >> connection: keep-alive
14:55:25.006 [main] DEBUG org.apache.hc.client5.http.headers - http-outgoing-0 >> Host: raw.githubusercontent.com
14:55:25.006 [main] DEBUG org.apache.hc.client5.http.wire - http-outgoing-0 >> "GET /bonigarcia/webdrivermanager/master/src/main/resources/commands.properties HTTP/1.1[\r][\n]"
14:55:25.006 [main] DEBUG org.apache.hc.client5.http.wire - http-outgoing-0 >> "user-agent: Apache-HttpClient/5.0[\r][\n]"
14:55:25.006 [main] DEBUG org.apache.hc.client5.http.wire - http-outgoing-0 >> "accept-encoding: gzip, deflate, br[\r][\n]"
14:55:25.006 [main] DEBUG org.apache.hc.client5.http.wire - http-outgoing-0 >> "cache-control: max-age=0[\r][\n]"
14:55:25.006 [main] DEBUG org.apache.hc.client5.http.wire - http-outgoing-0 >> "connection: keep-alive[\r][\n]"
14:55:25.006 [main] DEBUG org.apache.hc.client5.http.wire - http-outgoing-0 >> "Host: raw.githubusercontent.com[\r][\n]"
14:55:25.006 [main] DEBUG org.apache.hc.client5.http.wire - http-outgoing-0 >> "[\r][\n]"
14:55:25.056 [main] DEBUG org.apache.hc.client5.http.wire - http-outgoing-0 << "HTTP/1.1 200 OK[\r][\n]"
14:55:25.056 [main] DEBUG org.apache.hc.client5.http.wire - http-outgoing-0 << "Connection: keep-alive[\r][\n]"
14:55:25.056 [main] DEBUG org.apache.hc.client5.http.wire - http-outgoing-0 << "Content-Length: 745[\r][\n]"
14:55:25.056 [main] DEBUG org.apache.hc.client5.http.wire - http-outgoing-0 << "Cache-Control: max-age=300[\r][\n]"
14:55:25.056 [main] DEBUG org.apache.hc.client5.http.wire - http-outgoing-0 << "Content-Security-Policy: default-src 'none'; style-src 'unsafe-inline'; sandbox[\r][\n]"
14:55:25.056 [main] DEBUG org.apache.hc.client5.http.wire - http-outgoing-0 << "Content-Type: text/plain; charset=utf-8[\r][\n]"
14:55:25.057 [main] DEBUG org.apache.hc.client5.http.wire - http-outgoing-0 << "ETag: W/"dd41edff335272162022217759820159dac501cff56850e2510f504462cd9b5f"[\r][\n]"
14:55:25.057 [main] DEBUG org.apache.hc.client5.http.wire - http-outgoing-0 << "Strict-Transport-Security: max-age=31536000[\r][\n]"
14:55:25.057 [main] DEBUG org.apache.hc.client5.http.wire - http-outgoing-0 << "X-Content-Type-Options: nosniff[\r][\n]"
14:55:25.057 [main] DEBUG org.apache.hc.client5.http.wire - http-outgoing-0 << "X-Frame-Options: deny[\r][\n]"
14:55:25.057 [main] DEBUG org.apache.hc.client5.http.wire - http-outgoing-0 << "X-XSS-Protection: 1; mode=block[\r][\n]"
14:55:25.057 [main] DEBUG org.apache.hc.client5.http.wire - http-outgoing-0 << "X-GitHub-Request-Id: 11D7:08F7:524495:656730:669EDFDE[\r][\n]"
14:55:25.057 [main] DEBUG org.apache.hc.client5.http.wire - http-outgoing-0 << "Content-Encoding: gzip[\r][\n]"
14:55:25.057 [main] DEBUG org.apache.hc.client5.http.wire - http-outgoing-0 << "Accept-Ranges: bytes[\r][\n]"
14:55:25.057 [main] DEBUG org.apache.hc.client5.http.wire - http-outgoing-0 << "Date: Sun, 28 Jul 2024 07:55:25 GMT[\r][\n]"
14:55:25.057 [main] DEBUG org.apache.hc.client5.http.wire - http-outgoing-0 << "Via: 1.1 varnish[\r][\n]"
14:55:25.057 [main] DEBUG org.apache.hc.client5.http.wire - http-outgoing-0 << "X-Served-By: cache-hkg17927-HKG[\r][\n]"
14:55:25.058 [main] DEBUG org.apache.hc.client5.http.wire - http-outgoing-0 << "X-Cache: HIT[\r][\n]"
14:55:25.058 [main] DEBUG org.apache.hc.client5.http.wire - http-outgoing-0 << "X-Cache-Hits: 1[\r][\n]"
14:55:25.058 [main] DEBUG org.apache.hc.client5.http.wire - http-outgoing-0 << "X-Timer: S1722153326.718137,VS0,VE1[\r][\n]"
14:55:25.058 [main] DEBUG org.apache.hc.client5.http.wire - http-outgoing-0 << "Vary: Authorization,Accept-Encoding,Origin[\r][\n]"
14:55:25.058 [main] DEBUG org.apache.hc.client5.http.wire - http-outgoing-0 << "Access-Control-Allow-Origin: *[\r][\n]"
14:55:25.058 [main] DEBUG org.apache.hc.client5.http.wire - http-outgoing-0 << "Cross-Origin-Resource-Policy: cross-origin[\r][\n]"
14:55:25.058 [main] DEBUG org.apache.hc.client5.http.wire - http-outgoing-0 << "X-Fastly-Request-ID: d9c43f59e4f74185d21a10e5c3000366b57a73be[\r][\n]"
14:55:25.058 [main] DEBUG org.apache.hc.client5.http.wire - http-outgoing-0 << "Expires: Sun, 28 Jul 2024 08:00:25 GMT[\r][\n]"
14:55:25.058 [main] DEBUG org.apache.hc.client5.http.wire - http-outgoing-0 << "Source-Age: 253[\r][\n]"
14:55:25.058 [main] DEBUG org.apache.hc.client5.http.wire - http-outgoing-0 << "[\r][\n]"
14:55:25.060 [main] DEBUG org.apache.hc.client5.http.headers - http-outgoing-0 << HTTP/1.1 200 OK
14:55:25.060 [main] DEBUG org.apache.hc.client5.http.headers - http-outgoing-0 << Connection: keep-alive
14:55:25.060 [main] DEBUG org.apache.hc.client5.http.headers - http-outgoing-0 << Content-Length: 745
14:55:25.060 [main] DEBUG org.apache.hc.client5.http.headers - http-outgoing-0 << Cache-Control: max-age=300
14:55:25.060 [main] DEBUG org.apache.hc.client5.http.headers - http-outgoing-0 << Content-Security-Policy: default-src 'none'; style-src 'unsafe-inline'; sandbox
14:55:25.060 [main] DEBUG org.apache.hc.client5.http.headers - http-outgoing-0 << Content-Type: text/plain; charset=utf-8
14:55:25.061 [main] DEBUG org.apache.hc.client5.http.headers - http-outgoing-0 << ETag: W/"dd41edff335272162022217759820159dac501cff56850e2510f504462cd9b5f"
14:55:25.061 [main] DEBUG org.apache.hc.client5.http.headers - http-outgoing-0 << Strict-Transport-Security: max-age=31536000
14:55:25.061 [main] DEBUG org.apache.hc.client5.http.headers - http-outgoing-0 << X-Content-Type-Options: nosniff
14:55:25.061 [main] DEBUG org.apache.hc.client5.http.headers - http-outgoing-0 << X-Frame-Options: deny
14:55:25.061 [main] DEBUG org.apache.hc.client5.http.headers - http-outgoing-0 << X-XSS-Protection: 1; mode=block
14:55:25.061 [main] DEBUG org.apache.hc.client5.http.headers - http-outgoing-0 << X-GitHub-Request-Id: 11D7:08F7:524495:656730:669EDFDE
14:55:25.061 [main] DEBUG org.apache.hc.client5.http.headers - http-outgoing-0 << Content-Encoding: gzip
14:55:25.061 [main] DEBUG org.apache.hc.client5.http.headers - http-outgoing-0 << Accept-Ranges: bytes
14:55:25.061 [main] DEBUG org.apache.hc.client5.http.headers - http-outgoing-0 << Date: Sun, 28 Jul 2024 07:55:25 GMT
14:55:25.061 [main] DEBUG org.apache.hc.client5.http.headers - http-outgoing-0 << Via: 1.1 varnish
14:55:25.061 [main] DEBUG org.apache.hc.client5.http.headers - http-outgoing-0 << X-Served-By: cache-hkg17927-HKG
14:55:25.062 [main] DEBUG org.apache.hc.client5.http.headers - http-outgoing-0 << X-Cache: HIT
14:55:25.062 [main] DEBUG org.apache.hc.client5.http.headers - http-outgoing-0 << X-Cache-Hits: 1
14:55:25.062 [main] DEBUG org.apache.hc.client5.http.headers - http-outgoing-0 << X-Timer: S1722153326.718137,VS0,VE1
14:55:25.062 [main] DEBUG org.apache.hc.client5.http.headers - http-outgoing-0 << Vary: Authorization,Accept-Encoding,Origin
14:55:25.062 [main] DEBUG org.apache.hc.client5.http.headers - http-outgoing-0 << Access-Control-Allow-Origin: *
14:55:25.062 [main] DEBUG org.apache.hc.client5.http.headers - http-outgoing-0 << Cross-Origin-Resource-Policy: cross-origin
14:55:25.062 [main] DEBUG org.apache.hc.client5.http.headers - http-outgoing-0 << X-Fastly-Request-ID: d9c43f59e4f74185d21a10e5c3000366b57a73be
14:55:25.062 [main] DEBUG org.apache.hc.client5.http.headers - http-outgoing-0 << Expires: Sun, 28 Jul 2024 08:00:25 GMT
14:55:25.062 [main] DEBUG org.apache.hc.client5.http.headers - http-outgoing-0 << Source-Age: 253
14:55:25.065 [main] DEBUG org.apache.hc.client5.http.impl.classic.MainClientExec - ex-0000000001 connection can be kept alive for 3 MINUTES
14:55:25.067 [main] DEBUG org.apache.hc.client5.http.wire - http-outgoing-0 << "[0x1f][0xffffff8b][0x8][0x0][0x0][0x0][0x0][0x0][0x0][0x3][0xffffffb5]W]o[0xffffffda]0[0x14]}[0xffffffe7]W\QUj% [0x1b][0xffffffad][0xffffffa6]i[0x12][0xf]4c[0xffffffdd]4*[0x18][0xffffffb4][0xffffffdd]&[0xfffffff9][0xffffffc5]$N[0xffffffb0][0xffffff94][0xffffffd8][0xffffffc8]NJ[0xffffffb7]_?[0xffffffdb][0xfffffff9]X[0xffffff92]:[0xffffffa3]k[0xffffffe8][0x1b][0xffffffb6][0xffffffef]=[0xffffffe7][0xffffffd8][0xfffffff7][0xffffffe4][0xffffffda][0xffffff9c][0xffffff80][0xffffffcb][0xffffffe3][0x18]3_[0xffffff82][0xffffff8f][0x13][0xffffffbc][0xffffffc1][0xffffff92][0xfffffff4]N[0xffffffe0]vK%[0x4]4"[0xffffffe0]q[0xffffff96]`[0xffffffca]$$[=[0xffffffc8]C[0x13][0xe][0x1b][0x2][0xffffffe4][0xffffff91]xiB|[0xffffffa0][0xffffffcc],[0xffffffcb]-[0xffffff89]"=[0xffffffe0][0xffffffc2]'B[0x7][0xfffffff9]$!^b[0x16][0x1f][0xffffff88][0xffffff90][0xffffff94][0xffffffab][0xffffffb5][0x0][0xffffff88][0xfffffffa][0x1d][\n]"
14:55:25.069 [main] DEBUG org.apache.hc.client5.http.wire - http-outgoing-0 << "B[0x18]l[0x4][0xffffffdf]K[0xffffffb5][0xffffffa0]([0xffffffcf][0xffffffdc][0xffffffad][0xffffffe0]1[0x19][0xffffffc0]'*H[0xffffffc0][0x1f][0x7][0xffffffb0][0xffffffd8][0x11][0xffffff81][0x7]0[0xfffffff3]C5kVi[0x1a][0xffffff9f]k|[0xffffff9f][0x6][0x1][0x11][0xffffff84]%[0xffffffc0]uLBY[0x8][0xfffffff2][0xffffff97]LH,[0xffffffe1][0xffffffec];e[0xffffffbe]B[0x1d][0xffffffc0][0xffffff9c][0xffffffb2]T[0xffffffc1][0xffffffdc]`[0xf][0x16][0xffffffeb][0xfffffff3][0xffffff9e][0xffffffe2][0xffffffc8](z[0xfffffff9]6F[0xffffff9e][0x19][0xffffff8e][0xfffffff6]Y[0xffffffc2][0xffffffe8][0xffffffcd][0xffffffdb][0xffffff89][0x17][0xfffffffb]#[0xffffffb5]+p\[0xffffffd8][0xffffffc7][0xffffffd4]3Gb[0xffffff8e]a[0xffffffbf]U|[0xffffffc0]pL&[0xfffffffd][0xffffffd3][0xffffffe5]jq[0xffffffbd][0xffffff9a][0xffffffde]|[0xfffffffa]2[0xffffff9f][0xffffffad]?[0xffffffa0][0x9]B[0xffffffa7][0x8]]s[0x1e]F[0x4][0xffffffa1][0xffffff8c][0x2][0xffffffa1][0xffffffe9]n[0x17]QOI[0xffffffe3][0xc][0xffffffa1][0xffffff9c]H![0xfffffff7]!$[0x9][0xffffffdc][0xffffffe7]g[0xffffffe1]<[0xffffffe0](m[0xffffffd7]3~[0xffffff81][0xffffff9e][0xffffffb3][0x1f][0xffffffef][0xffffffdf][0xffffff9d][0xffffffbf][0xffffffa6][0xffffffa8][0xffffff8b]g[0xffffff8a][0xffffff9a]/[0xffffffdc][0xffffffe9]|[0xffffffba]\~[0xffffff9c][0xffffffde]N_S[0xffffffcf][0xffffffe5]d5[0xffffffbb][0xffffff86]ow[0xffffffb3][0xffffffd5]O[0xfffffff8][0xfffffffc][0xffffffd5][0xffffffbd]Ck[0x1e]${,H[0xffffffc1][0xffffff96][0xffffff93]][0xffffffcd][0xffffffaf][0x8][0xfffffff6][0xc]^[0xffffffe1][0xffffffc5]^[0x13]4[0xffffffd2][0xffffff8e][0xffffffd1]>pR)[0xffffff9c][\r]eNh0[0xffffff86][0xffffffd9]:[0xc][0xffffff87]E[0xffffffa6]=q<i[0xffffff8b]o&[0xffffffc4][0xffffffd8]3<[0xffffff95][0x13][0xffffff90]N&8w[0xffffffe9][0x8][0xffffffef]v[0xffffff8e][0xffffffab][0xffffffbe]>es[0xffffffe9]([0x13]/[0xffffffd6][0xfffffff5][0xffffff80]*[0xffffffba][0xfffffff2]v[0xfffffffe][0xffffffd9][0xffffff94]DA6>[0xffffff8e][0xffffffbb]o[0xfffffff8]o[0x1a]E[0xffffffb8] A[0xffffffa8]@?T[0xffffffad]'*:{[0xfffffffa]xR.*[0xffffffce][0xffffffe9][0xffffffd7][0xffffffad][0xffffff93][0xffffff93]4[0xffffffc9][0xfffffffa][0xffffffda]<n*t[0xffffffeb][0xffffffb9]oV[0xffffffb6][0xffffffc0]/M[0xffffff94]O[0xffffffc0][0xfffffff0][0xffffffe1]i[0xffffff90][0xffffffb5][0xfffffffe]9[0xffffff8b][0xffffffad][0xfffffff2]U,Ul[0xffffffdd][0x13]KL[0xffffffa2][0x6][0xffffffdd][0xffffffca]\?`[0xffffffea][0x9].[0xffffffd5]I [0xffffffa4]i[0x1a]_i,[\r][0xffffffdd][0xffffffa1][0xffffffc3][0xffffffae]kzI[0xffffffd1]_Q[0xffffffce]Ek[0xffffffcb][0xfffffff8]Kf[0xffffffb8][0xfffffffe][0xffffffd9]3[0xc][0xffffffe6][0xffffffd3][0xffffff8e][0x11][0x17][0x10]C[0x1d]`i[0x19][0xffffffd5][0xffffffbc][0xfffffff1][0xffffffa4]5[0xffffffbc][0x1e]o[0xfffffff5]K[0xffffffa9][0xffffffd6][0xfffffff8][0xffffffc1]f[0xffffff9b]z[0x4][0xffffffd4][0x1a][0xffffff86][0xffffffb9]^K[0x16]s[0xffffff91][0xfffffffe][0xffffffbf][0xffffff8b]l]~)x(p,[0x11]2[0x14][0x8]E8e[0xffffff9e][0xffffffca]:X[0xffffffa6][0xffffff86][0xffffff88].[0xffffffb6]9[0xffffff9a][0xffffff88].[0xfffffff7]]G[0xffffffea][0xffffffcb][0xe][0xfffffffb][0x7f].u[0xffffff83][0xffffffbb][0xfffffff4][0xffffffb3][0x19][0xffffffda][0xffffffec][0xffffff98][0xffffffc5]Y[0xfffffffd]h8m6\4[0xffffffc1][0xffffff8a][0xffffffb7][0xffffff98]z[0xffffffd0][0xffffffd5]oF5q[0x1c][0x13][0x16][0xfffffff0][0x1d][0x1e][0x19]5-[0xffffff9d][0xffffffef][0xffffffad]c[0xb]z[0xffffffae]/m[0xffffffe6]8[0xffffffb6][0xffffff96][0xfffffff6]7X[0xffffffc9]t[0xfffffff8][0xfffffff9][0xffffffa5][0x11]K[0xfffffffb][0x15]3[0xffffffc3][0xfffffffc][0x1f]B[0xffffffdb][0xffffffd3][0xffffffab][0xffffff92]4.[0xffffff93]Z[0xffffffdf]]:[0xffffffda][0xffffffea][0xffffffdc]B[0xffffffa6][0xffffffcd][0xffffffbc][0xffffffae][0x5][0xfffffff5][0x4][0xffffffd6]8[0xffffffc0][0xffffff82][0xffffff96][0xfffffff0][0xffffffd2][0xc][0xffffffed][0xffffffe0]Y[0xffffffa8][\r]:[[0xffffffa9][0x0][0xffffffff][0x1][0xfffffff8][0x15][0xffffffb4][0xffffffee][0xffffff8e][\r][0x0][0x0]"
14:55:25.071 [main] DEBUG org.apache.hc.client5.http.impl.classic.InternalHttpClient - ep-0000000001 releasing valid endpoint
14:55:25.071 [main] DEBUG org.apache.hc.client5.http.impl.io.PoolingHttpClientConnectionManager - ep-0000000001 releasing endpoint
14:55:25.071 [main] DEBUG org.apache.hc.client5.http.impl.io.PoolingHttpClientConnectionManager - ep-0000000001 connection http-outgoing-0 can be kept alive for 3 MINUTES
14:55:25.072 [main] DEBUG org.apache.hc.client5.http.impl.io.PoolingHttpClientConnectionManager - ep-0000000001 connection released [route: {s}->https://raw.githubusercontent.com:443][total available: 1; route allocated: 1 of 5; total allocated: 1 of 25]
14:55:25.072 [main] DEBUG io.github.bonigarcia.wdm.versions.VersionDetector - Detecting chrome version using online commands.properties
14:55:25.077 [main] DEBUG io.github.bonigarcia.wdm.versions.Shell - Running command on the shell: [cmd.exe, /C, wmic, datafile, where, name="%PROGRAMFILES:\=\\%\\Google\\Chrome\\Application\\chrome.exe", get, Version, /value]
14:55:25.262 [main] DEBUG io.github.bonigarcia.wdm.versions.Shell - Result: Version=126.0.6478.185
14:55:25.264 [main] DEBUG io.github.bonigarcia.wdm.cache.ResolutionCache - Removing resolution chrome126=126.0.6478.182 from cache (expired on Sun Jul 28 11:58:32 ICT 2024)
14:55:25.267 [main] DEBUG org.apache.hc.client5.http.impl.classic.InternalHttpClient - ex-0000000002 preparing request execution
14:55:25.267 [main] DEBUG org.apache.hc.client5.http.impl.classic.ProtocolExec - ex-0000000002 target auth state: UNCHALLENGED
14:55:25.267 [main] DEBUG org.apache.hc.client5.http.impl.classic.ProtocolExec - ex-0000000002 proxy auth state: UNCHALLENGED
14:55:25.267 [main] DEBUG org.apache.hc.client5.http.impl.classic.ConnectExec - ex-0000000002 acquiring connection with route {s}->https://googlechromelabs.github.io:443
14:55:25.267 [main] DEBUG org.apache.hc.client5.http.impl.classic.InternalHttpClient - ex-0000000002 acquiring endpoint (3 MINUTES)
14:55:25.268 [main] DEBUG org.apache.hc.client5.http.impl.io.PoolingHttpClientConnectionManager - ex-0000000002 endpoint lease request (3 MINUTES) [route: {s}->https://googlechromelabs.github.io:443][total available: 1; route allocated: 0 of 5; total allocated: 1 of 25]
14:55:25.268 [main] DEBUG org.apache.hc.client5.http.impl.io.PoolingHttpClientConnectionManager - ex-0000000002 endpoint leased [route: {s}->https://googlechromelabs.github.io:443][total available: 1; route allocated: 1 of 5; total allocated: 2 of 25]
14:55:25.268 [main] DEBUG org.apache.hc.client5.http.impl.io.PoolingHttpClientConnectionManager - ex-0000000002 acquired ep-0000000002
14:55:25.268 [main] DEBUG org.apache.hc.client5.http.impl.classic.InternalHttpClient - ex-0000000002 acquired endpoint ep-0000000002
14:55:25.268 [main] DEBUG org.apache.hc.client5.http.impl.classic.ConnectExec - ex-0000000002 opening connection {s}->https://googlechromelabs.github.io:443
14:55:25.268 [main] DEBUG org.apache.hc.client5.http.impl.classic.InternalHttpClient - ep-0000000002 connecting endpoint (null)
14:55:25.268 [main] DEBUG org.apache.hc.client5.http.impl.io.PoolingHttpClientConnectionManager - ep-0000000002 connecting endpoint to https://googlechromelabs.github.io:443 (30 SECONDS)
14:55:25.268 [main] DEBUG org.apache.hc.client5.http.impl.io.DefaultHttpClientConnectionOperator - googlechromelabs.github.io resolving remote address
14:55:25.317 [main] DEBUG org.apache.hc.client5.http.impl.io.DefaultHttpClientConnectionOperator - googlechromelabs.github.io resolved to [googlechromelabs.github.io/185.199.108.153, googlechromelabs.github.io/185.199.111.153, googlechromelabs.github.io/185.199.110.153, googlechromelabs.github.io/185.199.109.153, googlechromelabs.github.io/2606:50c0:8000:0:0:0:0:153, googlechromelabs.github.io/2606:50c0:8001:0:0:0:0:153, googlechromelabs.github.io/2606:50c0:8002:0:0:0:0:153, googlechromelabs.github.io/2606:50c0:8003:0:0:0:0:153]
14:55:25.318 [main] DEBUG org.apache.hc.client5.http.impl.io.DefaultHttpClientConnectionOperator - googlechromelabs.github.io:443 connecting null->googlechromelabs.github.io/185.199.108.153:443 (30 SECONDS)
14:55:25.318 [main] DEBUG org.apache.hc.client5.http.ssl.SSLConnectionSocketFactory - Connecting socket to googlechromelabs.github.io/185.199.108.153:443 with timeout 30 SECONDS
14:55:25.356 [main] DEBUG org.apache.hc.client5.http.ssl.SSLConnectionSocketFactory - Enabled protocols: [TLSv1.3, TLSv1.2]
14:55:25.356 [main] DEBUG org.apache.hc.client5.http.ssl.SSLConnectionSocketFactory - Enabled cipher suites: [TLS_AES_256_GCM_SHA384, TLS_AES_128_GCM_SHA256, TLS_CHACHA20_POLY1305_SHA256, TLS_ECDHE_ECDSA_WITH_AES_256_GCM_SHA384, TLS_ECDHE_ECDSA_WITH_AES_128_GCM_SHA256, TLS_ECDHE_ECDSA_WITH_CHACHA20_POLY1305_SHA256, TLS_ECDHE_RSA_WITH_AES_256_GCM_SHA384, TLS_ECDHE_RSA_WITH_CHACHA20_POLY1305_SHA256, TLS_ECDHE_RSA_WITH_AES_128_GCM_SHA256, TLS_DHE_RSA_WITH_AES_256_GCM_SHA384, TLS_DHE_RSA_WITH_CHACHA20_POLY1305_SHA256, TLS_DHE_DSS_WITH_AES_256_GCM_SHA384, TLS_DHE_RSA_WITH_AES_128_GCM_SHA256, TLS_DHE_DSS_WITH_AES_128_GCM_SHA256, TLS_ECDHE_ECDSA_WITH_AES_256_CBC_SHA384, TLS_ECDHE_RSA_WITH_AES_256_CBC_SHA384, TLS_ECDHE_ECDSA_WITH_AES_128_CBC_SHA256, TLS_ECDHE_RSA_WITH_AES_128_CBC_SHA256, TLS_DHE_RSA_WITH_AES_256_CBC_SHA256, TLS_DHE_DSS_WITH_AES_256_CBC_SHA256, TLS_DHE_RSA_WITH_AES_128_CBC_SHA256, TLS_DHE_DSS_WITH_AES_128_CBC_SHA256, TLS_ECDH_ECDSA_WITH_AES_256_GCM_SHA384, TLS_ECDH_RSA_WITH_AES_256_GCM_SHA384, TLS_ECDH_ECDSA_WITH_AES_128_GCM_SHA256, TLS_ECDH_RSA_WITH_AES_128_GCM_SHA256, TLS_ECDH_ECDSA_WITH_AES_256_CBC_SHA384, TLS_ECDH_RSA_WITH_AES_256_CBC_SHA384, TLS_ECDH_ECDSA_WITH_AES_128_CBC_SHA256, TLS_ECDH_RSA_WITH_AES_128_CBC_SHA256, TLS_ECDHE_ECDSA_WITH_AES_256_CBC_SHA, TLS_ECDHE_RSA_WITH_AES_256_CBC_SHA, TLS_ECDHE_ECDSA_WITH_AES_128_CBC_SHA, TLS_ECDHE_RSA_WITH_AES_128_CBC_SHA, TLS_DHE_RSA_WITH_AES_256_CBC_SHA, TLS_DHE_DSS_WITH_AES_256_CBC_SHA, TLS_DHE_RSA_WITH_AES_128_CBC_SHA, TLS_DHE_DSS_WITH_AES_128_CBC_SHA, TLS_ECDH_ECDSA_WITH_AES_256_CBC_SHA, TLS_ECDH_RSA_WITH_AES_256_CBC_SHA, TLS_ECDH_ECDSA_WITH_AES_128_CBC_SHA, TLS_ECDH_RSA_WITH_AES_128_CBC_SHA, TLS_RSA_WITH_AES_256_GCM_SHA384, TLS_RSA_WITH_AES_128_GCM_SHA256, TLS_RSA_WITH_AES_256_CBC_SHA256, TLS_RSA_WITH_AES_128_CBC_SHA256, TLS_RSA_WITH_AES_256_CBC_SHA, TLS_RSA_WITH_AES_128_CBC_SHA, TLS_EMPTY_RENEGOTIATION_INFO_SCSV]
14:55:25.356 [main] DEBUG org.apache.hc.client5.http.ssl.SSLConnectionSocketFactory - Starting handshake (null)
14:55:25.408 [main] DEBUG org.apache.hc.client5.http.ssl.SSLConnectionSocketFactory - Secure session established
14:55:25.408 [main] DEBUG org.apache.hc.client5.http.ssl.SSLConnectionSocketFactory -  negotiated protocol: TLSv1.3
14:55:25.408 [main] DEBUG org.apache.hc.client5.http.ssl.SSLConnectionSocketFactory -  negotiated cipher suite: TLS_AES_128_GCM_SHA256
14:55:25.408 [main] DEBUG org.apache.hc.client5.http.ssl.SSLConnectionSocketFactory -  peer principal: CN=*.github.io, O="GitHub, Inc.", L=San Francisco, ST=California, C=US
14:55:25.408 [main] DEBUG org.apache.hc.client5.http.ssl.SSLConnectionSocketFactory -  peer alternative names: [*.github.io, github.io, githubusercontent.com, www.github.com, *.github.com, *.githubusercontent.com, github.com]
14:55:25.408 [main] DEBUG org.apache.hc.client5.http.ssl.SSLConnectionSocketFactory -  issuer principal: CN=DigiCert Global G2 TLS RSA SHA256 2020 CA1, O=DigiCert Inc, C=US
14:55:25.408 [main] DEBUG org.apache.hc.client5.http.impl.io.DefaultManagedHttpClientConnection - http-outgoing-1 set socket timeout to 3 MINUTES
14:55:25.408 [main] DEBUG org.apache.hc.client5.http.impl.io.DefaultHttpClientConnectionOperator - googlechromelabs.github.io:443 connected null->googlechromelabs.github.io/185.199.108.153:443 as http-outgoing-1
14:55:25.408 [main] DEBUG org.apache.hc.client5.http.impl.io.PoolingHttpClientConnectionManager - ep-0000000002 connected http-outgoing-1
14:55:25.408 [main] DEBUG org.apache.hc.client5.http.impl.classic.InternalHttpClient - ep-0000000002 endpoint connected
14:55:25.408 [main] DEBUG org.apache.hc.client5.http.impl.classic.MainClientExec - ex-0000000002 executing GET /chrome-for-testing/known-good-versions-with-downloads.json HTTP/1.1
14:55:25.408 [main] DEBUG org.apache.hc.client5.http.protocol.RequestAddCookies - ex-0000000002 Cookie spec selected: strict
14:55:25.409 [main] DEBUG org.apache.hc.client5.http.impl.classic.InternalHttpClient - ep-0000000002 start execution ex-0000000002
14:55:25.409 [main] DEBUG org.apache.hc.client5.http.impl.io.PoolingHttpClientConnectionManager - ep-0000000002 executing exchange ex-0000000002 over http-outgoing-1
14:55:25.409 [main] DEBUG org.apache.hc.client5.http.headers - http-outgoing-1 >> GET /chrome-for-testing/known-good-versions-with-downloads.json HTTP/1.1
14:55:25.409 [main] DEBUG org.apache.hc.client5.http.headers - http-outgoing-1 >> user-agent: Apache-HttpClient/5.0
14:55:25.409 [main] DEBUG org.apache.hc.client5.http.headers - http-outgoing-1 >> accept-encoding: gzip, deflate, br
14:55:25.409 [main] DEBUG org.apache.hc.client5.http.headers - http-outgoing-1 >> cache-control: max-age=0
14:55:25.409 [main] DEBUG org.apache.hc.client5.http.headers - http-outgoing-1 >> connection: keep-alive
14:55:25.409 [main] DEBUG org.apache.hc.client5.http.headers - http-outgoing-1 >> Host: googlechromelabs.github.io
14:55:25.409 [main] DEBUG org.apache.hc.client5.http.wire - http-outgoing-1 >> "GET /chrome-for-testing/known-good-versions-with-downloads.json HTTP/1.1[\r][\n]"
14:55:25.409 [main] DEBUG org.apache.hc.client5.http.wire - http-outgoing-1 >> "user-agent: Apache-HttpClient/5.0[\r][\n]"
14:55:25.410 [main] DEBUG org.apache.hc.client5.http.wire - http-outgoing-1 >> "accept-encoding: gzip, deflate, br[\r][\n]"
14:55:25.410 [main] DEBUG org.apache.hc.client5.http.wire - http-outgoing-1 >> "cache-control: max-age=0[\r][\n]"
14:55:25.410 [main] DEBUG org.apache.hc.client5.http.wire - http-outgoing-1 >> "connection: keep-alive[\r][\n]"
14:55:25.410 [main] DEBUG org.apache.hc.client5.http.wire - http-outgoing-1 >> "Host: googlechromelabs.github.io[\r][\n]"
14:55:25.410 [main] DEBUG org.apache.hc.client5.http.wire - http-outgoing-1 >> "[\r][\n]"
14:55:25.460 [main] DEBUG org.apache.hc.client5.http.wire - http-outgoing-1 << "HTTP/1.1 200 OK[\r][\n]"
14:55:25.460 [main] DEBUG org.apache.hc.client5.http.wire - http-outgoing-1 << "Connection: keep-alive[\r][\n]"
14:55:25.460 [main] DEBUG org.apache.hc.client5.http.wire - http-outgoing-1 << "Content-Length: 50214[\r][\n]"
14:55:25.461 [main] DEBUG org.apache.hc.client5.http.wire - http-outgoing-1 << "Server: GitHub.com[\r][\n]"
14:55:25.461 [main] DEBUG org.apache.hc.client5.http.wire - http-outgoing-1 << "Content-Type: application/json; charset=utf-8[\r][\n]"
14:55:25.461 [main] DEBUG org.apache.hc.client5.http.wire - http-outgoing-1 << "permissions-policy: interest-cohort=()[\r][\n]"
14:55:25.461 [main] DEBUG org.apache.hc.client5.http.wire - http-outgoing-1 << "x-origin-cache: HIT[\r][\n]"
14:55:25.461 [main] DEBUG org.apache.hc.client5.http.wire - http-outgoing-1 << "Last-Modified: Sun, 28 Jul 2024 07:09:32 GMT[\r][\n]"
14:55:25.461 [main] DEBUG org.apache.hc.client5.http.wire - http-outgoing-1 << "Access-Control-Allow-Origin: *[\r][\n]"
14:55:25.461 [main] DEBUG org.apache.hc.client5.http.wire - http-outgoing-1 << "Strict-Transport-Security: max-age=31556952[\r][\n]"
14:55:25.461 [main] DEBUG org.apache.hc.client5.http.wire - http-outgoing-1 << "ETag: W/"66a5eeac-17bcbb"[\r][\n]"
14:55:25.461 [main] DEBUG org.apache.hc.client5.http.wire - http-outgoing-1 << "expires: Sun, 28 Jul 2024 07:19:34 GMT[\r][\n]"
14:55:25.462 [main] DEBUG org.apache.hc.client5.http.wire - http-outgoing-1 << "Cache-Control: max-age=600[\r][\n]"
14:55:25.462 [main] DEBUG org.apache.hc.client5.http.wire - http-outgoing-1 << "Content-Encoding: gzip[\r][\n]"
14:55:25.462 [main] DEBUG org.apache.hc.client5.http.wire - http-outgoing-1 << "x-proxy-cache: HIT[\r][\n]"
14:55:25.462 [main] DEBUG org.apache.hc.client5.http.wire - http-outgoing-1 << "X-GitHub-Request-Id: 644C:23B12:4BDE7:51DE1:66A5EF70[\r][\n]"
14:55:25.462 [main] DEBUG org.apache.hc.client5.http.wire - http-outgoing-1 << "Accept-Ranges: bytes[\r][\n]"
14:55:25.462 [main] DEBUG org.apache.hc.client5.http.wire - http-outgoing-1 << "Date: Sun, 28 Jul 2024 07:55:26 GMT[\r][\n]"
14:55:25.462 [main] DEBUG org.apache.hc.client5.http.wire - http-outgoing-1 << "Via: 1.1 varnish[\r][\n]"
14:55:25.462 [main] DEBUG org.apache.hc.client5.http.wire - http-outgoing-1 << "Age: 105[\r][\n]"
14:55:25.462 [main] DEBUG org.apache.hc.client5.http.wire - http-outgoing-1 << "X-Served-By: cache-hkg17924-HKG[\r][\n]"
14:55:25.462 [main] DEBUG org.apache.hc.client5.http.wire - http-outgoing-1 << "X-Cache: HIT[\r][\n]"
14:55:25.463 [main] DEBUG org.apache.hc.client5.http.wire - http-outgoing-1 << "X-Cache-Hits: 1[\r][\n]"
14:55:25.463 [main] DEBUG org.apache.hc.client5.http.wire - http-outgoing-1 << "X-Timer: S1722153326.115843,VS0,VE1[\r][\n]"
14:55:25.463 [main] DEBUG org.apache.hc.client5.http.wire - http-outgoing-1 << "Vary: Accept-Encoding[\r][\n]"
14:55:25.463 [main] DEBUG org.apache.hc.client5.http.wire - http-outgoing-1 << "X-Fastly-Request-ID: 3117f45ce54291be0723c7a1ebec021cb17bcf87[\r][\n]"
14:55:25.463 [main] DEBUG org.apache.hc.client5.http.wire - http-outgoing-1 << "[\r][\n]"
14:55:25.463 [main] DEBUG org.apache.hc.client5.http.headers - http-outgoing-1 << HTTP/1.1 200 OK
14:55:25.464 [main] DEBUG org.apache.hc.client5.http.headers - http-outgoing-1 << Connection: keep-alive
14:55:25.464 [main] DEBUG org.apache.hc.client5.http.headers - http-outgoing-1 << Content-Length: 50214
14:55:25.464 [main] DEBUG org.apache.hc.client5.http.headers - http-outgoing-1 << Server: GitHub.com
14:55:25.464 [main] DEBUG org.apache.hc.client5.http.headers - http-outgoing-1 << Content-Type: application/json; charset=utf-8
14:55:25.464 [main] DEBUG org.apache.hc.client5.http.headers - http-outgoing-1 << permissions-policy: interest-cohort=()
14:55:25.464 [main] DEBUG org.apache.hc.client5.http.headers - http-outgoing-1 << x-origin-cache: HIT
14:55:25.464 [main] DEBUG org.apache.hc.client5.http.headers - http-outgoing-1 << Last-Modified: Sun, 28 Jul 2024 07:09:32 GMT
14:55:25.464 [main] DEBUG org.apache.hc.client5.http.headers - http-outgoing-1 << Access-Control-Allow-Origin: *
14:55:25.464 [main] DEBUG org.apache.hc.client5.http.headers - http-outgoing-1 << Strict-Transport-Security: max-age=31556952
14:55:25.464 [main] DEBUG org.apache.hc.client5.http.headers - http-outgoing-1 << ETag: W/"66a5eeac-17bcbb"
14:55:25.464 [main] DEBUG org.apache.hc.client5.http.headers - http-outgoing-1 << expires: Sun, 28 Jul 2024 07:19:34 GMT
14:55:25.465 [main] DEBUG org.apache.hc.client5.http.headers - http-outgoing-1 << Cache-Control: max-age=600
14:55:25.465 [main] DEBUG org.apache.hc.client5.http.headers - http-outgoing-1 << Content-Encoding: gzip
14:55:25.465 [main] DEBUG org.apache.hc.client5.http.headers - http-outgoing-1 << x-proxy-cache: HIT
14:55:25.465 [main] DEBUG org.apache.hc.client5.http.headers - http-outgoing-1 << X-GitHub-Request-Id: 644C:23B12:4BDE7:51DE1:66A5EF70
14:55:25.465 [main] DEBUG org.apache.hc.client5.http.headers - http-outgoing-1 << Accept-Ranges: bytes
14:55:25.465 [main] DEBUG org.apache.hc.client5.http.headers - http-outgoing-1 << Date: Sun, 28 Jul 2024 07:55:26 GMT
14:55:25.465 [main] DEBUG org.apache.hc.client5.http.headers - http-outgoing-1 << Via: 1.1 varnish
14:55:25.465 [main] DEBUG org.apache.hc.client5.http.headers - http-outgoing-1 << Age: 105
14:55:25.465 [main] DEBUG org.apache.hc.client5.http.headers - http-outgoing-1 << X-Served-By: cache-hkg17924-HKG
14:55:25.465 [main] DEBUG org.apache.hc.client5.http.headers - http-outgoing-1 << X-Cache: HIT
14:55:25.466 [main] DEBUG org.apache.hc.client5.http.headers - http-outgoing-1 << X-Cache-Hits: 1
14:55:25.466 [main] DEBUG org.apache.hc.client5.http.headers - http-outgoing-1 << X-Timer: S1722153326.115843,VS0,VE1
14:55:25.466 [main] DEBUG org.apache.hc.client5.http.headers - http-outgoing-1 << Vary: Accept-Encoding
14:55:25.466 [main] DEBUG org.apache.hc.client5.http.headers - http-outgoing-1 << X-Fastly-Request-ID: 3117f45ce54291be0723c7a1ebec021cb17bcf87
14:55:25.466 [main] DEBUG org.apache.hc.client5.http.impl.classic.MainClientExec - ex-0000000002 connection can be kept alive for 3 MINUTES
14:55:25.469 [main] DEBUG org.apache.hc.client5.http.wire - http-outgoing-1 << "[0x1f][0xffffff8b][0x8][0x0][0x0][0x0][0x0][0x0][0x0][0x3][0xffffffcc][0xffffffbd][0xffffffdd][0xffffff8e],Iv^[0xfffffff9].}[0xffffffad].[0xffffff86][0xffffffdb][0xffffff9f][0xffffff9b][0xfffffff1]9t5[0xffffff83][0xffffffb9][0xffffffe8]!{[0xffffffc8][0x6][0xffffff9a]l[0xffffffa2][0xffffff9b][0xffffff92][0x6]#[0xffffffe8][0xffffffdd]'22[0xffffffcf][0xffffffc9],[0xffffffdb]_[0x1c]U[0xfffffff8]i[0xffffffec][0xfffffff5]A[0x10][0x4][0xffffff8a][0xffffff9d][0xffffffe5]Fbaa[0xffffff95][0xffffff87][0xffffffed][0xffffffed][0xffffffff][0xfffffff3]w[0xffffffff][0xfffffff9][0xffffffa7][0x7f][0xfffffffb][0xffffffe3][0xffffffdf][0xfffffffe][0xfffffff3][0xf][0xffffffff][0xfffffff6][0x1f][0xffffffbf][0xfffffffb][0xffffffc7][0xffffffdf][0xffffff95][i[0xffffffbf][0xffffffbf][0xffffff9d][0xffffffbf]/[0xffffffe7][0x7f][0xffffffbd][0xffffffcd][0x7f][0xffffffbc][0xffffffad][0x7f],[0xffffffeb][0xffffff97]q[0xffffff94][0xffffffff][0xffffffe3]w[0xffffffff][0xffffffe5]w[0xffffffff][0xfffffffd][0xffffff8f][0x7f][0xfffffffd][0xffffffdb][0xffffff9f][0xfffffffe][0xfffffff2][0xffffffef][0x7f][0xfffffffb][0xffffffdd]?[0xfffffffe][0xffffff9f][0xffffffff][0xfffffff3][0xffffffdb][0x7f]q[0xffffffff][0xffffff8b][0xffffffe3][0xffffffa8][0xffffffbf][0xffffffdc]~[0xffffffe9][0xffffffe3],[0xffffffbf][0xffffffdc][0xffffffee][0xffffffff][0xffffffa9][0xffffffbf][0xfffffffe][0xfffffff1][0xffffffbf][0xffffffff][0xffffffe9][0xfffffffb][0x7f][0xffffffa7][0x1c][0xffffffad][0xfffffff7][0xfffffffb][0xffffffff][0xffffffe7]?[0xffffffff][0xffffffe5][0x7f][0xfffffffc][0xfffffffb][0xffffff9f][0xffffffff][0xfffffff2][0xffffff87][0x7f][0xffffffbe][0xffffffff][0xffffffed][0xffffffff][0xfffffffc][0xffffffdd]?[0xfffffffd][0xffffffeb]_[0xffffffff][0xfffffff2]o[0x7f]|[0xfffffffc]S[0xfffffffe][0xffffffe3][0xffffffcf][0x7f][0xfffffff8][0xffffffcf][0xffffffff][0xffffffe7]/[0x7f][0xfffffffd][0xffffffb7][0xfffffffb][0x7f][0xfffffff8][0xffffffcf][0x7f][0xfffffffa][0xfffffff7][0xffffffff][0xfffffff6][0xffffffff][0xffffff8e]v[0xffffffff][0xf][0xffffffff][0xffffffb7][0xffffffbf][0xfffffffe][0xfffffff9][0xfffffffe]_[0xffffffff][0xffffffeb][0x7f][0xfffffffe][0xffffffe7][0x7f][0xfffffffc][0xffffffed][0x1f][0xffffffff][0xffffffe1][0x1f][0xfffffffe][0xfffffff6][0xffffff9f][0x7f][0xfffffff9][0xffffffeb][0x1f][0xfffffffe][0xffffffe5][0xffffff8f][0xffffffbf][0xfffffffc][0xffffffcb]_[0xfffffffe][0xfffffff2]/[0x7f][0xfffffffe][0xffffffe3][0x1f][0xfffffffe][0xffffffe3]O[0x7f][0xfffffffb][0xffffffe5][0xffffff9f][0xfffffffe][0xfffffff2]o[0xffffffff][0xfffffff0][0xfffffffe][0xf][0xfffffff9][0xfffffffd][0xfffffffd][0xffffff8f][0x7f][0xffffffff][0xffffff9f][0xfffffff7][0xffffffc3][0xffffffff][0xffffffe9][0xffffffdf][0xffffffff][0xffffffe5][0xfffffff7][0xffffffff][0xfffffff1][0xffffffdf][0xfffffffe][0xffffffef]?[0xffffffff][0xffffffe9][0xffffff9f][0xfffffffe][0xffffffe1][0xffffffeb]y[0xfffffffe][0xffffffe1][0xffffffe3][0xffffff9f][0xfffffffa][0xffffffed]?[0xfffffffe][0xfffffff1]_[0xfffffffe][0xfffffff2][0xffffffff][0xfffffffd][0xffffffe9]?~[0xfffffff7][0xffffffbf][0xfffffffe][0xffffffcb][0xffffffaf][0xffffff9e][0xffffffff]o[0x7f][0xfffffff8][0xffffffa7][0xffffffdf][0xffffffff][0xffffffe1][0xffffffaf][0xffffffff][0xfffffff6]w?[0xffffffc1][0xfffffff7][0x7f][0xffffffee][0xffffffb7]?[0xfffffff8][0xfffffffe][0xffffffff][0xfffffff1][0xffffffec][0x14][0x7f][0xffffffff][0xffffffff]-|[0xfffffffc]S[0xffffffbf][0xffffff9e][0xffffffe0][0xffffffc9][0xffffffff][0x16][0xfffffffe][0xffffffc7][0xffffff9f][0xfffffffe][0xffffffbd][0xffffff96][0xffffffbf][0xfffffff3][0xffffffd3][0x1f][0xffffffff][0xffffffcc]o[0xffffffff][0xffffffe1][0xffffffc7][0x7f][0xfffffff1][0xffffffe4][0xffffffc9][0x7f][0xfffffff7][0xffffffff][0xffffffb9][0x1f][0xffffffff][0xffffffcc]/O[0xfffffffe][0xfffffff6]?[0xfffffff3][0xffffffff][0xfffffff5][0xffffffbf][0xffffffde][0x1e].[0x11][0xffffffae][0xffffffdd][0xffffff8c][0xffffffe1][0xffffffda]q[0xffffff88][0xffffffef]G[0xffffffe0])[0xfffffffe]8[0x4][0xffffff85][0xfffffff1][0xfffffffd][0xfffffff1][0x14][0xffffffc7][0xffffffef][0xffffff8f]~[0x15][0xffffffe4]Q[0xffffffcd]@[0x1e][0x15][0x7][0xfffffff9]~[0x4][0x1e][0xffffffe4][0xffffff8f]CP [0xffffffdf][0x1f]O[0xffffff81][0xfffffffc][0xfffffffe][0xffffffe8][0xffffffdf][0x8]r{[0xfffffffc][0xffffffd5][0x1a]"*F[0x19]+[0xffffff9d][0xffffffe3][0xffffffcf][0xfffffff3]P[0x18][0x7f]9[0x1]F[0xfffffff1]v[0xffffff86]d[0xffffff88][0xffffffbf]<=[0xffffff99][0xffffffe1]_?[0xfffffff9][0x15][0xffffff84][0xffffffcf][0xffffffdb][0x14][0x8][0xffffffcf][0xffffffda][0xf][0x6][0xffffffe1][0xffffffc7]yP[0xffffff84][0xffffffdf]O[0xffffffc0]"[0xfffffffc]y[0x6][0x2][0xffffffe1][0xfffffff7][0xffffffa7][0x13][0x8][0x7f][0x7f][0xfffffff2]k[0x8]/[0xffffff85]po[0xffffff8d]Bx[0xffffffe1][0x8]/[0x3][0xffffff84][0x17][0xffffff8a][0xfffffff0][0xffffffc2][0x10]^[0x17][0x10]>n[\n]"
14:55:25.469 [main] DEBUG org.apache.hc.client5.http.wire - http-outgoing-1 << "[0xffffffe1]Y'[0xffffff84][0xfffffff0][0xffffffdb]yX[0xffffff84][0x1f]'[0xffffff80][0x11][0xfffffffe]~[0x6][0x4][0xffffffe1][0xffffffc7][0xffffffd3][0x11][0xffffff84][0xffffffbf]=[0xfffffff9]5[0xffffff84][0xffffff8f]_[0xffffffe2][0xffffffbf][0xffffffd3][0xffffffad]c[0xffffffdc]([0xffffff84][0xffffffef][0xffffffe7][0xffffff81][0x11]~;[0x1][0xffffff8d][0xfffffff0][0xffffffb7]30[0x8][0xffffffbf]=[0xffffff9d]A[0xfffffff8][0xffffffe3][0xffffffc9][0xffffffaf]!\[0xffffff85][0xffffff85][0xffffffd7]9[0xffffffa8][0xffffff90]x;[0xf][0xffffff8c]p5[0xffffffb0]pE-\1[0xb][0xffffffd7]+[0x16][0xffffffee][0x11][0xffffffe1]z[0xffffffab][0xffffffb3]R[0x8]w[0x1c][0xffffffe1]n[0xffffff80]pG[0x11][0xffffffee][0x18][0xffffffc2][0xfffffffd][\n]"
14:55:25.469 [main] DEBUG org.apache.hc.client5.http.wire - http-outgoing-1 << "[0xffffffc2][0xffffffe2][0xffffff8d]D=[\n]"
14:55:25.469 [main] DEBUG org.apache.hc.client5.http.wire - http-outgoing-1 << "[0xfffffff0]r[0xfffffff8][0xfffffff3]<0[0xffffffc2][0x6]o$[0xe][0xfffffff4][0xffffff8d][0xffffffc4][0xffffff81][0xffffffbd][0xffffff91]8[0xffffffae][0xffffffbc][0xffffff91]([0xffffffb7]_ZDx[0xffffffde][0x6][0xffffff84][0xfffffff0][0xffffffdb]yX[0xffffff84][0x1f]'[0xffffff80][0x11][0xfffffffe]~[0x6][0x4][0xffffffe1][0xffffffc7][0xffffffd3][0x11][0xffffff84][0xffffffbf]=[0xfffffff9]5[0xffffff84][0xffffffc5]}[0xffffff89]Z[0x1a][0xffffff87]0x_[0xffffffe2][0xffffffcb][0x9]h[0xffffff84][0xffffffa1][0xfffffffb][0x12]_[0xffffff9e][0xffffffce] [0xfffffffc][0xffffffda]}[0xffffff89][0xffffff8f]?j[0x2][0xffffffe1]z;[0xffffffa8]7[0x12]o[0xffffffe7][0xffffff81][0x11]n[0x6][0x8]7[0x14][0xffffffe1][0xffffff86]![0xffffffdc][0xffffffae] [0xffffffac]Z[0xffffffb8][0xffffff95][0xffffff83][0xfffffffa]u[0xffffffae][0xffffffe0]-\[0xc]Z[0xffffffb8][0xffffffa0]-\[0xffffffb0][0x16].WZ[0xffffffb8][0xffffffaa][0xffffff90]hm[0x15][0x8][0xffffffe1][0xffffff8a][0xffffff87]D5[0x8][0xffffff89][0xffffff8a][0xffffff86]D[0xffffffc5]B[0xffffffa2]^[0x9][0xffffff89]*[0xffffffde][0xb][0xffffffd7]6O[0xffffffea][0xffffff8d]D[0xffffffc5][0xffffffdf][0xb]W[0xffffff83][0xfffffff7][0xffffffc2][0x15]}/\[0xffffffb1][0xfffffff7][0xffffffc2][0xfffffff5][0xffffffca]{[0xffffffe1][0xffffffaa]Z[0xffffffb8][0x1f]7[0xc]a[0xffffffbc][0xffffff85][0xffffffab]A[0xb][0x7f]?[0x3][0xffffff83]0[0xffffffd6][0xffffffc2][0xffffffdf][0xffffff9e][0xfffffffc][0x1a][0xffffffc2][0xffffffea][0xffffffa7][0xffffff8d][0xffffffde]O[0xffffffea]_[0xffffffe7]*[0xfffffffe][0xffffffd3]F5[0xfffffff8]i[0xffffffa3][0xffffffa2]?mT[0xffffffec][0xffffffa7][0xffffff8d]z[0xffffffe5][0xffffffa7][0xffffff8d][0xfffffffb][0x1f][0x15]3[0xffffff84][0xb][0xffffff8e]p1@[0xffffffb8][0xffffffa0][0x8][0x17][0xc][0xffffffe1]r[0x5][0xffffffe1]p[0xffffffcd][0x7]F[0x18][0xffffffbe][0xffffffe6][0xfffffff3]8[0x1][0xffffff8f]0x[0xffffffcd][0xffffffe7][0xfffffff1]t[\n]"
14:55:25.469 [main] DEBUG org.apache.hc.client5.http.wire - http-outgoing-1 << "[0xffffffe1][0xffffffd7][0xffffffaf][0xfffffff9][0xffffffdc][0xffffffff]h[0xffffff98]!<p[0xffffff84][0xffffff87][0x1][0xffffffc2][0x3]Ex`[0x8][0xffffff8f]+[0x8][0x1f]n[0xc][0x1f]<[0xffffffc4][0xffffff87][0x3][0xffffffc5][0x7][0xffffff8b][0xfffffff1][0xffffffc1]q|\[0x2][0xffffffb9][0xffffffb8][0xffffff81]\x[0xffffff90][0xffffff8b][0x3][0xffffffc8][0xffffff85][0x5][0xffffffb9]p [0xffffff97]K [0xffffffc7][0xffffffe1]|[0x18]dn8[0xffffffff][0xffffffeb][0x11]x[0xffffff90][0xffffff99][0xffffffe1][0xfffffffc][0xffffffaf][0xffffff8f][0xffffffa7]@~i8[0xffffffff][0xfffffffb]_57[0xffffff90][0x1b][0xf]rs[0x0][0xffffffb9][0xffffffb1] 7[0xe][0xffffffe4]v[0x9][0xffffffe4][0xffffffe5][0xfffffff6][0xffffffc2]x[0xfffffff1]o[0xffffff8c][0xffffffef]G[0xffffffe0]A[0xfffffffe]8[0x4][0x5][0xfffffff2][0xffffffe2]^[0x1a][0xffffffaf]Ko[0xffffff8d][0xffffff8f][0xffffffea][0xfffffff6][0xffffffd2][0xffffffed]~"[0x1c][0xffffffe5][0xffffffb7]3[0xfffffff0],[0x7f];[0x5][0x5][0xfffffff3][0xffffffdb][0xfffffff3])[0xffffff9a]?[0xffffff9e][0xfffffffd][0x1b]q[0xffffffee][0xffffffef][0x7f]&[0xffffffc6][0xfffffff5][0xffffffeb]y[0x1b][0xfffffff9][0x17][0xffffff82]>[0xffffffcf]C[0xffffffa1][0xfffffffc][0xffffffe5][0x4][0x18][0xffffffc8][0xffffffdb][0x19][0xffffff92]1[0xfffffffe][0xfffffff2][0xfffffff4]d[0xffffff88][0x7f][0xfffffffd][0xffffffe4][0xffffff97][0x10]nb\[0xffffffbf][0xffffff9e]u[0xffffffe6]_[0xffffffcb][0xfffffffc]<[0xf][0xffffff8b]pC[0xffffffc7][0xfffffff5][0xffffffb7]3 [0x8]7`\[0xffffffff][0xffffffd7]O~[\r][0xffffffe1]C![0xffffffdc][~R|[0xffffff9e][0x7]F[0xfffffff8]0@[0xfffffff8]@[0x11]>0[0xffffff84][0xffffff8f]+[0x8][0xffffffab][0xffffff9b][0xffffffc5]g_'[0xffffff85]0x[0xffffffb3][0xfffffff8][0xffffffcb][0x9]h[0xffffff84][0xffffffa1][0xffffff9b][0xffffffc5]_[0xffffff9e][0xffffffce] [0xfffffffc][0xffffffda][0xffffffcd][0xffffffe2][0xffffff8f]?R7[0xffffff8b][0xffffffcf][0xffffffd1][0xfffffff2][0x17][0x8]~[0xffffff9e][0x7]F[0x18][0xffffffbd]Y[0xffffffbc][0xffffff9d][0xffffff81]A[0x18][0xffffffb8]Y[0xfffffffc][0xffffffeb]'[0xffffffbf][0xffffff86]p[0xffffff93][0x8][0xffffffaf][0xfffffffc][0xffffff8d][0x13][0xffffff9f][0xffffffe7][0xffffff81][0x11]n[0x6][0x8]7[0x14][0xffffffe1][0xffffff86]![0xffffffdc][0xffffffae] |[\n]"
14:55:25.470 [main] DEBUG org.apache.hc.client5.http.wire - http-outgoing-1 << "[0xffffff84]g)XH[0xffffff9c]8[0xffffffc2][0xffffffa7][0x1][0xffffffc2]'[0xffffff8a][0xfffffff0][0xffffff89]!|^AX[0xffffffbd]T[0xffffff9b][0xffffffb3]c[0x16][0xffffffc6]_[0xffffffaa]5[0xffffff83][0xffffff97]j[\r]}[0xffffffa9][0xffffffd6][0xffffffb0][0xffffff97]j[0xffffffed][0xffffffca]K[0xffffffb5][0xffffffae]^[0xffffffaa][0xffffffad]rP[0x8]w[0xfffffffc][0xffffffa5]Z7x[0xffffffa9][0xffffffd6][0xffffffd1][0xffffff97]j[0x1d]{[0xffffffa9][0xffffffd6][0xffffffaf][0xffffffbc]T[0xffffffeb][0xffffffea][0xffffffa5][0xffffffda]j[0xffffff85]z[0xffffffa9][0xffffffd6][0xfffffff1][0xffffff97]j[0xffffffdd][0xffffffe0][0xffffffa5]ZG_[0xffffffaa]u[0xffffffec][0xffffffa5]Z[0xffffffbf][0xfffffff2]R[0xffffffed][0xfffffffe]GqD[0xffffff89]E[0x18][0x1b]Q[0xfffffffa]r[0x2][0x1e]adD[0xffffffe9][0xffffffcb][0xffffffd3])[0xffffff84]_[0x19]Q[0xfffffffa][0xfffffff8][0xffffffa3][0xffffffa2][0x10][0xffffffbe]w5[0xffffff85]p[0xffffffc1][0x11].[0x6][0x8][0x17][0x14][0xffffffe1][0xffffff82]!\[0xffffffae] "
14:55:25.470 [main] DEBUG org.apache.hc.client5.http.wire - http-outgoing-1 << ",[0xffffffde][0xb][0xffffffb7][0xffffffdb][0xffffffad][0xffffffe4]o_[0xfffffffb]<[0xf][0xffffff8c][0xffffffb0][0xffffffc1]{[0xffffffe1][0xffffff8e][0xffffffbe][0x17][0xffffffee][0xffffffd8]{[0xffffffe1]~[0xffffffe5][0xffffffbd]p[0xffffffef][\n]"
14:55:25.470 [main] DEBUG org.apache.hc.client5.http.wire - http-outgoing-1 << "[0xffffffe1][0xe]l[0xffffff9c][0xfffffff8]<[0xf][0xffffff8c]p7@[0xffffffb8][0xffffffa3][0x8]w[0xc][0xffffffe1]~[0x5]a[0xfffffff1]y[0xffffffaf];[0xffffffc2][0xffffffd8]M[0xffffffb5][0xe]~[0xffffffde][0xffffffeb][0xffffffcb][0x9]h[0xffffff84][0xffffffa1][0xffffffcf]{}y:[0xffffff83][0xfffffff0]k[0xffffff9f][0xfffffff7][0xfffffffa][0xfffffff8]#[0xfffffff1][0xffffffd3]F[0xffffffbb][\r][0xffffffce][0xffffffc2][0xfffffff8]O[0x1b][0xffffffdd][0xffffffe0][0xffffffa7][0xffffff8d][0xffffff8e][0xfffffffe][0xffffffb4][0xffffffd1][0xffffffb1][0xffffff9f]6[0xfffffffa][0xffffff95][0xffffff9f]6[0xffffffba][0xffffffd8][0xffffff81]yG[0x18][0xfffffff8][0xffffffb0][0xffffffcc][0xffffffe7]y`[0xffffff84][0xffffffd1][0x1d][0xffffff98][0xffffffdb][0x19][0x18][0xffffff84][0xffffff81][0x1d][0xffffff98][0xffffffbf]~[0xfffffff2]k[0x8][0xffffff8b]_[0xffffffe7][0xffffffda][0xffffffed]<[0xffffffa9][0xfffffffb][0xffffffc2][0x1d][0xffffffff]u[0xffffffae][0x1b][0xfffffffc]:[0xffffffd7][0xffffffd1]_[0xffffffe7]:[0xfffffff6][0xffffffeb]\[0xffffffbf][0xfffffff2][0xffffffeb][0xffffffdc][0x10]?m4[0xffffffe4][0xffffffab][0x1c][0xffffff9f][0xffffffe7]a[0x11][0x1e][0x6]?m[0xc][0xfffffff4][0xffffffa7][0xffffff8d][0xffffff81][0xfffffffd][0xffffffb4]1[0xffffffae][0xfffffffc][0xffffffb4]1[0xffffffc4]}[0xffffffe1]v[0xffffff8c]J[0xffffffbd]T[0x1b][0xfffffff8]}[0xffffffe1]ap_x[0xffffffa0][0xfffffff7][0xffffff85][0x7]v_x\[0xffffffb9]/|[0xffffffff][0xffffffa3]f[0xffffff86]0[0xfffffff6]a[0xffffff99]/'[0xffffffe0][0x11]F>,[0xfffffff3][0xffffffe5][0xffffffe9][0x14][0xffffffc2][0xffffffaf]|X[0xffffffe6][0xffffffe3][0xffffff8f][0xffffffd4]O[0x1b][0xffffffc7][0x1a]T[0xb][0xf][0xfffffffc][0xffffffa7][0xffffff8d]a[0xfffffff0][0xffffffd3][0xffffffc6]@[0x7f][0xffffffda][0x18][0xffffffd8]O[0x1b][0xffffffe3][0xffffff87]?m[0xfffffffc][0xffffff97][0xf][0x8][0xffffffff][0xfffffff9][0xffffffaf][0x7f][0xffffffba][0xffffff83]L[0xffffffa0][0xfffffff8][0xfffffffe]d[0x7] ?N[0xffffff82]c[0xfffffff9][0xffffffe5][0x1c][0x10][0xffffff9c][0x1f]'[0xffffffc0][0x10][0xfffffffd]|[0xfffffffe][0xffffffff][0xffffffd6][0xffffffb5]][0xffffffb8][0xffffffb6][0xc][0xffffffe0][0xffffffb3][0xffffffe2][0xffffff9f][0xffffffe7][0xffffff81]][0xffffffdb][\r]\[0xffffffdb][0x3][0xffffffd4][0xffffff99]8w[0xffffffcc][0xffffffb5][0xffffffdd][0xffffffc9][0xffffffb5][0x11]E[0xffffffc6][0xffffffb5][\n]"
14:55:25.470 [main] DEBUG org.apache.hc.client5.http.wire - http-outgoing-1 << "H[0xffffffc6][0xffffffb5][0x11][0xffffffcb]|[0xffffffd7][0xffffffee]pf[0xffffffbb]vG[0xfffffff4][0x5][0xffffffd7][0xffffffaa]_[0xffffffda][0xffffffea]11[0xffffffd7][0xffffffe2][0xffffffbf][0xffffffb4][\r][0xffffff83]_[0xffffffda][0x6][0xfffffffa]K[0xffffffdb][0xffffffc0]~i[0x1b]?[0xfffffffc][0xffffffa5]-[0xffffffdb][0xffffffb5][0x11]E[0xffffffc6][0xffffffb5][\n]"
14:55:25.471 [main] DEBUG org.apache.hc.client5.http.wire - http-outgoing-1 << "H[0xffffffc6][0xffffffb5][0x11][0xffffffcb]|[0xffffffd7][0xffffffee]pf[0xffffffbb]vG[0xfffffff4][0x5][0xffffffd7][0xffffffaa][0xffffff9f][0xffffff84]k[0xffffffaf][0xffffffd8][0xffffff8f][0x11][0xfffffff8]O[0xffffffc2][0xffffffc3][0xffffffe0]'[0xffffffe1][0xffffff81][0xfffffffe]$<[0xffffffb0][0xffffff9f][0xffffff84][0xffffffc7][0xf][0x7f][0x12][0xffffffce]vmD[0xffffff91]q[0xffffffad][0x2][0xffffff92]qm[0xffffffc4]2[0xffffffdf][0xffffffb5];[0xffffff9c][0xffffffd9][0xffffffae][0xffffffdd][0x11]}[0xffffffc1][0xffffffb5][0xffffffea][0xffffffee]B[0x1d][0xffffff9d]ZQ2[0xfffffff0][0xffffffbb][0xb][0xffffffc3][0xffffffe0][0xffffffee][0xffffffc2]@[0xffffffef].[0xc][0xffffffec][0xffffffee][0xffffffc2][0xfffffff8][0xffffffe1][0xffffffdd][0xffffff85]l[0xffffffd7]F[0x14][0x19][0xffffffd7]* [0x19][0xffffffd7]F,[0xfffffff3]][0xffffffbb][0xffffffc3][0xffffff99][0xffffffed][0xffffffda][0x1d][0xffffffd1][0xffffffdf][0xffffffee][0xffffffda]S[0xffffff8c][0xffffffc0][0xffffffb7]z[0x1e][0xffffffd4][0xffffffe4][0xffffffda][0xffffff89][0xffffff8f][0xffffffc0][0xffffff9f][0x6]#[0xfffffff0]':[0x2][0x7f]b#[0xfffffff0][0xffffffe7][0xf]G[0xffffffe0][0xffffff93]]+PD\+[0xffffff81]D\+[0xffffffb0]Lwm[0xffffff80]3[0xffffffd9][0xffffffb5][0x1][0xffffffd1][0x17]\[0xffffffab].4[0xffffffd6]{)S[0xffffffae][0xffffffc5]/4[0xffffff9e][0x6][0x17][0x1a]O[0xfffffff4]B[0xffffffe3][0xffffff89]]h<[0x7f]x[0xffffffa1]1[0xffffffdb][0xffffffb5][0x11]E[0xffffffc6][0xffffffb5][\n]"
14:55:25.471 [main] DEBUG org.apache.hc.client5.http.wire - http-outgoing-1 << "H[0xffffffc6][0xffffffb5][0x11][0xffffffcb]|[0xffffffd7][0xffffffee]pf[0xffffffbb]vG[0xfffffff4][0x5][0xffffffd7][0xffffffaa][0xffffff9b][0xffffffb7]u[0x1e][0xffffffd4][0xffffffb5][0xffffffc5][0x13][0xffffffbf]y{[0x1a][0xffffffdc][0xffffffbc]=[0xffffffd1][0xffffff9b][0xffffffb7]'v[0xfffffff3][0xfffffff6][0xfffffffc][0xffffffe1][0xffffffcd][0xffffffdb]l[0xffffffd7]F[0x14][0x19][0xffffffd7]* [0x19][0xffffffd7]F,[0xfffffff3]][0xffffffbb][0xffffffc3][0xffffff99][0xffffffed][0xffffffda][0x1d][0xffffffd1][0x17]\[0xffffffab][0xffffffee][0xffffffd7][0xffffffd6][0x5]|+[0xffffffe8][0xfffffff3]<[0xffffffb0]k[\r][0xffffffee][0xffffffd7][0xffffff9e][0xfffffff1]"c&[0xffffffce][0xffffffd8][0xfffffffd][0xffffffda]s[0xffffffbf][0xffffffbc][0xffffff88][0xffffffba][0xffffffd6][0xffffffe4]~[0xffffffad][0x4][0xffffff92]q[0xffffffad][0xffffffc1][0xfffffffd][0xffffffda][0x0]g[0xffffffb6]k[0xffffffaf][0xffffffdf][0xffffffaf][0xffffffbd][0xffffffff]i3s-<[0xffffff8e][0xfffffff3]8[0x1][0xffffffef]Zp[0x1c][0xffffffe7][0xfffffff1]t[0xffffffca][0xffffffb5]?[0x18][0xffffffc7][0xffffffc9]w[0xffffffed][0xffffff8e]"[0xffffffe5][0xffffffda][0x8]$[0xffffffe5][0xffffffda][0x1d]K[0xffffffc2][0xffffffb5][\r]vm[0xffffffbb][0xffffffea]Z[0xffffffb5][0xffffff8c][0xffffffa9]-l=[0xfffffff4][0xffffff89]/c:[\r][0xffffff96]1[0xffffff9d][0xffffffe8]2[0xffffffa6][0x13][[0xffffffc6]t[0xfffffffe]p[0x19]S[0xffffffb6]k#[0xffffff8a][0xffffff8c]k[0x15][0xffffff90][0xffffff8c]k#[0xffffff96][0xfffffff9][0xffffffae][0xffffffdd][0xffffffe1][0xffffffcc]v[0xffffffed][0xffffff8e][0xffffffe8][0xb][0xffffffae]U[0xffffffb3][0xc][0xffffffbd]`_[0xffffff93]8[0xfffffff1]Y[0xffffff86][0xffffffd3]`[0xffffff96][0xffffffe1][0xffffff8c][0xffffff97][0xffffffc6]3q[0xffffffc6]f[0x19][0xffffffce][0xfffffffd][0xffffffa2]8[0xffffffea]Z[0xffffff93]Y[0x6][0x9]$[0xffffffe3]Z[0xffffff83]Y[0xffffff86][0x0]g[0xffffffb6]k[0xffffffaf][0xffffffcf]2Lu[0xf]a4[0xffffffec][0x13][0xffffff80][0x13][0xffffffbf][0xffffff87]0[\r][0xffffffee]![0xffffffcc][0xfffffff8][0xffffff83]o"[0xffffffce][0x13][0xffffffbb][0xffffff87]0[0xfffffff7][0x1f]yI[0xffffffd7][\n]"
14:55:25.471 [main] DEBUG org.apache.hc.client5.http.wire - http-outgoing-1 << "[0x14][0x11][0xffffffd7]J [0x11][0xffffffd7][\n]"
14:55:25.471 [main] DEBUG org.apache.hc.client5.http.wire - http-outgoing-1 << ",[0xffffffd3]][0x1b][0xffffffe0]Lvm@[0xfffffff4][0x5][0xffffffd7]v[0xffffffe5][0xffffffda]U[0x1a][0xffffffe5][0xffffffda][0xffffff8e][0xffffffbb][0xffffffb6][0x1b][0xffffffb8][0xffffffb6][0x7][0xffffffa8]3q[0xffffffee][0xffffff98]k[0xffffffbb][0xffffff93]k#[0xffffff8a][0xffffff8c]k[0x15][0xffffff90][0xffffff8c]k#[0xffffff96][0xfffffff9][0xffffffae][0xffffffdd][0xffffffe1][0xffffffcc]v[0xffffffed][0xffffff8e][0xffffffe8][0xb][0xffffffae]Usc[0xffffffe7][0xfffffffd][0xffffff9f]H[0xffffffb9][0x16][0xffffff9f][0x1b][0xffffff9b][0x6]sc3[0xe][0xffffffe8]d[0xffffffe2][0xffffff8c][0xffffffcd][0xffffff8d][0xffffffcd]}([0x7]u[0xffffffad][0xffffffc9][0xffffffdc][0xffffff98][0x4][0xffffff92]q[0xffffffad][0xffffffc1][0xffffffdc]X[0xffffff80]3[0xffffffdb][0xffffffb5][0xffffffd7][0xffffffe7][0xffffffc6][0xffffffd6][0xffffffed][0xffffff97][0x1a]\;[0xffffffef][0xffffffff][0x17]r[0xffffffed][0xffffffdb]yX[0xffffffd7]>N[0x0][0xffffffbb][0xfffffff6][0xfffffffb][0x19][0x10][0xffffffd7]>[0xffffff9e][0xffffff8e][0xffffffb8][0xfffffff6][0xffffffdb][0xffffff93]-\+PD\+[0xffffff81]D\+[0xffffffb0]Lwm[0xffffff80]3[0xffffffd9][0xffffffb5][0x1][0xffffffd1][0xffffff97]\{[0xffffffb8][0xffffffc9][0xfffffff6][0xffffffe0]m{8[0xffffffe8][0xfffffff6]`}{p[0xffffffc2]=[0xffffffac][0xffffff8c][0x1b]x[0xffffffa4][0xffffff94]+[0xffffffa8][0xffffffa4][0xffffff9c][0x1b][0xffffffd8]$[0xffffffa4]{[0xffffffd0][0xffffffd6]=~B[0xffffffbb][0xffffff8f][0xffffffd7][0xffffffb4]N[0xffffffda]-[0xfffffff0]e[0xffffffdb][0xfffffff7]#[0xfffffff0][0xffffffda]-[0xffffffe0]u[0xffffffdb][0xfffffff7][0xffffffc7]S[0xffffffda]->[0x17]n[0x15][0xffffff8f][0xffffff94]v[0x5][0xffffff95][0xffffff94]v[0x3][0xffffff9b][0xffffff84]v[0xb]z[0xffffffe9]6r[0xfffffffa][0xffffff92]v[0xfffffffb]0[0xffffffd3]n[0x1f][0xffffffb8]v[0xffffffef]G[0xffffffe0][0xffffffb5][0xfffffffb]q[0x8]J[0xffffffbb][0xfffffff7][0xffffffc7]S[0xffffffda]}[0x7f][0xffffffb4][0xffffff8b]v[0x3][0xffffff8f][0xffffff94]v[0x5][0xffffff95][0xffffff94]v[0x3][0xffffff9b][0xffffff84]v7B[0xfffffff3][0xffffffb5][0xffffffbb]q[0xfffffffa][0xffffff92]v[0xffffffcf]n[0xffffffa6][0xffffffdd][0xffffffb3][0xffffffe3][0xffffffda][0xffffffbd][0x1f][0xffffff81][0xffffffd7][0xffffffee][0xffffffc7]!([0xffffffed][0xffffffde][0x1f]Oi[0xfffffff7][0xfffffffd][0xffffffd1].[0xffffffda][\r]<R[0xffffffda][0x15]TR[0xffffffda][\r]l[0x12][0xffffffda][0xffffffdd][0x8][0xffffffcd][0xffffffd7][0xffffffee][0xffffffc6][0xffffffe9]K[0xffffffda]][0xfffffff1][0xffffffd2][0x2][0xffffffab][0xffffffdd][0x5][0xffffffdf]Zx?[0x2][0xffffffaf][0xffffffdd][0xffffff8f]CP[0xffffffda]][0xffffffd0][0xffffffc5][0xffffff85][0xffffffef][0xffffff8f]v[0xffffffd1]n[0xffffffe0][0xffffff91][0xffffffd2][0xffffffae][0xffffffa0][0xffffff92][0xffffffd2]n`[0xffffff93][0xffffffd0][0xffffffee]Bo/DN_[0xffffffd3][0xffffffee]t[0xffffffd3][0xffffffee][0xffffffe4][0xffffffb5];[0x1d][0xffffffb4];Y[0xffffffed]NN[0xffffffbb][0xffffffd3]J[0xffffffbb];[0xffffff8f][0xffffff98]v#[0xffffff95][0xffffff98]vw6[0x11][0xffffffed]NZ[0xffffffbb][0xfffffff3][0xffffffba]v[0xffffff8f][1[0xfffffff3][0xffffffee][0xfffffffd]D[0xffffffb8]x[0xffffffdf][0xffffffce][0xffffffc0][0xffffff9b][0xfffffff7][0xffffffdb])([0xfffffff5][0xffffffbe]=[0xffffff9f]r[0xffffffef][0xffffffc7][0xffffffb3]][0xffffffe4][0x1b][0xffffffa1][0xffffffa4][0xffffffec][0xffffffab][0xffffffd0][0xffffffa4][0xfffffff4][0x1b][0x1]%[0xfffffffc][0xffffffbb]c[0xffffff9a]/[0xffffffe0][0x1d][0xffffffd6][0xffffffd7][0xc]|[0xffffffba][0xffffffbd]p[0xffffffb8][0xffffff9f][0xffffff88]7[0xfffffff0][0xfffffffd][0xc][0x6][0x6][0xfffffffe]8[0x5]f[0xffffffe0][0xffffff93]{[0xffffffe9][0xfffffff0][0xfffffff1]l[0x1b][0x3][0x7](1[0x3][0xb]41[0x3][0x7]@[0x11][0x3][0xffffff9f][0xfffffff4][0xffffff9b][0xffffff87][0x1d][0xffffffd6][0xffffffdf]"
14:55:25.472 [main] DEBUG org.apache.hc.client5.http.wire - http-outgoing-1 << "b[0xffffffe0][0xfffffff1][0xfffffffe][0xffffffc7]j[0xfffffffb][0xffffffc2]<k[0xffffffbe][0x7f]?[0xffffffcf]C[0xffffffd9][0xfffffff7][0xffffffcb][0x9]0[0xfffffff7]ngH6[0xffffffef][0xffffff97][0xffffffa7]'{[0xfffffff7][0xffffffd7]O[0xffffff86][0xffffffad][0xfffffffb][0x14][0xffffffc5]d[0xffffffe7][0xfffffffe][0x0][0xffffffc8]d[0xffffffe3]>[0xffffffc5]2[0xffffffd1][0xffffffb7]O[0xffffffe0]L[0xffffffb3][0xffffffed][0x13]D_p[0xffffffad][0xffffffda]L[0xffffffbe][0xffffffea]([0xffffff94]k[0xffffffc1][0xffffffcd][0xffffffe4]_N@[0xffffffbb][0x16][0xffffffda]L[0xfffffffe][0xffffffe5][0xffffffe9][0xffffff8c]k=6[0xffffff93]?E[0xffffff91]q[0xffffffad][0xffffffc1]f[0xfffffff2][0xffffffa7]X[0xffffffe6][0xffffffbb][0x16][0xffffffdb]L[0xfffffffe][0x4][0xffffffd1][0x17]\[0xffffffdb][0xffffff94]kG[0xffffffcf][0xffffffdf]L[0xfffffffe]y[0x1e][0xffffffd8][0xffffffb5][0xffffffcd][0xffffffc0][0xffffffb5]-@[0xffffff9d][0xffffff89]s[0xffffffc3]\[0xffffffdb][0xffffff9c]\[0x1b]Qd\[0xffffffab][0xffffff80]d\[0x1b][0xffffffb1][0xffffffcc]w[0xffffffed][0xe]g[0xffffffb6]kwD_pmW[0xffffffae]][0x7][0xffffffe6][0xffffffda][0xffffff8e][0xffffffbb][0xffffffb6][0x1b][0xffffffb8][0xffffffb6][0x7][0xffffffa8]3q[0xffffffee][0xffffff98]k[0xffffffbb][0xffffff93]k#[0xffffff8a][0xffffff8c]k[0x15][0xffffff90][0xffffff8c]k#[0xffffff96][0xfffffff9][0xffffffae][0xffffffdd][0xffffffe1][0xffffffcc]v[0xffffffed][0xffffff8e][0xffffffe8][0xb][0xffffffae][0x1d][0xffffffd1][0xffffffb5][0xfffffffd]v[0x1b][0xffffff98]k[0x7][0xffffffee][0xffffffda]a[0xffffffe0][0xffffffda][0x11][0xffffffa0][0xffffffce][0xffffffc4]y`[0xffffffae][0x1d]N[0xffffffae][0xffffff8d](2[0xffffffae]U@2[0xffffffae][0xffffff8d]X[0xffffffe6][0xffffffbb]v[0xffffff87]3[0xffffffdb][0xffffffb5];[0xffffffa2]/[0xffffffb8]V|[0x5][0xffffffe2][0xffffffee][0xffffffda][0xffffff85][0xffffffbd][0xffffffaf][0x5][0xffffffbf][0x2][0xfffffff1][0xffffffe5][0x4][0xffffffb4]k[0xffffffa1][0xffffffaf]@|y:[0xffffffe3]Z[0xffffff8f][0xffffffaf]@<E[0xffffff91]q[0xffffffad][0xffffffc1]W [0xffffff9e]b[0xffffff99][0xffffffef]Z[0xffffffec]+[0x10]O[0x10]}[0xffffffc1][0xffffffb5]S[0xffffffb9][0xfffffff6]8[0xfffffff2][0xffffffbf][0x2][0xfffffff1]y[0x1e][0xffffffd8][0xffffffb5][0xffffffd3][0xffffffc0][0xffffffb5]3@[0xffffff9d][0xffffff89][0xfffffff3][0xffffffc4]\;[0xffffff9d]\[0x1b]Qd\[0xffffffab][0xffffff80]d\[0x1b][0xffffffb1][0xffffffcc]w[0xffffffed][0xe]g[0xffffffb6]kwD_p[0xffffffad][0xffffffd8]L~w-[0xfffffff0]u[0xffffffb3][0xffffffcf][0xfffffff3][0xffffffc0][0xffffffae]E7[0xffffff93]og`\[0xb]l&[0xffffffff][0xfffffff5][0xffffff93]=\[0xffffff8b]o&[0xffffffff][0x1][0xffffff90][0xffffff8c]k[0xffffffd1][0xffffffcd][0xffffffe4]O[0xffffffe0][0xffffffcc]v[0xffffffed][0xffffff95][0xffffffcd][0xffffffe4][0xffffff8f]?[0xffffff9d][0xffffffb7][0xffffff9b]rm[0xffffffa9][0xffffff90]k[0x1f][0xffffffe7]A][0xfffffffb]~[0x2][0xffffffd6][0xffffffb5][0xffffff9f]g \[0xfffffffb][0xfffffffe]t[0xffffffc2][0xffffffb5][0xffffffdf][0xffffff9f][0xffffffec][0xffffffe0]Z[0xffffff85]"[0xffffffe1]Z[\r]$[0xffffffe1]Z[0xffffff85]e[0xffffffb6]k#[0xffffff9c][0xffffffb9][0xffffffae][0xffffff8d][0xffffff88][0xffffffbe][0xffffffe0]Z1[0xffffffcb][0xffffffd0]o[0xffffffb5]B[0xffffffef][0x10][0x1e][0xffffffe7][0xffffff81]][0xffffffcb][0xffffffcf]2|[0xffffff9e][0xffffff81]q-5[0xffffffcb][0xfffffff0][0xfffffffd][0xffffffc9][0x1e][0xffffffae][0xfffffff5][0xffffff98]e[0xffffffd0]@2[0xffffffae][0xffffffe5]g[0x19]"[0xffffff9c][0xffffffd9][0xffffffae][0xffffffbd]<[0xffffffcb]0oE[0xffffffb9][0xffffffb6][0xffffff8d][0xffffff93]rm[0xffffffc1]][[0xc]\[[0x2][0xffffffd4][0xffffff99]8[0x17][0xffffffcc][0xffffffb5][0xffffffc5][0xffffffc9][0xffffffb5][0x11]E[0xffffffc6][0xffffffb5][\n]"
14:55:25.472 [main] DEBUG org.apache.hc.client5.http.wire - http-outgoing-1 << "H[0xffffffc6][0xffffffb5][0x11][0xffffffcb]|[0xffffffd7][0xffffffee]pf[0xffffffbb]vG[0xfffffff4][0x5][0xffffffd7][0xffffffd6]_[0xffffffc2][0xffffff96][0xffffff9a]~[[0x5]s[0xffffffed][0xfffffffd]<[0xffffffb0]k[0xffffffdf]N@[0xffffffbb][0xfffffff6][0xffffffdb][0x19][0x18][0xffffffd7][0xffffffbe]=[0xffffff9d]q[0xffffffed][0xffffffc7][0xffffff93]=\[0x1b]Qd\[0xffffffab][0xffffff80]d\[0x1b][0xffffffb1][0xffffffcc]w[0xffffffed][0xe]g[0xffffffb6]kwD_p[0xffffffad][0xffffff98][0x1b][0xffffffeb][0xffffffc7]Q1[0xffffffd7][0xffffffd2]sc[0xffffffef]'[0xffffffa0]]K[0xffffffce][0xffffff8d][0xffffffbd]?[0xffffff9d]q[0xffffffad][0xffffffd1][0xffffffdc][0xffffff98]B[0xffffff91]q[0xffffffad][0xffffffcb][0xffffffdc][0xffffff98][0xffffffc2]2[0xffffffdf][0xffffffb5][0xffffffec][0xffffffdc]XD[0xfffffff4][0x5][0xffffffd7][0xffffff8a][0xffffffb9][0xffffffb1]~[0xffffffb4]>)[0xffffffd7][0xffffffd2]sc[0xffffffef]'[0xffffffa0]]K[0xffffffce][0xffffff8d][0xffffffbd]?[0xffffff9d]q[0xffffffad][0xffffffd1][0xffffffdc][0xffffff98]B[0xffffff91]q[0xffffffad][0xffffffcb][0xffffffdc][0xffffff98][0xffffffc2]2[0xffffffdf][0xffffffb5][0xffffffec][0xffffffdc]XD[0xfffffff4][0x5][0xffffffd7][0xe][0xffffffe5][0xffffffda][0xffffffb3]a];p[0xffffffd7][0xe][0x3][0xffffffd7][0xffffff8e][0x0]u&[0xffffffce][0x3]s[0xffffffed]prmD[0xffffff91]q[0xffffffad][0x2][0xffffff92]qm[0xffffffc4]2[0xffffffdf][0xffffffb5];[0xffffff9c][0xffffffd9][0xffffffae][0xffffffdd][0x11]}[0xffffffc1][0xffffffb5]jn[0xffffffac][0x1c]'[0xffffffe6]Zzn[0xffffffec][0xfffffffd][0x4][0xffffffb4]k[0xffffffc9][0xffffffb9][0xffffffb1][0xfffffff7][0xffffffa7]3[0xffffffae]5[0xffffff9a][0x1b]S(2[0xffffffae]u[0xffffff99][0x1b]SX[0xffffffe6][0xffffffbb][0xffffff96][0xffffff9d][0x1b][0xffffff8b][0xffffff88][0xffffffbe][0xffffffe0]Z57V[0xffffffda][\r]{[0xffffff87]@[0xffffffcf][0xffffff8d][0xffffffbd][0xffffff9f][0xffffff80]v-97[0xfffffff6][0xfffffffe]t[0xffffffc6][0xffffffb5]Fsc[\n]"
14:55:25.473 [main] DEBUG org.apache.hc.client5.http.wire - http-outgoing-1 << "E[0xffffffc6][0xffffffb5].sc[\n]"
14:55:25.473 [main] DEBUG org.apache.hc.client5.http.wire - http-outgoing-1 << "[0xffffffcb]|[0xffffffd7][0xffffffb2]sc[0x11][0xffffffd1][0xffffff97]\[0x1b][0xffffffef]![0xffffffb0][0xffffffae][0xffffffa5][0xffffffef]!L[0xffffff83]{[0x8]3[0xfffffffc][0xffffffe0][0xffffff9b][0xffffff8b]3u[0xf]a:[0xffffffdd]C[0xffffff88](R[0xffffffae]u[0xffffffb9][0xffffff87][0x10][0xffffffb1]$\[0xffffffcb][0xffffffde]C[0xffffffd8][0x11]}[0xffffffc1][0xffffffb5]jF[0xffffffb7][0xffffff9c]'6[0xffffffcb]@[0xffffffcf][0xffffffe8][0xffffffbe][0xffffff9f][0xffffff80]v-9[0xffffffa3][0xfffffffb][0xfffffffe]t[0xffffffc6][0xffffffb5]F3[0xffffffba][\n]"
14:55:25.473 [main] DEBUG org.apache.hc.client5.http.wire - http-outgoing-1 << "E[0xffffffc6][0xffffffb5].3[0xffffffba][\n]"
14:55:25.473 [main] DEBUG org.apache.hc.client5.http.wire - http-outgoing-1 << "[0xffffffcb]|[0xffffffd7][0xffffffb2]3[0xffffffba][0x11][0xffffffd1][0xffffff97]\+[0xffffffba][0x16]u-[0xffffffdd][0xffffffb5][0xffffffcb][0xffffffa0]kW[0x8][0xffffff88]\[0xffffff9c][0xffffffa9][0xffffffae]]N][0x1b]Q[0xffffffa4]\[0xffffffeb][0xffffffd2][0xffffffb5][0x11]K[0xffffffc2][0xffffffb5]l[0xffffffd7][0xffffffee][0xffffff88][0xfffffffe]v[0xffffffd7][0x1e]j[0x1f]BY[0xffffffc7][0x1][0xffffffb9][0xfffffff6][0xffffffc0][0xfffffff7]![0x1c][0x6][0xfffffffb][0x10][0xffffff8e]8x[0xffffff9e][0xffffff88][0xfffffff3][0xffffff81][0xffffffed]C8[0xfffffff6]as[0xffffffd2][0xffffffb5][0x2]E[0xffffffc4][0xffffffb5][0x12]H[0xffffffc4][0xffffffb5][0x2][0xffffffcb]t[0xffffffd7][0x6]8[0xffffff93]][0x1b][0x10]}[0xffffffc1][0xffffffb5]jF[0xffffffb7][0xffffffac]Y([0xffffffd7][0xffffffe2]3[0xffffffba][0xffffff87][0xffffffc1][0xffffff8c][0xffffffee][0x11][0xffffff87]!3q[0xffffffc6]ft[0xffffff8f]}[0x0][0x12]u[0xffffffad][0xffffffc9][0xffffff8c][0xffffffae][0x4][0xffffff92]q[0xffffffad][0xffffffc1][0xffffff8c]n[0xffffff80]3[0xffffffdb][0xffffffb5][0xffffffd7]gt[0xf]5[0xffffffcb]P[0xfffffffb][0xffffffad]S[0xffffffae][0xffffffc5]g[0x19][0xe][0xffffff83]Y[0xffffff86]#^[0x1a][0xffffffcf][0xffffffc4][0x19][0xffffff9b]e8[0xfffffff6][0xffffff8b][0xffffffe2][0xffffffa8]kMf[0x19]$[0xffffff90][0xffffff8c]k[\r]f[0x19][0x2][0xffffff9c][0xffffffd9][0xffffffae][0xffffffbd]>[0xffffffcb][0xfffffff0][0xfffffff6][0xffffffff]D[0xffffffd7][0xffffff9e][0x13]{[0xffffff87]0p[0xffffffd7][0xe][0x3][0xffffffd7][0xffffff8e][0x0]u&[0xffffffce][0x3]s[0xffffffed]prmD[0xffffff91]q[0xffffffad][0x2][0xffffff92]qm[0xffffffc4]2[0xffffffdf][0xffffffb5];[0xffffff9c][0xffffffd9][0xffffffae][0xffffffdd][0x11]}[0xffffffc1][0xffffffb5]j[0xffffff96][0xffffffa1][0x1d][\r]{[0xffffff87][0xffffff80][0xffffffcf]2[0x1c][0x6][0xffffffb3][0xc]G[0xffffffbc]4[0xffffff9e][0xffffff89]36[0xffffffcb]p[0xffffffec][0x17][0xffffffc5]Q[0xffffffd7][0xffffff9a][0xffffffcc]2H [0x19][0xffffffd7][0x1a][0xffffffcc]2[0x4]8[0xffffffb3]]{}[0xffffff96][0xffffffe1]P[0xffffffb3][0xc][0xffffffad]6[0xffffffac]k[0xfffffff1]Y[0xffffff86][0xffffffc3]`[0xffffff96][0xffffffe1][0xffffff88][0xffffff97][0xffffffc6]3q[0xffffffc6]f[0x19][0xffffff8e][0xfffffffd][0xffffffa2]8[0xffffffea]Z[0xffffff93]Y[0x6][0x9]$[0xffffffe3]Z[0xffffff83]Y[0xffffff86][0x0]g[0xffffffb6]k[0xffffffaf][0xffffffcf]2[0x14][0xfffffff5][0xffffffbe][0xffffffb6][0xffffffaf][0x6]}G[0xfffffff7]q[0x1e][0xffffffd6][0xffffffb5][0xffffffc5][0xffffffe0]}m[0xffffff89]/[0xffffffc6][0x12]q.[0xffffffd8][0xfffffffb][0xffffffda][0xffffffb2][0xffffffbf][0xc]#]+PD\+[0xffffff81]D\+[0xffffffb0]Lwm[0xffffff80]3[0xffffffd9][0xffffffb5][0x1][0xffffffd1][0x17]\[0xffffffab][0xffffffde]![0xffffff8c][0x1b][0xfffffff5]m[0xffffffc7][0xffffffc7]y`[0xffffffd7][0x1a][0xffffffbc]C([0xfffffff1]_[0xffffffd6]2q[0xffffffc6][0xffffffde]![0xffffff94][0xfffffffd]_[0xffffffd0]P[0xffffffd7][0xffffff9a][0xffffffbc]C[0xffffff90]@2[0xffffffae]5x[0xffffff87][0x10][0xffffffe0][0xffffffcc]v[0xffffffed][0xfffffff5]w[0x8]E[0xffffffbd]C[0x18][0x7][0xfffffff6][0xffffffbd][0xffffffb1][0xffffff82][0xffffffbf]C([0x6][0xffffffef][0x10]J[0xfffffffc][0xffffff97][0xffffffb5]L[0xffffff9c][0xffffffb1]w[0x8]e[0xffffffff][0x17]4[0xffffffd4][0xffffffb5]&[0xffffffef][0x10]$[0xffffff90][0xffffff8c]k[\r][0xffffffde]![0x4]8[0xffffffb3]][0xfffffffb][0x13][0xffffffef][0x10][0xffffffd4][0xffffff8c][0xffffffee]hg[0xffffffa3]\[0xffffff8b][0xffffffcf][0xffffffe8][0x16][0xffffff83][0x19][0xffffffdd][0x12][0xffffff87]!3q[0xffffffc6]ft[0xffffffcb]>[0x0][0xffffff89][0xffffffba][0xffffffd6]"
14:55:25.474 [main] DEBUG org.apache.hc.client5.http.wire - http-outgoing-1 << "dFW[0x2][0xffffffc9][0xffffffb8][0xffffffd6]`F7[0xffffffc0][0xffffff99][0xffffffed][0xffffffda][0xffffffeb]3[0xffffffba]U[0xffffffcd]2[0xffffff9c][0xffffffad]S[0xffffffae][0xffffffad][0xfffffff8],C5[0xffffff98]e[0xffffffa8][0xfffffff1][0xffffffd2]x"[0xffffffce][0x15][0xffffff9b]e[0xffffffa8][0xfffffffb]Eq[0xffffffd2][0xffffffb5][0x2]E[0xffffffc4][0xffffffb5][0x12]H[0xffffffc4][0xffffffb5][0x2][0xffffffcb]t[0xffffffd7][0x6]8[0xffffff93]][0x1b][0x10]}[0xffffffc1][0xffffffb5][0xffffffea][0xffffffb7][0xffffffb1][0xffffffd9]N[0xffffffea][0x1d]B[0xffffffc5][0x7f][0x1b][0xffffffab][0x6][0xffffffbf][0xffffff8d][0xffffffd5][0xfffffff8]#D&[0xffffffce][0xffffffd8]ocu[0xffffffff][0xffffffe1][0x1]u[0xffffffad][0xffffffc9]oc[0x12]H[0xffffffc6][0xffffffb5][0x6][0xffffffbf][0xffffff8d][0x5]8[0xffffffb3]]{[0xfffffffd][0xffffffb7][0xffffffb1][0xffffffaa][0xffffffde]![0xffffffac]Z[0xffffffa9][0xffffff9d][0xffffff8a][0x15][0x7f][0xffffff87]P[\r][0xffffffde]![0xffffffd4][0xfffffff8]/k[0xffffff99]8c[0xffffffef][0x10][0xffffffea][0xfffffffe]/h[0xffffffa8]kM[0xffffffde]!H [0x19][0xffffffd7][0x1a][0xffffffbc]C[0x8]pf[0xffffffbb][0xfffffff6][0xfffffffa];[0xffffff84][0xffffffa6]v[0xffffffcf][0xffffffac][0xffffff8a][0xffffffcd][0xffffff8d]5|[0xfffffff7]L3[0xffffffd8]=[0xffffffd3][0xffffffe2][0xffffff92][0xffffff8f]D[0xffffff9c][0x1b][0xffffffb6]{[0xffffffa6][0xffffffed][0xffffff8b]=H[0xffffffd7][\n]"
14:55:25.474 [main] DEBUG org.apache.hc.client5.http.wire - http-outgoing-1 << "[0x14][0x11][0xffffffd7]J [0x11][0xffffffd7][\n]"
14:55:25.475 [main] DEBUG org.apache.hc.client5.http.wire - http-outgoing-1 << ",[0xffffffd3]][0x1b][0xffffffe0]Lvm@[0xfffffff4][0x5][0xffffffd7][0x1e][0xffffffca][0xffffffb5][0xffffffed][0xffffffa0][0xffffffbe][0xffffff81][0xfffffff3]v[0x1e][0xffffffd8][0xffffffb5][0xffffff87][0xffffff81]k[0xffffff8f][0x0]u&[0xffffffce][0x7][0xffffffe6][0xffffffda][0xffffffc3][0xffffffc9][0xffffffb5][0x11]E[0xffffffc6][0xffffffb5][\n]"
14:55:25.475 [main] DEBUG org.apache.hc.client5.http.wire - http-outgoing-1 << "H[0xffffffc6][0xffffffb5][0x11][0xffffffcb]|[0xffffffd7][0xffffffee]pf[0xffffffbb]vG[0xfffffff4][0x5][0xffffffd7][0xffffffaa][0xffffffdf][0xffffffc6]V[0xffffffaf][0xffffffd4][0xfffffffd][0xffffffda][0xffffff86][0xffffffff]6[0xffffffd6][0xc]~[0x1b]k[0xfffffff1]G[0xffffff88]L[0xffffff9c][0xffffffb1][0xffffffdf][0xffffffc6][0xffffffda][0xfffffffe][0xffffffc3][0x3][0xffffffea]Z[0xffffff93][0xffffffdf][0xffffffc6]$[0xffffff90][0xffffff8c]k[\r]~[0x1b][0xb]pf[0xffffffbb][0xfffffff6][0xfffffffa]oc[0xffffffad]*[0xffffffd7][0xffffff9e][0xffffffd8]>[0xffffff84][0xffffffb7][0xfffffff3][0xffffffc0][0xffffffae][0xffffffad][0x6][0xffffffae][0xffffffad][0x1][0xffffffea]L[0xffffff9c]+[0xffffffe6][0xffffffda][0xffffffea][0xffffffe4][0xffffffda][0xffffff88]"[0xffffffe3]Z[0x5]$[0xffffffe3][0xffffffda][0xffffff88]e[0xffffffbe]kw8[0xffffffb3]][0xffffffbb]#[0xfffffffa][0xffffff82]k[0xffffff9b]r[0xffffffed]jX[0xffffffd7]6[0xffffffdc][0xffffffb5][0xffffffcd][0xffffffc0][0xffffffb5]-@[0xffffff9d][0xffffff89]s[0xffffffc3]\[0xffffffdb][0xffffff9c]\[0x1b]Qd\[0xffffffab][0xffffff80]d\[0x1b][0xffffffb1][0xffffffcc]w[0xffffffed][0xe]g[0xffffffb6]kwD_p[0xffffffad][0xffffffb8][0xfffffff3]5n[0xffffffb5]`[0xffffffbf][0xffffff8d][0xffffffe1]w[0xffffffbe][0xffffff9a][0xffffffc1][0xffffff9d][0xffffffaf][0x16]/[0xffffffd7]d[0xffffffe2][0xffffff8c][0xffffffdd][0xfffffff9]j[0xfffffffb][0xffffff85][0x1a][0xffffffd4][0xffffffb5]&w[0xffffffbe]$[0xffffff90][0xffffff8c]k[\r][0xffffffee]|[0x5]8[0xffffffb3]]{[0xfffffffd][0xffffffce][0xffffffd7][0xfffffffd]O[0xffffff8b][0xffffff99]k[0xffffffe1][0xffffffef][0xffffff8d]=N[0xffffffc0][0xffffffbb][0x16][0xfffffffc][0xffffffde][0xffffffd8][0xffffffe3][0xffffffe9][0xffffff94]k}[0xffffffbe]7&P[0xffffffa4]\k[0xfffffff2][0xffffffbd]1[0xffffff81]%[0xffffffe1]Z[0xfffffff4]{c[0x1][0xffffffd1][0xffffff97]\[[0xffffffcd]\[q[0xffffffd7]V[0x3][0xffffffd7]V[0xffffffd4][0xffffffb5][0x15]smur[0xffffffed][0xffffff8e]"[0xffffffe5][0xffffffda][0x8]$[0xffffffe5][0xffffffda][0x1d]K[0xffffffc2][0xffffffb5][0x15]vm[0xffffffbd][0xffffffee][0xffffffda]f[0xffffffe6][0xffffffda][0xffffff86][0xffffffbb][0xffffffb6][0x19][0xffffffb8][0xffffffb6][0xffffffa1][0xffffffae]m[0xffffff98]k[0xffffff9b][0xffffff93]kw[0x14])[0xffffffd7]F )[0xffffffd7][0xffffffee]X[0x12][0xffffffae]m[0xffffffb0]k[0xffffffdb]u[0xffffffd7][0x1e]n[0xffffffb2]=x[0xffffffdb][0x1e][0xe][0xffffffba]=X[0xffffffdf][0x1e][0xffffff9c]p[0xf]+[0xffffffe3][0x6][0x1e])[0xffffffe5][\n]"
14:55:25.475 [main] DEBUG org.apache.hc.client5.http.wire - http-outgoing-1 << "*)[0xffffffe7][0x6]6[0x9][0xffffffe9][0x1e][0xffffffb4]u[0xffffff8f][0xffffff9f][0xffffffd0]nu{w[[0xfffffff9][0xffffff97][0xffffffb7][0xffffffd5][0xffffffe1][0xffffffed]me_[0xffffffdf]V[0xffffffee][0xfffffffd]m[0xffffffb5]z[0xffffff81][0x1b]x[0xffffffa4][0xffffffb4]+[0xffffffa8][0xffffffa4][0xffffffb4][0x1b][0xffffffd8]$[0xffffffb4][[0xffffffe9][0xffffff97][0xffffffb8][0xfffffff5]'[0xffffffde][0xffffffe2]67[0xffffffed]6^[0xffffffbb][0xffffffcd]A[0xffffffbb][0xffffff8d][0xffffffd5]n[0xffffffe3][0xffffffb4][0xffffffdb][0xffffffac][0xffffffb4][0x1b]x[0xffffffa4][0xffffffb4]+[0xffffffa8][0xffffffa4][0xffffffb4][0x1b][0xffffffd8]$[0xffffffb4][0xffffffdb]h[0xffffffed][0xffffffb6][0xffffff9f][0xffffffd1][0xffffffee]r[0xffffffd3][0xffffffee][0xffffffe2][0xffffffb5][0xffffffbb][0x1c][0xffffffb4][0xffffffbb]X[0xffffffed].N[0xffffffbb][0xffffffcb]J[0xffffffbb];[0xffffff8f][0xffffff98]v#[0xffffff95][0xffffff98]vw6[0x11][0xffffffed].Z[0xffffffbb][0xffffffeb][0xffffffba]v[0xffffff87][[0xffffffed][0xe][0xffffffbe]v[0xffffff87]C[0xffffffed][0xe][0xffffffb6]v[0x7]W[0xffffffbb][0xffffffc3][0xffffffaa]v[0x3][0xffffff8f][0xffffff94]v[0x5][0xffffff95][0xffffff94]v[0x3][0xffffff9b][0xffffff84]v[0x7]][0xffffffbb][0xffffffe3]'jw[0xffffffba]iw[0xfffffff2][0xffffffda][0xffffff9d][0xe][0xffffffda][0xffffff9d][0xffffffac]v'[0xffffffa7][0xffffffdd]i[0xffffffa5][0xffffffdd][0xffffffc0]#[0xffffffa5]]A%[0xffffffa5][0xffffffdd][0xffffffc0]&[0xffffffa1][0xffffffdd]Ikw[0xfffffffe][0xffffff84]v[0xffffffd7]0[0xffffffd3][0xffffffee][0x1a][0xffffffb8]v[0xffffffef]G[0xffffffe0][0xffffffb5][0xfffffffb]q[0x8]J[0xffffffbb][0xfffffff7][0xffffffc7]S[0xffffffda]}[0x7f][0xffffffb4][0xffffff8b]v[0x3][0xffffff8f][0xffffff94]v[0x5][0xffffff95][0xffffff94]v[0x3][0xffffff9b][0xffffff84]v7B[0xfffffff3][0xffffffb5][0xffffffbb]q[0xfffffffa][[0xffffffb4]{[0xffffffbe][0xffffffff][0xffffffed]P[0x3][0xffffffbf][0xffffffab][0xffffffb4]t[0xffffffeb]~[0xffffff9e][0xffffff87][0xffffff92][0xffffffee][0xffffff97][0x13]`[0xffffffce][0xffffffdd][0xffffffce][0xffffff90][0xffffffac][0xffffffdc]/OO6[0xffffffee][0xffffffaf][0xffffff9f][0xc][0xb][0xfffffff7])[0xffffff8a][0xffffffc9][0xffffffbe][0xfffffffd][0x1][0xffffff90][0xffffffc9][0xffffffba]}[0xffffff8a]e[0xffffffa2]m[0xffffff9f][0xffffffc0][0xffffff99]&[0xffffffdb]'[0xffffff88][0xffffffbe][0xffffffe0]Z[0xfffffff1][0x1][0xfffffff4]q[0x1c][0xffffffc0][0xffffff82][0xffffffc6][0xffffffcf][0xfffffff3][0xffffffc0][0xffffffae]E?[0xffffff80][0xffffffbe][0xffffff9d][0xffffff81]q-[0xfffffff0][0x1][0xfffffff4]_?[0xffffffd9][0xffffffc3][0xffffffb5][0xfffffff8][0x7][0xffffffd0][0x7f][0x0]$[0xffffffe3]Z[0xfffffff4][0x3][0xffffffe8]O[0xffffffe0][0xffffffcc]v[0xffffffed][0xffffff8e][0xffffffe8][0xb][0xffffffae][0xffffff9d]b[0xffffffb9][0xffffffc2][0xffffffd1]J[0xfffffffe][0x7]u>[0xffffffcf][0x3][0xffffffbb]v[0xffffff92][0xffffffcb][0x15][0xffffffb6]30[0xffffffae][0xffffff9d][0xfffffff9][0xffffffcb][0x15]~[0xfffffffd]d[0xf][0xffffffd7]F[0x14][0x19][0xffffffd7]* [0x19][0xffffffd7]F,[0xfffffff3]][0xffffffbb][0xffffffc3][0xffffff99][0xffffffed][0xffffffda][0x1d][0xffffffd1][0x17]\[0xffffffbb][0xffffff94]k[0xffffffc7][0xffffff99][0xffffffff][0xffffff91][0xffffff87][0xffffffcf][0xfffffff3][0xffffffc0][0xffffffae]][0x6][0xffffffae]][0x1][0xffffffea]L[0xffffff9c][0x17][0xffffffe6][0xffffffda][0xffffffe5][0xffffffe4][0xffffffda][0xffffff88]"[0xffffffe3]Z[0x5]$[0xffffffe3][0xffffffda][0xffffff88]e[0xffffffbe]kw8[0xffffffb3]][0xffffffbb]#[0xfffffffa][0xffffffdb]][0xffffffdb][0xffffffc5][0x7]uF[0xffffffb9][0xffffffad][0xfffffffc]_[0xffffffc9]>[0xffffffcf][0xffffffc3][0xffffffba][0xffffffb6][0xffffffa3][0x1f][0xffffffd4][0xffffffd9][0xffffffce][0xffffff80][0xffffffb8][0xffffffb6][0x3][0x1f][0xffffffd4][0xfffffff9][0xfffffff5][0xffffff93]-\+PD\+[0xffffff81]D\+[0xffffffb0]Lwm[0xffffff80]3[0xffffffd9][0xffffffb5][0x1][0xffffffd1][0x17]\+>[0xfffffff2]0[0xffffffca]1[0xffffffa8][0xfffffff7][0xffffffb5][0x1d][0xfffffffc][0xffffffc8][0xffffffc3][0xffffff97][0x13][0xffffffd0][0xffffffae][0xffffff85]>[0xfffffff2][0xfffffff0][0xffffffe5][0xffffffe9][0xffffff8c]k=>[0xfffffff2][0xfffffff0][0x14]E[0xffffffc6][0xffffffb5][0x6][0x1f]yx[0xffffff8a]e[0xffffffbe]k[0xffffffb1][0xffffff8f]<<A[0xfffffff4][0x5][0xffffffd7][0xffffff8a][0xffffff8f]<[0xffffff8c]Rn[0xffffff95]r-[0xfffffff8][0xffffff91][0xffffff87]/'[0xffffffa0]][0xb]}[0xffffffe4][0xffffffe1][0xffffffcb][0xffffffd3][0x19][0xffffffd7]z|[0xffffffe4][0xffffffe1])[0xffffff8a][0xffffff8c]k[\r]>[0xfffffff2][0xfffffff0][0x14][0xffffffcb]|[0xffffffd7]b[0x1f]yx[0xffffff82][0xffffffe8][0xb][0xffffffae]U[0x1f]y([0xfffffff5][0xffffff86]u-[0xfffffff8][0xffffff91][0xffffff87]/'[0xffffffa0]][0xb]}[0xffffffe4][0xffffffe1][0xffffffcb][0xffffffd3][0x19][0xffffffd7]z|[0xffffffe4][0xffffffe1])[0xffffff8a][0xffffff8c]k[\r]>[0xfffffff2][0xfffffff0][0x14][0xffffffcb]|[0xffffffd7]b[0x1f]yx[0xffffff82][0xffffffe8][0xb][0xffffffae]=[0xffffff95]k[0xffffffe7][0xffffffe8][0xffffff94]kO[0xffffffdc][0xffffffb5][0xffffffa7][0xffffff81]k[0xffffffcf][0x0]u&[0xffffffce]'[0xffffffe6][0xffffffda][0xffffffd3][0xffffffc9][0xffffffb5][0x11]E[0xffffffc6][0xffffffb5][\n]"
14:55:25.475 [main] DEBUG org.apache.hc.client5.http.wire - http-outgoing-1 << "H[0xffffffc6][0xffffffb5][0x11][0xffffffcb]|[0xffffffd7][0xffffffee]pf[0xffffffbb]vG[0xfffffff4]%[0xffffffd7][0xffffffc6]{[0x8][0xffffffac]k[0xffffffe1]{[0x8][0xffffff8f][0x13][0xfffffff0][0xffffffae][0x5][0xffffffef]!<[0xffffff9e]N[0xffffffb9][0xffffffd6][0xffffffe7][0x1e][0xffffff82]@[0xffffff91]r[0xffffffad][0xffffffc9]=[0x4][0xffffff81]%[0xffffffe1]Z[0xfffffff4][0x1e]B@[0xfffffff4][0x5][0xffffffd7]N[0xffffffd1][0xffffffb5][0xffffffb5][0xffffff9c][0xffffffd8][0xfffffffb][0xffffffda][0xffffff89]w[0xffffffed]4[0xffffffe8][0xffffffda][0x19][0x2]"[0x13][0xffffffe7][0xffffff89]u[0xffffffed]t[0xffffffea][0xffffffda][0xffffff88]"[0xffffffe3]Z[0x5]$[0xffffffe3][0xffffffda][0xffffff88]e[0xffffffbe]kw8[0xffffffb3]][0xffffffbb]#[0xfffffffa][0xffffff82]k[0xffffff97]rm;[0xb][0xffffffe5][0xffffffda][0xffffff85][0xffffffbb]v[0x19][0xffffffb8]v[0x5][0xffffffa8]3q^[0xffffff98]k"
14:55:25.477 [main] DEBUG org.apache.hc.client5.http.wire - http-outgoing-1 << "[0xffffff97][0xffffff93]k#[0xffffff8a][0xffffff8c]k[0x15][0xffffff90][0xffffff8c]k#[0xffffff96][0xfffffff9][0xffffffae][0xffffffdd][0xffffffe1][0xffffffcc]v[0xffffffed][0xffffff8e][0xffffffe8]ow[0xffffffed][0xffffffb8][0xffffff89]w[0x8][0xfffffff5][0xffffffc4][0xffffffe6][0xffffffc6][0xffffffde][0xffffffce][0xffffffc3][0xffffffba][0xfffffff6]q[0x2][0xffffffd8][0xffffffb5][0xffffffdf][0xffffffcf][0xffffff80][0xffffffb8][0xfffffff6][0xfffffff1]t[0xffffffc4][0xffffffb5][0xffffffdf][0xffffff9e]l[0xffffffe1]Z[0xffffff81]"[0xffffffe2]Z[0x9]$[0xffffffe2]Z[0xffffff81]e[0xffffffba]k[0x3][0xffffff9c][0xffffffc9][0xffffffae][\r][0xffffff88][0xffffffbe][0xffffffe0]Zu[0xffffffbf][0xffffffb6]u[0xffffffac]k[0x7]~[0xffffffbf]v[0x18][0xffffffdc][0xffffffaf][0x1d][0xfffffff1]"c&[0xffffffce][0xffffffd8][0xfffffffd][0xffffffda][0xffffffb1]_^D]kr[0xffffffbf]V[0x2][0xffffffc9][0xffffffb8][0xffffffd6][0xffffffe0]~m[0xffffff80]3[0xffffffdb][0xffffffb5][0xffffffd7][0xffffffef][0xffffffd7][0xe]u[0xffffffbf][0xffffffb6][0xffffffad][0xffffff82][0xffffffb9][0x16][0xffffffbf]_;[0xc][0xffffffee][0xffffffd7][0xffffff8e]x[0xffffff91]1[0x13]g[0xffffffec]~[0xffffffed][0xffffffd8]//[0xffffffa2][0xffffffae]5[0xffffffb9]_+[0xffffff81]d\kp[0xffffffbf]6[0xffffffc0][0xffffff99][0xffffffed][0xffffffda][0xffffffeb][0xfffffff7]k[0xffffff87][0xffffffba]_[0xffffffdb]ouP[0xffffffae][0xffffffc5][0xffffffef][0xffffffd7][0xe][0xffffff83][0xfffffffb][0xffffffb5]#^d[0xffffffcc][0xffffffc4][0x19][0xffffffbb]_;[0xfffffff6][0xffffffcb][0xffffff8b][0xffffffa8]kM[0xffffffee][0xffffffd7]J [0x19][0xffffffd7][0x1a][0xffffffdc][0xffffffaf][\r]pf[0xffffffbb][0xfffffff6][0xfffffffa][0xfffffffd][0xffffffda][0xffffffa1][0xfffffff6][0xffffffd7][0xfffffff6][0xffffffdb][0xffffffa4][0xfffffff6]![0xc]|[0x7f][0xffffffed]0[0xffffffd8]_;[0xffffffe2][0xffffffa2][0xffffffd0]L[0xffffff9c][0xffffffb1][0xfffffffd][0xffffffb5]c_[0xe][0xffffff8a][0xffffffba][0xffffffd6]d[0x7f][0xffffffad][0x4][0xffffff92]q[0xffffffad][0xffffffc1][0xfffffffe][0xffffffda][0x0]g[0xffffffb6]k[0xffffffaf][0xffffffef][0xffffffaf][0x1d][0xffffffa7]r[0xffffffed]q[0xffffffa3][0xfffffff6]|[0xffffffbd][0xffffff9d][0x7]v[0xffffffed]i[0xffffffe0][0xffffffda]3@[0xffffff9d][0xffffff89][0xfffffff3][0xffffff89][0xffffffb9][0xfffffff6]trmD[0xffffff91]q[0xffffffad][0x2][0xffffff92]qm[0xffffffc4]2[0xffffffdf][0xffffffb5];[0xffffff9c][0xffffffd9][0xffffffae][0xffffffdd][0x11]}[0xffffffc1][0xffffffb5][0xffffffea][0xffffffce]W/[0x1d]{[0xffffff87][0xffffff80][0xffffffdf][0xfffffff9][0x1a][0x6]w[0xffffffbe]F[0xffffffbc]\[0xffffff93][0xffffff89]3v[0xffffffe7]k[0xffffffec][0x17]jP[0xffffffd7][0xffffff9a][0xffffffdc][0xfffffff9][0xffffff92]@2[0xffffffae]5[0xffffffb8][0xfffffff3][0x15][0xffffffe0][0xffffffcc]v[0xffffffed][0xfffffff5];_[0xffffffe7]M[0xffffffb9][0xffffffb6]a[0xfffffffb][0x10][0xffffffde][0xffffffce][0xffffffc3][0xffffffba][0xfffffff6]q[0x2][0xffffffd8][0xffffffb5][0xffffffdf][0xffffffcf][0xffffff80][0xffffffb8][0xfffffff6][0xfffffff1]t[0xffffffc4][0xffffffb5][0xffffffdf][0xffffff9e]l[0xffffffe1]Z[0xffffff81]"[0xffffffe2]Z[0x9]$[0xffffffe2]Z[0xffffff81]e[0xffffffba]k[0x3][0xffffff9c][0xffffffc9][0xffffffae][\r][0xffffff88][0xffffffbe][0xffffffe0]Z[0xffffffb5][0xffffffbf][0xffffffb6][0xfffffff7]J[0xffffffcd][0xffffff8d][0xffffff9d][0xfffffff8][0xfffffffe][0xffffffda][0xffffffd3]`[0x7f][0xffffffed][0x19][0x17][0xffffff85]f[0xffffffe2][0xffffff8c][0xffffffed][0xffffffaf]=[0xfffffff7][0xffffffe5][0xffffffa0][0xffffffa8]kM[0xfffffff6][0xffffffd7]J [0x19][0xffffffd7][0x1a][0xffffffec][0xffffffaf][\r]pf[0xffffffbb][0xfffffff6][0xfffffffa][0xfffffffe][0xffffffda][0xffffffb3]([0xffffffd7][0xffffff9e]7[0xffffffea][0xffffffb7][0xffffffb1][0xffffffb7][0xfffffff3][0xffffffc0][0xffffffae]-[0x6][0xffffffae]-[0x1][0xffffffea]L[0xffffff9c][0xb][0xffffffe6][0xffffffda][0xffffffe2][0xffffffe4][0xffffffda][0xffffff88]"[0xffffffe3]Z[0x5]$[0xffffffe3][0xffffffda][0xffffff88]e[0xffffffbe]kw8[0xffffffb3]][0xffffffbb]#[0xfffffffa][0xffffff82]k[0xffffffd5],C[0xffffff9f][0x3][0xffffffeb]Z|[0xffffff96][0xffffffe1]4[0xffffff98]e8[0xffffffe3][0xffffffa5][0xfffffff1]L[0xffffff9c][0xffffffb1]Y[0xffffff86]s[0xffffffbf]([0xffffff8e][0xffffffba][0xffffffd6]d[0xffffff96]A[0x2][0xffffffc9][0xffffffb8][0xffffffd6]`[0xffffff96]![0xffffffc0][0xffffff99][0xffffffed][0xffffffda][0xffffffeb][0xffffffb3][0xc][0xffffffa7][0xffffff9a]e[0x18][0xffffffa5][0xffffffdd]([0xffffffd7][0xffffffe2][0xffffffb3][0xc][0xffffffa7][0xffffffc1],[0xffffffc3][0x19]/[0xffffff8d]g[0xffffffe2][0xffffff8c][0xffffffcd]2[0xffffff9c][0xfffffffb]Eq[0xffffffd4][0xffffffb5]&[0xffffffb3][0xc][0x12]H[0xffffffc6][0xffffffb5][0x6][0xffffffb3][0xc][0x1][0xffffffce]l[0xffffffd7]^[0xffffff9f]e8[0xffffffd5],[0xffffffc3][0xffffffa8][0xffffff93][0xffffffda][0xffffff87]p[0xffffffe2][0xffffffb3][0xc][0xffffffa7][0xffffffc1],[0xffffffc3][0x19]/[0xffffff8d]g[0xffffffe2][0xffffff8c][0xffffffcd]2[0xffffff9c][0xfffffffb]Eq[0xffffffd4][0xffffffb5]&[0xffffffb3][0xc][0x12]H[0xffffffc6][0xffffffb5][0x6][0xffffffb3][0xc][0x1][0xffffffce]l[0xffffffd7]^[0xffffff9f]e8[0xffffffd5],[0xffffffc3]8;u[0xffffffbf][0xfffffff6][0xffffffc4]g[0x19]N[0xffffff83]Y[0xffffff86]3^[0x1a][0xffffffcf][0xffffffc4][0x19][0xffffff9b]e8[0xfffffff7][0xffffff8b][0xffffffe2][0xffffffa8]kMf[0x19]$[0xffffff90][0xffffff8c]k[\r]f[0x19][0x2][0xffffff9c][0xffffffd9][0xffffffae][0xffffffbd]>[0xffffffcb]p[0xffffff9e][0xffffffc2][0xffffffb5]g[0xffffffe5]\{[0xffffffe2][0xffffffae]=[\r]\{[0x6][0xffffffa8]3q>1[0xffffffd7][0xffffff9e]N[0xffffffae][0xffffff8d](2[0xffffffae]U@2[0xffffffae][0xffffff8d]X[0xffffffe6][0xffffffbb]v[0xffffff87]3[0xffffffdb][0xffffffb5];[0xffffffa2]/[0xffffffb8]V[0xffffffed][\n]"
14:55:25.477 [main] DEBUG org.apache.hc.client5.http.wire - http-outgoing-1 << "?G[0xffffffa3]f[0x19]N|W[0xfffffff8]i[0xffffffb0]+[0xfffffffc][0xffffff8c]K[0xffffff99]3q[0xffffffc6]v[0xffffff85][0xffffff9f][0xfffffffb]"f[0xffffffd4][0xffffffb5]&[0xffffffbb][0xffffffc2]%[0xffffff90][0xffffff8c]k[\r]v[0xffffff85][0x7]8[0xffffffb3]]{}W[0xfffffff8][0xffffffa9][0xffffffe6][0xffffffc6][0xffffffce][0xffffffb3]c[0xffffffbf][0xffffff8d][0xffffffe1]sc[0xffffffa7][0xffffffc1][0xffffffdc][0xffffffd8][0x19][0x7]t2q[0xffffffc6][0xffffffe6][0xffffffc6][0xffffffce]}([0x7]u[0xffffffad][0xffffffc9][0xffffffdc][0xffffff98][0x4][0xffffff92]q[0xffffffad][0xffffffc1][0xffffffdc]X[0xffffff80]3[0xffffffdb][0xffffffb5][0xffffffd7][0xffffffe7][0xffffffc6][0xffffffe6][0xffffffed][0xffffff97][0x16]];[0xffffffb1][0xfffffffb][0xffffffb5]o[0xffffffe7]a][0xfffffffb]8[0x1][0xffffffec][0xffffffda][0xffffffef]g@\[0xfffffffb]x:[0xffffffe2][0xffffffda]oO[0xffffffb6]p[0xffffffad]@[0x11]q[0xffffffad][0x4][0x12]q[0xffffffad][0xffffffc0]2[0xffffffdd][0xffffffb5][0x1][0xffffffce]d[0xffffffd7][0x6]D_p[0xffffffad][0xffffff9a][0x1b];W[0xffffffc7]\[0xffffff8b][0xffffffcf][0xffffff8d]M[0xffffff83][0xffffffb9][0xffffffb1][0x19][0x7]t2q[0xffffffc6][0xffffffe6][0xffffffc6][0xffffffe6]>[0xffffff94][0xffffff83][0xffffffba][0xffffffd6]dnL[0x2][0xffffffc9][0xffffffb8][0xffffffd6]`n,[0xffffffc0][0xffffff99][0xffffffed][0xffffffda][0xffffffeb]scS[0xffffffcd][0xffffff8d][0xffffffcd]2[0xffffffa9][0xffffffef][0xffffffe8]N|nl[0x1a][0xffffffcc][0xffffff8d][0xffffffcd]8[0xffffffa0][0xffffff93][0xffffff89]3676[0xfffffff7][0xffffffa1][0x1c][0xffffffd4][0xffffffb5]&sc[0x12]H[0xffffffc6][0xffffffb5][0x6]sc[0x1][0xffffffce]l[0xffffffd7]^[0xffffff9f][0x1b][0xffffff9b]jnl[0xfffffff6]E[0xffffffed][0xffffff9e][0xffffff99][0xfffffff8][0xffffffdc][0xffffffd8]4[0xffffff98][0x1b][0xffffff9b]q@'[0x13]glnl[0xffffffee]C9[0xffffffa8]kM[0xffffffe6][0xffffffc6]$[0xffffff90][0xffffff8c]k[\r][0xffffffe6][0xffffffc6][0x2][0xffffff9c][0xffffffd9][0xffffffae][0xffffffbd]>76[0xffffffd5][0xffffffdc][0xffffffd8]\[0xffffff8d][0xffffff9a][0xffffffd1][0xffffff9d][0xfffffff8][0xffffffdc][0xffffffd8]4[0xffffff98][0x1b][0xffffff9b]q@'[0x13]glnl[0xffffffee]C9[0xffffffa8]kM[0xffffffe6][0xffffffc6]$[0xffffff90][0xffffff8c]k[\r][0xffffffe6][0xffffffc6][0x2][0xffffff9c][0xffffffd9][0xffffffae][0xffffffbd]>76[0xffffffd5][0xffffffdc][0xffffffd8]*[0x7]576[0xfffffff1][0xffffffb9][0xffffffb1]i076[0xffffffe3][0xffffff80]N&[0xffffffce][0xffffffd8][0xffffffdc][0xffffffd8][0xffffffdc][0xffffff87]rP[0xffffffd7][0xffffff9a][0xffffffcc][0xffffff8d]I [0x19][0xffffffd7][0x1a][0xffffffcc][0xffffff8d][0x5]8[0xffffffb3]]{}nl[0xffffffaa][0xffffffb9][0xffffffb1][0xffffffd5][0xffffffb0];_[0x13][0xffffff9f][0x1b][0xffffff9b][0x6]sc3[0xe][0xffffffe8]d[0xffffffe2][0xffffff8c][0xffffffcd][0xffffff8d][0xffffffcd]}([0x7]u[0xffffffad][0xffffffc9][0xffffffdc][0xffffff98][0x4][0xffffff92]q[0xffffffad][0xffffffc1][0xffffffdc]X[0xffffff80]3[0xffffffdb][0xffffffb5][0xffffffd7][0xffffffe7][0xffffffc6][0xffffffe6][0xffffffa9]\;+57[0xfffffff6]v[0x1e][0xffffffd8][0xffffffb5][0xffffffa7][0xffffff81]k[0xffffffcf][0x0]u&[0xffffffce]'[0xffffffe6][0xffffffda][0xffffffd3][0xffffffc9][0xffffffb5][0x11]E[0xffffffc6][0xffffffb5][\n]"
14:55:25.477 [main] DEBUG org.apache.hc.client5.http.wire - http-outgoing-1 << "H[0xffffffc6][0xffffffb5][0x11][0xffffffcb]|[0xffffffd7][0xffffffee]pf[0xffffffbb]vG[0xfffffff4][0x5][0xffffffd7][0xffffff8a][0xffffffb9][0xffffffb1][0xfffffff3]v[0x1b][0xffffffd8][0xffffff9d]/|nl[0x1a][0xffffffcc][0xffffff8d][0xffffffcd]8[0xffffffa0][0xffffff93][0xffffff89]3676[0xfffffff7][0xffffffa1][0x1c][0xffffffd4][0xffffffb5]&sc[0x12]H[0xffffffc6][0xffffffb5][0x6]sc[0x1][0xffffffce]l[0xffffffd7]^[0xffffff9f][0x1b][0xffffff9b]bn[0xffffffec][0xffffffbc]U[0xffffffee][0xffffffce][0x17]>76[\r][0xffffffe6][0xffffffc6]f[0x1c][0xffffffd0][0xffffffc9][0xffffffc4][0x19][0xffffff9b][0x1b][0xffffff9b][0xfffffffb]P[0xe][0xffffffea]Z[0xffffff93][0xffffffb9]1[0x9]$[0xffffffe3]Z[0xffffff83][0xffffffb9][0xffffffb1][0x0]g[0xffffffb6]k[0xffffffaf][0xffffffcf][0xffffff8d]-[0xfffffff1][0xffffffbd][0xffffffb1][0xfffffff3]6[0xffffffb0]][0xffffffe1][0xb][0xffffffff][0xffffffde][0xffffffd8]2[0xfffffff8][0xffffffde][0xffffffd8][0xffffff8a][0x1f]vJ[0xffffffc4]ya[0xffffffdf][0x1b][[0xfffffffb][0xffffffc7][0xffffff9c]H[0xffffffd7][\n]"
14:55:25.477 [main] DEBUG org.apache.hc.client5.http.wire - http-outgoing-1 << "[0x14][0x11][0xffffffd7]J [0x11][0xffffffd7][\n]"
14:55:25.477 [main] DEBUG org.apache.hc.client5.http.wire - http-outgoing-1 << ",[0xffffffd3]][0x1b][0xffffffe0]Lvm@[0xfffffff4][0x5][0xffffffd7][0xffffff8a]Y[0xffffff86][0xfffffff3][0xffffffb6][\n]"
14:55:25.477 [main] DEBUG org.apache.hc.client5.http.wire - http-outgoing-1 << "[0xffffffe6]Z|[0xffffff96]a[0x19][0xffffffcc]2[0xffffffac]xi<[0x13]gl[0xffffff96]a[0xffffffed][0x17][0xffffffc5]Q[0xffffffd7][0xffffff9a][0xffffffcc]2H [0x19]"
14:55:25.479 [main] DEBUG org.apache.hc.client5.http.wire - http-outgoing-1 << "[0xffffffd7][0x1a][0xffffffcc]2[0x4]8[0xffffffb3]]{}[0xffffff96]a[0xffffff89]Y[0xffffff86][0xffffffbb]k[0xffffffb1]][0xffffffe1][0xb][0xffffff9f]eX[0x6][0xffffffb3][0xc]+^[0x1a][0xffffffcf][0xffffffc4][0x19][0xffffff9b]eX[0xfffffffb]Eq[0xffffffd4][0xffffffb5]&[0xffffffb3][0xc][0x12]H[0xffffffc6][0xffffffb5][0x6][0xffffffb3][0xc][0x1][0xffffffce]l[0xffffffd7]^[0xffffff9f]eXb[0xffffff96][0xffffffe1]<[0xffffff8e][[0xffffffa3]\[0xffffff8b][0xffffffcf]2,[0xffffff83]Y[0xffffff86][0x15]/[0xffffff8d]g[0xffffffe2][0xffffff8c][0xffffffcd]2[0xffffffac][0xfffffffd][0xffffffa2]8[0xffffffea]Z[0xffffff93]Y[0x6][0x9]$[0xffffffe3]Z[0xffffff83]Y[0xffffff86][0x0]g[0xffffffb6]k[0xffffffaf][0xffffffcf]2,1[0xffffffcb]p[0x1e][0xfffffff5]([0xffffff94]k[0xfffffff1]Y[0xffffff86]e0[0xffffffcb][0xffffffb0][0xffffffe2][0xffffffa5][0xfffffff1]L[0xffffff9c][0xffffffb1]Y[0xffffff86][0xffffffb5]_[0x14]G]k2[0xffffffcb] [0xffffff81]d\k0[0xffffffcb][0x10][0xffffffe0][0xffffffcc]v[0xffffffed][0xfffffff5]Y[0xffffff86]%f[0x19][0xffffffce]c4[0xffffffac]k[0xfffffff1]Y[0xffffff86]e0[0xffffffcb][0xffffffb0][0xffffffe2][0xffffffa5][0xfffffff1]L[0xffffff9c][0xffffffb1]Y[0xffffff86][0xffffffb5]_[0x14]G]k2[0xffffffcb] [0xffffff81]d\k0[0xffffffcb][0x10][0xffffffe0][0xffffffcc]v[0xffffffed][0xfffffff5]Y[0xffffff86]u*[0xffffffd7][0xffffffae][0xffffff89]u[0xffffffed][0xffffff89][0xffffffbb][0xfffffff6]4p[0xffffffed][0x19][0xffffffa0][0xffffffce][0xffffffc4][0xfffffff9][0xffffffc4]\{:[0xffffffb9]6[0xffffffa2][0xffffffc8][0xffffffb8]V[0x1][0xffffffc9][0xffffffb8]6b[0xffffff99][0xffffffef][0xffffffda][0x1d][0xffffffce]l[0xffffffd7][0xffffffee][0xffffff88][0xffffffbe][0xffffffe4][0xffffffda]j[0xffffffe6][0xffffffda][0xffffff8a][0xffffffbb][0xffffffb6][0x1a][0xffffffb8][0xffffffb6][0xffffffa2][0xffffffae][0xffffffad][0xffffff98]k[0xffffffab][0xffffff93]kw[0x14])[0xffffffd7]F )[0xffffffd7][0xffffffee]X[0x12][0xffffffae][0xffffffad][0xffffffb0]k[0xffffffeb]U[0xffffffd7][0xffffffaa][0xffffffb9][0xffffffb1]R[0xffffffb0]}[0x8][0xb][0xffffff9f][0x1b][[0x6]sc+[0xe][0xffffffe8]d[0xffffffe2][0xffffff8c][0xffffffcd][0xffffff8d][0xffffffad]}([0x7]u[0xffffffad][0xffffffc9][0xffffffdc][0xffffff98][0x4][0xffffff92]q[0xffffffad][0xffffffc1][0xffffffdc]X[0xffffff80]3[0xffffffdb][0xffffffb5][0xffffffd7][0xffffffe7][0xffffffc6][0xffffff96][0xffffff9a][0x1b]+[0xffffffbd]Qsc[0xb][0xffffff9f][0x1b][[0x6]sc+[0xe][0xffffffe8]d[0xffffffe2][0xffffff8c][0xffffffcd][0xffffff8d][0xffffffad]}([0x7]u[0xffffffad][0xffffffc9][0xffffffdc][0xffffff98][0x4][0xffffff92]q[0xffffffad][0xffffffc1][0xffffffdc]X[0xffffff80]3[0xffffffdb][0xffffffb5][0xffffff97][0xffffffe7][0xffffffc6][0xffffffd6]M[0xffffffcd][0xffffff8d][0xffffff95]Y[0xffffffa1][0xfffffffb][0xffffffb5][0xffffff8f][0xfffffff3][0xffffffa0][0xffffffae]}?[0x1][0xffffffeb][0xffffffda][0xffffffcf]3[0x10][0xffffffae]}[0x7f]:[0xffffffe1][0xffffffda][0xffffffef]Ovp[0xffffffad]B[0xffffff91]p[0xffffffad][0x6][0xffffff92]p[0xffffffad][0xffffffc2]2[0xffffffdb][0xffffffb5][0x11][0xffffffce]\[0xffffffd7]FD_rm1sm[0xffffffc1]][[0xc]\[P[0xffffffd7][0x16][0xffffffcc][0xffffffb5][0xffffffc5][0xffffffc9][0xffffffb5];[0xffffff8a][0xffffff94]k#[0xffffff90][0xffffff94]kw,[0x9][0xffffffd7][0x16][0xffffffd8][0xffffffb5][0xffffffe5][0xffffffaa]k[0xffffffc5][0xffffffb7][0x1d][0xffffffcf]zLh[0xffffffcf][0xffffffd7][0xffffffe3]<[0xffffffb0]k[0xfffffff9]o;~[0xffffff9e][0xffffff81]q-[0xfffffff5]m[0xffffffc7][0xffffffef]O[0xfffffff6]p[0xffffffad][0xffffffc7][0xffffffb7][0x1d]5[0xffffff90][0xffffff8c]k[0xfffffff9]o;F8[0xffffffb3]]{[0xfffffff9][0xffffffdb][0xffffff8e][0xffffffeb][0xffffffa6][0xfffffff6]![0xffffffd4]zB[0xfffffffb]k[0x1f][0xffffffe7][0xffffff81]][0xffffffcb][0xffffffef]C[0xfffffff8]<[0x3][0xffffffe3]Zj[0x1f][0xffffffc2][0xfffffff7]'{[0xffffffb8][0xffffffd6]c[0x1f][0xffffff82][0x6][0xffffff92]q-[0xffffffbf][0xf]![0xffffffc2][0xffffff99][0xffffffed][0xffffffda][0xffffffcb][0xfffffffb][0x10][0xffffffde][0xfffffffe]4[0xffffffbe]C`]K[0xffffffbf]C([0x6][0xffffffef][0x10]J[0xfffffff8][0xffffff97][0xffffffb5]\[0xffffff9c][0xffffffa9]w[0x8][0xffffffc5][0xffffffe9][0x1d]BD[0xffffff91]r[0xffffffad][0xffffffcb];[0xffffff84][0xffffff88]%[0xffffffe1]Z[0xfffffff6][0x1d][0xffffffc2][0xffffff8e][0xffffffe8][0xb][0xffffffae][0xffffffad][0xffffffca][0xffffffb5]cA{[0xffffffbe][0x1e][0xffffffe7][0xffffff81]][[\r]\[[0x3][0xffffffd4][0xffffff99]8W[0xffffffcc][0xffffffb5][0xffffffd5][0xffffffc9][0xffffffb5][0x11]E[0xffffffc6][0xffffffb5][\n]"
14:55:25.479 [main] DEBUG org.apache.hc.client5.http.wire - http-outgoing-1 << "H[0xffffffc6][0xffffffb5][0x11][0xffffffcb]|[0xffffffd7][0xffffffee]pf[0xffffffbb]vG[0xfffffff4][0x5][0xffffffd7][0xffffffaa][0xffffffdd]3[0x15][0xfffffffc]m[0xffffff8c][0xffffffde]=[0xfffffff3]~[0x2][0xffffffda][0xffffffb5][0xffffffe4][0xffffffee][0xffffff99][0xfffffff7][0xffffffa7]3[0xffffffae]5[0xffffffda]=[0xffffffa3]Pd\[0xffffffeb][0xffffffb2]{Fa[0xffffff99][0xffffffef]Zv[0xfffffff7]LD[0xfffffff4][0x5][0xffffffd7][0xffffffaa][0xffffffdd]3u.[0xffffffec][0x1d][0x2][0xffffffbd]{[0xffffffe6][0xfffffffd][0x4][0xffffffb4]k[0xffffffc9][0xffffffdd]3[0xffffffef]Og\k[0xffffffb4]{F[0xffffffa1][0xffffffc8][0xffffffb8][0xffffffd6]e[0xfffffff7][0xffffff8c][0xffffffc2]2[0xffffffdf][0xffffffb5][0xffffffec][0xffffffee][0xffffff99][0xffffff88][0xffffffe8][0xb][0xffffffae]U[0xffffffbb]g[0xffffffea]j[0xffffffd0][0xffffff8c][0xffffffee][0xffffffe3]<[0xffffffb0]k[0xfffffff9][0xffffffdd]3[0xffffff9f]g`\K[0xffffffed][0xffffff9e][0xfffffff9][0xfffffffe]d[0xf][0xffffffd7]z[0xffffffec][0xffffff9e][0xffffffd1]@2[0xffffffae][0xffffffe5]w[0xffffffcf]D8[0xffffffb3]]{y[0xfffffff7][0xffffffcc][0xffffffba][0xffffff9d][0xffffffc2][0xffffffb5][0xffffffed]v[0xffffff83]ft[0x1f][0xffffffe7][0xffffff81]]{[0x1a][0xffffffb8][0xfffffff6][0xc]Pg[0xffffffe2]|b[0xffffffae]=[0xffffff9d]\[0x1b]Qd\[0xffffffab][0xffffff80]d\[0x1b][0xffffffb1][0xffffffcc]w[0xffffffed][0xe]g[0xffffffb6]kwD_p[0xffffffad][0xffffffda][0xffffff87][0xffffffd0][0xffffff8e][0xffffffd2]([0xffffffd7][0xffffffd2][0xfffffffb][0x10][0xffffffde]O@[0xffffffbb][0xffffff96][0xffffffdc][0xffffff87][0xfffffff0][0xfffffffe]t[0xffffffc6][0xffffffb5]F[0xfffffffb][0x10][0x14][0xffffff8a][0xffffff8c]k][0xfffffff6]!(,[0xfffffff3]][0xffffffcb][0xffffffee]C[0xffffff88][0xffffff88][0xfffffffe]v[0xffffffd7][0x1e]jF[0xffffffb7][0xffffff9d][0xffffffd4][0xfffffffe][0xffffffda][0xffffffc7]yX[0xffffffd7][0x1e][0x6]3[0xffffffba]G[0x1c][0xffffff86]L[0xffffffc4][0xfffffff9][0xffffffc0]ft[0xffffff8f]}[0x0][0xffffff92]t[0xffffffad]@[0x11]q[0xffffffad][0x4][0x12]q[0xffffffad][0xffffffc0]2[0xffffffdd][0xffffffb5][0x1][0xffffffce]d[0xffffffd7][0x6]D_p[0xffffffad][0xffffff9a][0x1b][0xffffffeb][0xffffffb7][0xffffff93][0xffffffba][0xffffff87]p[0xffffffe0]sc[0xffffff87][0xffffffc1][0xffffffdc][0xffffffd8][0x11][0x7]t2q[0xffffffc6][0xffffffe6][0xffffffc6][0xffffff8e]}([0x7]u[0xffffffad][0xffffffc9][0xffffffdc][0xffffff98][0x4][0xffffff92]q[0xffffffad][0xffffffc1][0xffffffdc]X[0xffffff80]3[0xffffffdb][0xffffffb5][0xffffffd7][0xffffffe7][0xffffffc6][0xffffffee][0x7f][0x1a][0xffffffef][0xffffffd7][0xffffffb2][0xffffffae][0xffffff85][0xffffffef][0xffffffd7]>N[0xffffffc0][0xffffffbb][0x16][0xffffffbc]_[0xfffffffb]x:[0xffffffe5]Z[0xffffff9f][0xfffffffb][0xffffffb5][0x2]E[0xffffffca][0xffffffb5]&[0xfffffff7]k[0x5][0xffffff96][0xffffff84]k[0xffffffd1][0xfffffffb][0xffffffb5][0x1][0xffffffd1][0x17]\[0xffffffab]ft{[0x1d][0xffffffd4],[0xffffffc3][0xffffff81][0xffffffcf][0xffffffe8][0x1e][0x6]3[0xffffffba]G[0x1c][0xffffff86][0xffffffcc][0xffffffc4][0x19][0xffffff9b][0xffffffd1]=[0xfffffff6][0x1]H[0xffffffd4][0xffffffb5]&3[0xffffffba][0x12]H[0xffffffc6][0xffffffb5][0x6]3[0xffffffba][0x1][0xffffffce]l[0xffffffd7]^[0xffffff9f][0xffffffd1]=[0xffffffd4],C_'u[0xf][0xffffffe1][0xffffffc0]g[0x19][0xe][0xffffff83]Y[0xffffff86]#^[0x1a][0xffffffcf][0xffffffc4][0x19][0xffffff9b]e8[0xfffffff6][0xffffff8b][0xffffffe2][0xffffffa8]kMf[0x19]$[0xffffff90][0xffffff8c]k[\r]f[0x19][0x2][0xffffff9c][0xffffffd9][0xffffffae][0xffffffbd]>[0xffffffcb]p[0xffffffa8]Y[0xffffff86]Q[0xffffffa9]o[0xffffff96]?[0xffffffce][0x3][0xffffffbb][0xffffffd6]`[0xffffff96][0xffffffe1][0xffffff88][0xffffff97][0xffffffc6]3q[0xffffffc6]f[0x19][0xffffff8e][0xfffffffd][0xffffffa2]8[0xffffffea]Z[0xffffff93]Y[0x6][0x9]$[0xffffffe3]Z[0xffffff83]Y[0xffffff86][0x0]g[0xffffffb6]k[0xffffffaf][0xffffffcf]2[0x1c]j[0xffffff96]a[0xfffffff4]2([0xffffffd7][0xffffffe2][0xffffffb3][0xc][0xffffff87][0xffffffc1],[0xffffffc3][0x11]/[0xffffff8d]g[0xffffffe2][0xffffff8c][0xffffffcd]2[0x1c][0xfffffffb]Eq[0xffffffd4][0xffffffb5]&[0xffffffb3][0xc][0x12]H[0xffffffc6][0xffffffb5][0x6][0xffffffb3][0xc][0x1][0xffffffce]l[0xffffffd7]^[0xffffff9f]ex[0xfffffffb][0x7f][0xffffffa2]k[0xffffffcf][0xffffff81]u[0xffffffed][0xffffff89][0xffffffbb][0xfffffff6]4p[0xffffffed][0x19][0xffffffa0][0xffffffce][0xffffffc4][0xfffffff9][0xffffffc4]\{:[0xffffffb9]6[0xffffffa2][0xffffffc8][0xffffffb8]V[0x1][0xffffffc9][0xffffffb8]6b[0xffffff99][0xffffffef][0xffffffda][0x1d][0xffffffce]l[0xffffffd7][0xffffffee][0xffffff88][0xffffffbe][0xffffffe0]Z5[0xffffffcb]0[0x16][0xffffffb6]{[0xffffffe6][0xffffffc0]g[0x19][0xe][0xffffff83]Y[0xffffff86]#^[0x1a][0xffffffcf][0xffffffc4][0x19][0xffffff9b]e8[0xfffffff6][0xffffff8b][0xffffffe2][0xffffffa8]kMf[0x19]$[0xffffff90][0xffffff8c]k[\r]f[0x19][0x2][0xffffff9c][0xffffffd9][0xffffffae][0xffffffbd]>[0xffffffcb]P[0xffffffd4],[0xffffffc3]y+[0xffffffd4]oc[0x5][0xffffff9f]e([0x6][0xffffffb3][0xc]%^[0x1a]O[0xffffffc4][0xffffffb9]`[0xffffffb3][0xc]e[0xffffffbf](N[0xffffffba]V[0xffffffa0][0xffffff88][0xffffffb8]V[0x2][0xffffff89][0xffffffb8]V`[0xffffff99][0xffffffee][0xffffffda][0x0]g[0xffffffb2]k[0x3][0xffffffa2]/[0xffffffb8]V[0xffffffdd][0xfffffff9]:[0xffffff8f]N[0xffffffed][0xffffff9e])[0xfffffff8][0xffffff9d][0xffffffaf]bp[0xffffffe7][0xffffffab][0xffffffc4][0xffffffcb]5[0xffffff99]8cw[0xffffffbe][0xffffffca]~[0xffffffa1][0x6]u[0xffffffad][0xffffffc9][0xffffff9d]/[0x9]$[0xffffffe3]Z[0xffffff83];_[0x1][0xffffffce]"
14:55:25.481 [main] DEBUG org.apache.hc.client5.http.wire - http-outgoing-1 << "l[0xffffffd7]^[0xffffffbf][0xfffffff3]U[0xffffffd4]w[0x19]X[0xffffffd7][0xffffffc2][0xffffffb3][0xc][0xffffffc5][0xffffffe0][0xffffffbb][0xc]%.[0xffffffc0][0xffffffcf][0xffffffc5][0x19][0xffffff9a]e([0xfffffffb][0xffffffd2]{[0xffffffd8][0xffffffb5][0x16][0xffffffb3][0xc][0x12]H[0xffffffca][0xffffffb5][0xfffffff8],C[0xffffff80]3[0xffffffdf][0xffffffb5]Wg[0x19]JU][0xffffffdb]:5[0xffffffcb][0xfffffff0]v[0x1e][0xffffffd8][0xffffffb5][0xffffffd5][0xffffffa0]kk[0x8][0xffffff88]L[0xffffff9c]+[0xffffffd6][0xffffffb5][0xffffffd5][0xffffffa9]k#[0xffffff8a][0xffffff8c]k[0x15][0xffffff90][0xffffff8c]k#[0xffffff96][0xfffffff9][0xffffffae][0xffffffdd][0xffffffe1][0xffffffcc]v[0xffffffed][0xffffff8e][0xffffffe8][0xb][0xffffffae]m[0xffffffaa]k[0xffffffc7][0xffffffc4][0xffffffba][0xffffffb6][0xffffffe1]][0xffffffdb][0xc][0xffffffba][0xffffffb6][0xffffff85][0xffffff80][0xffffffc8][0xffffffc4][0xffffffb9]a][0xffffffdb][0xffffff9c][0xffffffba]6[0xffffffa2][0xffffffc8][0xffffffb8]V[0x1][0xffffffc9][0xffffffb8]6b[0xffffff99][0xffffffef][0xffffffda][0x1d][0xffffffce]l[0xffffffd7][0xffffffee][0xffffff88][0xffffffbe][0xffffffe0]Z5[0xffffffcb]0o[0xffffffa3]S[0xffffffae][0xffffffc5]g[0x19][0xffffff8a][0xffffffc1],C[0xffffff89][0xffffff97][0xffffffc6]3q[0xffffffc6]f[0x19][0xffffffca]~Q[0x1c]u[0xffffffad][0xffffffc9],[0xffffff83][0x4][0xffffff92]q[0xffffffad][0xffffffc1],C[0xffffff80]3[0xffffffdb][0xffffffb5][0xffffffd7]g[0x19][0xffffff8a][0xffffff9a]e[0xffffff98][0xffffffb5]-[0xffffffca][0xffffffb5][0xfffffff8],C1[0xffffff98]e([0xfffffff1][0xffffffd2]x&[0xffffffce][0xffffffd8],C[0xffffffd9]/[0xffffff8a][0xffffffa3][0xffffffae]5[0xffffff99]e[0xffffff90]@2[0xffffffae]5[0xffffff98]e[0x8]pf[0xffffffbb][0xfffffff6][0xfffffffa],C9[0xffffff95]kG[0xffffffc1]\{[0xffffffe2][0xffffffae]=[\r]\{[0x6][0xffffffa8]3q>1[0xffffffd7][0xffffff9e]N[0xffffffae][0xffffff8d](2[0xffffffae]U@2[0xffffffae][0xffffff8d]X[0xffffffe6][0xffffffbb]v[0xffffff87]3[0xffffffdb][0xffffffb5];[0xffffffa2]/[0xffffffb8]V[0xffffffcd]2L[0xffffffee]{c[0x5][0xffffff9f]e([0x6][0xffffffb3][0xc]%^[0x1a][0xffffffcf][0xffffffc4][0x19][0xffffff9b]e([0xfffffffb]Eq[0xffffffd4][0xffffffb5]&[0xffffffb3][0xc][0x12]H[0xffffffc6][0xffffffb5][0x6][0xffffffb3][0xc][0x1][0xffffffce]l[0xffffffd7][0xfffffffe][0xffffffc4],[0xffffffc3][0x12][0xffffffae]][0xffffffa5]S[0xfffffffb][0x10][0xffffffde][0xffffffce][0x3][0xffffffbb]v[0x19][0xffffffb8]v[0x5][0xffffffa8]3q^[0xffffff98]k[0xffffff97][0xffffff93]k#[0xffffff8a][0xffffff8c]k[0x15][0xffffff90][0xffffff8c]k#[0xffffff96][0xfffffff9][0xffffffae][0xffffffdd][0xffffffe1][0xffffffcc]v[0xffffffed][0xffffff8e][0xffffffe8]owmUsc[0xffffffab][0xffffffcd][0x6][0xffffffb9][0xffffffb6][0xffffffe2]sc[0xffffffd5]`n[0xffffffac][0xffffffc6][0x1][0xffffff9d]D[0xffffff9c]+67V[0xfffffff7][0xffffffa1][0x1c][0xffffffd2][0xffffffb5][0x2]E[0xffffffc4][0xffffffb5][0x12]H[0xffffffc4][0xffffffb5][0x2][0xffffffcb]t[0xffffffd7][0x6]8[0xffffff93]][0x1b][0x10]}[0xffffffc1][0xffffffb5][0xffffffea][0x1b]8[0xffffffeb][0xffffffc4][0xffffffde]!T[0xfffffffc][0x1b]8[0xffffffd5][0xffffffe0][0x1b]85~l$[0x13]g[0xffffffec][0x1b]8u[0xffffffff][0xffffffc0][0x8][0xffffffea]Z[0xffffff93]o[0xffffffe0]H [0x19][0xffffffd7][0x1a]|[0x3]'[0xffffffc0][0xffffff99][0xffffffed][0xffffffda][0xffffffeb][0xffffffdf][0xffffffc0][0xffffffa9]bFw[0xffffffde]n[0xffffffe5][0xffffffa0]\[0xffffff8b][0xffffffcf][0xffffffe8]V[0xffffff83][0x19][0xffffffdd][0x1a][0xffffff87]!3q[0xffffffc6]ft[0xffffffeb]>[0x0][0xffffff89][0xffffffba][0xffffffd6]dFW[0x2][0xffffffc9][0xffffffb8][0xffffffd6]`F7[0xffffffc0][0xffffff99][0xffffffed][0xffffffda][0xffffffeb]3[0xffffffba]U[0xffffffcc][0xffffff8d][0xffffffdd]][0xffffffcb]u->7V[\r][0xffffffe6][0xffffffc6]j[0x1c][0xffffffd0][0xffffffc9][0xffffffc4][0x19][0xffffff9b][0x1b][0xffffffab][0xfffffffb]P[0xe][0xffffffea]Z[0xffffff93][0xffffffb9]1[0x9]$[0xffffffe3]Z[0xffffff83][0xffffffb9][0xffffffb1][0x0]g[0xffffffb6]k[0xffffffaf][0xffffffcf][0xffffff8d]U[0xfffffff1][\r][0xffffff9c][0xffffffbb]k'[0xffffffb5][0xffffffe7][0xffffffab][0xffffffe2][0xffffffdf][0xffffffc0][0xffffffa9][0x6][0xffffffdf][0xffffffc0][0xffffffa9][0xfffffff1]c#[0xffffff99]8c[0xffffffdf][0xffffffc0][0xffffffa9][0xfffffffb][0x7]FP[0xffffffd7][0xffffff9a]|[0x3]G[0x2][0xffffffc9][0xffffffb8][0xffffffd6][0xffffffe0][0x1b]8[0x1][0xffffffce]l[0xffffffd7]^[0xffffffff][0x6]N[0x15]sc[0xfffffff3]Vn[0xffffffd4]=[0xffffff84][0xffffff8a][0xffffffcf][0xffffff8d]U[0xffffff83][0xffffffb9][0xffffffb1][0x1a][0x7]t2q[0xffffffc6][0xffffffe6][0xffffffc6][0xffffffea]>[0xffffff94][0xffffff83][0xffffffba][0xffffffd6]dnL[0x2][0xffffffc9][0xffffffb8][0xffffffd6]`n,[0xffffffc0][0xffffff99][0xffffffed][0xffffffda][0xffffffeb]scU[0xffffffcc][0xffffff8d][0xffffffcd][[0xffffffaf]X[0xffffffd7][0xffffffe2]sc[0xffffffd5]`n[0xffffffac][0xffffffc6][0x1][0xffffff9d]L[0xffffff9c][0xffffffb1][0xffffffb9][0xffffffb1][0xffffffba][0xf][0xffffffe5][0xffffffa0][0xffffffae]5[0xffffff99][0x1b][0xffffff93]@2[0xffffffae]5[0xffffff98][0x1b][0xb]pf[0xffffffbb][0xfffffff6][0xfffffffa][0xffffffdc]X=[0xffffff95]k[0xffffffe7][0xffffff81][0xfffffffd]6v[0xffffffe2][0xffffffae]=[\r]\{[0x6][0xffffffa8]3q>1[0xffffffd7][0xffffff9e]N[0xffffffae][0xffffff8d](2[0xffffffae]U@2[0xffffffae][0xffffff8d]X[0xffffffe6][0xffffffbb]v[0xffffff87]3[0xffffffdb][0xffffffb5];[0xffffffa2]/[0xffffffb8]V[0xffffffcc][0xffffff8d][0xffffffcd][0xffffffa3][0xffffffdc][0xffffffa8][0xffffffdd]3[0x15][0xffffff9f][0x1b][0xffffffab][0x6]sc5[0xe][0xffffffe8]d[0xffffffe2][0xffffff8c][0xffffffcd][0xffffff8d][0xffffffd5]}([0x7]u[0xffffffad][0xffffffc9][0xffffffdc][0xffffff98][0x4][0xffffff92]q[0xffffffad][0xffffffc1][0xffffffdc]X[0xffffff80]3[0xffffffdb][0xffffffb5][0xffffffd7][0xffffffe7][0xffffffc6][0xffffffee][0x7f]Z[0xffffffcc]\[0xb][0xffffffef]T|[0xffffff9c][0xffffff80]w-[0xffffffb8]S[0xfffffff1][0xfffffff1]t[0xffffffca][0xffffffb5]>;[0x15][0x5][0xffffff8a][0xffffff94]kMv*[\n]"
14:55:25.482 [main] DEBUG org.apache.hc.client5.http.wire - http-outgoing-1 << ",[0x9][0xffffffd7][0xffffffa2];[0x15][0x3][0xffffffa2]/[0xffffffb9][0xffffffb6][0xffffff99][0xffffffb9][0xffffffb6][0xffffffe1][0xffffffae]m[0x6][0xffffffae]m[0xffffffa8]k[0x1b][0xffffffe6][0xffffffda][0xffffffe6][0xffffffe4][0xffffffda][0x1d]E[0xffffffca][0xffffffb5][0x11]H[0xffffffca][0xffffffb5];[0xffffff96][0xffffff84]k[0x1b][0xffffffec][0xffffffda]v[0xffffffdd][0xffffffb5][0xffffff8f]w[0xffffffb3]N[0xffffffb2]=[0xe][0xffffffdc][0xffffffb6][0xfffffff7]#[0xfffffff0][0xffffffba][0xfffffffd]8[0x4][0xffffffe5][0xffffffdb][0xfffffffb][0xffffffe3])[0xffffffe1][0xffffffbe]?[0xffffffda][0xffffffc5][0xffffffb8][0xffffff81]GJ[0xffffffb9][0xffffff82]J[0xffffffca][0xffffffb9][0xffffff81]MB[0xffffffba][0x1b][0xffffffa1][0xfffffff9][0xffffffd6][0xffffffdd]8}I[0xffffffbb][0xffffffc5][0xffffffee]}[0xffffff82][0xffffffc1][0xb][0x5][0xffffff8b]7[\n]"
14:55:25.482 [main] DEBUG org.apache.hc.client5.http.wire - http-outgoing-1 << "[0xfffffff0]+[0x5][0xfffffff0][0xffffff9d][0xffffff82][0xffffffd7]K[0x5][0xffffff9b][0xffffffb7][\n]"
14:55:25.482 [main] DEBUG org.apache.hc.client5.http.wire - http-outgoing-1 << "F[0xffffffaf][0x15],[0xffffffde]+[0xffffffe0]/[0x16]~[0xffffffe2][0xffffffcd]B[0xffffffed]f[0xffffffda][0xffffffad][0x1d][0xffffffd7][0xffffffee][0xfffffffd][0x8][0xffffffbc]v?[0xe]Ai[0xfffffff7][0xfffffffe]xJ[0xffffffbb][0xffffffef][0xffffff8f]v[0xffffffd1]n[0xffffffe0][0xffffff91][0xffffffd2][0xffffffae][0xffffffa0][0xffffff92][0xffffffd2]n`[0xffffff93][0xffffffd0][0xffffffee]Fh[0xffffffbe]v7N_[0xffffffd2]n[0xffffff9b]f[0xffffffda]m[0x13][0xffffffd7][0xffffffee][0xfffffffd][0x8][0xffffffbc]v?[0xe]Ai[0xfffffff7][0xfffffffe]xJ[0xffffffbb][0xffffffef][0xffffff8f]v[0xffffffd1]n[0xffffffe0][0xffffff91][0xffffffd2][0xffffffae][0xffffffa0][0xffffff92][0xffffffd2]n`[0xffffff93][0xffffffd0][0xffffffee]Fh[0xffffffbe]v7N_[0xffffffd2][0xffffffee]p{[0xffffffc9]0[0xfffffff8][0xffffff97][0xc][0xffffffc3][0xffffffe1]%[0xffffffc3]`_2[0xc][0xffffffee]%[0xffffffc3][0xffffffb0]z[0xffffffc9][0x10]x[0xffffffa4][0xffffffb4]+[0xffffffa8][0xffffffa4][0xffffffb4][0x1b][0xffffffd8]$[0xffffffb4];[0xffffffe8][0xffffff97][0xc][0xffffffe3]'^2L[0xffffffb7][0xffffffda][0xffffff9d]|[0xffffffed]N[0xffffff87][0xffffffda][0xffffff9d]l[0xffffffed]N[0xffffffae]v[0xffffffa7]U[0xffffffed][0x6][0x1e])[0xffffffed][\n]"
14:55:25.483 [main] DEBUG org.apache.hc.client5.http.wire - http-outgoing-1 << "*)[0xffffffed][0x6]6[0x9][0xffffffed]N[0xffffffba]v[0xffffffe7]O[0xffffffd4][0xffffffee]r[0xffffffab][0xffffffdd][0xffffffc5][0xffffffd7][0xffffffee]r[0xffffffa8][0xffffffdd][0xffffffc5][0xffffffd6][0xffffffee][0xffffffe2]jwY[0xffffffd5]n[0xffffffe0][0xffffff91][0xffffffd2][0xffffffae][0xffffffa0][0xffffff92][0xffffffd2]n`[0xffffff93][0xffffffd0][0xffffffee][0xffffffa2]kw[0xfffffffd]D[0xffffffed][0x1e][0xffffff8f]/[0xfffffff0]:y[0xfffffff7]~"\[0xffffffbc]og[0xffffffe0][0xffffffcd][0xfffffffb][0xffffffed][0x14][0xffffff94]z[0xffffffdf][0xffffff9e]O[0xffffffb9][0xfffffff7][0xffffffe3][0xffffffd9].[0xfffffff2][0xffffff8d]PR[0xfffffff6]UhR[0xfffffffa][0xffffff8d][0xffffff80][0x12][0xfffffffe][0xffffffdd]1[0xffffffcd][0x17][0xfffffff0][0xe][0xffffffeb]o1[0xfffffff0]|[0xffffffff]c[0xfffffff1]I[0xffffffb3]y[0xffffff8c][0xffffff95][0xffffffff][0xffffffa9][0xffffffde][0xffffffcf][0xfffffff3]P[0xfffffff6][0xfffffffd]r[0x2][0xffffffcc][0xffffffbd][0xffffffdb][0x19][0xffffff92][0xffffffcd][0xfffffffb][0xffffffe5][0xffffffe9][0xffffffc9][0xffffffde][0xfffffffd][0xfffffff5][0xffffff93]a[0xffffffeb]>E1[0xffffffd9][0xffffffb9]?[0x0]2[0xffffffd9][0xffffffb8]O[0xffffffb1]L[0xfffffff4][0xffffffed][0x13]8[0xffffffd3]l[0xfffffffb][0x4][0xffffffd1][0xffffffdf][0xffffffee][0xffffffda]&>i6[0xffffff8f][0xffffffb5][0xfffffff2]W[0xffffff89]}[0xffffff9e][0xffffff87]umC?i[0xffffffb6][0xffffff9d][0x1]qm[0x3]>i[0xfffffff6][0xffffffeb]'[[0xffffffb8]V[0xffffffa0][0xffffff88][0xffffffb8]V[0x2][0xffffff89][0xffffffb8]V`[0xffffff99][0xffffffee][0xffffffda][0x0]g[0xffffffb2]k[0x3][0xffffffa2]/[0xffffffb8]V|[0xffffffd2]l[0xffffff96][0xffffffda]0[0xffffffd7][0xffffff82][0xffffff9f]4[0xfffffffb]r[0x2][0xffffffda][0xffffffb5][0xffffffd0]'[0xffffffcd][0xffffffbe]<[0xffffff9d]q[0xffffffad][0xffffffc7]'[0xffffffcd][0xffffff9e][0xffffffa2][0xffffffc8][0xffffffb8][0xffffffd6][0xffffffe0][0xffffff93]fO[0xffffffb1][0xffffffcc]w-[0xfffffff6]I[0xffffffb3]'[0xffffff88][0xffffffbe][0xffffffe0]Z[0xfffffff5]I[0xffffffb3][0xffffffd2][0xffffff81][0xffffffb5][0xffffff8d]"
14:55:25.485 [main] DEBUG org.apache.hc.client5.http.wire - http-outgoing-1 << "[0xffffff9f][0xffffffe7][0xffffff81]][0xffffff8b]~[0xffffffd2]l;[0x3][0xffffffe3]Z[0xffffffe0][0xffffff93]f[0xffffffbf]~[0xffffffb2][0xffffff87]k[0xfffffff1]O[0xffffff9a][0xfffffffd][0x0]H[0xffffffc6][0xffffffb5][0xffffffe8]'[0xffffffcd][0xffffff9e][0xffffffc0][0xffffff99][0xffffffed][0xffffffda]+[0xffffff9f]4[0xfffffffb][0xfffffff8]S[0xfffffff5]I[0xffffffb3]r[0xffffffae]J[0xffffffb9][0x16][0xfffffffc][0xffffffa4][0xffffffd9][0xffffff97][0x13][0xffffffd0][0xffffffae][0xffffff85]>i[0xfffffff6][0xffffffe5][0xffffffe9][0xffffff8c]k=>i[0xfffffff6][0x14]E[0xffffffc6][0xffffffb5][0x6][0xffffff9f]4{[0xffffff8a]e[0xffffffbe]k[0xffffffb1]O[0xffffff9a]=A[0xfffffff4][0xffffffb7][0xffffffbb][0xffffffb6][0xffffffab][0xfffffff7][0xffffffb5][0xffffffb5][0xffffffb7][0xfffffffc][0xffffffcf][0xffffffec]|[0xffffff9e][0xffffff87]um7x_[0xffffffdb][0xffffffe3][0xffffff8b][0xffffffb1]D[0xffffff9c];[0xfffffff6][0xffffffbe][0xffffffb6][0xffffffef]/[0xffffffc3]H[0xffffffd7][\n]"
14:55:25.486 [main] DEBUG org.apache.hc.client5.http.wire - http-outgoing-1 << "[0x14][0x11][0xffffffd7]J [0x11][0xffffffd7][\n]"
14:55:25.486 [main] DEBUG org.apache.hc.client5.http.wire - http-outgoing-1 << ",[0xffffffd3]][0x1b][0xffffffe0]Lvm@[0xfffffff4][0x5][0xffffffd7][0xffffffaa][0xfffffff7][0xffffffb5][0xfffffff5][0x1c]T[0xffffffd7]v[0xfffffffc]}m7x_[0xffffffdb][0xffffffe3][0xffffff8b][0xffffffb1]L[0xffffff9c][0xffffffb1][0xfffffff7][0xffffffb5]}[0x7f][0x19][0xffffff86][0xffffffba][0xffffffd6][0xffffffe4]}[0xffffffad][0x4][0xffffff92]q[0xffffffad][0xffffffc1][0xfffffffb][0xffffffda][0x0]g[0xffffffb6]k[0xffffffaf][0xffffffbf][0xffffffaf][0xffffffed]E[0xffffffac]#o[0xffffffb7][0xffffff99][0x7f][0xffffffe7][0xfffffff6][0xfffffff3]<[0xffffffb0]k[0xb][0xffffffb9][0xffffff8e]|;[0x3][0xffffffe3][0xffffffda][0xffffff92][0xffffffbf][0xffffff8e][0xfffffffc][0xffffffd7]O[0xfffffff6]pmD[0xffffff91]q[0xffffffad][0x2][0xffffff92]qm[0xffffffc4]2[0xffffffdf][0xffffffb5];[0xffffff9c][0xffffffd9][0xffffffae][0xffffffdd][0x11]}[0xffffffc1][0xffffffb5][0xffffffea]}m+[0xb]{[0xffffff87][0xffffff80][0xffffffbf][0xffffffaf][0xffffffed][0x6][0xffffffef]k{|1[0xffffff96][0xffffff89]3[0xfffffff6][0xffffffbe][0xffffffb6][0xffffffef]/[0xffffffc3]P[0xffffffd7][0xffffff9a][0xffffffbc][0xffffffaf][0xffffff95]@2[0xffffffae]5x_[0x1b][0xffffffe0][0xffffffcc]v[0xffffffed]O[0xffffffbc][0xffffffaf]m[0xffffffca][0xffffffb5][0xffffffe3][0xffffff86][0xffffffbd]Ch[0xffffffb8]k[0xffffff9b][0xffffff81]k[[0xffffff80]:[0x13][0xffffffe7][0xffffff86][0xffffffb9][0xffffffb6]9[0xffffffb9]6[0xffffffa2][0xffffffc8][0xffffffb8]V[0x1][0xffffffc9][0xffffffb8]6b[0xffffff99][0xffffffef][0xffffffda][0x1d][0xffffffce]l[0xffffffd7][0xffffffee][0xffffff88][0xffffffbe][0xffffffe0][0xffffffda][0xffffffae]\;[0xffffffb9][0xfffffff7][0xffffffb5][0x1d]wm7pm[0xf]Pg[0xffffffe2][0xffffffdc]1[0xffffffd7]v'[0xffffffd7]F[0x14][0x19][0xffffffd7]* [0x19][0xffffffd7]F,[0xfffffff3]][0xffffffbb][0xffffffc3][0xffffff99][0xffffffed][0xffffffda][0x1d][0xffffffd1][0x17]\;[0xffffffc4]'[0xffffffcd][0xfffffffa]q`[0xffffffef]k[0x7][0xfffffff7]I[0xffffffb3]/'[0xffffffa0]];[0xffffffc2][0xffffffb7][0xffffffa3]2q[0x1e][0xfffffff9][0xffffff9f]4[0xfffffffb][0xfffffff5][0xffffff93]=\[0x1b]Qd\[0xffffffab][0xffffff80]d\[0x1b][0xffffffb1][0xffffffcc]w[0xffffffed][0xe]g[0xffffffb6]kwD_p[0xffffffed])[0xffffffba][0xffffffb6][0xffffffb7][0xffffffdb]I[0xffffffb9][0xfffffff6][0xffffffc4][0xffffffbb][0xfffffff6]4[0xffffffe8][0xffffffda]3[0x4]D&[0xffffffce]'[0xffffffd6][0xffffffb5][0xffffffa7]S[0xffffffd7]F[0x14][0x19][0xffffffd7]* [0x19][0xffffffd7]F,[0xfffffff3]][0xffffffbb][0xffffffc3][0xffffff99][0xffffffed][0xffffffda][0x1d][0xffffffd1][0x17]\;[0xffffff95]k{i[0xffffff94]k'[0xffffffee][0xffffffda]i[0xffffffe0][0xffffffda][0x19][0xffffffa0][0xffffffce][0xffffffc4]yb[0xffffffae][0xffffff9d]N[0xffffffae][0xffffff8d](2[0xffffffae]U@2[0xffffffae][0xffffff8d]X[0xffffffe6][0xffffffbb]v[0xffffff87]3[0xffffffdb][0xffffffb5];[0xffffffa2]/[0xffffffb8]V[0xffffffed][0xfffffff9][0xffffffea][0xfffffffd][0xfffffff1][0xffffff89][0x7][0xffffffc4][0xffffffb5][0xfffffff8][0xffffff9e][0xffffffaf]n[0xffffffb0][0xffffffe7][0xffffffab][0xffffffc7][0xffffff85]J[0xffffff99]8c{[0xffffffbe][0xfffffffa][0xffffffbe]D[0x9]u[0xffffffad][0xffffffc9][0xffffff9e]/[0x9]$[0xffffffe3]Z[0xffffff83]=_[0x1][0xffffffce]l[0xffffffd7]^[0xffffffdf][0xfffffff3]5[0xffffffd4][0xffffffdc]X[0x1f][0xffffffc7][0xffffff84]\;[0xfffffff0][0xffffffb9][0xffffffb1]a076[0xffffffe2][0xffffff80]N"[0xffffffce][0x3][0xffffff9b][0x1b][0x1b][0xfffffffb]P[0xe][0xffffffe9]Z[0xffffff81]"[0xffffffe2]Z[0x9]$[0xffffffe2]Z[0xffffff81]e[0xffffffba]k[0x3][0xffffff9c][0xffffffc9][0xffffffae][\r][0xffffff88][0xffffffbe][0xffffffe0]Z57[0xffffffd6]G[0xffffffa7][0xffffffee]![0xc]|nl[0x18][0xffffffcc][0xffffff8d][0xffffff8d]8[0xffffffa0][0xffffff93][0xffffff89]3676[0xfffffff6][0xffffffa1][0x1c][0xffffffd4][0xffffffb5]&sc[0x12]H[0xffffffc6][0xffffffb5][0x6]sc[0x1][0xffffffce]l[0xffffffd7]^[0xffffff9f][0x1b][0x1b]j[0xffffffcf]W?[0x7][0xffffffb5]+|[0xffffffe0]{[0xffffffbe][0xffffff86][0xffffffc1][0xffffff9e][0xffffffaf][0x11][0x17]*e[0xffffffe2][0xffffff8c][0xffffffed][0xfffffff9][0x1a][0xfffffffb][0x12]%[0xffffffd4][0xffffffb5]&{[0xffffffbe]$[0xffffff90][0xffffff8c]k[\r][0xfffffff6]|[0x5]8[0xffffffb3]]{}[0xffffffcf][0xffffffd7]P[0xffffffb3][0xc][0xffffffa3][0xe]jnl[0xffffffe0][0xffffffb3][0xc][0xffffffc3]`[0xffffff96]a[0xffffffc4]K[0xffffffe3][0xffffff99]8c[0xffffffb3][0xc]c[0xffffffbf]([0xffffff8e][0xffffffba][0xffffffd6]d[0xffffff96]A[0x2][0xffffffc9][0xffffffb8][0xffffffd6]`[0xffffff96]![0xffffffc0][0xffffff99][0xffffffed][0xffffffda][0xffffffeb][0xffffffb3][0xc]c[0x8][0xffffffd7][0xffffff9e]G[0xffffffa7][0xfffffff6][0xffffffd7][0xffffffbe][0xffffff9d][0x7]v[0xffffffed]0p[0xffffffed][0x8]Pg[0xffffffe2]<0[0xffffffd7][0xe]'[0xffffffd7]F[0x14][0x19][0xffffffd7]* [0x19][0xffffffd7]F,[0xfffffff3]][0xffffffbb][0xffffffc3][0xffffff99][0xffffffed][0xffffffda][0x1d][0xffffffd1][0x17]\;[0xffffff95]kO[0xffffffec]~[0xffffffed][0xffffffdb]y`[0xffffffd7]N[0x3][0xffffffd7][0xffffffce][0x0]u&[0xffffffce][0x13]s[0xffffffed]trmD[0xffffff91]q[0xffffffad][0x2][0xffffff92]qm[0xffffffc4]2[0xffffffdf][0xffffffb5];[0xffffff9c][0xffffffd9][0xffffffae][0xffffffdd][0x11]}[0xffffffc1][0xffffffb5][0xffffffea][0xffffffce][0xffffffd7][0xffffffbc][\r][0xffffffec][0x1e][0x2]~[0xffffffe7]k[0x18][0xffffffdc][0xfffffff9][0x1a][0xfffffff1]rM&[0xffffffce][0xffffffd8][0xffffff9d][0xffffffaf][0xffffffb1]_[0xffffffa8]A]kr[0xffffffe7]K[0x2][0xffffffc9][0xffffffb8][0xffffffd6][0xffffffe0][0xffffffce]W[0xffffff80]3[0xffffffdb][0xffffffb5][0xffffffd7][0xffffffef]|[0xffffff9d][0xffffffea][0xffffffce][0xffffffd7],[0xffffffad]A[0xffffffae]=[0xfffffff1];_[0xffffffa7][0xffffffc1][0xffffff9d][0xffffffaf]3^[0xffffffae]I[0xffffffc4][0xfffffff9][0xffffffc4][0xffffffee]|[0xffffff9d][0xfffffffb][0xffffff85][0x1a][0xffffffd2][0xffffffb5][0x2]E[0xffffffc4][0xffffffb5][0x12]H[0xffffffc4][0xffffffb5][0x2][0xffffffcb]t[0xffffffd7][0x6]8[0xffffff93]][0x1b][0x10]}[0xffffffc1][0xffffffb5][0xffffffea][0xffffffce][0xffffffd7][0xffffffec][0xffffff8d][0xffffffda][0xffffff87]p[0xffffffe2]w[0xffffffbe]N[0xffffff83];_g[0xffffffbc]\[0xffffff93][0xffffff89]3v[0xffffffe7][0xffffffeb][0xffffffdc]/[0xffffffd4][0xffffffa0][0xffffffae]5[0xffffffb9][0xfffffff3]%[0xffffff81]d\kp[0xffffffe7]+[0xffffffc0][0xffffff99][0xffffffed][0xffffffda][0xffffffeb]w[0xffffffbe]Nu[0xffffffe7]k[0xffffff8e][0xffffff93][0xffffffba][0xfffffff3]u[0xffffffe2]w[0xffffffbe]N[0xffffff83];_g[0xffffffbc]\[0xffffff93][0xffffff89]3v[0xffffffe7][0xffffffeb][0xffffffdc]/[0xffffffd4][0xffffffa0][0xffffffae]5[0xffffffb9][0xfffffff3]%[0xffffff81]d\kp[0xffffffe7]+[0xffffffc0][0xffffff99][0xffffffed][0xffffffda][0xffffffeb]w[0xffffffbe]N[0xffffffb5]+|[0xffffff9e][0xffffff85][0xffffff9a]e8[0xfffffff1]][0xffffffe1][0xffffffa7][0xffffffc1][0xffffffae][0xfffffff0]3.e[0xffffffce][0xffffffc4][0x19][0xffffffdb][0x15]~[0xffffffee][0xffffff8b][0xffffff98]Q[0xffffffd7][0xffffff9a][0xffffffec][\n]"
14:55:25.487 [main] DEBUG org.apache.hc.client5.http.wire - http-outgoing-1 << "[0xffffff97]@2[0xffffffae]5[0xffffffd8][0x15][0x1e][0xffffffe0][0xffffffcc]v[0xffffffed][0xfffffff5]][0xffffffe1][0xffffffa7][0xffffffba]_;[0xffffffcf][0xffffffc7][0xffffffe9][0x10][0xffffffd7][0xffffffe2][0xfffffff7]kO[0xffffff83][0xfffffffb][0xffffffb5]g[0xffffffbc][0xffffffc8][0xffffff98][0xffffff89]3v[0xffffffbf][0xfffffff6][0xffffffdc]//[0xffffffa2][0xffffffae]5[0xffffffb9]_+[0xffffff81]d\kp[0xffffffbf]6[0xffffffc0][0xffffff99][0xffffffed][0xffffffda][0xffffffeb][0xfffffff7]kO[0xffffffb5]+|[0xffffff9e][0xb]{[0xffffff87][0xffffff80][0xffffffef][\n]"
14:55:25.487 [main] DEBUG org.apache.hc.client5.http.wire - http-outgoing-1 << "?[\r]v[0xffffff85][0xffffff9f]q)s&[0xffffffce][0xffffffd8][0xffffffae][0xfffffff0]s_[0xffffffc4][0xffffff8c][0xffffffba][0xffffffd6]dW[0xffffffb8][0x4][0xffffff92]q[0xffffffad][0xffffffc1][0xffffffae][0xfffffff0][0x0]g[0xffffffb6]k[0xffffffaf][0xffffffef][\n]"
14:55:25.487 [main] DEBUG org.apache.hc.client5.http.wire - http-outgoing-1 << "?[0xffffffd5],[0xffffffc3]\7[0xffffffec][0xffffffb7]1|[0xffffff96][0xffffffe1]4[0xffffff98]e8[0xffffffe3][0xffffffa5][0xfffffff1]L[0xffffff9c][0xffffffb1]Y[0xffffff86]s[0xffffffbf]([0xffffff8e][0xffffffba][0xffffffd6]d[0xffffff96]A[0x2][0xffffffc9][0xffffffb8][0xffffffd6]`[0xffffff96]![0xffffffc0][0xffffff99][0xffffffed][0xffffffda][0xffffffeb][0xffffffb3][0xc][0xffffffa7][0xffffffda][0x15][0xffffffbe][0xffffffca]A[0xffffffcd]2[0xffffff9c][0xfffffff8][0xffffffae][0xfffffff0][0xffffffd3]`W[0xfffffff8][0x19][0xffffff97]2g[0xffffffe2][0xffffff8c][0xffffffed][\n]"
14:55:25.487 [main] DEBUG org.apache.hc.client5.http.wire - http-outgoing-1 << "?[0xfffffff7]E[0xffffffcc][0xffffffa8]kMv[0xffffff85]K [0x19][0xffffffd7][0x1a][0xffffffec][\n]"
14:55:25.488 [main] DEBUG org.apache.hc.client5.http.wire - http-outgoing-1 << "[0xf]pf[0xffffffbb][0xfffffff6][0xfffffffa][0xffffffae][0xfffffff0]s*[0xffffffd7]6l[0xffffffa7][0xffffffe2][0xffffffdb]y`[0xffffffd7]N[0x3][0xffffffd7][0xffffffce][0x0]u&[0xffffffce][0x13]s[0xffffffed]trmD[0xffffff91]q[0xffffffad][0x2][0xffffff92]qm[0xffffffc4]2[0xffffffdf][0xffffffb5];[0xffffff9c][0xffffffd9][0xffffffae][0xffffffdd][0x11]}[0xffffffc1][0xffffffb5]jnl[0xffffff9d][0x1d][0xffffffeb]Z|n[0xffffffec]4[0xffffff98][0x1b];[0xffffffe3][0xffffff80]N&[0xffffffce][0xffffffd8][0xffffffdc][0xffffffd8][0xffffffb9][0xf][0xffffffe5][0xffffffa0][0xffffffae]5[0xffffff99][0x1b][0xffffff93]@2[0xffffffae]5[0xffffff98][0x1b][0xb]pf[0xffffffbb][0xfffffff6][0xfffffffa][0xffffffdc][0xffffffd8]Tscka[0xffffffbf][0xffffff8d]"
14:55:25.490 [main] DEBUG org.apache.hc.client5.http.wire - http-outgoing-1 << "M|nl[0x1a][0xffffffcc][0xffffff8d][0xffffffcd]8[0xffffffa0][0xffffff93][0xffffff88][0xfffffff3][0xffffffc4][0xffffffe6][0xffffffc6][0xffffffe6]>[0xffffff94]C[0xffffffba]V[0xffffffa0][0xffffff88][0xffffffb8]V[0x2][0xffffff89][0xffffffb8]V`[0xffffff99][0xffffffee][0xffffffda][0x0]g[0xffffffb2]k[0x3][0xffffffa2]/[0xffffffb8]V[0xffffffcc][0xffffff8d][0xffffffad][[0xffffff9d][0xffffff85]r->76[\r][0xffffffe6][0xffffffc6]f[0x1c][0xffffffd0][0xffffffc9][0xffffffc4][0x19][0xffffff9b][0x1b][0xffffff9b][0xfffffffb]P[0xe][0xffffffea]Z[0xffffff93][0xffffffb9]1[0x9]$[0xffffffe3]Z[0xffffff83][0xffffffb9][0xffffffb1][0x0]g[0xffffffb6]k[0xffffffaf][0xffffffcf][0xffffff8d]M17[0xffffffb6]n[0xffffffa3]Q[0xfffffffb]k'>76[\r][0xffffffe6][0xffffffc6]f[0x1c][0xffffffd0][0xffffffc9][0xffffffc4][0x19][0xffffff9b][0x1b][0xffffff9b][0xfffffffb]P[0xe][0xffffffea]Z[0xffffff93][0xffffffb9]1[0x9]$[0xffffffe3]Z[0xffffff83][0xffffffb9][0xffffffb1][0x0]g[0xffffffb6]k[0xffffffaf][0xffffffcf][0xffffff8d]-17[0xffffffb6]J_[\r]r[0xffffffed][0xffffffc2][0xffffffe7][0xffffffc6][0xffffff96][0xffffffc1][0xffffffdc][0xffffffd8][0xffffff8a][0x3]:[0xffffff89]8/lnl[0xffffffed]C9[0xffffffa4]k[0x5][0xffffff8a][0xffffff88]k%[0xffffff90][0xffffff88]k[0x5][0xffffff96][0xffffffe9][0xffffffae][\r]p&[0xffffffbb]6 [0xfffffffa][0xffffff92]k[0xffffffab][0xffffff99]k+[0xffffffee][0xffffffda]j[0xffffffe0][0xffffffda][0xffffff8a][0xffffffba][0xffffffb6]b[0xffffffae][0xffffffad]N[0xffffffae][0xffffffdd]Q[0xffffffa4]\[0x1b][0xffffff81][0xffffffa4]\[0xffffffbb]cI[0xffffffb8][0xffffffb6][0xffffffc2][0xffffffae][0xffffffad][0xffffffd7]][0xfffffffb][0xffffffb8][0xffffffdf][0xffffffe5]$[0xffffffdb]c[0xffffffe2][0xffffffb6][0xffffffbd][0x1f][0xffffff81][0xffffffd7][0xffffffed][0xffffffc7]!([0xffffffdf][0xffffffde][0x1f]O[0x9][0xfffffff7][0xfffffffd][0xffffffd1].[0xffffffc6][\r]<R[0xffffffca][0x15]TR[0xffffffce][\r]l[0x12][0xffffffd2][0xffffffdd][0x8][0xffffffcd][0xffffffb7][0xffffffee][0xffffffc6][0xffffffe9]K[0xffffffda]}[0xfffffffc][0xffffffef][0xffffffc2]I[0xffffffbb][0xfffffff7][0xffffffff]=[0xffffffd2][0xffffffda][0xffffffbd][0x1f][0xffffff81][0xffffffd7][0xffffffee][0xffffffc7]!([0xffffffed][0xffffffde][0x1f]Oi[0xfffffff7][0xfffffffd][0xffffffd1].[0xffffffda][\r]<R[0xffffffda][0x15]TR[0xffffffda][\r]l[0x12][0xffffffda][0xffffffdd][0x8][0xffffffcd][0xffffffd7][0xffffffee][0xffffffc6][0xffffffe9]K[0xffffffda][0xffffffed][0xffffffcd]L[0xffffffbb][0xffffffbd][0xffffffe1][0xffffffda][0xffffffbd][0x1f][0xffffff81][0xffffffd7][0xffffffee][0xffffffc7]!([0xffffffed][0xffffffde][0x1f]Oi[0xfffffff7][0xfffffffd][0xffffffd1].[0xffffffda][\r]<R[0xffffffda][0x15]TR[0xffffffda][\r]l[0x12][0xffffffda][0xffffffdd][0x8][0xffffffcd][0xffffffd7][0xffffffee][0xffffffc6][0xffffffe9]K[0xffffffda]=[0xffffffdd]~=;[0xfffffff9][0xffffff9f][0xffffffcf][0xffffffee]G[0xffffffe0][0xffffffb5][0xfffffffb]q[0x8]J[0xffffffbb]'[0xfffffff7][0xb][0xffffffda]i[0xfffffff5][0x13]Z[0xffffffe0][0xffffff91][0xffffffd2][0xffffffae][0xffffffa0][0xffffff92][0xffffffd2]n`[0xffffff93][0xffffffd0][0xffffffee]I[0xffffffff][0xffffff8c]v[0xffffffbe][0xfffffffe];[0xffffffda]z[0xffffffff][[0xffffffb1];aUb[0xffffffee][0xffffffe1][0xfffffff3]<[0xffffff94]t[0xffffffbf][0xffffff9c][0x0]s[0xffffffee]v[0xffffff86]d[0xffffffe5]~yz[0xffffffb2]q[0x7f][0xfffffffd]dX[0xffffffb8]OQL[0xfffffff6][0xffffffed][0xf][0xffffff80]L[0xffffffd6][0xffffffed]S,[0x13]m[0xfffffffb][0x4][0xffffffce]4[0xffffffd9]>A[0xfffffff4][0x5][0xffffffd7][0xffffff8a]y[0xffffffde][0xffffffd5][0xffffffda][0xffffffc8][0xffffff9f]{[0xfffffff8]<[0xf][0xffffffec]Zt[0xffffff9e]w;[0x3][0xffffffe3]Z`[0xffffff9e][0xfffffff7][0xffffffd7]O[0xfffffff6]p->[0xffffffcf][0xfffffffb][0x3] [0x19][0xffffffd7][0xffffffa2][0xfffffff3][0xffffffbc]O[0xffffffe0][0xffffffcc]v[0xffffffed][0xffffff8e][0xffffffe8]ou[0xffffffed][0xffffffb8][0xffffffdd][0xffffffc4]<[0xffffffef]j[0xffffffbd][0xffffffe4][0xffffffef]N[0xfffffff8]<[0xf][0xffffffe9][0xffffffda][0xffffff8f][0x13][0xffffffa0][0xffffffae][0xfffffffd]r[0x6][0xffffffc0][0xffffffb5][0x1f]O[0x7]\[0xfffffffb][0xfffffff9]d[0x3][0xffffffd7]J[0x14][0x1][0xffffffd7]>[0x1][0x12]p[0xffffffad][0xffffffc4]2[0xffffffd9][0xffffffb5][0x2][0xffffffce]T[0xffffffd7][\n]"
14:55:25.491 [main] DEBUG org.apache.hc.client5.http.wire - http-outgoing-1 << "D_p[0xffffffad][0xffffff9a][0xffffffe7]m[0xfffffffd][0xfffffff1]:[0x17]q-8[0xffffffcf][0xfffffffb][0xffffffe5][0x4][0xffffffb4]k[0xffffffa1]y[0xffffffde]/Og\[0xffffffeb]1[0xffffffcf][0xfffffffb][0x14]E[0xffffffc6][0xffffffb5][0x6][0xfffffff3][0xffffffbc]O[0xffffffb1][0xffffffcc]w-6[0xffffffcf][0xfffffffb][0x4][0xffffffd1][0x17]\[0xffffffab][0xffffffe6]y[0xffffffdb][0xffffffe0][0xffffffba][0x16][0xffffff9c][0xffffffe7][0xfffffffd]r[0x2][0xffffffda][0xffffffb5][0xffffffd0]<[0xffffffef][0xffffff97][0xffffffa7]3[0xffffffae][0xfffffff5][0xffffff98][0xffffffe7]}[0xffffff8a]"[0xffffffe3]Z[0xffffff83]y[0xffffffde][0xffffffa7]X[0xffffffe6][0xffffffbb][0x16][0xffffff9b][0xffffffe7]}[0xffffff82][0xffffffe8][0xb][0xffffffae]U[0xfffffff3][0xffffffbc][0xffffffed][0xffffffec][0xfffffff9][0xffffffdf]p[0xfffffff8]<[0xf][0xffffffec]Zt[0xffffff9e]w;[0x3][0xffffffe3]Z`[0xffffff9e][0xfffffff7][0xffffffd7]O[0xfffffff6]p->[0xffffffcf][0xfffffffb][0x3] [0x19][0xffffffd7][0xffffffa2][0xfffffff3][0xffffffbc]O[0xffffffe0][0xffffffcc]v[0xffffffed][0xffffff95]y[0xffffffde][0xffffff8f]?[0x15][0xffffffdf][0xffffff81]\mu[0xffffffe6][0x1e][0xffffffc2][0xfffffffb]y`[0xffffffd7][0xffffffa2][0xffffffdf][0xffffff81][0xffffffdc][0xffffffce][0xffffffc0][0xffffffb8][0x16][0xfffffff8][0xe][0xffffffe4][0xffffffaf][0xffffff9f][0xffffffec][0xffffffe1]Z[0xfffffffc];[0xffffff90]?[0x0][0xffffff92]q-[0xfffffffa][0x1d][0xffffffc8]'pf[0xffffffbb][0xfffffff6][0xffffffca]w ?[0xfffffffe]T|[0x7]r[0xfffffff5][0xffffffb2][0xffffff98]{[0x8][0xffffffef][0xffffffe7][0xffffff81]][0xffffff8b]~[0x7]r;[0x3][0xffffffe3]Z[0xffffffe0];[0xffffff90][0xffffffbf]~[0xffffffb2][0xffffff87]k[0xfffffff1][0xffffffef]@[0xfffffffe][0x0]H[0xffffffc6][0xffffffb5][0xffffffe8]w [0xffffff9f][0xffffffc0][0xffffff99][0xffffffed][0xffffffda]+[0xffffffdf][0xffffff81][0xfffffffc][0xfffffff8]Su[0xffffffbf][0xffffffb6][0xffffffcf]yP[0xffffffae][0xffffff85][0xffffffef][0xffffffd7]~[0xffffff9c][0xffffff80]v-x[0xffffffbf][0xfffffff6][0xffffffe3][0xffffffe9][0xffffff8c]k}[0xffffffee][0xffffffd7]J[0x14][0x19][0xffffffd7][0xffffff9a][0xffffffdc][0xffffffaf][0xffffff95]X[0xffffffe6][0xffffffbb][0x16][0xffffffbd]_+[0x10]}[0xffffffc1][0xffffffb5]S[0xffffffb8]v[0x1c][0xffffffa3]R[0xffffffae][0xffffff9d][0xffffffb8]k[0xffffffa7][0xffffff81]kg[0xffffff80]:[0x13][0xffffffe7][0xffffff89][0xffffffb9]v:[0xffffffb9]6[0xffffffa2][0xffffffc8][0xffffffb8]V[0x1][0xffffffc9][0xffffffb8]6b[0xffffff99][0xffffffef][0xffffffda][0x1d][0xffffffce]l[0xffffffd7][0xffffffee][0xffffff88][0xfffffffe]v[0xffffffd7][0x1e][0xffffffca][0xffffffb5][0xffffffb3][0xffffffcc][0x6][0xffffffb9][0xfffffff6][0xffffffc0]]{[0x18][0xffffffb8][0xfffffff6][0xffffff88]P'[0xffffffe2]|`[0xffffffae]=v[0xffffff90]I[0xffffffd7][\n]"
14:55:25.491 [main] DEBUG org.apache.hc.client5.http.wire - http-outgoing-1 << "[0x14][0x11][0xffffffd7]J [0x11][0xffffffd7][\n]"
14:55:25.491 [main] DEBUG org.apache.hc.client5.http.wire - http-outgoing-1 << ",[0xffffffd3]][0x1b][0xffffffe0]Lvm@[0xfffffff4]%[0xffffffd7]63[0xffffffd7]b[0xfffffffb]h[0xffffffbe][0xffffff9c][0xffffff80]w-[0xffffffb2][0xffffff8d][0xffffffe6][0xffffffcb][0xffffffd3])[0xffffffd7]:[0xffffffec][0xffffffa2]y[0xffffff8a]"[0xffffffe5]Z|[0x13][0xffffffcd]S,[0x9][0xffffffd7]B{h[0xffffff9e] [0xfffffffa][0xffffffdb]][n[0xffffffbf][0xffffff94][0xffffffe8][0xffffffda]U[0xffffffa8]{[0x8]o[0xffffffe7]a][0xfffffffb]8[0x1][0xffffffec][0xffffffda][0xffffffef]g@\[0xfffffffb]x:[0xffffffe2][0xffffffda]oO[0xffffffb6]p[0xffffffad]@[0x11]q[0xffffffad][0x4][0x12]q[0xffffffad][0xffffffc0]2[0xffffffdd][0xffffffb5][0x1][0xffffffce]d[0xffffffd7][0x6]D_p[0xffffffad][0xffffff9a]eX[0xffffffed][0xffffffa4]f[0x19][\n]"
14:55:25.491 [main] DEBUG org.apache.hc.client5.http.wire - http-outgoing-1 << ">[0xffffffcb]P[0xc]f[0x19]J[0xffffffbc]4[0xffffff9e][0xffffff89]36[0xffffffcb]P[0xfffffff6][0xffffff8b][0xffffffe2][0xffffffa8]kMf[0x19]$[0xffffff90][0xffffff8c]k[\r]f[0x19][0x2][0xffffff9c][0xffffffd9][0xffffffae][0xffffffbd]>[0xffffffcb]P[0xffffffd4],[0xffffffc3][0xffffff9a][0xffffff85][0xffffff9a]e([0xfffffff8],C1[0xffffff98]e([0xfffffff1][0xffffffd2]x&[0xffffffce][0xffffffd8],C[0xffffffd9]/[0xffffff8a][0xffffffa3][0xffffffae]5[0xffffff99]e[0xffffff90]@2[0xffffffae]5[0xffffff98]e[0x8]pf[0xffffffbb][0xfffffff6][0xfffffffa],C[0xffffff89][0xffffffb3][0xc][0xffffffe5]v[0xffffffbb]-j[0x1f]B[0xffffffc1]g[0x19][0xffffff8a][0xffffffc1],C[0xffffff89][0xffffff97][0xffffffc6]3q[0xffffffc6]f[0x19][0xffffffca]~Q[0x1c]u[0xffffffad][0xffffffc9],[0xffffff83][0x4][0xffffff92]q[0xffffffad][0xffffffc1],C[0xffffff80]3[0xffffffdb][0xffffffb5][0xffffffd7]g[0x19][0xffffffca]P[0xffffffae][0x1d]uR[0xffffffae][0x1d][0xffffffb8]k[0xffffff87][0xffffff81]kG[0xffffff80]:[0x13][0xffffffe7][0xffffff81][0xffffffb9]v8[0xffffffb9]6[0xffffffa2][0xffffffc8][0xffffffb8]V[0x1][0xffffffc9][0xffffffb8]6b[0xffffff99][0xffffffef][0xffffffda][0x1d][0xffffffce]l[0xffffffd7][0xffffffee][0xffffff88][0xffffffbe][0xffffffe0][0xffffffda]8[0xffffffcb][0xfffffff0][0xffffffe6][0xffffffda]I[0xffffffcd][0xffffff8d][0x15]|[0xffffff96][0xffffffa1][0x18][0xffffffcc]2[0xffffff94]xi<[0x13]gl[0xffffff96][0xffffffa1][0xffffffec][0x17][0xffffffc5]Q[0xffffffd7][0xffffff9a][0xffffffcc]2H [0x19][0xffffffd7][0x1a][0xffffffcc]2[0x4]8[0xffffffb3]]{}[0xffffff96][0xffffffa1][0xffffffc4][0xfffffffb][0xffffffb5]w[0xffffffd7][0xffffff9e][0xffffffdc][0xfffffffb]Z[0xfffffffc]~m1[0xffffffb8]_[[0xffffffe2]E[0xffffffc6]L[0xffffff9c][0xffffffb1][0xfffffffb][0xffffffb5]e[0xffffffbf][0xffffffbc][0xffffff88][0xffffffba][0xffffffd6][0xffffffe4]~[0xffffffad][0x4][0xffffff92]q[0xffffffad][0xffffffc1][0xfffffffd][0xffffffda][0x0]g[0xffffffb6]k[0xffffffaf][0xffffffdf][0xffffffaf]-K[0xffffffba][0x16][0xffffff9b][0xffffffd1]};[0xf][0xffffffec][0xffffffda]e[0xffffffe0][0xffffffda][0x15][0xffffffa0][0xffffffce][0xffffffc4]ya[0xffffffae]]N[0xffffffae][0xffffff8d](2[0xffffffae]U@2[0xffffffae][0xffffff8d]X[0xffffffe6][0xffffffbb]v[0xffffff87]3[0xffffffdb][0xffffffb5];[0xffffffa2][0xffffffbf][0xffffffdd][0xffffffb5][0xffffffb5][0xfffffffd]R[0xffffff83]k[0xffffff8f]u6[0xffffffc8][0xffffffb5]o[0xffffffe7]a"
14:55:25.494 [main] DEBUG org.apache.hc.client5.http.wire - http-outgoing-1 << "][0xfffffffb]8[0x1][0xffffffec][0xffffffda][0xffffffef]g@\[0xfffffffb]x:[0xffffffe2][0xffffffda]oO[0xffffffb6]p[0xffffffad]@[0x11]q[0xffffffad][0x4][0x12]q[0xffffffad][0xffffffc0]2[0xffffffdd][0xffffffb5][0x1][0xffffffce]d[0xffffffd7][0x6]D_p[0xffffffad][0xfffffffa]m[0xffffffac][0xfffffff4]sP[0xffffffae][0xffffffc5][0x7f][0x1b][0xffffffab][0x6][0xffffffbf][0xffffff8d][0xffffffd5][0xfffffff8]#D&[0xffffffce][0xffffffd8]ocu[0xffffffff][0xffffffe1][0x1]u[0xffffffad][0xffffffc9]oc[0x12]H[0xffffffc6][0xffffffb5][0x6][0xffffffbf][0xffffff8d][0x5]8[0xffffffb3]]{[0xfffffffd][0xffffffb7][0xffffffb1][0xffffffba][0xffffff84]kk[0xffffffbf]Q[0xffffffbb]g[0xffffffde][0xffffffce][0x3][0xffffffbb]v[0x9][0xffffffb4][0xffffffb3][0xffffffa1]^[0x1][0xffffffea]L[0xffffff9c][0x17][0xffffffe6][0xffffffda][0xffffffe5][0xffffffe4][0xffffffda][0xffffff88]"[0xffffffe3]Z[0x5]$[0xffffffe3][0xffffffda][0xffffff88]e[0xffffffbe]kw8[0xffffffb3]][0xffffffbb]#[0xfffffffa][0xffffffdb]][0xffffffdb][0xffffffe2][0xffffffb7][0x1d][0xffffffef][0xffffffae][0x1d][0xffffff83]z_[0xffffffdb][0xfffffff0]o;6[0xffffff83]o;[0xffffffb6][0xfffffff8][0x11][0xffffffbd]D[0xffffff9c][0x1b][0xfffffff6]m[0xffffffc7][0xffffffb6][0x7f]8[0xffffff8f]t[0xffffffad]@[0x11]q[0xffffffad][0x4][0x12]q[0xffffffad][0xffffffc0]2[0xffffffdd][0xffffffb5][0x1][0xffffffce]d[0xffffffd7][0x6]D_pm[0xfffffffc][0xffffffb6][0xffffffe3][0xffffffdd][0xffffffb5][0xffffffe7]A[0xffffffcd][0xffffffe8]6[0xfffffffc][0xffffffdb][0xffffff8e][0xffffffcd][0xffffffe0][0xffffffdb][0xffffff8e]-~D/[0x13]g[0xffffffec][0xffffffdb][0xffffff8e]m[0xffffffff]p[0x1e][0xffffffea]Z[0xffffff93]o;J [0x19][0xffffffd7][0x1a]|[0xffffffdb]1[0xffffffc0][0xffffff99][0xffffffed][0xffffffda][0xffffffeb][0xffffffdf]vlq[0x1f][0xffffffc2][0xffffff9b]k;5[0xffffffcb][0xffffffd0][0xfffffff0]}[0x8][0xffffffcd]`[0x1f]B[0xffffff8b][0xffffff83][0xffffffe7][0xffffff99]8c[0xfffffffb][0x10][0xffffffda]>l[0xffffff8e][0xffffffba][0xffffffd6]d[0x1f][0xffffff82][0x4][0xffffff92]q[0xffffffad][0xffffffc1]>[0xffffff84][0x0]g[0xffffffb6]k[0xffffffaf][0xffffffef]ChjF[0xffffffb7][0xffffffce]A[0xffffffed][0xfffffff9]j[0xfffffff8][0xffffff8c]n3[0xffffff98][0xffffffd1]mq[0x18]2[0x13]glF[0xffffffb7][0xffffffed][0x3][0xffffff90][0xffffffa8]kMft%[0xffffff90][0xffffff8c]k[\r]ft[0x3][0xffffff9c][0xffffffd9][0xffffffae][0xffffffbd]>[0xffffffa3][0xffffffdb][0xffffffe2][0xfffffff7][0xffffffc6][0xffffffca][0xffffffdd][0xffffffdd][0xffffff95][0xffffff9a][0x1b]k[0xfffffff8][0xfffffff7][0xffffffc6][0xffffff9a][0xffffffc1][0xfffffff7][0xffffffc6]Z[0xfffffffc][0xffffffb0]S&[0xffffffce][0xffffffd8][0xfffffff7][0xffffffc6][0xffffffda][0xfffffffe]1'[0xffffffd4][0xffffffb5]&[0xffffffdf][0x1b][0xffffff93]@2[0xffffffae]5[0xfffffff8][0xffffffde]X[0xffffff80]3[0xffffffdb][0xffffffb5][0xffffffd7][0xffffffbf]7v[0xffffffff][0xffffffd3]a[0xffffffe6][0xffffffda][0xffffff81][0xffffffbb]v[0x18][0xffffffb8]v[0xffffffa0][0xffffffae][0x1d][0xffffff98]k[0xffffff87][0xffffff93]kw[0x14])[0xffffffd7]F )[0xffffffd7][0xffffffee]X[0x12][0xffffffae][0x1d][0xffffffb0]k[0xffffffc7]u[0xffffffd7].3[0xffffffd7].[0xffffffdc][0xffffffb5][0xffffffcb][0xffffffc0][0xffffffb5][0xb]u[0xffffffed][0xffffffc2]\[0xffffffbb][0xffffff9c]\[0xffffffbb][0xffffffa3]H[0xffffffb9]6[0x2]I[0xffffffb9]v[0xffffffc7][0xffffff92]p[0xffffffed][0xffffff82]][0xffffffbb][0xffffffae][0xffffffbb][0xffffffb6][0x1c]f[0xffffffb2]-[0x7]n[0xffffffdb][0xfffffffb][0x11]x[0xffffffdd]~[0x1c][0xffffff82][0xfffffff2][0xffffffed][0xfffffffd][0xfffffff1][0xffffff94]p[0xffffffdf][0x1f][0xffffffed]b[0xffffffdc][0xffffffc0]#[0xffffffa5]\A%[0xffffffe5][0xffffffdc][0xffffffc0]&![0xffffffdd][0xffffff8d][0xffffffd0]|[0xffffffeb]n[0xffffff9c][0xffffffbe][0xffffffa4][0xffffffdd][0xffffffee][0xffffffd6][0xffffffb8][0xffffff9d][0xffffff8f][0xffffffdc][0xffffffee]P[0xffffffb9][0xffffff9d][0xffffffcd][0xffffffdc][0xffffffce]un[0xffffffb7][\n]"
14:55:25.494 [main] DEBUG org.apache.hc.client5.http.wire - http-outgoing-1 << "[0xffffffdd][0xffffffc0]#[0xffffffa5]]A%[0xffffffa5][0xffffffdd][0xffffffc0]&[0xffffffa1][0xffffffdd]N[0xffffffc7]n[0xffffffff][0xffffff89][0xffffffda]=n[0xffffffdd][0xffffffcc][0xffffffbb][0xfffffff7][0x13][0xffffffe1][0xffffffe2]};[0x3]o[0xffffffde]o[0xffffffa7][0xffffffa0][0xffffffd4][0xfffffffb][0xfffffff6]|[0xffffffca][0xffffffbd][0x1f][0xffffffcf]v[0xffffff91]o[0xffffff84][0xffffff92][0xffffffb2][0xffffffaf]B[0xffffff93][0xffffffd2]o[0x4][0xffffff94][0xfffffff0][0xffffffef][0xffffff8e]i[0xffffffbe][0xffffff80]wX[0x7f][0xffffff83][0xffffff81][0xffffffcb][0xffffffed][0xfffffffd][0xffffff8f][0xffffffd5][0xffffffee][0xffffff84][0xffffffb6][0xffffff8e][0xfffffff4][0xffffffdd][0x9]_[0xffffffce][0x3][0xffffffd9][0xfffffff7][0xffffffeb][0x9]([0xfffffff7][0xffffffee]g[0xffffffc8]5[0xffffffef][0xffffffd7][0xffffffa7][0xffffffe7]zw{2k[0xffffffdd][0xffffffe7]([0xffffffe6]:[0xfffffff7]G@[0xffffffe6][0x1a][0xfffffff7]9[0xffffff96]y[0xffffffbe]}[0x6]g[0xffffff96]m[0xffffff9f]![0xfffffffa][0xffffff82]k[0xffffffd5][0xffffffae][0xffffffdb][0xffffffde]W[0xfffffffa][0xffffffee][0xffffff84]/[0xffffffe7][0xffffff81]]K[0xffffffee][0xffffffba][0xffffffdd][0xffffffcf][0xffffffc0][0xffffffb8]6[0x7f][0xffffffd7][0xffffffed][0xfffffff6]d[0xf][0xffffffd7][0xffffffd2][0xffffffbb]n[0x7f][0x4]$[0xffffffe3]Zr[0xffffffd7][0xffffffed]38[0xffffffb3]]{a[0xffffffd7][0xffffffed][0xffffffb7]?][0xffffffca][0xffffffb5][0xfffffff3][0xffffff96]>[0xfffffff7][0xfffffff0][0xffffffe5]<[0xffffffb0]k[0xffffff97][0xffffff81]kW[0xffffff80]:[0x13][0xffffffe7][0xffffff85][0xffffffb9]v9[0xffffffb9]6[0xffffffa2][0xffffffc8][0xffffffb8]V[0x1][0xffffffc9][0xffffffb8]6b[0xffffff99][0xffffffef][0xffffffda][0x1d][0xffffffce]l[0xffffffd7][0xffffffee][0xffffff88][0xfffffffe]v[0xffffffd7][0xfffffff6][0xffffff9b]p[0xffffffed]8F[0xfffffffa][0xffffffee][0xffffff84]/[0xffffffe7]a][0xfffffffb]8[0x1][0xffffffec][0xffffffda][0xffffffef]g@\[0xfffffffb]x:[0xffffffe2][0xffffffda]oO[0xffffffb6]p[0xffffffad]@[0x11]q[0xffffffad][0x4][0x12]q[0xffffffad][0xffffffc0]2[0xffffffdd][0xffffffb5][0x1][0xffffffce]d[0xffffffd7][0x6]D_p[0xffffffad][0xffffffda]S3jK[0xffffffdf][0x9][0xfffffff6][0xffffffe5]<[0xffffffb0]k[0xffffffc9]=5[0xfffffffb][0x19][0x18][0xffffffd7][0xffffffe6][0xffffffef][0xffffffa9][0xffffffd9][0xffffff9e][0xffffffec][0xffffffe1]ZzO[0xffffffcd][0xffffff8f][0xffffff80]d\K[0xffffffee][0xffffffa9]y[0x6]g[0xffffffb6]k/[0xffffffec][0xffffffa9][0xfffffff9][0xfffffffc][0xffffffd3]b[0xffffffe6][0xffffffda][0xffffff82][0xffffffbb][0xffffffb6][0x18][0xffffffb8][0xffffffb6][0xffffffa0][0xffffffae]-[0xffffff98]k[0xffffff8b][0xffffff93]kw[0x14])[0xffffffd7]F )[0xffffffd7][0xffffffee]X[0x12][0xffffffae]-[0xffffffb0]k[0xffffffcb]U[0xffffffd7][0xffffffaa][0xffffffdd][0x9]c[0xffffffce][0xfffffff4][0xffffff9d]`_[0xffffffce][0x3][0xffffffbb][0xffffff96][0xffffffdc][0xffffff9d][0xffffffb0][0xffffff9f][0xffffff81]qm[0xfffffffe][0xffffffee][0xffffff84][0xffffffed][0xffffffc9][0x1e][0xffffffae][0xffffffa5]w'[0xfffffffc][0x8]H[0xffffffc6][0xffffffb5][0xffffffe4][0xffffffee][0xffffff84]gpf[0xffffffbb][0xfffffff6][0xffffffc2][0xffffffee][0xffffff84]o[0x7f][0xffffffaa][0xffffffbe]o~[0xffffffde]z[0xffffffa3]\[0xffffffcb]}[0xffffffdf][0xfffffffc][0xffffffeb][0x9]h[0xffffffd7]2[0xffffffdf]7[0xffffffff][0xfffffffa]t[0xffffffc6][0xffffffb5][0x16][0xffffffdf]7[0x7f][0xffffff8e]"[0xffffffe3]Z[0xfffffffe][0xfffffffb][0xffffffe6][0xffffffcf][0xffffffb1][0xffffffcc]w-[0xfffffff5]}[0xfffffff3]g[0xffffff88][0xfffffffe]v[0xffffffd7][0xe][0xfffffff5][0xffffffbe]v[0x1e][0xffffff8b]r[0xffffffed][0xffffffc0][0xffffffdf][0xffffffd7][0xe][0xffffff83][0xfffffff7][0xffffffb5]#[0xffffffbe][0x18]K[0xffffffc4]y`[0xffffffef]k[0xffffffc7][0xfffffffe]2[0xffffff8c]t[0xffffffad]@[0x11]q[0xffffffad][0x4][0x12]q[0xffffffad][0xffffffc0]2[0xffffffdd][0xffffffb5][0x1][0xffffffce]d[0xffffffd7][0x6]D_pm[0x11][0xffffffef]kg[0x1f][0xffffffd4];[0xffffff84][0xffffffb7][0xfffffff3][0xffffffc0][0xffffffae]-[0xfffffffc][0xfffffffb][0xffffffda][0xffffffef]g`\[[0xffffffa8][0xfffffff7][0xffffffb5][0xffffffdf][0xffffff9e][0xffffffec][0xffffffe1][0xffffffda][0xffffff88]"[0xffffffe3]Z[0x5]$[0xffffffe3][0xffffffda][0xffffff88]e[0xffffffbe]kw8[0xffffffb3]][0xffffffbb]#[0xfffffffa][0xffffff82]k[0xffffffd5][0xfffffffb][0xffffffda][0xffffffd5]n[0xffffffd4]oc[0x3][0x7f]_;[0xc][0xffffffde][0xffffffd7][0xffffff8e][0xfffffff8]b,[0x13]g[0xffffffec]}[0xffffffed][0xffffffd8]_[0xffffff86][0xffffffa1][0xffffffae]5y_+[0xffffff81]d\k[0xfffffff0][0xffffffbe]6[0xffffffc0][0xffffff99][0xffffffed][0xffffffda][0xffffffeb][0xffffffef]k[0xffffff87][0xffffff9a][0xffffffd1]]g[0xfffffffe][0xffffff8e][0xffffff84]/[0xffffffe7][0xffffff81]]k0[0xffffffa3];[0xffffffe2]0d&[0xffffffce][0xffffffd8][0xffffff8c][0xffffffee][0xffffffd8][0x7] Q[0xffffffd7][0xffffff9a][0xffffffcc][0xffffffe8]J [0x19][0xffffffd7][0x1a][0xffffffcc][0xffffffe8][0x6]8[0xffffffb3]]{}Fw[0xffffffa8][0xffffffdf][0xffffffc6][0xffffffd6]<n[0xffffff94]k[0xfffffff1][0xffffffdf][0xffffffc6][0xffffff86][0xffffffc1]oc#[0xfffffffe][0x8][0xffffff91][0xffffff89]3[0xfffffff6][0xffffffdb][0xffffffd8][0xffffffd8][0x7f]x@]k[0xfffffff2][0xffffffdb][0xffffff98][0x4][0xffffff92]q[0xffffffad][0xffffffc1]oc[0x1][0xffffffce]l[0xffffffd7][0xfffffffe][0xffffffc4]ocj[0x1f][0xffffffc2][0xffffff9a][0xffffff8f][0xffffffd3]![0xffffffae][0xffffffc5][0xfffffff7]![0xc][0xffffff83]}[0x8]#[0xe][0xffffff9e]g[0xffffffe2][0xffffff8c][0xffffffed]C[0x18][0xfffffffb][0xffffffb0]9[0xffffffea]Z[0xffffff93]}[0x8][0x12]H[0xffffffc6][0xffffffb5][0x6][0xfffffffb][0x10][0x2][0xffffff9c][0xffffffd9][0xffffffae][0xffffffbd][0xffffffbe][0xf]a[0xffffffa8]}[0x8]k[0x1d][0xffffffd8];[0x4]|[0x1f][0xffffffc2]0[0xffffffd8][0xffffff87]0[0xffffffe2][0xffffffe0]y&[0xffffffce][0xffffffd8]>[0xffffff84][0xffffffb1][0xf][0xffffff9b][0xffffffa3][0xffffffae]5[0xffffffd9][0xffffff87] [0xffffff81]d\k[0xffffffb0][0xf]![0xffffffc0][0xffffff99][0xffffffed][0xffffffda][0xffffffeb][0xfffffffb][0x10][0xffffffce][0xffffff9b]t[0xffffffed]I[0xffffffed][0xfffffff9]z;[0xf][0xffffffeb][0xffffffda][0xffffffc7][0x9]`[0xffffffd7]~?[0x3][0xffffffe2][0xffffffda][0xffffffc7][0xffffffd3][0x11][0xffffffd7]~{[0xffffffb2][0xffffff85]k[0x5][0xffffff8a][0xffffff88]k%[0xffffff90][0xffffff88]k[0x5][0xffffff96][0xffffffe9][0xffffffae][\r]p&[0xffffffbb]6 [0xfffffffa][0xffffff82]k[0xffffffc5][0xfffffffd][0xffffffda][0xffffffe3]vtj[0xffffffcf][0xffffffd7][0xffffff89][0xffffffdf][0xffffffaf]="
14:55:25.496 [main] DEBUG org.apache.hc.client5.http.wire - http-outgoing-1 << "[\r][0xffffffee][0xffffffd7][0xffffff9e][0xfffffff1]"c&[0xffffffce][0xffffffd8][0xfffffffd][0xffffffda]s[0xffffffbf][0xffffffbc][0xffffff88][0xffffffba][0xffffffd6][0xffffffe4]~[0xffffffad][0x4][0xffffff92]q[0xffffffad][0xffffffc1][0xfffffffd][0xffffffda][0x0]g[0xffffffb6]k[0xffffffaf][0xffffffdf][0xffffffaf]=[0xffffff8b]rm[0xffffff9f][0xffffffd4][0xffffffae][0xfffffff0][0xffffffb7][0xfffffff3][0xffffffc0][0xffffffae]-[0x6][0xffffffae]-[0x1][0xffffffea]L[0xffffff9c][0xb][0xffffffe6][0xffffffda][0xffffffe2][0xffffffe4][0xffffffda][0xffffff88]"[0xffffffe3]Z[0x5]$[0xffffffe3][0xffffffda][0xffffff88]e[0xffffffbe]kw8[0xffffffb3]][0xffffffbb]#[0xfffffffa][0xffffff82]k[0xffffffab]r[0xffffffed][0xffffff89][0xffffffed][\n]"
14:55:25.497 [main] DEBUG org.apache.hc.client5.http.wire - http-outgoing-1 << "[0x7f];[0xf][0xffffffec][0xffffffda]j[0xffffffe0][0xffffffda][0x1a][0xffffffa0][0xffffffce][0xffffffc4][0xffffffb9]b[0xffffffae][0xffffffad]N[0xffffffae][0xffffff8d](2[0xffffffae]U@2[0xffffffae][0xffffff8d]X[0xffffffe6][0xffffffbb]v[0xffffff87]3[0xffffffdb][0xffffffb5];[0xffffffa2]/[0xffffffb8]V[0xffffffcc]2[0x1c]G[0xffffffe3][0xffffffde][0xffffffd7][0xffffffe2][0xffffffb3][0xc][0xffffffa7][0xffffffc1],[0xffffffc3][0x19]/[0xffffff8d]g[0xffffffe2][0xffffff8c][0xffffffcd]2[0xffffff9c][0xfffffffb]Eq[0xffffffd4][0xffffffb5]&[0xffffffb3][0xc][0x12]H[0xffffffc6][0xffffffb5][0x6][0xffffffb3][0xc][0x1][0xffffffce]l[0xffffffd7]^[0xffffff9f]e8[0xffffffc5][0xfffffffd][0xffffffda][0xfffffffb][0x7f][0xffffffef][0xffffffa0]ftO[0xfffffffc]~[0xffffffed]ip[0xffffffbf][0xfffffff6][0xffffff8c][0x17][0x19]3q[0xffffffc6][0xffffffee][0xffffffd7][0xffffff9e][0xfffffffb][0xffffffe5]E[0xffffffd4][0xffffffb5]&[0xfffffff7]k%[0xffffff90][0xffffff8c]k[\r][0xffffffee][0xffffffd7][0x6]8[0xffffffb3]]{[0xfffffffd]~[0xffffffed])[0xffffffee][0xffffffd7][0x1e][0xffffffa5][0x1f][0xffffff8d]r-~[0xffffffbf][0xfffffff6]4[0xffffffb8]_{[0xffffffc6][0xffffff8b][0xffffff8c][0xffffff99]8c[0xfffffff7]k[0xffffffcf][0xfffffffd][0xfffffff2]"[0xffffffea]Z[0xffffff93][0xfffffffb][0xffffffb5][0x12]H[0xffffffc6][0xffffffb5][0x6][0xfffffff7]k[0x3][0xffffff9c][0xffffffd9][0xffffffae][0xffffffbd]~[0xffffffbf][0xfffffff6][0x14][0xfffffff7]k[0xffffff8f]r[0x1e][0xffffff9d]r-~[0xffffffbf][0xfffffff6]4[0xffffffb8]_{[0xffffffc6][0xffffff8b][0xffffff8c][0xffffff99]8c[0xfffffff7]k[0xffffffcf][0xfffffffd][0xfffffff2]"[0xffffffea]Z[0xffffff93][0xfffffffb][0xffffffb5][0x12]H[0xffffffc6][0xffffffb5][0x6][0xfffffff7]k[0x3][0xffffff9c][0xffffffd9][0xffffffae][0xffffffbd]~[0xffffffbf]v[0xffffffde][0xffffff84]k[0xffffffeb][0xffffffad]S[0xffffffdf][0x1b]{;[0xf][0xffffffeb][0xffffffda][0xffffffc7][0x9]`[0xffffffd7]~?[0x3][0xffffffe2][0xffffffda][0xffffffc7][0xffffffd3][0x11][0xffffffd7]~{[0xffffffb2][0xffffff85]k[0x5][0xffffff8a][0xffffff88]k%[0xffffff90][0xffffff88]k[0x5][0xffffff96][0xffffffe9][0xffffffae][\r]p&[0xffffffbb]6 [0xfffffffa][0xffffff82]k[0xffffffd5][0xfffffffd][0xffffffda]z[[0xffffffd4][0xfffffffd][0xffffffda][0xffffff89][0xffffffdf][0xffffffaf][0xffffff9d][0x6][0xfffffff7]kg[0xffffffbc][0xffffffc8][0xffffff98][0xffffff89]3v[0xffffffbf]v[0xffffffee][0xffffff97][0x17]Q[0xffffffd7][0xffffff9a][0xffffffdc][0xffffffaf][0xffffff95]@2[0xffffffae]5[0xffffffb8]_[0x1b][0xffffffe0][0xffffffcc]v[0xffffffed][0xfffffff5][0xfffffffb][0xffffffb5]S[0xffffffdd][0xffffffaf][0xffffffad][0xffffffc7][0xffffffc0]\[0xffffff8b][0xffffffdf][0xffffffaf][0xffffff9d][0x6][0xfffffff7]kg[0xffffffbc][0xffffffc8][0xffffff98][0xffffff89]3v[0xffffffbf]v[0xffffffee][0xffffff97][0x17]Q[0xffffffd7][0xffffff9a][0xffffffdc][0xffffffaf][0xffffff95]@2[0xffffffae]5[0xffffffb8]_[0x1b][0xffffffe0][0xffffffcc]v[0xffffffed][0xfffffff5][0xfffffffb][0xffffffb5][0xffffffb3])[0xffffffd7][0xffffff96]A[0xffffffed]Cx;[0xf][0xffffffec][0xffffffda]f[0xffffffe0][0xffffffda][0x16][0xffffffa0][0xffffffce][0xffffffc4][0xffffffb9]a[0xffffffae]mN[0xffffffae][0xffffff8d](2[0xffffffae]U@2[0xffffffae][0xffffff8d]X[0xffffffe6][0xffffffbb]v[0xffffff87]3[0xffffffdb][0xffffffb5];[0xffffffa2]/[0xffffffb8]V[0xffffffec][0xffffffaf]=[0xffffffea][0xffffff9c][0xffffff98]k[0xfffffff1][0xfffffffd][0xffffffb5][0xffffffd3]`[0x7f][0xffffffed][0xffffff8c][0xffffff8b]B3q[0xffffffc6][0xfffffff6][0xffffffd7][0xffffffce]}9([0xffffffea]Z[0xffffff93][0xfffffffd][0xffffffb5][0x12]H[0xffffffc6][0xffffffb5][0x6][0xfffffffb]k[0x3][0xffffff9c][0xffffffd9][0xffffffae][0xffffffbd][0xffffffbe][0xffffffbf]v[0xffffffaa][0xfffffffb][0xffffffb5][0xffffffed][0xffffffc0][0xffffffee][0xffffffd7]N[0xfffffffc]~[0xffffffed]4[0xffffffb8]_;[0xffffffe3]E[0xffffffc6]L[0xffffff9c][0xffffffb1][0xfffffffb][0xffffffb5]s[0xffffffbf][0xffffffbc][0xffffff88][0xffffffba][0xffffffd6][0xffffffe4]~[0xffffffad][0x4][0xffffff92]q[0xffffffad][0xffffffc1][0xfffffffd][0xffffffda][0x0]g[0xffffffb6]k[0xffffffaf][0xffffffdf][0xffffffaf][0xffffff9d]3~o[0xffffffec]h[0xfffffffd]q:[0xffffffc4][0xffffffb5][0xffffff93][0xfffffffe][0xffffffde][0xffffffd8][0xffffffe3][0x4][0xffffffb4]kg[0xfffffff8][0xffffffb0]S&[0xffffffce][0xffffff93][0xfffffffa][0xffffffde][0xffffffd8][0xffffffb7]'{[0xffffffb8]6[0xffffffa2][0xffffffc8][0xffffffb8]V[0x1][0xffffffc9][0xffffffb8]6b[0xffffff99][0xffffffef][0xffffffda][0x1d][0xffffffce]l[0xffffffd7][0xffffffee][0xffffff88][0xffffffbe][0xffffffe0]Zu[0xffffffbf][0xffffffb6][0xffffff9d][0xffffffdc]oc[0xfffffff8][0xfffffffd][0xffffffda]ip[0xffffffbf]v[0xffffffc6][0xffffff8b][0xffffff8c][0xffffff99]8c[0xfffffff7]k[0xffffffe7]~y[0x11]u[0xffffffad][0xffffffc9][0xfffffffd]Z[0x9]$[0xffffffe3]Z[0xffffff83][0xfffffffb][0xffffffb5][0x1][0xffffffce]l[0xffffffd7][0xfffffffe][0xffffffc4][0xfffffffd][0xffffffda][0xfffffff5]K5sm[0xffffffc5]][[\r]\[Q[0xffffffd7]V[0xffffffcc][0xffffffb5][0xffffffd5][0xffffffc9][0xffffffb5];[0xffffff8a][0xffffff94]k#[0xffffff90][0xffffff94]kw,[0x9][0xffffffd7]V[0xffffffd8][0xffffffb5][0xfffffff5][0xffffffa2]k[0xffffff97][0xffffffba]_[0xffffffdb]+[0xfffffff6][0xffffffbe]v[0xffffffe1][0xfffffff7]k[0xffffff97][0xffffffc1][0xfffffffd][0xffffffda][0x15]/2&[0xffffffe2][0xffffffbc][0xffffffb0][0xfffffffb][0xffffffb5]k[0xffffffbf][0xffffffbc]H[0xffffffba]V[0xffffffa0][0xffffff88][0xffffffb8]V[0x2][0xffffff89][0xffffffb8]V`[0xffffff99][0xffffffee][0xffffffda][0x0]g[0xffffffb2]k[0x3][0xffffffa2]/[0xffffffb8]V[0xffffffdd][0xffffffaf][0x1d][0x7]v[0xf]a[0xffffffe1][0xfffffff7]k[0xffffff97][0xffffffc1][0xfffffffd][0xffffffda][0x15]/2f[0xffffffe2][0xffffff8c][0xffffffdd][0xffffffaf]][0xfffffffb][0xffffffe5]E[0xffffffd4][0xffffffb5]&[0xfffffff7]k%[0xffffff90][0xffffff8c]k[\r][0xffffffee][0xffffffd7][0x6]8[0xffffffb3]]{[0xfffffffd]~[0xffffffed]R[0xfffffffb]kG?[0xffffffa8][0xffffff9d][0xffffff8a][0xb][0xffffffdf]_[0xffffffbb][0xc][0xfffffff6][0xffffffd7][0xffffffae][0xffffffb8](4[0x13]gl[0x7f][0xffffffed][0xffffffda][0xffffff97][0xffffff83][0xffffffa2][0xffffffae]5[0xffffffd9]_+[0xffffff81]d\k[0xffffffb0][0xffffffbf]6[0xffffffc0][0xffffff99][0xffffffed][0xffffffda][0xffffffeb][0xfffffffb]k[0xffffff97][0xffffff9a]e[0x18][0xfffffffd]<([0xffffffd7][0xffffffe2][0xffffffb3][0xc][0xffffffcb]`[0xffffff96]a[0xffffffc5]K[0xffffffe3][0xffffff99]8c[0xffffffb3][0xc]k[0xffffffbf]([0xffffff8e][0xffffffba][0xffffffd6]d[0xffffff96]A[0x2][0xffffffc9][0xffffffb8][0xffffffd6]`[0xffffff96]![0xffffffc0][0xffffff99][0xffffffed][0xffffffda][0xffffffeb][0xffffffb3][0xc]K[0xffffffed][\n]"
14:55:25.497 [main] DEBUG org.apache.hc.client5.http.wire - http-outgoing-1 << "[0x1f][0x3][0xffffffdb][0xfffffff3][0xffffffb5][0xfffffff0]][0xffffffe1][0xffffffcb]`W[0xfffffff8][0xffffff8a]K[0xffffff99]3q[0xffffffc6]v[0xffffff85][0xffffffaf]}[0x11]3[0xffffffea]Z[0xffffff93]][0xffffffe1][0x12]H[0xffffffc6][0xffffffb5][0x6][0xffffffbb][0xffffffc2][0x3][0xffffff9c][0xffffffd9][0xffffffae][0xffffffbd][0xffffffbe]+|[0xffffffa9][0xffffffb9][0xffffffb1]1[0x6][0xfffffff6][0xffffffdb][0x18]>7[0xffffffb6][0xc][0xffffffe6][0xffffffc6]V[0x1c][0xffffffd0][0xffffffc9][0xffffffc4][0x19][0xffffff9b][0x1b][[0xfffffffb]P[0xe][0xffffffea]Z[0xffffff93][0xffffffb9]1[0x9]$[0xffffffe3]Z[0xffffff83][0xffffffb9][0xffffffb1][0x0]g[0xffffffb6]k[0xffffffaf][0xffffffcf][0xffffff8d]-576[0xffffffce]F}[0xffffffdb]q[0xffffffe1]sc[0xffffffcb]`nl[0xffffffc5][0x1][0xffffff9d]L[0xffffff9c][0xffffffb1][0xffffffb9][0xffffffb1][0xffffffb5][0xf][0xffffffe5][0xffffffa0][0xffffffae]5[0xffffff99][0x1b][0xffffff93]@2[0xffffffae]5[0xffffff98][0x1b][0xb]pf[0xffffffbb][0xfffffff6][0xfffffffa][0xffffffdc][0xffffffd8]R[0xffffffdf]e[0x18][0xffffffeb]F[0xffffffed][0xffffffaf]][0xfffffff8]w[0x19][0xffffff96][0xffffffc1]w[0x19]V\[0xffffff80][0xffffff9f][0xffffff89]3[0xfffffff6]][0xffffff86][0xffffffb5]/[0xffffffbd]G]k[0xfffffff2]][0x6][0x9]$[0xffffffe3]Z[0xffffff83][0xffffffef]2[0x4]8[0xffffffb3]][0xfffffffb][0x1b][0xffffffbe][0xffffffcb][0xfffffff0][\r][0xffffffd4][0xffffffdf][0xffffffff][0xffffffeb][0x1f][0xffffffff][0xfffffff0][0xffffffcf][0x7f][0xfffffffe][0xffffffe3][0xffffffdf][0xfffffffe][0xfffffff6][0xfffffffb][0xffffffbf][0xfffffffd][0xffffffeb][0x1f][0xffffffff][0xfffffffc]g[0xffffff82][0xffffffd8][0xffffffed][0x8][0xe][0xffffffe8][0xffffffee]G[0xffffffc2][0x19]V[0x7][0xffffff82]`[0xffffffde][0xffffff8f][0xffffff82]Q-[0xe][0xfffffff2][0xffffffbf]M[0x9]5[0x16]yVl[0xffffff8d][0xffffffdd][0xffffffc2][0xffffffc7]"[0xffffff97][0xffffffc1]X[0xffffffe4][0xffffff8a][0xfffffff3]g[0xffffff99][0xffffff80]cc[0xffffff91]k[0xffffff9f]9CS[0xffffffc2]d,R[0x2][0xffffffc9][0xffffffa4][0xffffff84][0xffffffc1]Xd[0xffffff80]3;%~[0xffffffc3]X$[0xffffff96][0x12]B[0xffffff9e]lJH[0xffffff97][0xffffffb2])![0xffffffd4][0xffffffca][0xffffffa5]D0-[0xffffff95][0x12]A[0xffffffbc][0xffffff97]R"n[0xffffffb3]aS[0x2][0xffffffde]f[0xfffffff3]8[0x1][0xffffff9f][0x12][0xffffffe0]6[0xffffff9b][0xffffffc7][0xffffffd3][0xffffffa9][0xffffff94][0xfffffff0][0xffffffd9]f#P[0xffffffa4]R[0xffffffc2]d[0xffffff9b][0xffffff8d][0xffffffc0][0xffffff92]H[0x9]t[0xffffff9b]M@[0xffffffd4]+%[0xffffff82]<[0xffffffe9][0xffffff94][0x10].[0xffffffa5]S"[0xffffffa8][0xffffff95]L[0xffffff89][0xffffffe2][0xffffff92][0x12][0xffffffe5][0xffffffef][0xffffff90][0x12][0xffffffdd],%:[0xffffff9e][0x12][0xffffffdd] %:[0xffffff9a][0x12][0x1d]K[0xffffff89][0xffffffee][0xffffff94][0x12];[0xffffff8a]TJD [0xffffffa9][0xffffff94][0xffffffd8][0xffffffb1]$R[0xffffffa2][0xffffffc3])[0xffffffd1][0xffffff8d]S"[0xffffffc8][0xffffff93]N[0x9][0xffffffe1]R:%[0xffffff82]Z[0xffffffc9][0xffffff94][0xffffffe8].)[0xffffffd1][0xffffffff][0xe])[0xfffffff1][0xffffffd8][0xffffff85][0xffffffe3][0xffffffd4][0x12][0xffffffc7][0xffffffc4]c[0xffffffe2]~[0x4][0xffffffbe]&>[0xe]A[0xffffffe5][0xffffffc4][0xfffffffd][0xfffffff1]TO[0xffffffbc]"
14:55:25.499 [main] DEBUG org.apache.hc.client5.http.wire - http-outgoing-1 << "?[0xffffffda]%([0x2][0xffffff8f]TQ[0x8]*[0xffffffa9][0xffffffa4][0x8]l[0x12]M[0xffffffb1][0x11][0xffffff9a][0x1f][0x15][0x1b][0xffffffa7]^U[0x11]5Jg[0xffffff85][0xffffffb2]*[0xffffffdd][0x15]Q[0xffffffb2]dX[0xffffffec][0xffffffce][0xffffffe5][0xffffffca]bW[0xfffffff0][0xffffffa5][0xffffffb4](niQ[0xfffffff8][0xffffffb4]([0xe]iQ[0xffffffd8][0xffffffb4](\Z[0x14][0xffffffab][0xffffffb4][0x8]<Ri![0xffffffa8][0xffffffa4][0xffffffd2]"[0xffffffb0]I[0xffffffa4]E[0xffffffa1][0xffffffd3][0xffffffa2]8[0xffffffa7]E[0xffffffd4]([0xffffff9d][0x16][0xffffffca][0xffffffaa]tZD[0xffffffc9][0xffffff92]i[0xffffffb1];[0xffffff97]K[0xffffff8b]][0xffffffc1][0xffffff97][0xffffffd2][0xffffffa2][0xffffffba][0xfffffffd][0x2]R[0xfffffff9][0xffffff9f]@[0xffffffaa][0xffffffc3]o [0xffffff95][0xfffffffd][0x11][0xffffffa4]r[0xffffffbf][0xffffff82]T[0xffffffab][0xffffff9f]A[0x2][0xffffff8f]TZ[0x8]*[0xffffffa9][0xffffffb4][0x8]l[0x12]iQ[0xffffffe9][0xffffff9f]B[0xffffffaa][0xfffffff3]o!Q[0xffffffa3]tZ([0xffffffab][0xffffffd2]i[0x11]%K[0xffffffa6][0xffffffc5][0xffffffee]\.-v[0x5]_J[0xffffff8b]>[0xffffffcc][0xffffffd2][0xffffffa2][0xf]<-[0xffffffee]G[0xffffffe0][0xffffffd3][0xffffffe2][0xffffffe3][0x10]TZ[0xffffffdc][0x1f]O[0xffffffa5][0xffffffc5][0xfffffffb][0xffffffa3]][0xffffffd2]"[0xfffffff0]H[0xffffffa5][0xffffff85][0xffffffa0][0xffffff92]J[0xffffff8b][0xffffffc0]&[0xffffff91][0x16][0x1b][0xffffffa1][0xfffffff9]i[0xffffffb1]q[0xffffffea][0xffffff95][0x16]Q[0xffffffa3]tZ([0xffffffab][0xffffffd2]i[0x11]%K[0xffffffa6][0xffffffc5][0xffffffee]\.-v[0x5]_J[0xffffff8b][0xffffffe1]6[0x2]2[0xfffffff8][0x19][0xffffff90][0xffffffe1]0[0x4]2[0xffffffd8])[0xffffff90][0xffffffc1][0xffffff8d][0xffffff81][0xc][0xffffffab]9[0xffffff90][0xffffffc0]#[0xffffff95][0x16][0xffffff82]J*-[0x2][0xffffff9b]DZ[0xc]z[0x16]d8[0xf][0xffffff83]D[0xffffff8d][0xffffffd2]i[0xffffffa1][0xffffffac]J[0xffffffa7]E[0xffffff94],[0xffffff99][0x16][0xffffffbb]s[0xffffffb9][0xffffffb4][0xffffffd8][0x15]|)-[0x1e][0xffffff9f]#pJ[0xffffff8b][0xfffffff3][0xffffffc0][0xffffffd3][0xffffffe2]~[0x4]>->[0xe]A[0xffffffa5][0xffffffc5][0xfffffffd][0xfffffff1]TZ[0xffffffbc]?[0xffffffda]%-[0x2][0xffffff8f]TZ[0x8]*[0xffffffa9][0xffffffb4][0x8]l[0x12]i[0xffffffb1][0x11][0xffffff9a][0xffffff9f][0x16][0x1b][0xffffffa7]^i[0x11]5J[0xffffffa7][0xffffff85][0xffffffb2]*[0xffffff9d][0x16]Q[0xffffffb2]dZ[0xffffffec][0xffffffce][0xffffffe5][0xffffffd2]bW[0xfffffff0][0xffffffa5][0xffffffb4]8n[0xffffffcb][0xffffffac]-[0xffffffee]'[0xffffffc2][0xffffffe3][0xffffffe2][0xffffffed][0xc]|]|;[0x5][0xffffff95][0x17]o[0xffffffcf][0xffffffa7][0xfffffffa][0xffffffe2][0xffffffe3][0xffffffd9].[0xffffff81][0x11][0xffffffa1][0xffffffa4][\n]"
14:55:25.499 [main] DEBUG org.apache.hc.client5.http.wire - http-outgoing-1 << "C[0xffffffa1]I%F[0x4][0xffffff94]h[0xffffff8c][0x1d][0xffffffd3][0xfffffffc][0xffffffc8][0xffffffd8]a[0xfffffff5][0xffffffaa][0xc]!T:3[0xffffffa4]_[0xffffffe9][0xffffffce][0x10][0xffffffba]%C#[0xffffffd8][0xffffff97]+[0xffffff8d] [0xffffffe3]WR[0xffffffe3]x[0xfffffffb][0xffffffa7][0x1c][0xffffffb7][0xffffff9b][0xffffffda][0xffffffb6][0xffffffb9][0xffffffe6]J[0xf][0xffffff8d][0xffffffcf][0xfffffff3]P[0xffffff99][0xfffffff1][0xffffffe5][0x4]XdlgHN[0xffffff8c]/OO[0xe][0xffffff8c]_?[0x19][0xffffffce][0xffffff8b][0xffffffa7](&[0xffffffc7][0xffffffc5][0xf][0xffffff80]LN[0xffffff8b][0xffffffa7]X&[0xffffff86][0xffffffc5][0x13]8[0xffffffd3][0xffffffb2][0xffffffe2][0x9][0xffffffa2][0x16]Q[0xfffffff1]\[0xffffff9e]PR[0xfffffffc][0xffffffc8][0xffffffa5]PP<W+[0xffffff90][0x13][0xffffffcf]L[0xffffff9b][0x1e][0x13][0xffffffcf][0xffffffc4]{!%[0xe][0xffffff91][0x12][0xfffffff3]8[0xfffffff3][0xffffffbf]m[0xfffffff7]y[0x1e]8%[0xe][0xffffff83][0xffffff94]8"[0xffffffef][0xffffff89][0xffffff80][0x1f]XJ[0x1c]N)[0x11]QdRB[0x1][0xffffffc9][0xffffffa4]D[0xffffffc4]2?%v8[0xffffffb3]SbG[0xffffffd4])%[0xffffff84]<[0xffffffd9][0xffffff94][0xffffff90].eSB[0xffffffa8][0xffffff95]K[0xffffff89]`Z*%[0xffffff82]x/[0xffffffa4]DQ)[0xffffffd1]W[0xfffffffe][0xffffffa7][0x1b]?[0xffffffcf][0x3][0xffffffa7]D1H[0xffffff89][0x12]yO[0x4][0xffffffbc]`)Q[0xffffff9c]R"[0xffffffa2][0xffffffc8][0xffffffa4][0xffffff84][0x2][0xffffff92]I[0xffffff89][0xffffff88]e~J[0xffffffec]pf[0xffffffa7][0xffffffc4][0xffffff8e][0xffffffa8]SJ[0x8]y[0xffffffb2])!][0xffffffca][0xffffffa6][0xffffff84]P+[0xffffff97][0x12][0xffffffc1][0xffffffb4]TJ[0x4][0xfffffff1]^H[0xffffff89][0xffffffaa]R[0xffffffe2][0xffffff9c][0xfffffff9]7)>[0xffffffcf][0x3][0xffffffa7]D5H[0xffffff89][0x1a]yO[0x4][0xffffffbc]b)Q[0xffffff9d]R"[0xffffffa2][0xffffffc8][0xffffffa4][0xffffff84][0x2][0xffffff92]I[0xffffff89][0xffffff88]e~J[0xffffffec]pf[0xffffffa7][0xffffffc4][0xffffff8e][0xffffffa8]SJ[0x8]y[0xffffffb2])!][0xffffffca][0xffffffa6][0xffffff84]P+[0xffffff97][0x12][0xffffffc1][0xffffffb4]TJ[0x4][0xfffffff1]^J[0xffffff89]j[0xffffff96][0x12][0x15]O[0xffffff89]j[0xffffff90][0x12][0x15]M[0xffffff89][0xffffff8a][0xffffffa5]DuJ[0xffffff89][0x1d]E*%"[0xffffff90]TJ[0xffffffec]X[0x12])Q[0xffffffe1][0xffffff94][0xffffffa8][0xffffffc6])[0x11][0xffffffe4]I[0xffffffa7][0xffffff84]p)[0xffffff9d][0x12]A[0xffffffad]dJT[0xffffff97][0xffffff94][0xffffffa8]?[0xffffff9d][0x12]M[0xffffffbc][0xffffff95]X[0xffffffa5]W*%[0x1a][0xfffffffe]V[0xffffffa2][0x19][0xffffffbc][0xffffff95]h1[0xffffff9d][0x13][0x1]o[0xffffffd8][[0xffffff89][0xffffffe6][0xfffffff4]V"[0xffffffa2][0xffffffc8][0xffffffa4][0xffffff84][0x2][0xffffff92]I[0xffffff89][0xffffff88]e~J[0xffffffec]pf[0xffffffa7][0xffffffc4][0xffffff8e][0xffffffa8]SJ[0x8]y[0xffffffb2])!][0xffffffca][0xffffffa6][0xffffff84]P+[0xffffff97][0x12][0xffffffc1][0xffffffb4]TJ[0x4][0xfffffff1]^H[0xffffff89][0xffffffae]R[0xffffffa2][0xffffffb5][0xffffff83]J[0xffffff89][0xffffff8e][0xffffffa7]D7H[0xffffff89][0x1e]yO[0x4][0xffffffbc]c)[0xffffffd1][0xffffff9d]R"[0xffffffa2][0xffffffc8][0xffffffa4][0xffffff84][0x2][0xffffff92]I[0xffffff89][0xffffff88]e~J[0xffffffec]pf[0xffffffa7][0xffffffc4][0xffffff8e][0xffffffa8]SJ[0x8]y[0xffffffb2])!][0xffffffca][0xffffffa6][0xffffff84]P+[0xffffff97][0x12][0xffffffc1][0xffffffb4]TJ[0x4][0xfffffff1]^J[0xffffff89]b[0xffffff96][0x12][0xffffffd8][0xffffffae][0xffffffcc]/'[0xffffffe0]S[0x2][0xffffffd9][0xffffff94][0xfffffff9][0xffffffe5][0xffffffe9]TJ8[0xffffffec][0xffffffc9]|[0xffffff8a]"[0xffffff95][0x12][0xfffffff8][0xffffff96][0xffffffcc][0xffffffa7]X[0x12])[0x1][0xffffffed][0xffffffc8]|[0xffffff82][0xffffffa8]WJ[0xffffffb8]l[0xffffffc8][0xfffffffc][0xffffff91]K[0xffffffe9][0xffffff94]p[0xffffffd8][0xffffff8f][0xfffffff9][0xffffffcc][0xffffffb4]\J[0xfffffffc][0xffffffc4]v[0xffffffcc][0xffffff8f][0x7f][0xffffffc6]Po%f;[0xffffffa9][0xffffff94][0x18][0xfffffff8][[0xffffff89]a[0xfffffff0]Vb[0xffffffc4]tN[0x4]|`o%[0xffffff86][0xffffffd3][[0xffffff89][0xffffff88]"[0xffffff93][0x12][\n]"
14:55:25.499 [main] DEBUG org.apache.hc.client5.http.wire - http-outgoing-1 << "H&%"[0xffffff96][0xfffffff9])[0xffffffb1][0xffffffc3][0xffffff99][0xffffff9d][0x12];[0xffffffa2]N)![0xffffffe4][0xffffffc9][0xffffffa6][0xffffff84]t)[0xffffff9b][0x12]B[0xffffffad]\J[0x4][0xffffffd3]R)[0x11][0xffffffc4]{!%N[0xffffff95][0x12][0xffffffeb][0xffffffc0][0xffffffde]J[0xffffff9c]xJ[0xffffff9c][0x6])qF[0xffffffde][0x13][0x1]?[0xffffffb1][0xffffff94]8[0xffffff9d]R"[0xffffffa2][0xffffffc8][0xffffffa4][0xffffff84][0x2][0xffffff92]I[0xffffff89][0xffffff88]e~J[0xffffffec]pf[0xffffffa7][0xffffffc4][0xffffff8e][0xffffffa8]SJ[0x8]y[0xffffffb2])!][0xffffffca][0xffffffa6][0xffffff84]P+[0xffffff97][0x12][0xffffffc1][0xffffffb4]TJ[0x4][0xfffffff1]^H[0xffffff89])Sb`[0xffffffdb].'[0xffffff9e][0x12][0xffffffd3] %f[0xffffffe4]=[0x11][0xfffffff0][0xffffff89][0xffffffa5][0xffffffc4]tJ[0xffffff89][0xffffff88]"[0xffffff93][0x12][\n]"
14:55:25.499 [main] DEBUG org.apache.hc.client5.http.wire - http-outgoing-1 << "H&%"[0xffffff96][0xfffffff9])[0xffffffb1][0xffffffc3][0xffffff99][0xffffff9d][0x12];[0xffffffa2]N)![0xffffffe4][0xffffffc9][0xffffffa6][0xffffff84]t)[0xffffff9b][0x12]B[0xffffffad]\J[0x4][0xffffffd3]R)[0x11][0xffffffc4]{!%VL[0xffffff89]r[0xffffffbb]qo%[0x16][0xffffff9e][0x12][0xffffffcb] %V[0xffffffe4]=[0x11][0xfffffff0][0xffffff85][0xffffffa5][0xffffffc4]rJ[0xffffff89][0xffffff88]"[0xffffff93][0x12][\n]"
14:55:25.499 [main] DEBUG org.apache.hc.client5.http.wire - http-outgoing-1 << "H&%"[0xffffff96][0xfffffff9])[0xffffffb1][0xffffffc3][0xffffff99][0xffffff9d][0x12];[0xffffffa2]N)![0xffffffe4][0xffffffc9][0xffffffa6][0xffffff84]t)[0xffffff9b][0x12]B[0xffffffad]\J[0x4][0xffffffd3]R)[0x11][0xffffffc4][0xfffffffb]zJ[0x1c][0xffffff87]J[0xffffff89]R[0xffffffa9][0xffffffbd][0x12]o[0xffffffe7]aS[0xffffffe2]q[0x2]8%[0xffffffbe][0xffffff9f][0x1]I[0xffffff89][0xffffffc7][0xffffffd3][0xffffff91][0xffffff94][0xfffffff8][0xfffffff6]d[0xffffff8b][0xffffff94][0x10](")![0xffffff81]DRB`[0xffffff99][0xffffff9e][0x12][0x1][0xffffffce][0xffffffe4][0xffffff94][0x8][0xffffff88][0x1a][0xffffffa5][0xffffff84][0xffffff92]'[0xffffff9a][0x12][0xffffffda][0xffffffa5]hJ([0xffffffb5]b)[0x11]M[0xb][0xffffffa5]D[0x14][0xffffffef][0xffffff85][0xffffff94][0x10]{%[0xffffffca]m[0xffffffdd][0x1a][0xffffff95][0x12][0xfffffff8]^[0xffffff89][0xffffffc3]`[0xffffffaf][0xffffffc4]![0xffffff86][0xffffff9f][0x13][0x1][0xffffffc7][0xfffffff6]J[0x1c]a[0xffffffbc][0xffffff99]L[0x9][0xffffff93][0xffffffbd][0x12][0x12]H"
14:55:25.501 [main] DEBUG org.apache.hc.client5.http.wire - http-outgoing-1 << "&%[0xc][0xfffffff6]J[0x4]8[0xffffffb3]S[0xffffffc2]x[0xffffffaf][0xffffff84][0xffffff92]'[0xffffff9b][0x12]~{%[0xffffff94]Z[0xffffffb9][0xffffff94]p[0xffffffd9]+[0x11][0xffffffc5]{!%[0xffffffc4]0h9[0xffffffca][0xffffffea]TJ[0xffffffe0][0xffffffc3][0xffffffa0][0xffffff87][0xffffffc1]0[0xffffffe8]!&[0xffffff96][0x12][0x1][0xffffffc7][0xffffff86]A[0xffffff8f]0[0xffffff93]D[0xffffffa6][0xffffff84][0xffffffc9]0[0xffffffa8][0x4][0xffffff92]I[0x9][0xffffff83]a[0xffffffd0][0x0]gvJ[0x18][0xf][0xffffff83]*y[0xffffffb2])[0xffffffe1]7[0xc][0xffffffaa][0xffffffd4][0xffffffca][0xffffffa5][0xffffff84][0xffffffcb]0h[0x14][0xffffffef][0xffffff85][0xffffff94]Pw%[0xffffffca][0xffffff98][0xffffffd4][0xffffff97]A[0xf][0xfffffffc][0xffffffae][0xffffffc4]apW[0xffffffe2][0x10]?[0xffffffe8]%[0x2][0xffffff8e][0xffffffdd][0xffffff95]8[0xffffffc2]OvdJ[0xffffff98][0xffffffdc][0xffffff95][0xffffff90]@2)apW"[0xffffffc0][0xffffff99][0xffffff9d][0x12][0xffffffc6]w%[0xffffff94]<[0xffffffd9][0xffffff94][0xfffffff0][0xffffffbb]+[0xffffffa1][0xffffffd4][0xffffffca][0xffffffa5][0xffffff84][0xffffffcb]][0xffffff89]([0xffffffde][0xffffffd7]S[0xffffffa2][0xffffffdc]TJ[0xffffffac][0x1b]uW[0xffffffe2][0xffffffed]<lJ[0xffffff94][0xffffff9b][0xffffffc2]?[0xffffff97][0xfffffff7][0xffffffef]g@R[0xffffffa2][0xffffffdc][0xffffffa8][0xffffff94][0xfffffff8][0xfffffff6]d[0xffffff8b][0xffffff94][0x10](")![0xffffff81]DRB`[0xffffff99][0xffffff9e][0x12][0x1][0xffffffce][0xffffffe4][0xffffff94][0x8][0xffffff88][0x1a][0xffffffa5][0xffffff84][0xffffff92]'[0xffffff9a][0x12][0xffffffda][0xffffffa5]hJ([0xffffffb5]b)[0x11]M[0xb][0xffffffa5]D[0x14][0xffffffef][0xffffff85][0xffffff94][0x10][0x1f][0x19]/[0xffffffb5][0xffffff96][0x1b][0xffffff95][0x12][0xfffffff8]G[0xffffffc6][0xffffff8b][0xffffffc1]G[0xffffffc6][0xffffff8b][0xfffffff8][0x12]n"[0xffffffe0][0xffffffd8]G[0xffffffc6]K[0xfffffff8][0xffffffd6]-[0xffffff99][0x12]&[0x1f][0x19][0xffffff97]@2)a[0xfffffff0][0xffffff91][0xfffffff1][0x0]gvJ[0x18][0x7f]d\[0xffffffc9][0xffffff93]M[0x9][0xffffffbf][0xffffff8f][0xffffff8c]+[0xffffffb5]r)[0xffffffe1][0xfffffff2][0xffffff91][0xfffffff1]([0xffffffde][0xb])!>2~O[0x9][0xffffffec]s^[0x5][0xffffffff][0xffffffc8]x1[0xfffffff8][0xffffffc8]x[0x11]_[0xffffffc2]M[0x4][0x1c][0xfffffffb][0xffffffc8]x[0x9][0xffffffdf][0xffffffba]%S[0xffffffc2][0xffffffe4]#[0xffffffe3][0x12]H&%[0xc]>2[0x1e][0xffffffe0][0xffffffcc]N[0x9][0xffffffe3][0xffffff8f][0xffffff8c]+y[0xffffffb2])[0xffffffe1][0xfffffff7][0xffffff91]q[0xffffffa5]V.%\>2[0x1e][0xffffffc5]{!%[0xffffffd4][0x4]G[0xffffffad][0x13]{+[0xffffff81]Op[0x14][0xffffff83][0x9][0xffffff8e]"[0xffffffae][0x19]'[0x2][0xffffff8e]Mp[0xffffff94]p[0xffffff91][0xffffff98]L[0x9][0xffffff93][0x9][0xe][0x9]$[0xffffff93][0x12][0x6][0x13][0x1c][0x1][0xffffffce][0xffffffec][0xffffff94]0[0xffffff9e][0xffffffe0]P[0xfffffff2]dS[0xffffffc2]o[0xffffff82]C[0xffffffa9][0xffffff95]K[0x9][0xffffff97][0x9][0xffffff8e]([0xffffffde][0xb])![0xffffffbe][0xc]Zj[0xffffffab][0xffffffd4]78[\n]"
14:55:25.501 [main] DEBUG org.apache.hc.client5.http.wire - http-outgoing-1 << "[0xfffffffe]e[0xffffffd0]b[0xfffffff0]e[0xffffffd0]">_[0xffffff97][0x8]8[0xfffffff6]e[0xffffffd0][0x12]>PG[0xffffffa6][0xffffff84][0xffffffc9][0xffffff97]A%[0xffffff90]LJ[0x18]|[0x19]4[0xffffffc0][0xffffff99][0xffffff9d][0x12][0xffffffc6]_[0x6]U[0xfffffff2]dS[0xffffffc2][0xffffffef][0xffffffcb][0xffffffa0]J[0xffffffad]\J[0xffffffb8]|[0x19]4[0xffffff8a][0xfffffff7]BJ[0xffffff88][0xffffffcf]y[0xffffff95][0xffffffda][0x17]5[0xffffffc1]Q[0xfffffff0][0xffffffcf]y[0x15][0xffffff83][0xffffffcf]y[0x15][0xfffffff1][0xffffffcd][0xffffff99]D[0xffffffc0][0xffffffb1][0xffffffcf]y[0xffffff95][0xfffffff0]U[0x19]2%L>[0xffffffe7]%[0xffffff81]dR[0xffffffc2][0xffffffe0]s^[0x1][0xffffffce][0xffffffec][0xffffff94]0[0xfffffffe][0xffffff9c][0xffffff97][0xffffff92]'[0xffffff9b][0x12]~[0xffffff9f][0xfffffff3]Rj[0xffffffe5]R[0xffffffc2][0xffffffe5]s^Q[0xffffffbc][0x17]RB|[0xffffffce][0xffffffab][0xffffffb4][[0xffffffa7][0xfffffff6]J[0x14][0xfffffffc]s^[0xffffffc5][0xffffffe0]s^E|s&[0x11]p[0xffffffec]s^%|U[0xffffff86]L[0x9][0xffffff93][0xffffffcf]yI [0xffffff99][0xffffff94]0[0xfffffff8][0xffffff9c]W[0xffffff80]3;%[0xffffff8c]?[0xffffffe7][0xffffffa5][0xffffffe4][0xffffffc9][0xffffffa6][0xffffff84][0xffffffdf][0xffffffe7][0xffffffbc][0xffffff94]Z[0xffffffb9][0xffffff94]p[0xfffffff9][0xffffff9c]W[0x14][0xffffffef][0xffffff85][0xffffff94][0x10][0xffffff9f][0xfffffff3]*[0xffffffad][0xffffff9c][0xffffff8d]J[0x9][0xfffffffc]s^[0xffffffc5][0xffffffe0]s^E|s&[0x11]p[0xffffffec]s^%|U[0xffffff86]L[0x9][0xffffff93][0xffffffcf]yI [0xffffff99][0xffffff94]0[0xfffffff8][0xffffff9c]W[0xffffff80]3;%[0xffffff8c]?[0xffffffe7][0xffffffa5][0xffffffe4][0xffffffc9][0xffffffa6][0xffffff84][0xffffffdf][0xffffffe7][0xffffffbc][0xffffff94]Z[0xffffffb9][0xffffff94]p[0xfffffff9][0xffffff9c]W[0x14][0xffffffef][0xffffffa5][0xffffff94][0xffffff88][0xffffffdb].[0xffffffd9][0xffffff94][0xffffff80][0xffffffb7]]]]><![CDATA[>N[0xffffffc0][0xffffffa7][0x4][0xffffffb8][0xffffffed][0xfffffff2][0xfffffff1]t*%|[0xffffffb6]][\n]"
14:55:25.501 [main] DEBUG org.apache.hc.client5.http.wire - http-outgoing-1 << "[0x14][0xffffffa9][0xffffff94]0[0xffffffd9]v)[0xffffffb0]$R[0x2][0xffffffdd]v[0x19][0x10][0xfffffff5]J[0x9][0xffffffaf]m[0xffffff97][0xffffffda][0xffffffa5]tJ[0xfffffff8]l[0xffffffbb][0xffffff8c][0xffffffa6][0xffffffe5]R[0xffffffe2][0xffffffa7][0xffffffb7]][0x16][0xffffffb5][0xffffffed][0xffffffb2][0xffffff9d]7[0xffffffea][0xffffffcb][0xffffffa0][0x5][0xffffffdf]vY[0xc][0xffffffb6]][0x16][0xffffffb1][0xffffff92]-[0x11]pl[0xffffffdb]e[0x9]K[0xffffffd7][0xffffffc8][0xffffff94]0[0xffffffd9]v)[0xffffff81]dR[0xffffffc2]`[0xffffffdb]e[0xffffff80]3;%[0xffffff8c][0xffffffb7]]*y[0xffffffb2])[0xffffffe1][0xffffffb7][0xffffffed]R[0xffffffa9][0xffffff95]K[0x9][0xffffff97]m[0xffffff97]Q[0xffffffbc][0xffffffaf][0xffffffa7]DU[0xffffffdb].[0x1b][0xffffffb7][0xffffffed][0xffffffb2][0xffffffe2][0xffffffdb].[0xffffffab][0xffffffc1][0xffffffb6][0xffffffcb]*V[0xffffffb2][0xffffffe5][0x1]^[0xffffffb1]m[0xffffff97]5,][0x3]SB[0xffffffa0][0xffffff88][0xffffffa4][0xffffff84][0x4][0x12]I[0x9][0xffffff81]ezJ[0x4]8[0xffffff93]S" j[0xffffff94][0x12]J[0xffffff9e]hJh[0xffffff97][0xffffffa2])[0xffffffa1][0xffffffd4][0xffffff8a][0xffffffa5]D4-[0xffffff94][0x12]Q[0xffffffbc][0x17]RB[0xffffffad][0xffffffa8][0xffffffea]sP[0xffffffc3][0xffffffa0][0x15]_QU[\r]VTU[0xffffffb1]G%[0x11]plEU[\r][0xffffff9b]R[0xffffffc8][0xffffff94]0YQ%[0xffffff81]dR[0xffffffc2]`EU[0xffffff80]3;%[0xffffff8c]WT)y[0xffffffb2])[0xffffffe1][0xffffffb7][0xffffffa2]J[0xffffffa9][0xffffff95]K[0x9][0xffffff97][0x15]UQ[0xffffffbc][0x17]RB[0xffffffad][0xffffffa8][0x1a][0xffffffb7][0x13]{+[0xffffff81][0xffffffaf][0xffffffa8][0xffffffaa][0x6]+[0xffffffaa][0xffffffaa][0xffffffd8][0xffffffa3][0xffffff92][0x8]8[0xffffffb6][0xffffffa2][0xffffffaa][0xffffff86]M)dJ[0xffffff98][0xffffffac][0xffffffa8][0xffffff92]@2)a[0xffffffb0][0xffffffa2]*[0xffffffc0][0xffffff99][0xffffff9d][0x12][0xffffffc6]+[0xffffffaa][0xffffff94]<[0xffffffd9][0xffffff94][0xfffffff0][Q[0xffffffa5][0xffffffd4][0xffffffca][0xffffffa5][0xffffff84][0xffffffcb][0xffffff8a][0xffffffaa]([0xffffffde][0xb])[0xffffffa1][0xfffffff6]J[0xffffff8c][0xffffff8e][0xffffffad][0xffffffa8][0xffffffaa][0xfffffff8]^[0xffffff89]j[0xffffffb0]W[0xffffffa2][0xffffff8a][0xffffffe1][0xffffffe7]D[0xffffffc0][0xffffffb1][0xffffffbd][0x12]5[0xffffff8c]7[0xffffff93])a[0xffffffb2]WB[0x2][0xffffffc9][0xffffffa4][0xffffff84][0xffffffc1]^[0xffffff89][0x0]gvJ[0x18][0xffffffef][0xffffff95]P[0xfffffff2]dS[0xffffffc2]o[0xffffffaf][0xffffff84]R+[0xffffff97][0x12].{%[0xffffffa2]x/[0xffffffa4][0xffffff84][0xffffffda]+1FkTJ[0xffffffe0]{%[0xffffffaa][0xffffffc1]^[0xffffff89]*[0xffffff86][0xffffff9f][0x13][0x1][0xffffffc7][0xfffffff6]J[0xffffffd4]0[0xffffffde]L[0xffffffa6][0xffffff84][0xffffffc9]^[0x9][0x9]$[0xffffff93][0x12][0x6]{%[0x2][0xffffff9c][0xffffffd9])a[0xffffffbc]WB[0xffffffc9][0xffffff93]M[0x9][0xffffffbf][0xffffffbd][0x12]J[0xffffffad]\J[0xffffffb8][0xffffffec][0xffffff95][0xffffff88][0xffffffe2][0xffffffbd][0xffffff90][0x12]j[0xffffff82][0xffffffe3]<&[0xfffffff5]9[0xffffffaf][0xffffff8a]OpT[0xffffff83][0x9][0xffffff8e]*[0xffffffae][0x19]'[0x2][0xffffff8e]Mp[0xffffffd4]p[0xffffff91][0xffffff98]L[0x9][0xffffff93][0x9][0xe][0x9]$[0xffffff93][0x12][0x6][0x13][0x1c][0x1][0xffffffce][0xffffffec][0xffffff94]0[0xffffff9e][0xffffffe0]P[0xfffffff2]dS[0xffffffc2]o[0xffffff82]C[0xffffffa9][0xffffff95]K[0x9][0xffffff97][0x9][0xffffff8e]([0xffffffde][0xffffffd7]S[0xffffffa2][0xffffffa9][0x9][0xffffff8e][0xffffffb3][0xfffffff6][0x1][0xffffffa5]D[0xffffffc3]'8[0xffffff9a][0xffffffc1][0x4]G[0x13][0xffffffd7][0xffffff8c][0xfffffff3][0x0]o[0xffffffd8][0x4]G[0xb][0x17][0xffffff89][0xffffffc1][0xffffff94][0x10](")![0xffffff81]DRB`[0xffffff99][0xffffff9e][0x12][0x1][0xffffffce][0xffffffe4][0xffffff94][0x8][0xffffff88][0x1a][0xffffffa5][0xffffff84][0xffffff92]'[0xffffff9a][0x12][0xffffffda][0xffffffa5]hJ([0xffffffb5]b)[0x11]M[0xb][0xffffffa5]D[0x14][0xffffffef][0xffffff85][0xffffff94]8TJ[0xffffff9c][0xffffff9d][0xfffffffa][0x6][0xffffffc7][0xffffffdb]y[0xffffffe0][0xffffff94]8[0xc]R[0xffffffe2][0xffffff88][0xffffffbc]'[0x2]~`)q8[0xffffffa5]DD[0xffffff91]I[0x9][0x5]$[0xffffff93][0x12][0x11][0xffffffcb][0xfffffffc][0xffffff94][0xffffffd8][0xffffffe1][0xffffffcc]N[0xffffff89][0x1d]Q[0xffffffa7][0xffffff94][0x10][0xfffffff2]dSB[0xffffffba][0xffffff94]M[0x9][0xffffffa1]"
14:55:25.503 [main] DEBUG org.apache.hc.client5.http.wire - http-outgoing-1 << "V.%[0xffffff82]i[0xffffffa9][0xffffff94][0x8][0xffffffe2][0xffffffbd][0xffffff90][0x12]E[0xffffffa5][0xffffffc4][0xffffffea][0xffffff8b]J[0xffffff89][0xffffff82][0xffffffa7]D1H[0xffffff89][0x12]yO[0x4][0xffffffbc]`)Q[0xffffff9c]R"[0xffffffa2][0xffffffc8][0xffffffa4][0xffffff84][0x2][0xffffff92]I[0xffffff89][0xffffff88]e~J[0xffffffec]pf[0xffffffa7][0xffffffc4][0xffffff8e][0xffffffa8]SJ[0x8]y[0xffffffb2])!][0xffffffca][0xffffffa6][0xffffff84]P+[0xffffff97][0x12][0xffffffc1][0xffffffb4]TJ[0x4][0xfffffff1]^H[0x9][0xffffffb5]Wb[0xffffff96]N[\r][0xffffff83]6|[0xffffffaf]D3[0xffffffd8]+[0xffffffd1][0xffffffc4][0xfffffff0]s"[0xffffffe0][0xffffffd8]^[0xffffff89][0x16][0xffffffc6][0xffffff9b][0xffffffc9][0xffffff94]0[0xffffffd9]+![0xffffff81]dR[0xffffffc2]`[0xffffffaf]D[0xffffff80]3;%[0xffffff8c][0xfffffff7]J(y[0xffffffb2])[0xffffffe1][0xffffffb7]WB[0xffffffa9][0xffffff95]K[0x9][0xffffff97][0xffffffbd][0x12]Q[0xffffffbc][0x17]RB[0xffffffed][0xffffff95][0xffffff98][0xffffffad]Q[0xffffff8b][0xffffffb3][0x1b][0xffffffbe]W[0xffffffa2][0x19][0xffffffec][0xffffff95]hb[0xfffffff8]9[0x11]pl[0xffffffaf]D[0xb][0xffffffe3][0xffffffcd]dJ[0xffffff98][0xffffffec][0xffffff95][0xffffff90]@2)a[0xffffffb0]W"[0xffffffc0][0xffffff99][0xffffff9d][0x12][0xffffffc6]{%[0xffffff94]<[0xffffffd9][0xffffff94][0xfffffff0][0xffffffdb]+[0xffffffa1][0xffffffd4][0xffffffca][0xffffffa5][0xffffff84][0xffffffcb]^[0xffffff89]([0xffffffde][0xb])[0xffffffd1]UJ[0xffffff8c][0xffffff8a][0xffffffbd][0xffffff95][0xffffffe8]xJt[0xffffff83][0xffffff94][0xffffffe8][0xffffff91][0xfffffff7]D[0xffffffc0];[0xffffff96][0x12][0xffffffdd])%"[0xffffff8a]LJ( [0xffffff99][0xffffff94][0xffffff88]X[0xffffffe6][0xffffffa7][0xffffffc4][0xe]gvJ[0xffffffec][0xffffff88]:[0xffffffa5][0xffffff84][0xffffff90]'[0xffffff9b][0x12][0xffffffd2][0xffffffa5]lJ[0x8][0xffffffb5]r)[0x11]LK[0xffffffa5]D[0x10][0xffffffef][0xffffff85][0xffffff94]P+[0xffffffaa][0xffffffe6]yv*%[0xfffffff0][0x15]U[0xffffffcd]`EU[0x13]{T[0x12][0x1][0xffffffc7]VT[0xffffffb5][0xffffffb0])[0xffffff85]L[0x9][0xffffff93][0x15]U[0x12]H&%[0xc]VT[0x5]8[0xffffffb3]S[0xffffffc2]xE[0xffffff95][0xffffff92]'[0xffffff9b][0x12]~+[0xffffffaa][0xffffff94]Z[0xffffffb9][0xffffff94]pYQ[0x15][0xffffffc5]{!%[0xffffffd4][0xffffff8a][0xffffffaa][0xffffffb9][0xe][0xffffffec][0xffffffad][0x4][0xffffffbe][0xffffffa2][0xffffffaa][0x19][0xffffffac][0xffffffa8]jb[0xffffff8f]J"[0xffffffe0][0xffffffd8][0xffffff8a][0xffffffaa][0x16]6[0xffffffa5][0xffffff90])a[0xffffffb2][0xffffffa2]J[0x2][0xffffffc9][0xffffffa4][0xffffff84][0xffffffc1][0xffffff8a][0xffffffaa][0x0]gvJ[0x18][0xffffffaf][0xffffffa8]R[0xfffffff2]dS[0xffffffc2]oE[0xffffff95]R+[0xffffff97][0x12].+[0xffffffaa][0xffffffa2]x/[0xffffffa4][0xffffffc4][0xffffff94])[0xfffffff1]8&[0xffffff92][0x12][0x13]O[0xffffff89]i[0xffffff90][0x12]3[0xfffffff2][0xffffff9e][0x8][0xfffffff8][0xffffffc4]Rb:[0xffffffa5]DD[0xffffff91]I[0x9][0x5]$[0xffffff93][0x12][0x11][0xffffffcb][0xfffffffc][0xffffff94][0xffffffd8][0xffffffe1][0xffffffcc]N[0xffffff89][0x1d]Q[0xffffffa7][0xffffff94][0x10][0xfffffff2]dSB[0xffffffba][0xffffff94]M[0x9][0xffffffa1]V.%[0xffffff82]i[0xffffffa9][0xffffff94][0x8][0xffffffe2]}=%[0xffffffba]ZQ[0xffffffb5]n[0xffffffe7][\r]J[0xffffff89][0xffffff8e][0xffffffaf][0xffffffa8][0xffffffea][0x6]+[0xffffffaa][0xffffffba][0xffffffd8][0xffffffa3][0xffffff92][0x7]x[0xffffffc7]VT[0xfffffff5][0xffffffb0])[0x5]L[0x9][0xffffff81]"[0xffffff92][0x12][0x12]H$%[0x4][0xffffff96][0xffffffe9])[0x11][0xffffffe0]LN[0xffffff89][0xffffff80][0xffffffa8]QJ(y[0xffffffa2])[0xffffffa1]][0xffffff8a][0xffffffa6][0xffffff84]R+[0xffffff96][0x12][0xffffffd1][0xffffffb4]PJD[0xfffffff1]^H[0x9][0xffffffb5]Wb[0xffffffd5][0x1b][0xfffffff5]9[0xffffffaf][0xffffff8e][0xffffffef][0xffffff95][0xffffffe8][0x6]{%[0xffffffba][0x18]~N[0x4][0x1c][0xffffffdb]+[0xffffffd1][0xffffffc3]x3[0xffffff99][0x12]&{%$[0xffffff90]LJ[0x18][0xffffffec][0xffffff95][0x8]pf[0xffffffa7][0xffffff84][0xfffffff1]^[0x9]%O6%[0xfffffffc][0xfffffff6]J([0xffffffb5]r)[0xffffffe1][0xffffffb2]W"[0xffffff8a][0xfffffff7]BJ[0xffffffa8]a[0xffffffd0]5Oj[0x18][0xffffffb4][0xffffffe3][0xffffffc3][0xffffffa0][0xffffffdd]`[0x18][0xffffffb4][0xffffff8b][0xffffff89][0xffffffa5]D[0xffffffc0][0xffffffb1]a[0xffffffd0][0x1e]f[0xffffff92][0xffffffc8][0xffffff94]0[0x19][0x6][0xffffff95]@2)a0[0xc][0x1a][0xffffffe0][0xffffffcc]N[0x9][0xffffffe3]aP%O6%[0xfffffffc][0xffffff86]A[0xffffff95]Z[0xffffffb9][0xffffff94]p[0x19][0x6][0xffffff8d][0xffffffe2][0xffffffbd][0xffffff90][0x12]b[0xffffff82][0xffffffa3][0xffffffde][0xfffffffa][\r]K[0x9]|[0xffffff82][0xffffffa3][0x1b]Lptq[0xffffffcd]8[0x11]pl[0xffffff82][0xffffffa3][0xffffff87][0xffffff8b][0xffffffc4]dJ[0xffffff98]LpH [0xffffff99][0xffffff94]0[0xffffff98][0xffffffe0][0x8]pf[0xffffffa7][0xffffff84][0xfffffff1][0x4][0xffffff87][0xffffff92]'[0xffffff9b][0x12]~[0x13][0x1c]J[0xffffffad]\J[0xffffffb8]LpD[0xfffffff1]^J[0xffffff89]b[0xffffff96][0x12][0x5]O[0xffffff89]b[0xffffff90][0x12][0x5]M[0xffffff89][0xffffff82][0xffffffa5]DqJ[0xffffff89][0x1d]E*%"[0xffffff90]TJ[0xffffffec]X[0x12])Q[0xffffffe0][0xffffff94]([0xffffffc6])[0x11][0xffffffe4]I[0xffffffa7][0xffffff84]p)[0xffffff9d][0x12]A[0xffffffad]dJ[0x14][0xffffff97][0xffffff94](?[0xffffff9b][0x12]C[0xffffffbd][0xffffff95](cQ{%[0x6][0xfffffffe]Vb[0x18][0xffffffbc][0xffffff95][0x18]"[0xffffff9d][0xfffffff3][0x0][0x1f][0xffffffd8][[0xffffff89][0x11][0xffffffe2][0x18]L[0x9][0xffffff81]"[0xffffff92][0x12][0x12]H$%[0x4][0xffffff96][0xffffffe9])[0x11][0xffffffe0]LN[0xffffff89][0xffffff80][0xffffffa8]QJ(y[0xffffffa2])[0xffffffa1]][0xffffff8a][0xffffffa6][0xffffff84]R+[0xffffff96][0x12][0xffffffd1][0xffffffb4]PJD[0xfffffff1]^H[0x9][0xffffffb1]W[0xffffffa2][0xffffffd6][0x3][0xffffffbb]v9[0xfffffff0][0xffffffbd][0x12][0xffffffc3]`[0xffffffaf][0xffffffc4][0x10][0xffffffc3][0xffffffcf][0xffffff89][0xffffff80]c{%F[0x18]o&S[0xffffffc2]d[0xffffffaf][0xffffff84][0x4][0xffffff92]I[0x9][0xffffff83][0xffffffbd][0x12][0x1][0xffffffce][0xffffffec][0xffffff94]0[0xffffffde]+[0xffffffa1][0xffffffe4][0xffffffc9][0xffffffa6][0xffffff84][0xffffffdf]^[0x9][0xffffffa5]V.%\[0xfffffff6]JD[0xfffffff1]^J[0xffffff89][0xfffffff8][0x3][0x7][0xffffff9b][0x12][0xfffffff0][0xf][0x1c][0xffffff8f][0x13][0xfffffff0])[0x1][0xfffffffe][0xffffffc0][0xfffffff1]x:[0xffffff95][0x12]>?p[0x8][0x14][0xffffffa9][0xffffff94]0[0xfffffff9][0xffffff81]C`I[0xffffffa4][0x4][0xfffffffa][0x3]G@[0xffffffd4]+%[0xffffffbc]~[0xffffffe0][0xffffffd0].[0xffffffa5]S[0xffffffc2][0xffffffe7][0x7][0xffffff8e]hZ.%~[0xfffffffe][0x7][0xffffff8e][0xfffffff3][0xffffff97]i[0xffffff96][0x12][0x13]O[0xffffff89]i[0xffffff90][0x12][0x13]M[0xffffff89][0xffffff89][0xffffffa5][0xffffffc4]tJ[0xffffff89][0x1d]E*%"[0xffffff90]TJ[0xffffffec]X[0x12])1[0xffffffe1][0xffffff94][0xffffff98][0xffffffc6])[0x11][0xffffffe4]I[0xffffffa7][0xffffff84]p)[0xffffff9d][0x12]A[0xffffffad]dJL[0xffffff97][0xffffff94][0xffffff98][0x7f][0xffffff87][0xffffff94]8[0xffffff86]YK[0x1c][0x3][0xffffff8f][0xffffff89][0xfffffffb][0x11][0xfffffff8][0xffffff9a][0xfffffff8]8[0x4][0xffffff95][0x13][0xfffffff7][0xffffffc7]S=[0xfffffff1][0xfffffffe]h[0xffffff97][0xffffffa0][0x8]<RE![0xffffffa8][0xffffffa4][0xffffff92]"[0xffffffb0]I4[0xffffffc5]Fh~Tl[0xffffff9c]zUE[0xffffffd4]([0xffffff9d][0x15][0xffffffca][0xffffffaa]tWD[0xffffffc9][0xffffff92]a[0xffffffb1];[0xffffff97]+[0xffffff8b]][0xffffffc1][0xffffff97][0xffffffd2][0xffffffa2][0xffffff9d]fi[0xffffffd1]N<-[0xffffffee]G[0xffffffe0][0xffffffd3][0xffffffe2][0xffffffe3][0x10]TZ[0xffffffdc][0x1f]O[0xffffffa5][0xffffffc5][0xfffffffb][0xffffffa3]][0xffffffd2]"[0xfffffff0]H[0xffffffa5][0xffffff85][0xffffffa0][0xffffff92]J[0xffffff8b][0xffffffc0]&[0xffffff91][0x16][0x1b][0xffffffa1][0xfffffff9]i[0xffffffb1]q[0xffffffea][0xffffff95][0x16]Q[0xffffffa3]tZ([0xffffffab][0xffffffd2]i[0x11]%K[0xffffffa6][0xffffffc5][0xffffffee]\.-v[0x5]_J[0xffffff8b][0xffffffee][0xffffff96][0x16][0xffffff9d]O[0xffffff8b][0xffffffee][0xffffff90][0x16][0xffffff9d]M[0xffffff8b][0xffffffce][0xffffffa5]E[0xffffffb7]J[0xffffff8b][0xffffffc0]#[0xffffff95][0x16][0xffffff82]J*-[0x2][0xffffff9b]DZt:-[0xffffffba]sZD[0xffffff8d][0xffffffd2]i[0xffffffa1][0xffffffac]J[0xffffffa7]E[0xffffff94],[0xffffff99][0x16][0xffffffbb]s[0xffffffb9][0xffffffb4][0xffffffd8][0x15]|)-f7K[0xffffff8b][0xffffffd9][0xfffffff1][0xffffffb4][0xffffffb8][0x1f][0xffffff81]O[0xffffff8b][0xffffff8f]CPiq[0x7f]<[0xffffff95][0x16][0xffffffef][0xffffff8f]vI[0xffffff8b][0xffffffc0]#[0xffffff95][0x16][0xffffff82]J*-[0x2][0xffffff9b]DZl[0xffffff84][0xffffffe6][0xffffffa7][0xffffffc5][0xffffffc6][0xffffffa9]WZD[0xffffff8d][0xffffffd2]i[0xffffffa1][0xffffffac]J[0xffffffa7]E[0xffffff94],[0xffffff99][0x16][0xffffffbb]s[0xffffffb9][0xffffffb4][0xffffffd8][0x15]|)-[0xffffff8e][0xffffffd9][0xffffffcc][0xffffffda][0xffffffe2]~"<.[0xffffffde][0xffffffce][0xffffffc0][0xffffffd7][0xffffffc5][0xffffffb7]SPy[0xfffffff1][0xfffffff6]|[0xffffffaa]/>[0xffffff9e][0xffffffed][0x12][0x18][0x11]J[0xffffffaa]0[0x14][0xffffff9a]TbD@[0xffffff89][0xffffffc6][0xffffffd8]1[0xffffffcd][0xffffff8f][0xffffff8c][0x1d]V[0xffffffaf][0xffffffca][0x10]B[0xffffffa5]3"
14:55:25.505 [main] DEBUG org.apache.hc.client5.http.wire - http-outgoing-1 << "C[0xfffffffa][0xffffff95][0xffffffee][0xc][0xffffffa1][24[0xffffff82]}[0xffffffb9][0xffffffd2][0x8]2~%5[0xffffffca][0xfffffffb]?E|[0xffffffc4][0xffffffbc][0xffffffd6][0xffffffb3][0xffffffd6][0xfffffff4][0xffffffd0][0xfffffff8]<[0xf][0xffffff95][0x19]_N[0xffffff80]E[0xffffffc6]v[0xffffff86][0xffffffe4][0xffffffc4][0xfffffff8][0xfffffff2][0xfffffff4][0xffffffe4][0xffffffc0][0xfffffff8][0xfffffff5][0xffffff93][0xffffffe1][0xffffffbc]x[0xffffff8a]br\[0xfffffffc][0x0][0xffffffc8][0xffffffe4][0xffffffb4]x[0xffffff8a]ebX<[0xffffff81]3-+[0xffffff9e] j[0x11][0x15][0xffffffcf][0xffffffe5][0x9]%[0xffffffc5][0xffffff8f]\[\n]"
14:55:25.505 [main] DEBUG org.apache.hc.client5.http.wire - http-outgoing-1 << "[0x5][0xffffffc5]s[0xffffffb5][0x2]9[0xfffffff1][0xffffffcc][0xffffffb4][0xffffffe9]1[0xfffffff1]L[0xffffffbc][0x17]Rb[0xffffffa9][0xffffff94]XG[0xfffffffe]b[0xffffffee][0xffffffcf][0xfffffff3][0xffffffc0])[0xffffffb1][0xc]RbE[0xffffffde][0x13][0x1]_XJ,[0xffffffa7][0xffffff94][0xffffff88](2)[0xffffffa1][0xffffff80]dR"b[0xffffff99][0xffffff9f][0x12];[0xffffff9c][0xffffffd9])[0xffffffb1]#[0xffffffea][0xffffff94][0x12]B[0xffffff9e]lJH[0xffffff97][0xffffffb2])![0xffffffd4][0xffffffca][0xffffffa5]D0-[0xffffff95][0x12]A[0xffffffbc][0xffffffaf][0xffffffa7][0xffffffc4]y[0x13])[0xffffffd1][0xffffff8e]z[0xffffff83]R[0xffffffe2][0xffffffed]<lJ<N[0x0][0xffffffa7][0xffffffc4][0xfffffff7]3 )[0xfffffff1]x:[0xffffff92][0x12][0xffffffdf][0xffffff9e]l[0xffffff91][0x12][0x2]E$%$[0xffffff90]HJ[0x8],[0xffffffd3]S"[0xffffffc0][0xffffff99][0xffffff9c][0x12][0x1]Q[0xffffffa3][0xffffff94]P[0xfffffff2]DSB[0xffffffbb][0x14]M[0x9][0xffffffa5]V,%[0xffffffa2]i[0xffffffa1][0xffffff94][0xffffff88][0xffffffe2][0xffffffbd][0xffffff94][0x12][0xffffffd5],%*[0xffffff9e][0x12][0xffffffd5] %*[0xffffff9a][0x12][0x15]K[0xffffff89][0xffffffea][0xffffff94][0x12];[0xffffff8a]TJD [0xffffffa9][0xffffff94][0xffffffd8][0xffffffb1]$R[0xffffffa2][0xffffffc2])Q[0xffffff8d]S"[0xffffffc8][0xffffff93]N[0x9][0xffffffe1]R:%[0xffffff82]Z[0xffffffc9][0xffffff94][0xffffffa8].)Q[0xffffffff][0xe])[0x11][0x7]>[0xffffffd8][0xffffff94][0xffffffc0][0xffffffe6]=[0xffffffbe][0xffffff9c][0xffffff80]O[0x9]d[0xffffffda][0xffffffe3][0xffffffcb][0xffffffd3][0xffffffa9][0xffffff94]p[0xffffff98][0xfffffff5]x[0xffffff8a]"[0xffffff95][0x12][0xfffffff8][0xffffffa4][0xffffffc7]S,[0xffffff89][0xffffff94][0xffffff80][0xffffffe6]<[0xffffff9e] [0xffffffea][0xffffff95][0x12].S[0x1e]?r)[0xffffff9d][0x12][0xe]3[0x1e][0xffffffcf]L[0xffffffcb][0xffffffa5][0xffffffc4]OLx|[0xfffffffc]3[0xe][0xfffffff5][0x3]G;[0xfffffff3][0xffffffe7];>[0xffffffcf][0x3][0xffffffa7][0xffffffc4]a[0xfffffff0][0x3][0xffffffc7][0x11][0xffffffdf][0xffffffc2]%[0x2]~`?p[0x1c]N?pD[0x14][0xffffff99][0xffffff94]P@2)[0x11][0xffffffb1][0xffffffcc]O[0xffffff89][0x1d][0xffffffce][0xffffffec][0xffffff94][0xffffffd8][0x11]uJ[0x9]!O6%[0xffffffa4]K[0xffffffd9][0xffffff94][0x10]j[0xffffffe5]R"[0xffffff98][0xffffff96]J[0xffffff89] [0xffffffde][0xb])QTJ[0xffffffcc][0xffffff82][0xffffffbd][0xffffff95](xJ[0x14][0xffffff83][0xffffff94]([0xffffff91][0xfffffff7]D[0xffffffc0][0xb][0xffffff96][0x12][0xffffffc5])%"[0xffffff8a]LJ( [0xffffff99][0xffffff94][0xffffff88]X[0xffffffe6][0xffffffa7][0xffffffc4][0xe]gvJ[0xffffffec][0xffffff88]:[0xffffffa5][0xffffff84][0xffffff90]'[0xffffff9b][0x12][0xffffffd2][0xffffffa5]lJ[0x8][0xffffffb5]r)[0x11]LK[0xffffffa5]D[0x10][0xffffffef][0xffffff85][0xffffff94][0xffffffa8]2%[0xffffffce]I[0xffffffa5]D[0xffffffc5]S[0xffffffa2][0x1a][0xffffffa4]D[0xffffff8d][0xffffffbc]'[0x2]^[0xffffffb1][0xffffff94][0xffffffa8]N)[0x11]QdRB[0x1][0xffffffc9][0xffffffa4]D[0xffffffc4]2?%v8[0xffffffb3]SbG[0xffffffd4])%[0xffffff84]<[0xffffffd9][0xffffff94][0xffffff90].eSB[0xffffffa8][0xffffff95]K[0xffffff89]`Z*%[0xffffff82]x/[0xffffffa4]D[0x13])[0xffffffd1][0xffffffeb]XTJ4<%[0xffffff9a]AJ[0xffffffb4][0xffffffc8]{"[0xffffffe0][\r]K[0xffffff89][0xffffffe6][0xffffff94][0x12][0x11]E&%[0x14][0xffffff90]LJD,[0xfffffff3]Sb[0xffffff87]3;%vD[0xffffff9d]RB[0xffffffc8][0xffffff93]M[0x9][0xffffffe9]R6%[0xffffff84]Z[0xffffffb9][0xffffff94][0x8][0xffffffa6][0xffffffa5]R"[0xffffff88][0xfffffff7]BJt[0xffffff95][0x12][0xffffffed][0xffffffa0]VT[0xffffffbd][0xffffff9d][0x7]N[0xffffff89]n[0xffffff90][0x12]=[0xfffffff2][0xffffff9e][0x8]x[0xffffffc7]R[0xffffffa2];[0xffffffa5]DD[0xffffff91]I[0x9][0x5]$[0xffffff93][0x12][0x11][0xffffffcb][0xfffffffc][0xffffff94][0xffffffd8][0xffffffe1][0xffffffcc]N[0xffffff89][0x1d]Q[0xffffffa7][0xffffff94][0x10][0xfffffff2]dSB[0xffffffba][0xffffff94]M[0x9][0xffffffa1]V.%[0xffffff82]i[0xffffffa9][0xffffff94][0x8][0xffffffe2][0xffffffbd][0xffffff90][0x12]C[0xffffffa6]D[0x1f]TJ[0xc]<%[0xffffff86]AJ[0xffffff8c][0xffffffc8]{"[0xffffffe0][0x3]K[0xffffff89][0xffffffe1][0xffffff94][0x12][0x11]E&%[0x14][0xffffff90]LJD,[0xfffffff3]Sb[0xffffff87]3;%vD[0xffffff9d]RB[0xffffffc8][0xffffff93]M[0x9][0xffffffe9]R6%[0xffffff84]Z[0xffffffb9][0xffffff94][0x8][0xffffffa6][0xffffffa5]R"[0xffffff88][0xfffffff7]BJ[0xffffff9c]2%[0x16]vW[0xffffffe2][0xffffffc4]S[0xffffffe2]4H[0xffffff89]3[0xfffffff2][0xffffff9e][0x8][0xfffffff8][0xffffff89][0xffffffa5][0xffffffc4][0xffffffe9][0xffffff94][0x12][0x11]E&%[0x14][0xffffff90]LJD,[0xfffffff3]Sb[0xffffff87]3;%vD[0xffffff9d]RB[0xffffffc8][0xffffff93]M[0x9][0xffffffe9]R6%[0xffffff84]Z[0xffffffb9][0xffffff94][0x8][0xffffffa6][0xffffffa5]R"[0xffffff88][0xfffffff7]BJ[0xffffffa8]op[0xfffffff4][0xffffffde][0xffffffb1][0xffffffbb][0x12][0xfffffff8]78N[0xffffff83]op[0xffffff9c]bQ|"[0xffffffe0][0xffffffd8]78[0xffffffce][0xffffffb0][\n]"
14:55:25.505 [main] DEBUG org.apache.hc.client5.http.wire - http-outgoing-1 << "[0xffffff9e]L[0x9][0xffffff93]opH [0xffffff99][0xffffff94]0[0xfffffff8][0x6]G[0xffffff80]3;%[0xffffff8c][0xffffffbf][0xffffffc1][0xffffffa1][0xffffffe4][0xffffffc9][0xffffffa6][0xffffff84][0xffffffdf]78[0xffffff94]Z[0xffffffb9][0xffffff94]p[0xfffffff9][0x6]G[0x14][0xffffffef][0xffffff85][0xffffff94]P[0xffffffdf][0xffffffe0][0xffffffe8][0xffffffe7][\r]{+[0xffffff81][0x7f][0xffffff83][0xffffffe3]4[0xfffffff8][0x6][0xffffffc7])[0x16][0xffffffc5]'[0x2][0xffffff8e]}[0xffffff83][0xffffffe3][0xc][0xffffffab][0xffffffe0][0xffffffc9][0xffffff94]0[0xfffffff9][0x6][0xffffff87][0x4][0xffffff92]I[0x9][0xffffff83]op[0x4]8[0xffffffb3]S[0xffffffc2][0xfffffff8][0x1b][0x1c]J[0xffffff9e]lJ[0xfffffff8]}[0xffffff83]C[0xffffffa9][0xffffff95]K[0x9][0xffffff97]opD[0xfffffff1]^J[0xffffff89]b[0xffffff96][0x12][0x5]O[0xffffff89]b[0xffffff90][0x12][0x5]M[0xffffff89][0xffffff82][0xffffffa5]DqJ[0xffffff89][0x1d]E*%"[0xffffff90]TJ[0xffffffec]X[0x12])Q[0xffffffe0][0xffffff94]([0xffffffc6])[0x11][0xffffffe4]I[0xffffffa7][0xffffff84]p)[0xffffff9d][0x12]A[0xffffffad]dJ[0x14][0xffffff97][0xffffff94](?[0xffffff9b][0x12]S}[0xffffffce]k[0x1c]7[0xffffffea][0x7][0xffffff8e][0xffffff89][0x7f][0xffffffce]k[0x1a]|[0xffffffce]k[0xffffff8a]o[0xffffffce][0xffffffe4][0x1]>[0xffffffb1][0xffffffcf]y[0xffffffcd][0xfffffff0]U[0x19]0%[0x4][0xffffff8a]HJH [0xffffff91][0xffffff94][0x10]X[0xffffffa6][0xffffffa7]D[0xffffff80]39%[0x2][0xffffffa2]F)[0xffffffa1][0xffffffe4][0xffffff89][0xffffffa6][0xffffff84]v)[0xffffff9a][0x12]J[0xffffffad]XJD[0xffffffd3]B)[0x11][0xffffffc5]{!%[0xffffffd4][0xffffffe2][0xffffffec]Q&[0xfffffff5]Vb[0xffffffe2][0xffffff8b][0xffffffb3][0xffffffa7][0xffffffc1][0xffffffe2][0xffffffec])[0xffffffb6][0xffffffbb]&[0x2][0xffffff8e]-[0xffffffce][0xffffff9e]a[0x7f]+[0xffffff99][0x12]&[0xffffff8b][0xffffffb3]%[0xffffff90]LJ[0x18],[0xffffffce][0xe]pf[0xffffffa7][0xffffff84][0xfffffff1][0xffffffe2]l%O6%[0xfffffffc][0x16]g+[0xffffffb5]r)[0xffffffe1][0xffffffb2]8;[0xffffff8a][0xfffffff7]BJ[0x14][0xffffff95][0x12]g[0xffffffc3]R[0xffffffa2][0xffffffe0])Q[0xc]R[0xffffffa2]D[0xffffffde][0x13][0x1]/XJ[0x14][0xffffffa7][0xffffff94][0xffffff88](2)[0xffffffa1][0xffffff80]dR"b[0xffffff99][0xffffff9f][0x12];[0xffffff9c][0xffffffd9])[0xffffffb1]#[0xffffffea][0xffffff94][0x12]B[0xffffff9e]lJH[0xffffff97][0xffffffb2])![0xffffffd4][0xffffffca][0xffffffa5]D0-[0xffffff95][0x12]A[0xffffffbc][0x17]RB-[0xffffffce][0x1e][0xffffffeb][0xffffffc0]R[0x2]_[0xffffff9c]=[\r][0x16]gO[0xffffffb1][0xffffffdd]5[0x11]plq[0xfffffff6][0xc][0xfffffffb][[0xffffffc9][0xffffff94]0Y[0xffffff9c]-[0xffffff81]dR[0xffffffc2]`qv[0xffffff80]3;%[0xffffff8c][0x17]g+y[0xffffffb2])[0xffffffe1][0xffffffb7]8[[0xffffffa9][0xffffff95]K[0x9][0xffffff97][0xffffffc5][0xffffffd9]Q[0xffffffbc][0x17]RB-[0xffffffce]>[0xffffffeb][0xffffffad]S)[0xffffff81]/[0xffffffce][0xffffff9e][0x6][0xffffff8b][0xffffffb3][0xffffffa7][0xffffffd8][0xffffffee][0xffffff9a][0x8]8[0xffffffb6]8{[0xffffff86][0xfffffffd][0xffffffad]dJ[0xffffff98],[0xffffffce][0xffffff96]@2)a[0xffffffb0]8;[0xffffffc0][0xffffff99][0xffffff9d][0x12][0xffffffc6][0xffffff8b][0xffffffb3][0xffffff95]<[0xffffffd9][0xffffff94][0xfffffff0][[0xffffff9c][0xffffffad][0xffffffd4][0xffffffca][0xffffffa5][0xffffff84][0xffffffcb][0xffffffe2][0xffffffec]([0xffffffde][0xb])[0xffffffa1][0x16]"
14:55:25.508 [main] DEBUG org.apache.hc.client5.http.wire - http-outgoing-1 << "g[0xffffff9f]ma[0xffffffd7].[0xfffffff1][0xffffffc5][0xffffffd9][0xffffffd3]`q[0xfffffff6][0x14][0xffffffdb]][0x13][0x1][0xffffffc7][0x16]g[0xffffffcf][0xffffffb0][0xffffffbf][0xffffff95]L[0x9][0xffffff93][0xffffffc5][0xffffffd9][0x12]H&%[0xc][0x16]g[0x7]8[0xffffffb3]S[0xffffffc2]xq[0xffffffb6][0xffffff92]'[0xffffff9b][0x12]~[0xffffff8b][0xffffffb3][0xffffff95]Z[0xffffffb9][0xffffff94]pY[0xffffff9c][0x1d][0xffffffc5]{!%[0xffffffd4][0xffffffe2][0xffffffec]s.[0xffffffea]#[0xffffffe3][0x13]_[0xffffff9c]=[\r][0x16]gO[0xffffffb1][0xffffffdd]5[0x11]plq[0xfffffff6][0xc][0xfffffffb][[0xffffffc9][0xffffff94]0Y[0xffffff9c]-[0xffffff81]dR[0xffffffc2]`qv[0xffffff80]3;%[0xffffff8c][0x17]g+y[0xffffffb2])[0xffffffe1][0xffffffb7]8[[0xffffffa9][0xffffff95]K[0x9][0xffffff97][0xffffffc5][0xffffffd9]Q[0xffffffbc][0x17]RB-[0xffffffce][0xffffff9e]7[0xffffffec][0x1b][0x1c][0x13]_[0xffffff9c]=[\r][0x16]gO[0xffffffb1][0xffffffdd]5[0x11]plq[0xfffffff6][0xc][0xfffffffb][[0xffffffc9][0xffffff94]0Y[0xffffff9c]-[0xffffff81]dR[0xffffffc2]`qv[0xffffff80]3;%[0xffffff8c][0x17]g+y[0xffffffb2])[0xffffffe1][0xffffffb7]8[[0xffffffa9][0xffffff95]K[0x9][0xffffff97][0xffffffc5][0xffffffd9]Q[0xffffffbc][0x17]RB-[0xffffffce][0xffffff9e][0x15][[0xffffff9c]=[0xfffffff1][0xffffffc5][0xffffffd9][0xffffffd3]`q[0xfffffff6][0x14][0xffffffdb]][0x13][0x1][0xffffffc7][0x16]g[0xffffffcf][0xffffffb0][0xffffffbf][0xffffff95]L[0x9][0xffffff93][0xffffffc5][0xffffffd9][0x12]H&%[0xc][0x16]g[0x7]8[0xffffffb3]S[0xffffffc2]xq[0xffffffb6][0xffffff92]'[0xffffff9b][0x12]~[0xffffff8b][0xffffffb3][0xffffff95]Z[0xffffffb9][0xffffff94]pY[0xffffff9c][0x1d][0xffffffc5]{!%[0xffffffd4][0xffffffe2][0xffffffec][0xffffffc9]}d|[0xffffffe2][0xffffff8b][0xffffffb3][0xffffffa7][0xffffffc1][0xffffffe2][0xffffffec])[0xffffffb6][0xffffffbb]&[0x2][0xffffff8e]-[0xffffffce][0xffffff9e]a[0x7f]+[0xffffff99][0x12]&[0xffffff8b][0xffffffb3]%[0xffffff90]LJ[0x18],[0xffffffce][0xe]pf[0xffffffa7][0xffffff84][0xfffffff1][0xffffffe2]l%O6%[0xfffffffc][0x16]g+[0xffffffb5]r)[0xffffffe1][0xffffffb2]8;[0xffffff8a][0xfffffff7][0xfffffff5][0xffffff94]Xj[0xffffffdb][0xffffffe5]l[0xffffff95]z+[0xffffffb1][0xfffffff0]m[0xffffff97][0xffffffcb]`[0xffffffdb][0xffffffe5][0x12]+[0xffffffd9][0xfffffff2][0x0]_[0xffffffd8][0xffffffb6][0xffffffcb][0x15][0xffffff96][0xffffffae][0xffffff81])!PDRB[0x2][0xffffff89][0xffffffa4][0xffffff84][0xffffffc0]2=%[0x2][0xffffff9c][0xffffffc9])[0x11][0x10]5J[0x9]%O4%[0xffffffb4]K[0xffffffd1][0xffffff94]Pj[0xffffffc5]R"[0xffffff9a][0x16]J[0xffffff89]([0xffffffde][0xb])QdJ[0xffffffac][0xffffff83]J[0xffffff89][0xffffff82][0xffffffa7]D1H[0xffffff89][0x12]yO[0x4][0xffffffbc]`)Q[0xffffff9c]R"[0xffffffa2][0xffffffc8][0xffffffa4][0xffffff84][0x2][0xffffff92]I[0xffffff89][0xffffff88]e~J[0xffffffec]pf[0xffffffa7][0xffffffc4][0xffffff8e][0xffffffa8]SJ[0x8]y[0xffffffb2])!][0xffffffca][0xffffffa6][0xffffff84]P+[0xffffff97][0x12][0xffffffc1][0xffffffb4]TJ[0x4][0xfffffff1]^H[0x9][0xffffffb5][0xffffffa2]j[0xfffffff6]I[0xfffffffd][0xffffffc0][0xffffffb1][0xfffffff0][0x15]U[0xffffffcb]`E[0xffffffd5][0x12]{T[0x12][0x1][0xffffffc7]VT[0xffffffad][0xffffffb0])[0xffffff85]L[0x9][0xffffff93][0x15]U[0x12]H&%[0xc]VT[0x5]8[0xffffffb3]S[0xffffffc2]xE[0xffffff95][0xffffff92]'[0xffffff9b][0x12]~+[0xffffffaa][0xffffff94]Z[0xffffffb9][0xffffff94]pYQ[0x15][0xffffffc5]{!%[0xffffffd4][0xffffff8a][0xffffffaa][0xffffffb9][0xe]j[0xffffff82]c[0xffffffe1]+[0xffffffaa][0xffffff96][0xffffffc1][0xffffff8a][0xffffffaa]%[0xfffffff6][0xffffffa8]$[0x2][0xffffff8e][0xffffffad][0xffffffa8]ZaS[\n]"
14:55:25.508 [main] DEBUG org.apache.hc.client5.http.wire - http-outgoing-1 << "[0xffffff99][0x12]&+[0xffffffaa]$[0xffffff90]LJ[0x18][0xffffffac][0xffffffa8][\n]"
14:55:25.508 [main] DEBUG org.apache.hc.client5.http.wire - http-outgoing-1 << "pf[0xffffffa7][0xffffff84][0xfffffff1][0xffffff8a]*%O6%[0xfffffffc]VT)[0xffffffb5]r)[0xffffffe1][0xffffffb2][0xffffffa2]*[0xffffff8a][0xfffffff7]BJ[0xffffffa8][0x15]U[0xffffffeb][0xffffffc0][0x16]g/|E[0xffffffd5]2XQ[0xffffffb5][0xffffffc4][0x1e][0xffffff95]D[0xffffffc0][0xffffffb1][0x15]U+lJ!S[0xffffffc2]dE[0xffffff95][0x4][0xffffff92]I[0x9][0xffffff83][0x15]U[0x1][0xffffffce][0xffffffec][0xffffff94]0^Q[0xffffffa5][0xffffffe4][0xffffffc9][0xffffffa6][0xffffff84][0xffffffdf][0xffffff8a]*[0xffffffa5]V.%\VTE[0xfffffff1]^J[0xffffff89]b[0xffffff96][0x12][0x5]O[0xffffff89]b[0xffffff90][0x12][0x5]M[0xffffff89][0xffffff82][0xffffffa5]DqJ[0xffffff89][0x1d]E*%"[0xffffff90]TJ[0xffffffec]X[0x12])Q[0xffffffe0][0xffffff94]([0xffffffc6])[0x11][0xffffffe4]I[0xffffffa7][0xffffff84]p)[0xffffff9d][0x12]A[0xffffffad]dJ[0x14][0xffffff97][0xffffff94](?[0xffffff9d][0x12]j[0xffffffdb][0xffffffe5][0xffffffea][0xffffffc7]I[0xffffffa5][0x4][0xffffffbe][0xffffffed]r[0x19]l[0xffffffbb]\b%["[0xffffffe0][0xffffffd8][0xffffffb6][0xffffffcb][0x15][0xffffff96][0xffffffae][0xffffff91])a[0xffffffb2][0xffffffed]R[0x2][0xffffffc9][0xffffffa4][0xffffff84][0xffffffc1][0xffffffb6][0xffffffcb][0x0]gvJ[0x18]o[0xffffffbb]T[0xfffffff2]dS[0xffffffc2]o[0xffffffdb][0xffffffa5]R+[0xffffff97][0x12].[0xffffffdb].[0xffffffa3]x/[0xffffffa4][0xffffff84][0xffffffda]v[0xffffffb9]F[0xffffffc3]&8[0xfffffff0]m[0xffffff97][0xffffffcb]`[0xffffffdb][0xffffffe5][0x12]+[0xffffffd9][0x12][0x1][0xffffffc7][0xffffffb6]][0xffffffae][0xffffffb0]t[0xffffff8d]L[0x9][0xffffff93]m[0xffffff97][0x12]H&%[0xc][0xffffffb6]][0x6]8[0xffffffb3]S[0xffffffc2]x[0xffffffdb][0xffffffa5][0xffffff92]'[0xffffff9b][0x12]~[0xffffffdb].[0xffffff95]Z[0xffffffb9][0xffffff94]p[0xffffffd9]v[0x19][0xffffffc5]{!%[0xffffffc4][0xffffff8a][0xffffffaa]v;n[0xffffff8d]J[0x9]|E[0xffffffd5]2XQ[0xffffffb5][0xffffffc4][0x1e][0xffffff95]D[0xffffffc0][0xffffffb1][0x15]U+lJ!S[0xffffffc2]dE[0xffffff95][0x4][0xffffff92]I[0x9][0xffffff83][0x15]U[0x1][0xffffffce][0xffffffec][0xffffff94]0^Q[0xffffffa5][0xffffffe4][0xffffffc9][0xffffffa6][0xffffff84][0xffffffdf][0xffffff8a]*[0xffffffa5]V.%\VTE[0xfffffff1][0xffffffbe][0xffffff9c][0x12][0xffffffe5]&VT[0xffffffb5][+[0xffffffd0][0xf][0x1c][0xffffff8f][0xfffffff3][0xffffffa0])[0xfffffff1]~[0x2]6%>[0xffffffcf]@[0xffffffa4][0xffffffc4][0xfffffffb][0xffffffd3][0xffffff89][0xffffff94][0xfffffff8][0xfffffffe]d[0xffffff87][0xffffff94]P([0x12])[0xffffffa1][0xffffff81]$RBa[0xffffff99][0xffffff9d][0x12][0x11][0xffffffce][0xffffffdc][0xffffff94][0xffffff88][0xffffff88][0xfffffffa][0xffffffa4][0xffffff84][0xffffff94]'[0xffffff99][0x12]O\J[0xffffffa6][0xffffff84]T+[0xffffff95][0x12][0xffffffc2][0xffffffb4]LJ[0x8][0xfffffff1]^H[0xffffff89]C[0xffffffa5]D[0x1f][0xffffffd0][0xf][0x1c][0xffffff8f][0xfffffff3][0xffffffc0])q[0x18][0xffffffa4][0xffffffc4][0x11]yO[0x4][0xfffffffc][0xffffffc0]R[0xffffffe2]pJ[0xffffff89][0xffffff88]"[0xffffff93][0x12][\n]"
14:55:25.508 [main] DEBUG org.apache.hc.client5.http.wire - http-outgoing-1 << "H&%"[0xffffff96][0xfffffff9])[0xffffffb1][0xffffffc3][0xffffff99][0xffffff9d][0x12];[0xffffffa2]N)![0xffffffe4][0xffffffc9][0xffffffa6][0xffffff84]t)[0xffffff9b][0x12]B[0xffffffad]\J[0x4][0xffffffd3]R)[0x11][0xffffffc4]{!%[0xffffff8a]J[0xffffff89][0xffffffd1][0xffffffa1][0x15]U[0xffffff8f][0xfffffff3][0xffffffc0])Q[0xc]R[0xffffffa2]D[0xffffffde][0x13][0x1]/XJ[0x14][0xffffffa7][0xffffff94][0xffffff88](2)[0xffffffa1][0xffffff80]dR"b[0xffffff99][0xffffff9f][0x12];[0xffffff9c][0xffffffd9])[0xffffffb1]#[0xffffffea][0xffffff94][0x12]B[0xffffff9e]lJH[0xffffff97][0xffffffb2])![0xffffffd4][0xffffffca][0xffffffa5]D0-[0xffffff95][0x12]A[0xffffffbc][0x17]RBl[0xffffffbb]l[0xffffffb7][0xfffffff3]v[0xffffffa3]R[0xffffff82][0xffffffde]v[0xfffffff9]~[0x2]:%[0xffffffc8]m[0xffffff97][0xffffffef]OgR[0xffffffc2]h[0xffffffdb][0xffffffa5]B[0xffffff91]I[0x9][0xffffff97]m[0xffffff97][\n]"
14:55:25.508 [main] DEBUG org.apache.hc.client5.http.wire - http-outgoing-1 << "[0xffffffcb][0xfffffffc][0xffffff94]`[0xffffffb7]]FD[0xffffff9d]R[0xffffffc2]l[0xffffffdb][0xffffffe5][0x13][0xffffff97][0xffffffb2])a[0xffffffb4][0xffffffed]R[0xffffff98][0xffffff96]J[0xffffff89][0xffffff9f][0xffffffdf]vYnb[0xffffffdb][0xffffffe5]=%[0xffffffa8][0x9][0xffffff8e][0xffffffc7]y[0xffffffe0][0xffffff94][0xffffffe0][0xffffffb7]]~[0xffffff9e][0xffffff81]I[0x9]j[0xffffffdb][0xffffffe5][0xfffffff7]'{[0xffffffa4][0xffffff84][0xffffffc7][0xffffffb6]K[\r]$[0xffffff93][0x12][0xfffffffc][0xffffffb6][0xffffffcb][0x8]gvJ[0xfffffff8]n[0xffffffbb][0xffffff94][0xfffffff2]dS[0xffffffc2]n[0xffffffdb][0xffffffa5]T+[0xffffff97][0x12]&[0xffffffdb].[0xffffff85]x/[0xffffffa4][0xffffff84][0xffffffd8]+[0xffffffd1]n[0xffffffb3]b?p[0xffffffd0]{%[0xffffffde]O@[0xffffffa7][0x4][0xffffffb9]W[0xffffffe2][0xfffffffd][0xffffffe9]LJ[0x18][0xffffffed][0xffffff95]P(2)[0xffffffe1][0xffffffb2]WBa[0xffffff99][0xffffff9f][0x12][0xffffffec]^[0xffffff89][0xffffff88][0xffffffa8]SJ[0xffffff98][0xffffffed][0xffffff95]x[0xffffffe2]R6%[0xffffff8c][0xfffffff6]J[0x8][0xffffffd3]R)[0xfffffff1][0xfffffff3]{%[0xffffffca]M[0xffffffec][0xffffff95][0xffffffb8][0xffffffa7][0xffffffc4][0xffffff84]>2[0xfffffffe]8[0xf][0xffffff9c][0x12][0xfffffffc]^[0xffffff89][0xffffffcf]30)A[0xffffffed][0xffffff95][0xfffffff8][0xfffffffe]d[0xffffff8f][0xffffff94][0xfffffff0][0xffffffd8]+[0xffffffa1][0xffffff81]dR[0xffffff82][0xffffffdf]+[0x11][0xffffffe1][0xffffffcc]N[0x9][0xffffffdf][0xffffffbd][0x12]R"
14:55:25.509 [main] DEBUG org.apache.hc.client5.http.wire - http-outgoing-1 << "[0xffffff9e]lJ[0xffffffd8][0xffffffed][0xffffff95][0xffffff90]j[0xffffffe5]R[0xffffffc2]d[0xffffffaf][0xffffff84][0x10][0xffffffef][0xffffff85][0xffffff94][0xffffff98]*%V[0xffffffc3][0xffffffee]JL<%[0xffffffa6]AJ[0xffffffcc][0xffffffc8]{"[0xffffffe0][0x13]K[0xffffff89][0xffffffe9][0xffffff94][0x12][0x11]E&%[0x14][0xffffff90]LJD,[0xfffffff3]Sb[0xffffff87]3;%vD[0xffffff9d]RB[0xffffffc8][0xffffff93]M[0x9][0xffffffe9]R6%[0xffffff84]Z[0xffffffb9][0xffffff94][0x8][0xffffffa6][0xffffffa5]R"[0xffffff88][0xfffffff7]BJ[0xffffffc8][0x15]Uk5*%[0xffffffe8][0x15]U[0xffffffef]'[0xffffffa0]S[0xffffff82]\Q[0xfffffff5][0xfffffffe]t&%[0xffffff8c]VT)[0x14][0xffffff99][0xffffff94]pYQ[0xffffffa5][0xffffffb0][0xffffffcc]O[0x9]vEUD[0xffffffd4])%[0xffffffcc]VT=q)[0xffffff9b][0x12]F+[0xffffffaa][0xffffff84]i[0xffffffa9][0xffffff94][0xfffffff8];[0xffffffac][0xffffffa8]:[0xffffffd4][0xffffff8a][0xffffffaa][0xffffffe3][0xffffff86][0xfffffffd][0xffffffc0]q[0xffffffe0]+[0xffffffaa][0xe][0xffffff83][0x15]U[0xffffff87][0xffffffd8][0xffffffa3][0xffffff92][0x7][0xfffffff8][0xffffff81][0xffffffad][0xffffffa8]:[0xffffffc2][0xffffffa6][0x14]0%[0x4][0xffffff8a]HJH [0xffffff91][0xffffff94][0x10]X[0xffffffa6][0xffffffa7]D[0xffffff80]39%[0x2][0xffffffa2]F)[0xffffffa1][0xffffffe4][0xffffff89][0xffffffa6][0xffffff84]v)[0xffffff9a][0x12]J[0xffffffad]XJD[0xffffffd3]B)[0x11][0xffffffc5]{!%[0xffffffd4][0xffffff8a][0xffffffaa][0xffffffe3][0xffffffc0][0xfffffff6]J[0x1c][0xfffffff8][0xffffff8a][0xffffffaa][0xffffffc3]`E[0xffffffd5]![0xfffffff6][0xffffffa8]$[0x2][0xffffff8e][0xffffffad][0xffffffa8]:[0xffffffc2][0xffffffa6][0x14]2%LVTI [0xffffff99][0xffffff94]0XQ[0x15][0xffffffe0][0xffffffcc]N[0x9][0xffffffe3][0x15]UJ[0xffffff9e]lJ[0xfffffff8][0xffffffad][0xffffffa8]Rj[0xffffffe5]R[0xffffffc2]eEU[0x14][0xffffffef][0xffffff85][0xffffff94](*%[0xffffffca][0xffffffa2][0xffffffee]J[0xffffffbc][0xffffff9d][0x7]N[0xffffff89]b[0xffffff90][0x12]%[0xfffffff2][0xffffff9e][0x8]x[0xffffffc1]R[0xffffffa2]8[0xffffffa5]DD[0xffffff91]I[0x9][0x5]$[0xffffff93][0x12][0x11][0xffffffcb][0xfffffffc][0xffffff94][0xffffffd8][0xffffffe1][0xffffffcc]N[0xffffff89][0x1d]Q[0xffffffa7][0xffffff94][0x10][0xfffffff2]dSB[0xffffffba][0xffffff94]M[0x9][0xffffffa1]V.%[0xffffff82]i[0xffffffa9][0xffffff94][0x8][0xffffffe2][0xffffffbd][0xffffff90][0x12]j[0xffffffaf][0xffffffc4][0xffffffd1]*[0xfffffff5][\r][0xffffff8e][0x3][0xffffffdf]+q[0x18][0xffffffec][0xffffff95]8[0xffffffc4][0xfffffff0]s"[0xffffffe0][0xffffffd8]^[0xffffff89]#[0xffffff8c]7[0xffffff93])a[0xffffffb2]WB[0x2][0xffffffc9][0xffffffa4][0xffffff84][0xffffffc1]^[0xffffff89][0x0]gvJ[0x18][0xffffffef][0xffffff95]P[0xfffffff2]dS[0xffffffc2]o[0xffffffaf][0xffffff84]R+[0xffffff97][0x12].{%[0xffffffa2]x/[0xffffffa4]DW)[0xffffffd1]o[0xffffffd8]][0xffffff89][0xffffff8e][0xffffffa7]D7H[0xffffff89][0x1e]yO[0x4][0xffffffbc]c)[0xffffffd1][0xffffff9d]R"[0xffffffa2][0xffffffc8][0xffffffa4][0xffffff84][0x2][0xffffff92]I[0xffffff89][0xffffff88]e~J[0xffffffec]pf[0xffffffa7][0xffffffc4][0xffffff8e][0xffffffa8]SJ[0x8]y[0xffffffb2])!][0xffffffca][0xffffffa6][0xffffff84]P+[0xffffff97][0x12][0xffffffc1][0xffffffb4]TJ[0x4][0xfffffff1]^H[0x9][0xffffffb5][0xffffffa2][0xffffffea][0xffffffe8]cP)[0xffffff81][0xffffffaf][0xffffffa8]:[0xc]VT[0x1d]b[0xffffff8f]J"[0xffffffe0][0xffffffd8][0xffffff8a][0xffffffaa]#lJ!S[0xffffffc2]dE[0xffffff95][0x4][0xffffff92]I[0x9][0xffffff83][0x15]U[0x1][0xffffffce][0xffffffec][0xffffff94]0^Q[0xffffffa5][0xffffffe4][0xffffffc9][0xffffffa6][0xffffff84][0xffffffdf][0xffffff8a]*[0xffffffa5]V.%\VTE[0xfffffff1]^H[0x9][0xffffffb5][0xffffffa2][0xffffffea][0xffffffe8][0xffffffab]P)[0xffffff81][0xffffffaf][0xffffffa8]:[0xc]VT[0x1d]b[0xffffff8f]J"[0xffffffe0][0xffffffd8][0xffffff8a][0xffffffaa]#lJ!S[0xffffffc2]dE[0xffffff95][0x4][0xffffff92]I[0x9][0xffffff83][0x15]U[0x1][0xffffffce][0xffffffec][0xffffff94]0^Q[0xffffffa5][0xffffffe4][0xffffffc9][0xffffffa6][0xffffff84][0xffffffdf][0xffffff8a]*[0xffffffa5]V.%\VTE[0xfffffff1]^H[0x9][0xffffffb5][0xffffffa2][0xffffffea][0x18]uR)[0xffffff81][0xffffffaf][0xffffffa8]:[0xc]VT[0x1d]b[0xffffff8f]J"[0xffffffe0][0xffffffd8][0xffffff8a][0xffffffaa]#lJ!S[0xffffffc2]dE[0xffffff95][0x4][0xffffff92]I[0x9][0xffffff83][0x15]U[0x1][0xffffffce][0xffffffec][0xffffff94]0^Q[0xffffffa5][0xffffffe4][0xffffffc9][0xffffffa6][0xffffff84][0xffffffdf][0xffffff8a]*[0xffffffa5]V.%\VTE[0xfffffff1][0xffffffbe][0xffffff9e][0x12]E}[0x19][0xfffffff4][0xffffff98][0xffffff93]J[0xffffff89][0xffffff82][0x7f][0x19][0xffffffb4][0x18]|[0x19][0xffffffb4][0xffffff88][0xffffffcf][0xffffffd7][0xffffffe5][0x1]^[0xffffffb0]/[0xffffff83][0xffffff96][0xfffffff0][0xffffff81]:0%[0x4][0xffffff8a]HJH [0xffffff91][0xffffff94][0x10]X[0xffffffa6][0xffffffa7]D[0xffffff80]39%[0x2][0xffffffa2]F)[0xffffffa1][0xffffffe4][0xffffff89][0xffffffa6][0xffffff84]v)[0xffffff9a][0x12]J[0xffffffad]XJD[0xffffffd3]B)[0x11][0xffffffc5]{!%[0xffffffd4][0x4][0xffffffc7][0xfffffffd][0xffffff9f]L][0xffffffbb],[0xfffffff8][0x4]G1[0xffffff98][0xffffffe0]([0xffffffe2][0xffffff9a]q"[0xffffffe0][0xffffffd8][0x4]G[0x9][0x17][0xffffff89][0xffffffc9][0xffffff94]0[0xffffff99][0xffffffe0][0xffffff90]@2)a0[0xffffffc1][0x11][0xffffffe0][0xffffffcc]N[0x9][0xffffffe3][0x9][0xe]%O6%[0xfffffffc]&8[0xffffff94]Z[0xffffffb9][0xffffff94]p[0xffffff99][0xffffffe0][0xffffff88][0xffffffe2][0xffffffbd][0xffffff90][0x12]j[0xffffff82][0xffffffe3][0xffffffed]'[0xe]*%[0xfffffff0][0x9][0xffffff8e]b0[0xffffffc1]Q[0xffffffc4]5[0xffffffe3]D[0xffffffc0][0xffffffb1][0x9][0xffffff8e][0x12].[0x12][0xffffff93])a2[0xffffffc1]![0xffffff81]dR[0xffffffc2]`[0xffffff82]#[0xffffffc0][0xffffff99][0xffffff9d][0x12][0xffffffc6][0x13][0x1c]J[0xffffff9e]lJ[0xfffffff8]Mp([0xffffffb5]r)[0xffffffe1]2[0xffffffc1][0x11][0xffffffc5]{!%[0xffffffd4][0x4]G9[0xffffffc7]A[0xffffffa5][0x4]>[0xffffffc1]Q[0xc]&8[0xffffff8a][0xffffffb8]f[0xffffff9c][0x8]86[0xffffffc1]Q[0xffffffc2]Eb2%L&8$[0xffffff90]LJ[0x18]Lp[0x4]8[0xffffffb3]S[0xffffffc2]x[0xffffff82]C[0xffffffc9][0xffffff93]M[0x9][0xffffffbf][0x9][0xe][0xffffffa5]V.%\&8[0xffffffa2]x/[0xffffffa5]D1K[0xffffff89][0xffffff82][0xffffffa7]D1H[0xffffff89][0xffffff82][0xffffffa6]D[0xffffffc1]R[0xffffffa2]8[0xffffffa5][0xffffffc4][0xffffff8e]"[0xffffff95][0x12][0x11]H*%v,[0xffffff89][0xffffff94](pJ[0x14][0xffffffe3][0xffffff94][0x8][0xfffffff2][0xffffffa4]SB[0xffffffb8][0xffffff94]N[0xffffff89][0xffffffa0]V2%[0xffffff8a]KJ[0xffffff94][0xffffff9f]N[0xffffff89][0xfffffff3][0xffffff97][0x1a]Sbb[0xffffff8b][0xffffffb3][0xffffffdf][0xffffffce][0x3][0xffffffa7][0xffffffc4][0xffffffdb][0x9][0xffffffe8][0xffffff94][0xfffffff8]v[0x6]&%[0xffffffde][0xffffff9e][0xffffffce][0xffffffa4][0xffffffc4][0xffffffc7][0xffffff93]=R"[0xffffffa2][0xffffffc8][0xffffffa4][0xffffff84][0x2][0xffffff92]I[0xffffff89][0xffffff88]e~J[0xffffffec]pf[0xffffffa7][0xffffffc4][0xffffff8e][0xffffffa8]SJ[0x8]y[0xffffffb2])!][0xffffffca][0xffffffa6][0xffffff84]P+[0xffffff97][0x12][0xffffffc1][0xffffffb4]TJ[0x4][0xfffffff1]^H[0x9]5[0xc]ZK[0xffffffc7]R[0x2][0x1f][0x6]-[0x6][0xffffffc3][0xffffffa0]EL,%[0x2][0xffffff8e][\r][0xffffff83][0xffffff96]0[0xffffff93]D[0xffffffa6][0xffffff84][0xffffffc9]0[0xffffffa8][0x4][0xffffff92]I[0x9][0xffffff83]a[0xffffffd0][0x0]gvJ[0x18][0xf][0xffffff83]*y[0xffffffb2])[0xffffffe1]7[0xc][0xffffffaa][0xffffffd4][0xffffffca][0xffffffa5][0xffffff84][0xffffffcb]0h[0x14][0xffffffef][0xffffff85][0xffffff94]X*%Z[0xffffffa1]VT[0xffffffbd][0xffffff9d][0x7]N[0xffffff89][0xffffffa5][0xfffffff0]O[0xffffffe6]}E[0xffffffde][0x13][0x1]_XJ,[0xffffffa7][0xffffff94][0xffffff88](2)[0xffffffa1][0xffffff80]dR"b[0xffffff99][0xffffff9f][0x12];[0xffffff9c][0xffffffd9])[0xffffffb1]#[0xffffffea][0xffffff94][0x12]B[0xffffff9e]lJH[0xffffff97][0xffffffb2])![0xffffffd4][0xffffffca][0xffffffa5]D0-[0xffffff95][0x12]A[0xffffffbc][0xffffffaf][0xffffffa7]DU[0x1f][0x19][0xffffffaf]g[0xffffffa7]R[0xffffffa2][0xffffffe2][0x1f][0x19][0xffffffaf][0x6][0x1f][0x19][0xffffffaf][0xffffffe2]K[0xffffffb8]y[0xffffff80]W[0xffffffec]#[0xffffffe3]5|[0xffffffeb][0x16]L[0x9][0xffffff81]"[0xffffff92][0x12][0x12]H$%[0x4][0xffffff96][0xffffffe9])[0x11][0xffffffe0]LN[0xffffff89][0xffffff80][0xffffffa8]QJ(y[0xffffffa2])[0xffffffa1]][0xffffff8a][0xffffffa6][0xffffff84]R+[0xffffff96][0x12][0xffffffd1][0xffffffb4]PJD[0xfffffff1]^H[0x9][0xffffffb5][0xffffffa2][0xffffffaa][0xffffffce]Z[0xffffffa9][0xffffff94][0xffffffc0]WTU[0xffffff83][0x15]UU[0xffffffec]QI[0x4][0x1c][QU[0xffffffc3][0xffffffa6][0x14]2%LVTI [0xffffff99][0xffffff94]0XQ[0x15][0xffffffe0][0xffffffcc]N[0x9][0xffffffe3][0x15]UJ[0xffffff9e]lJ[0xfffffff8][0xffffffad][0xffffffa8]Rj[0xffffffe5]R[0xffffffc2]eEU[0x14][0xffffffef][0xffffff85][0xffffff94]P+[0xffffffaa][0xffffffea]<[0xffffffb1][0xffffff94][0xffffffc0]WTU[0xffffff83][0x15]UU"
14:55:25.511 [main] DEBUG org.apache.hc.client5.http.wire - http-outgoing-1 << "[0xffffffec]QI[0x4][0x1c][QU[0xffffffc3][0xffffffa6][0x14]2%LVTI [0xffffff99][0xffffff94]0XQ[0x15][0xffffffe0][0xffffffcc]N[0x9][0xffffffe3][0x15]UJ[0xffffff9e]lJ[0xfffffff8][0xffffffad][0xffffffa8]Rj[0xffffffe5]R[0xffffffc2]eEU[0x14][0xffffffef][0xffffff85][0xffffff94]P+[0xffffffaa][0xffffffda][0xffffffad]4*%[0xfffffff0][0x15]U[0xffffffd5]`EU[0x15]{T[0x12][0x1][0xffffffc7]VT[0xffffffd5][0xffffffb0])[0xffffff85]L[0x9][0xffffff93][0x15]U[0x12]H&%[0xc]VT[0x5]8[0xffffffb3]S[0xffffffc2]xE[0xffffff95][0xffffff92]'[0xffffff9b][0x12]~+[0xffffffaa][0xffffff94]Z[0xffffffb9][0xffffff94]pYQ[0x15][0xffffffc5]{)%[0xffffffe2]0([0xffffff9b][0x12][0xfffffff0]0[0xffffffe8][0xffffffe3][0x4]|J[0xffffff80][0xffffffc3][0xffffffa0][0xffffff8f][0xffffffa7]S)[0xffffffe1]3[0xc]*P[0xffffffa4]R[0xffffffc2]d[0x18]T`I[0xffffffa4][0x4]:[0xc][0x1a][0x10][0xfffffff5]J[0x9][0xffffffaf]aP[0xffffffed]R:%|[0xffffff86]A[0xffffffa3]i[0xffffffb9][0xffffff94][0xfffffff8][0xffffffe9]a[0xffffffd0][0xffffffaa]VT[0xffffffb5][0xffffffc2][0xfffffffd][0xffffffc0][0xffffff81][0xffffffaf][0xffffffa8][0xffffffaa][0x6]+[0xffffffaa][0xffffffaa][0xffffffd8][0xffffffa3][0xffffff92][0x8]8[0xffffffb6][0xffffffa2][0xffffffaa][0xffffff86]M)dJ[0xffffff98][0xffffffac][0xffffffa8][0xffffff92]@2)a[0xffffffb0][0xffffffa2]*[0xffffffc0][0xffffff99][0xffffff9d][0x12][0xffffffc6]+[0xffffffaa][0xffffff94]<[0xffffffd9][0xffffff94][0xfffffff0][Q[0xffffffa5][0xffffffd4][0xffffffca][0xffffffa5][0xffffff84][0xffffffcb][0xffffff8a][0xffffffaa]([0xffffffde][0xb])q[0xffffffaa][0x1f]8:[0xfffffff6][0xffffff91][0xfffffff1][0xffffffb7][0xfffffff3][0xffffffc0])q[0xffffffaa][0xffffff97]r[0xffffffc9][0xffffffbc][0xffffff9f][0xfffffff1]-\"[0xffffffe0]'[0xfffffff6][0x3][0xffffffc7][0xffffffe9][0xfffffff4][0x3]GD[0xffffff91]I[0x9][0x5]$[0xffffff93][0x12][0x11][0xffffffcb][0xfffffffc][0xffffff94][0xffffffd8][0xffffffe1][0xffffffcc]N[0xffffff89][0x1d]Q[0xffffffa7][0xffffff94][0x10][0xfffffff2]dSB[0xffffffba][0xffffff94]M[0x9][0xffffffa1]V.%[0xffffff82]i[0xffffffa9][0xffffff94][0x8][0xffffffe2][0xffffffbd][0xffffff90][0x12]S[0xffffffbd][0xffffff95][0xffffff98][0xffffffab]S)1[0xfffffff1][0xffffffb7][0x12][0xffffffd3][0xffffffe0][0xffffffad][0xffffffc4][0xffffff8c][0xffffffe9][0xffffff9c][0x8][0xfffffff8][0xffffffc4][0xffffffde]JL[0xffffffa7][0xffffffb7][0x12][0x11]E&%[0x14][0xffffff90]LJD,[0xfffffff3]Sb[0xffffff87]3;%vD[0xffffff9d]RB[0xffffffc8][0xffffff93]M[0x9][0xffffffe9]R6%[0xffffff84]Z[0xffffffb9][0xffffff94][0x8][0xffffffa6][0xffffffa5]R"[0xffffff88][0xfffffff7]BJ[0xffffffa8][0x15]U[0xffffffbd][0xffffffdc][0xffffffa8]/[0xffffff83]V|EU5XQU[0xffffffc5][0x1e][0xffffff95]D[0xffffffc0][0xffffffb1][0x15]U5lJ!S[0xffffffc2]dE[0xffffff95][0x4][0xffffff92]I[0x9][0xffffff83][0x15]U[0x1][0xffffffce][0xffffffec][0xffffff94]0^Q[0xffffffa5][0xffffffe4][0xffffffc9][0xffffffa6][0xffffff84][0xffffffdf][0xffffff8a]*[0xffffffa5]V.%\VTE[0xfffffff1]^J[0xffffff89][0xfffffff8]V[0xffffff82]M[0x9][0xfffffffa][0xffffffad][0xffffffc4]2x+[0xffffffb1]b:[0xffffffa7][0x2]N[0xffffffbd][0xffffff95]XNo%"[0xffffff8a]TJ[0xffffffb8][0xffffffbc][0xffffff95][0xffffff88]X[0x12])[0xffffffc1][0xffffffbe][0xffffff95][0xffffffd8][0x11][0xfffffff5]J[0x9][0xffffffb3][0xffffffb7][0x12][0xffffffd2][0xffffffa5]tJ[0x18][0xffffffbd][0xffffff95][0x8][0xffffffa6][0xffffffe5]R[0xffffffe2][0xffffffa7][0xffffffdf]J[0xffffffb4][0xffffff9b]z+[0xffffffd1]W[0xffffff83]R[0xffffffe2][0xffffffed]<lJ<N[0x0][0xffffffa7][0xffffffc4][0xfffffff7]3 )[0xfffffff1]x:[0xffffff92][0x12][0xffffffdf][0xffffff9e]l[0xffffff91][0x12][0x2]E$%$[0xffffff90]HJ[0x8],[0xffffffd3]S"[0xffffffc0][0xffffff99][0xffffff9c][0x12][0x1]Q[0xffffffa3][0xffffff94]P[0xfffffff2]DSB[0xffffffbb][0x14]M[0x9][0xffffffa5]V,%[0xffffffa2]i[0xffffffa1][0xffffff94][0xffffff88][0xffffffe2][0xffffffbd][0xffffff90][0x12]jqv[0xffffffe7][0xffffffb6]]6|qv3X[0xffffff9c][0xffffffdd][0xffffffc4]v[0xffffffd7]D[0xffffffc0][0xffffffb1][0xffffffc5][0xffffffd9]-[0xffffffec]o%S[0xffffffc2]dq[0xffffffb6][0x4][0xffffff92]I[0x9][0xffffff83][0xffffffc5][0xffffffd9][0x1][0xffffffce][0xffffffec][0xffffff94]0^[0xffffff9c][0xffffffad][0xffffffe4][0xffffffc9][0xffffffa6][0xffffff84][0xffffffdf][0xffffffe2]l[0xffffffa5]V.%\[0x16]gG[0xfffffff1]^J[0xffffff89][0xffffffb8]W[0xffffff82]M[0x9]x[0xffffffaf][0xffffffc4][0xffffffe3][0x4]|J[0xffffff80]{%[0x1e]O[0xffffffa7]R[0xffffffc2]g[0xffffffaf][0xffffff84]@[0xffffff91]J[0x9][0xffffff93][0xffffffbd][0x12][0x2]K"%[0xffffffd0][0xffffffbd][0x12][0x1]Q[0xffffffaf][0xffffff94][0xfffffff0][0xffffffda]+[0xffffffa1]]J[0xffffffa7][0xffffff84][0xffffffcf]^[0xffffff89]hZ.%~z[0xffffffaf][0xffffffc4][0xfffffffd][0xffffff9f][0xffffffd1][0xffffffcc]R[0xffffffa2][0xffffffe1])[0xffffffd1][0xc]R[0xffffffa2][0xffffffa1])[0xffffffd1][0xffffffb0][0xffffff94]hN)[0xffffffb1][0xffffffa3]H[0xffffffa5]D[0x4][0xffffff92]J[0xffffff89][0x1d]K"%[0x1a][0xffffff9c][0x12][0xffffffcd]8%[0xffffff82]<[0xffffffe9][0xffffff94][0x10].[0xffffffa5]S"[0xffffffa8][0xffffff95]L[0xffffff89][0xffffffe6][0xffffff92][0x12][0xffffffed][0xffffffef][0xffffff90][0x12][0xffffffdd],%:[0xffffff9e][0x12][0xffffffdd] %:[0xffffff9a][0x12][0x1d]K[0xffffff89][0xffffffee][0xffffff94][0x12];[0xffffff8a]TJD [0xffffffa9][0xffffff94][0xffffffd8][0xffffffb1]$R[0xffffffa2][0xffffffc3])[0xffffffd1][0xffffff8d]S"[0xffffffc8][0xffffff93]N[0x9][0xffffffe1]R:%[0xffffff82]Z[0xffffffc9][0xffffff94][0xffffffe8].)[0xffffffd1][0x7f]:%[0xffffffd4][0xffffffe7][0xffffffbc][0xffffffc6]([0xffffffd4][0x4]G[0xffffffc3]?[0xffffffe7][0xffffffd5][0xc]>[0xffffffe7][0xffffffd5][0xffffffc4]7g[0x12][0x1][0xffffffc7]>[0xffffffe7][0xffffffd5][0xffffffc2]We[0xffffffc8][0xffffff94]0[0xfffffff9][0xffffff9c][0xffffff97][0x4][0xffffff92]I[0x9][0xffffff83][0xffffffcf]y[0x5]8[0xffffffb3]S[0xffffffc2][0xfffffff8]s^J[0xffffff9e]lJ[0xfffffff8]}[0xffffffce]K[0xffffffa9][0xffffff95]K[0x9][0xffffff97][0xffffffcf]yE[0xfffffff1]^H[0x9][0xfffffff5]9[0xffffffaf]q.j[0xffffffdb]e[0xffffffc3]?[0xffffffe7][0xffffffd5][0xc]>[0xffffffe7][0xffffffd5][0xffffffc4]7g[0x12][0x1][0xffffffc7]>[0xffffffe7][0xffffffd5][0xffffffc2]We[0xffffffc8][0xffffff94]0[0xfffffff9][0xffffff9c][0xffffff97][0x4][0xffffff92]I[0x9][0xffffff83][0xffffffcf]y[0x5]8[0xffffffb3]S[0xffffffc2][0xfffffff8]s^J[0xffffff9e]lJ[0xfffffff8]}[0xffffffce]K[0xffffffa9][0xffffff95]K[0x9][0xffffff97][0xffffffcf]yE[0xfffffff1]^H[0xffffff89][0xffffffa1]Rb[0xe][0xffffffec][0xffffffad][0xffffffc4][0xffffffc0]Sb[0x18][0xffffffa4][0xffffffc4][0xffffff88][0xffffffbc]'[0x2]>[0xffffffb0][0xffffff94][0x18]N)[0x11]QdRB[0x1][0xffffffc9][0xffffffa4]D[0xffffffc4]2?%v8[0xffffffb3]SbG[0xffffffd4])%[0xffffff84]<[0xffffffd9][0xffffff94][0xffffff90].eSB[0xffffffa8][0xffffff95]K[0xffffff89]`Z*%[0xffffff82]x/[0xffffffa4][0xffffffc4]T)[0xffffffb1]*[0xffffff96][0x12][0x13]O[0xffffff89]i[0xffffff90][0x12]3[0xfffffff2][0xffffff9e][0x8][0xfffffff8][0xffffffc4]Rb:[0xffffffa5]DD[0xffffff91]I[0x9][0x5]$[0xffffff93][0x12][0x11][0xffffffcb][0xfffffffc][0xffffff94][0xffffffd8][0xffffffe1][0xffffffcc]N[0xffffff89][0x1d]Q[0xffffffa7][0xffffff94][0x10][0xfffffff2]dSB[0xffffffba][0xffffff94]M[0x9][0xffffffa1]V.%[0xffffff82]i[0xffffffa9][0xffffff94][0x8][0xffffffe2][0xffffffbd][0xffffff90][0x12]jq[0xfffffff6]X[0xffffffeb][0xffffffa4]R[0x2]_[0xffffff9c][0xffffffdd][0xc][0x16]g7[0xffffffb1][0xffffffdd]5[0x11]plqv[0xb][0xfffffffb][[0xffffffc9][0xffffff94]0Y[0xffffff9c]-[0xffffff81]dR[0xffffffc2]`qv[0xffffff80]3;%[0xffffff8c][0x17]g+y[0xffffffb2])[0xffffffe1][0xffffffb7]8[[0xffffffa9][0xffffff95]K[0x9][0xffffff97][0xffffffc5][0xffffffd9]Q[0xffffffbc][0xffffffaf][0xffffffa7]DW+[0xffffffaa][0xffffffce][0xffffffda][0xffffffa8][0xffffffcf]yu|EU7XQ[0xffffffd5][0xffffffc5][0x1e][0xffffff95]<[0xffffffc0];[0xffffffb6][0xffffffa2][0xffffffaa][0xffffff87]M)`J[0x8][0x14][0xffffff91][0xffffff94][0xffffff90]@")![0xffffffb0]LO[0xffffff89][0x0]grJ[0x4]D[0xffffff8d]RB[0xffffffc9][0x13]M[0x9][0xffffffed]R4%[0xffffff94]Z[0xffffffb1][0xffffff94][0xffffff88][0xffffffa6][0xffffff85]R"[0xffffff8a][0xfffffff7]BJ[0x14][0xffffffb1]W[0xffffffe2]l[0xffffffad]P)Q[0xffffffe8][0xffffffbd][0x12][0xffffff8f][0x13][0xffffffd0])Q[0xffffffe2][0xfffffff0]s"[0xffffffe0][0xffffff85][0xffffffda]+[0xfffffff1][0xffffffed][0xffffffc9][0x1e])[0x11]QdRB[0x1][0xffffffc9][0xffffffa4]D[0xffffffc4]2?%v8[0xffffffb3]SbG[0xffffffd4])%[0xffffff84]<[0xffffffd9][0xffffff94][0xffffff90].eSB[0xffffffa8][0xffffff95]K[0xffffff89]`Z*%[0xffffff82]x/[0xffffffa4]DUo%[0xffffffe6][0xffffffa2][0xfffffff6]J[0xffffffbc][0xffffff9d][0x7]N[0xffffff89]j[0xfffffff0]V[0xffffffa2][0xffffffc6]tN[0x4][0xffffffbc]bo%[0xffffffaa][0xffffffd3][[0xffffff89][0xffffff88]"[0xffffff93][0x12][\n]"
14:55:25.511 [main] DEBUG org.apache.hc.client5.http.wire - http-outgoing-1 << "H&%"[0xffffff96][0xfffffff9])[0xffffffb1][0xffffffc3][0xffffff99][0xffffff9d][0x12];[0xffffffa2]N)![0xffffffe4][0xffffffc9][0xffffffa6][0xffffff84]t)[0xffffff9b][0x12]B[0xffffffad]\J[0x4][0xffffffd3]R)[0x11]"
14:55:25.513 [main] DEBUG org.apache.hc.client5.http.wire - http-outgoing-1 << "[0xffffffc4]{)%[0xffffffe2][0xffffffe2]l6%[0xffffffe0][0xffffffc5][0xffffffd9][0xffffff8f][0x13][0xfffffff0])[0x1].[0xffffffce]~<[0xffffff9d]J[0x9][0xffffff9f][0xffffffc5][0xffffffd9][0x2]E*%L[0x16]g[0xb],[0xffffff89][0xffffff94]@[0x17]g[0x7]D[0xffffffbd]R[0xffffffc2]kq[0xffffffb6]v)[0xffffff9d][0x12]>[0xffffff8b][0xffffffb3][0xffffffa3]i[0xffffffb9][0xffffff94][0xfffffff8][0xffffffe9][0xffffffc5][0xffffffd9]][0xffffffad][0xffffffa8][0xffffff9a][0xffffffc7][0xffffff8d][0xffffffba]v[0xffffffd9][0xfffffff1][0x15]U[0xffffffdd]`EU[0x17]{T[0x12][0x1][0xffffffc7]VT[0xfffffff5][0xffffffb0])[0xffffff85]L[0x9][0xffffff93][0x15]U[0x12]H&%[0xc]VT[0x5]8[0xffffffb3]S[0xffffffc2]xE[0xffffff95][0xffffff92]'[0xffffff9b][0x12]~+[0xffffffaa][0xffffff94]Z[0xffffffb9][0xffffff94]pYQ[0x15][0xffffffc5]{!%[0xffffffd4][0xffffff8a][0xffffffaa][0xffffffd9][0x1b][0xfffffff6]V[0x2]_Q[0xffffffd5][\r]VTu[0xffffffb1]G%[0x11]plEU[0xf][0xffffff9b]R[0xffffffc8][0xffffff94]0YQ%[0xffffff81]dR[0xffffffc2]`EU[0xffffff80]3;%[0xffffff8c]WT)y[0xffffffb2])[0xffffffe1][0xffffffb7][0xffffffa2]J[0xffffffa9][0xffffff95]K[0x9][0xffffff97][0x15]UQ[0xffffffbc][0x17]Rb[0xfffffffc]RbJ[0xffffff9c][0xfffffff5][0xffffffa0]R[0xffffffe2]~[0x1e]8%[0xffffffde]N@[0xffffffa7][0xffffffc4][0xffffffb7]30)[0xfffffff1][0xfffffff6]t&%>[0xffffff9e][0xffffffec][0xffffff91][0x12][0x11]E&%[0x14][0xffffff90]LJD,[0xfffffff3]Sb[0xffffff87]3;%vD[0xffffff9d]RB[0xffffffc8][0xffffff93]M[0x9][0xffffffe9]R6%[0xffffff84]Z[0xffffffb9][0xffffff94][0x8][0xffffffa6][0xffffffa5]R"[0xffffff88][0xfffffff7]BJ[0xffffff9c][0xffffffe2][0xffffffad][0xffffffc4]:[0xffffffb0][0xffffffc5][0xffffffd9]o[0xffffffe7][0xffffff81]S[0xffffffe2]4x+q[0xffffffc6]tN[0x4][0xfffffffc][0xffffffc4][0xffffffde]J[0xffffff9c]No%"[0xffffff8a]LJ( [0xffffff99][0xffffff94][0xffffff88]X[0xffffffe6][0xffffffa7][0xffffffc4][0xe]gvJ[0xffffffec][0xffffff88]:[0xffffffa5][0xffffff84][0xffffff90]'[0xffffff9b][0x12][0xffffffd2][0xffffffa5]lJ[0x8][0xffffffb5]r)[0x11]LK[0xffffffa5]D[0x10][0xffffffef][0xffffff85][0xffffff94]P[0xffffffdb].W[0xffffffe5][0xffffff86]A[0xfffffff1]m[0xffffff97][0xffffffdd]`[0xffffffdb]e[0x17]+[0xffffffd9][0x12][0x1][0xffffffc7][0xffffffb6]][0xfffffff6][0xffffffb0]t[0xffffff8d]L[0x9][0xffffff93]m[0xffffff97][0x12]H&%[0xc][0xffffffb6]][0x6]8[0xffffffb3]S[0xffffffc2]x[0xffffffdb][0xffffffa5][0xffffff92]'[0xffffff9b][0x12]~[0xffffffdb].[0xffffff95]Z[0xffffffb9][0xffffff94]p[0xffffffd9]v[0x19][0xffffffc5]{!%[0xffffffd4][0xffffffb6][0xffffffcb][0xffffffd5];v[0xffffffed][0x12][0xffffffdf]v[0xffffffd9][\r][0xffffffb6]]v[0xffffffb1][0xffffff92]-[0x11]pl[0xffffffdb]e[0xf]K[0xffffffd7][0xffffffc8][0xffffff94]0[0xffffffd9]v)[0xffffff81]dR[0xffffffc2]`[0xffffffdb]e[0xffffff80]3;%[0xffffff8c][0xffffffb7]]*y[0xffffffb2])[0xffffffe1][0xffffffb7][0xffffffed]R[0xffffffa9][0xffffff95]K[0x9][0xffffff97]m[0xffffff97]Q[0xffffffbc][0xffffffaf][0xffffffa7][0xffffffc4][0xffffffb8][0xffffffc5][0xffffff94][0xffffffe8][0xffffffb7][[0xffffffa5][0xffffffb6]][0xffffffbe][0xffffff9d][0xffffff87]M[0xffffff89][0xffffffc7][0x9][0xffffffe0][0xffffff94][0xfffffff8]~[0x6]$%[0x1e]OGR[0xffffffe2][0xffffffdb][0xffffff93]-RB[0xffffffa0][0xffffff88][0xffffffa4][0xffffff84][0x4][0x12]I[0x9][0xffffff81]ezJ[0x4]8[0xffffff93]S" j[0xffffff94][0x12]J[0xffffff9e]hJh[0xffffff97][0xffffffa2])[0xffffffa1][0xffffffd4][0xffffff8a][0xffffffa5]D4-[0xffffff94][0x12]Q[0xffffffbc][0x17]RB,[0xffffffce][0xffffffee][0xffffffb7]>oTJ[0xffffffe0][0xffffff8b][0xffffffb3][0xffffff87][0xffffffc1][0xffffffe2][0xffffffec]![0xffffffb6][0xffffffbb]&[0x2][0xffffff8e]-[0xffffffce][0x1e]a[0x7f]+[0xffffff99][0x12]&[0xffffff8b][0xffffffb3]%[0xffffff90]LJ[0x18],[0xffffffce][0xe]pf[0xffffffa7][0xffffff84][0xfffffff1][0xffffffe2]l%O6%[0xfffffffc][0x16]g+[0xffffffb5]r)[0xffffffe1][0xffffffb2]8;[0xffffff8a][0xfffffff7]RJ[0xffffff84][0x15]UpJ[0xffffffc0]+[0xffffffaa][0x1e]'[0xffffffe0]S[0x2]\Q[0xfffffff5]x:[0xffffff95][0x12]>+[0xffffffaa][0x4][0xffffff8a]TJ[0xffffff98][0xffffffac][0xffffffa8][0x12]X[0x12])[0xffffff81][0xffffffae][0xffffffa8][\n]"
14:55:25.513 [main] DEBUG org.apache.hc.client5.http.wire - http-outgoing-1 << "[0xffffff88]z[0xffffffa5][0xffffff84][0xffffffd7][0xffffff8a]*[0xffffffed]R:%|VTE[0xffffffd3]r)[0xfffffff1][0xffffffd3]+[0xffffffaa][0xffffffee][0xffffffff][0xffffff8c]a[0xffffff96][0x12][0x3]O[0xffffff89]a[0xffffff90][0x12][0x3]M[0xffffff89][0xffffff81][0xffffffa5][0xffffffc4]pJ[0xffffff89][0x1d]E*%"[0xffffff90]TJ[0xffffffec]X[0x12])1[0xffffffe0][0xffffff94][0x18][0xffffffc6])[0x11][0xffffffe4]I[0xffffffa7][0xffffff84]p)[0xffffff9d][0x12]A[0xffffffad]dJ[0xc][0xffffff97][0xffffff94][0x18][0x7f][0xffffff87][0xffffff94]8[0xffffffa6]YK[0x1c][0x13][0xffffff8f][0xffffff89][0xfffffffb][0x11][0xfffffff8][0xffffff9a][0xfffffff8]8[0x4][0xffffff95][0x13][0xfffffff7][0xffffffc7]S=[0xfffffff1][0xfffffffe]h[0xffffff97][0xffffffa0][0x8]<RE![0xffffffa8][0xffffffa4][0xffffff92]"[0xffffffb0]I4[0xffffffc5]Fh~Tl[0xffffff9c]zUE[0xffffffd4]([0xffffff9d][0x15][0xffffffca][0xffffffaa]tWD[0xffffffc9][0xffffff92]a[0xffffffb1];[0xffffff97]+[0xffffff8b]][0xffffffc1][0xffffff97][0xffffffd2][0xffffffa2],[0xffffffb3][0xffffffb4]([0xb]O[0xffffff8b][0xfffffffb][0x11][0xfffffff8][0xffffffb4][0xfffffff8]8[0x4][0xffffff95][0x16][0xfffffff7][0xffffffc7]Si[0xfffffff1][0xfffffffe]h[0xffffff97][0xffffffb4][0x8]<Ri![0xffffffa8][0xffffffa4][0xffffffd2]"[0xffffffb0]I[0xffffffa4][0xffffffc5]Fh~Zl[0xffffff9c]z[0xffffffa5]E[0xffffffd4]([0xffffff9d][0x16][0xffffffca][0xffffffaa]tZD[0xffffffc9][0xffffff92]i[0xffffffb1];[0xffffff97]K[0xffffff8b]][0xffffffc1][0xffffff97][0xffffffd2][0xffffffa2][0xffffffba][0xffffffa5]E[0xffffffe5][0xffffffd3][0xffffffa2]:[0xffffffa4]Ee[0xffffffd3][0xffffffa2]riQ[0xffffffad][0xffffffd2]"[0xfffffff0]H[0xffffffa5][0xffffff85][0xffffffa0][0xffffff92]J[0xffffff8b][0xffffffc0]&[0xffffff91][0x16][0xffffff95]N[0xffffff8b][0xffffffea][0xffffff9c][0x16]Q[0xffffffa3]tZ([0xffffffab][0xffffffd2]i[0x11]%K[0xffffffa6][0xffffffc5][0xffffffee]\.-v[0x5]_J[0xffffff8b][0xffffffc7][0xffffffce][0x9][0xffffffa7][0xffffffb4][0xffffffe8]'[0xffffff9e][0x16][0xfffffff7]#[0xfffffff0]i[0xfffffff1]q[0x8]*-[0xffffffee][0xffffff8f][0xffffffa7][0xffffffd2][0xffffffe2][0xfffffffd][0xffffffd1].i[0x11]x[0xffffffa4][0xffffffd2]BPI[0xffffffa5]E`[0xffffff93]H[0xffffff8b][0xffffff8d][0xffffffd0][0xfffffffc][0xffffffb4][0xffffffd8]8[0xfffffff5]J[0xffffff8b][0xffffffa8]Q:-[0xffffff94]U[0xffffffe9][0xffffffb4][0xffffff88][0xffffff92]%[0xffffffd3]bw.[0xffffff97][0x16][0xffffffbb][0xffffff82]/[0xffffffa5][0xffffffc5]p{k1[0xfffffff8][0xffffffb7][0x16][0xffffffc3][0xffffffe1][0xffffffad][0xffffffc5]`[0xffffffdf]Z[0xc][0xffffffee][0xffffffad][0xffffffc5][0xffffffb0]zk[0x11]x[0xffffffa4][0xffffffd2]BPI[0xffffffa5]E`[0xffffff93]H[0xffffff8b]A[0xffffffbf][0xffffffb5][0x18][0xffffffce]o-[0xffffffa2]F[0xffffffe9][0xffffffb4]PV[0xffffffa5][0xffffffd3]"J[0xffffff96]L[0xffffff8b][0xffffffdd][0xffffffb9]\Z[0xffffffec][\n]"
14:55:25.514 [main] DEBUG org.apache.hc.client5.http.wire - http-outgoing-1 << "[0xffffffbe][0xffffff94][0x16][0xffffffab][0xffffff99][0xffffffa5][0xffffffc5]jxZ[0xffffffdc][0xffffff8f][0xffffffc0][0xffffffa7][0xffffffc5][0xffffffc7]![0xffffffa8][0xffffffb4][0xffffffb8]?[0xffffff9e]J[0xffffff8b][0xfffffff7]G[0xffffffbb][0xffffffa4]E[0xffffffe0][0xffffff91]J[0xb]A%[0xffffff95][0x16][0xffffff81]M"-6B[0xfffffff3][0xffffffd3]b[0xffffffe3][0xffffffd4]+-[0xffffffa2]F[0xffffffe9][0xffffffb4]PV[0xffffffa5][0xffffffd3]"J[0xffffff96]L[0xffffff8b][0xffffffdd][0xffffffb9]\Z[0xffffffec][\n]"
14:55:25.514 [main] DEBUG org.apache.hc.client5.http.wire - http-outgoing-1 << "[0xffffffbe][0xffffff94][0x16][0xffffffc7]q[0xffffff98][0xffffffb5][0xffffffc5][0xfffffffd]Dx\[0xffffffbc][0xffffff9d][0xffffff81][0xffffffaf][0xffffff8b]o[0xffffffa7][0xffffffa0][0xfffffff2][0xffffffe2][0xffffffed][0xfffffff9]T_|<[0xffffffdb]%0"[0xffffff94]Ta(4[0xffffffa9][0xffffffc4][0xffffff88][0xffffff80][0x12][0xffffff8d][0xffffffb1]c[0xffffff9a][0x1f][0x19];[0xffffffac]^[0xffffff95]![0xffffff84]Jg[0xffffff86][0xfffffff4]+[0xffffffdd][0x19]B[0xffffffb7]dh[0x4][0xfffffffb]r[0xffffffa5][0x11]d|-5[0xffffff8a][0xffffffdd]4j1[0x18]G-[0x16][0xfffffff3][0xffffffa8][0x5][0x1e]H-[0xffffffe0]Dj[0xfffffff1][0x1a]I[\r]Pb[0xffffffa9]![0xffffffd0][0xffffffc4]R#[0x0][0xffffff8a][0xffffffa4]F[0xffffffc1][0xffffffc7]R[0xffffff8b][0xfffffff5]\j[0x14]*[0xffffff9e][0x1a][0xffffffca][0xffffffaf]xjD[0xffffffdd][0xffffffa2][0xffffffa9][0xffffffb1][0xffffffdb][0x17]L[0xffffff8d]][0xffffffc6][0xffffffaf][0xffffffa4]F}[0xffffffff][0xffffffa7][0x14][0xffffffb1][0xffffffd8][0xfffffffb]8VM[0xf][0xffffff8d][0xffffffcf][0xfffffff3]P[0xffffff99][0xfffffff1][0xffffffe5][0x4]XdlgHN[0xffffff8c]/OO[0xe][0xffffff8c]_?[0x19][0xffffffce][0xffffff8b][0xffffffa7](&[0xffffffc7][0xffffffc5][0xf][0xffffff80]LN[0xffffff8b][0xffffffa7]X&[0xffffff86][0xffffffc5][0x13]8[0xffffffd3][0xffffffb2][0xffffffe2][0x9][0xffffffa2][0x16]Q[0xfffffff1]\[0xffffff9e]PR[0xfffffffc][0xffffffc8][0xffffffa5]PP<W+[0xffffff90][0x13][0xffffffcf]L[0xffffff9b][0x1e][0x13][0xffffffcf][0xffffffc4]{)%[0xffffffba]YJt<%[0xffffffba]AJt4%:[0xffffff96][0x12][0xffffffdd])%v[0x14][0xffffffa9][0xffffff94][0xffffff88]"
14:55:25.515 [main] DEBUG org.apache.hc.client5.http.wire - http-outgoing-1 << "@R)[0xffffffb1]cI[0xffffffa4]D[0xffffff87]S[0xffffffa2][0x1b][0xffffffa7]D[0xffffff90]'[0xffffff9d][0x12][0xffffffc2][0xffffffa5]tJ[0x4][0xffffffb5][0xffffff92])[0xffffffd1]]R[0xffffffa2][0xffffffff]tJT[0xfffffff5]V[0xffffffa2][0xffffffce]B[0xffffffa5]D[0xffffffc5][0xffffffdf]JT[0xffffff83][0xffffffb7][0x12]5[0xffffffa6]s"[0xffffffe0][0x15]{+Q[0xffffff9d][0xffffffde]JD[0x14][0xffffff99][0xffffff94]P@2)[0x11][0xffffffb1][0xffffffcc]O[0xffffff89][0x1d][0xffffffce][0xffffffec][0xffffff94][0xffffffd8][0x11]uJ[0x9]!O6%[0xffffffa4]K[0xffffffd9][0xffffff94][0x10]j[0xffffffe5]R"[0xffffff98][0xffffff96]J[0xffffff89] [0xffffffde][0xb])[0xffffffd1]EJ[0xffffff94][[0x19]TJt<%[0xffffffba]AJ[0xfffffff4][0xffffffc8]{"[0xffffffe0][0x1d]K[0xffffff89][0xffffffee][0xffffff94][0x12][0x11]E&%[0x14][0xffffff90]LJD,[0xfffffff3]Sb[0xffffff87]3;%vD[0xffffff9d]RB[0xffffffc8][0xffffff93]M[0x9][0xffffffe9]R6%[0xffffff84]Z[0xffffffb9][0xffffff94][0x8][0xffffffa6][0xffffffa5]R"[0xffffff88][0xfffffff7]BJL[0xffffff95][0x12]k[0x1c]TJL<%[0xffffffa6]AJ[0xffffffcc][0xffffffc8]{"[0xffffffe0][0x13]K[0xffffff89][0xffffffe9][0xffffff94][0x12][0x11]E&%[0x14][0xffffff90]LJD,[0xfffffff3]Sb[0xffffff87]3;%vD[0xffffff9d]RB[0xffffffc8][0xffffff93]M[0x9][0xffffffe9]R6%[0xffffff84]Z[0xffffffb9][0xffffff94][0x8][0xffffffa6][0xffffffa5]R"[0xffffff88][0xfffffff7]BJ,[0xffffff91][0x12][0xffffffb5][0xfffffff4]E[0xffffffa5][0xffffffc4][0xffffffc2]Sb[0x19][0xffffffa4][0xffffffc4][0xffffff8a][0xffffffbc]'[0x2][0xffffffbe][0xffffffb0][0xffffff94]XN)[0x11]QdRB[0x1][0xffffffc9][0xffffffa4]D[0xffffffc4]2?%v8[0xffffffb3]SbG[0xffffffd4])%[0xffffff84]<[0xffffffd9][0xffffff94][0xffffff90].eSB[0xffffffa8][0xffffff95]K[0xffffff89]`Z*%[0xffffff82]x/[0xffffffa5]D1K[0xffffff89][0xffffff82][0xffffffa7]D1H[0xffffff89][0xffffff82][0xffffffa6]D[0xffffffc1]R[0xffffffa2]8[0xffffffa5][0xffffffc4][0xffffff8e]"[0xffffff95][0x12][0x11]H*%v,[0xffffff89][0xffffff94](pJ[0x14][0xffffffe3][0xffffff94][0x8][0xfffffff2][0xffffffa4]SB[0xffffffb8][0xffffff94]N[0xffffff89][0xffffffa0]V2%[0xffffff8a]KJ[0xffffff94][0xffffff9f]M[0xffffff89][0xfffffff3][0xffffffa6][0xffffffde]J[0xc][0xffffffec][0xffffffda][0xffffffe5][0xffffffdb]y[0xffffffd8][0xffffff94]x[0xffffff9c][0x0]N[0xffffff89][0xffffffef]g@R[0xffffffe2][0xfffffff1]t$%[0xffffffbe]=[0xffffffd9]"%[0x4][0xffffff8a]HJH [0xffffff91][0xffffff94][0x10]X[0xffffffa6][0xffffffa7]D[0xffffff80]39%[0x2][0xffffffa2]F)[0xffffffa1][0xffffffe4][0xffffff89][0xffffffa6][0xffffff84]v)[0xffffff9a][0x12]J[0xffffffad]XJD[0xffffffd3]B)[0x11][0xffffffc5]{!%[0xe][0xffffff95][0x12][0xfffffff3]lTJ[0x1c]xJ[0x1c][0x6])qD[0xffffffde][0x13][0x1]?[0xffffffb0][0xffffff94]8[0xffffff9c]R"[0xffffffa2][0xffffffc8][0xffffffa4][0xffffff84][0x2][0xffffff92]I[0xffffff89][0xffffff88]e~J[0xffffffec]pf[0xffffffa7][0xffffffc4][0xffffff8e][0xffffffa8]SJ[0x8]y[0xffffffb2])!][0xffffffca][0xffffffa6][0xffffff84]P+[0xffffff97][0x12][0xffffffc1][0xffffffb4]TJ[0x4][0xfffffff1]^H[0x9][0xffffffb5][0xffffffa2][0xffffffaa][0xffffffd5][0x1b][0xfffffff5][0x3][0xffffffc7][0xffffff89][0xffffffaf][0xffffffa8]:[\r]VT[0xffffff9d]b[0xffffff8f]J"[0xffffffe0][0xffffffd8][0xffffff8a][0xffffffaa]3lJ!S[0xffffffc2]dE[0xffffff95][0x4][0xffffff92]I[0x9][0xffffff83][0x15]U[0x1][0xffffffce][0xffffffec][0xffffff94]0^Q[0xffffffa5][0xffffffe4][0xffffffc9][0xffffffa6][0xffffff84][0xffffffdf][0xffffff8a]*[0xffffffa5]V.%\VTE[0xfffffff1]^J[0xffffff89]xW[0xffffff82]M[0x9][0xfffffff8][0xffffffae][0xffffffc4][0xffffffe3][0x4]|J[0xffffff80]w%[0x1e]O[0xffffffa7]R[0xffffffc2][0xffffffe7][0xffffffae][0xffffff84]@[0xffffff91]J[0x9][0xffffff93][0xffffffbb][0x12][0x2]K"%[0xffffffd0][0xffffffbb][0x12][0x1]Q[0xffffffaf][0xffffff94][0xfffffff0][0xffffffba]+[0xffffffa1]]J[0xffffffa7][0xffffff84][0xffffffcf]][0xffffff89]hZ.%~[0xfffffffe][0xffffffae]DUo%[0xffffffda][0xffffffd9][0xffffffa9][0xffffff94][0xffffffa8][0xfffffff8][[0xffffff89]j[0xfffffff0]V[0xffffffa2][0xffffffc6]tN[0x4][0xffffffbc]bo%[0xffffffaa][0xffffffd3][[0xffffff89][0xffffff88]"[0xffffff93][0x12][\n]"
14:55:25.516 [main] DEBUG org.apache.hc.client5.http.wire - http-outgoing-1 << "H&%"[0xffffff96][0xfffffff9])[0xffffffb1][0xffffffc3][0xffffff99][0xffffff9d][0x12];[0xffffffa2]N)![0xffffffe4][0xffffffc9][0xffffffa6][0xffffff84]t)[0xffffff9b][0x12]B[0xffffffad]\J[0x4][0xffffffd3]R)[0x11][0xffffffc4]{!%[0xffffff9a]J[0xffffff89]9[0x1b][0xffffff95][0x12][\r]O[0xffffff89]f[0xffffff90][0x12]-[0xfffffff2][0xffffff9e][0x8]x[0xffffffc3]R[0xffffffa2]9[0xffffffa5]DD[0xffffff91]I[0x9][0x5]$[0xffffff93][0x12][0x11][0xffffffcb][0xfffffffc][0xffffff94][0xffffffd8][0xffffffe1][0xffffffcc]N[0xffffff89][0x1d]Q[0xffffffa7][0xffffff94][0x10][0xfffffff2]dSB[0xffffffba][0xffffff94]M[0x9][0xffffffa1]V.%[0xffffff82]i[0xffffffa9][0xffffff94][0x8][0xffffffe2][0xffffffbd][0xffffff90][0x12]j[0xffffffdb]e[0xffffffbf][0xffffff95][0xfffffffc][0xffffffef][0xffffff86]~[0xffffff9e][0x7]N[0x9][0xffffff83]m[0xffffff97][0xffffffa7]X[0xffffffc9][0xffffff96][0x8]8[0xffffffb6][0xffffffed][0xfffffff2][0xc]K[0xffffffd7][0xffffffc8][0xffffff94]0[0xffffffd9]v)[0xffffff81]dR[0xffffffc2]`[0xffffffdb]e[0xffffff80]3;%[0xffffff8c][0xffffffb7]]*y[0xffffffb2])[0xffffffe1][0xffffffb7][0xffffffed]R[0xffffffa9][0xffffff95]K[0x9][0xffffff97]m[0xffffff97]Q[0xffffffbc][0x17]Rb[0xffffffa8][0xffffff94]h[0x7][0xffffffb5]8[0xfffffffb][0xffffffed]<pJ[0xc][0xffffff83][0xffffff94][0x18][0xffffff91][0xfffffff7]D[0xffffffc0][0x7][0xffffff96][0x12][0xffffffc3])%"[0xffffff8a]LJ( [0xffffff99][0xffffff94][0xffffff88]X[0xffffffe6][0xffffffa7][0xffffffc4][0xe]gvJ[0xffffffec][0xffffff88]:[0xffffffa5][0xffffff84][0xffffff90]'[0xffffff9b][0x12][0xffffffd2][0xffffffa5]lJ[0x8][0xffffffb5]r)[0x11]LK[0xffffffa5]D[0x10][0xffffffef][0xffffff85][0xffffff94]8UJtlE[0xffffffd5][0xffffffdb]y[0xffffffe0][0xffffff94]8[\r]R[0xffffffe2][0xffffff8c][0xffffffbc]'[0x2]~b)q:[0xffffffa5]DD[0xffffff91]I[0x9][0x5]$[0xffffff93][0x12][0x11][0xffffffcb][0xfffffffc][0xffffff94][0xffffffd8][0xffffffe1][0xffffffcc]N[0xffffff89][0x1d]Q[0xffffffa7][0xffffff94][0x10][0xfffffff2]dSB[0xffffffba][0xffffff94]M[0x9][0xffffffa1]V.%[0xffffff82]i[0xffffffa9][0xffffff94][0x8][0xffffffe2][0xffffffbd][0xffffff90][0x12][0xffffffea][0x1b][0x1c]}N[0xffffffea][0x1b][0x1c]'[0xfffffffe][\r][0xffffff8e][0xffffffd3][0xffffffe0][0x1b][0x1c][0xffffffa7]X[0x14][0xffffff9f][0x8]8[0xfffffff6][\r][0xffffff8e]3[0xffffffac][0xffffff82]'S[0xffffffc2][0xffffffe4][0x1b][0x1c][0x12]H&%[0xc][0xffffffbe][0xffffffc1][0x11][0xffffffe0][0xffffffcc]N[0x9][0xffffffe3]op(y[0xffffffb2])[0xffffffe1][0xfffffff7][\r][0xe][0xffffffa5]V.%\[0xffffffbe][0xffffffc1][0x11][0xffffffc5]{!%[0xffffffd4]78[0xfffffffa][0xffffffaa][0xffffffd8][0xffffffb6]K[0xfffffffc][0x1b][0x1c][0xffffffa7][0xffffffc1]78N[0xffffffb1](>[0x11]p[0xffffffec][0x1b][0x1c]gX[0x5]O[0xffffffa6][0xffffff84][0xffffffc9]78$[0xffffff90]LJ[0x18]|[0xffffff83]#[0xffffffc0][0xffffff99][0xffffff9d][0x12][0xffffffc6][0xffffffdf][0xffffffe0]P[0xfffffff2]dS[0xffffffc2][0xffffffef][0x1b][0x1c]J[0xffffffad]\J[0xffffffb8]|[0xffffff83]#[0xffffff8a][0xfffffff7][0xfffffff5][0xffffff94][0xffffff98]jqv_[0xffffff83][0xffffffba]+1[0xfffffff1][0xffffffc5][0xffffffd9][0xffffffd3]`q[0xfffffff6][0x14][0xffffffdb]][0xfffffff3][0x0][0xffffff9f][0xffffffd8][0xffffffe2][0xffffffec][0x19][0xfffffff6][0xffffffb7][0xffffff82])!PDRB[0x2][0xffffff89][0xffffffa4][0xffffff84][0xffffffc0]2=%[0x2][0xffffff9c][0xffffffc9])[0x11][0x10]5J[0x9]%O4%[0xffffffb4]K[0xffffffd1][0xffffff94]Pj[0xffffffc5]R"[0xffffff9a][0x16]J[0xffffff89]([0xffffffde][0xb])[0xffffffa1][0x16]g[0xfffffff7][0xffffffb5][0xffffffa8][0xffffffbd][0x12][0x13]_[0xffffff9c]=[\r][0x16]gO[0xffffffb1][0xffffffdd]5[0x11]plq[0xfffffff6][0xc][0xfffffffb][[0xffffffc9][0xffffff94]0Y[0xffffff9c]-[0xffffff81]dR[0xffffffc2]`qv[0xffffff80]3;%[0xffffff8c][0x17]g+y[0xffffffb2])[0xffffffe1][0xffffffb7]8[[0xffffffa9][0xffffff95]K[0x9][0xffffff97][0xffffffc5][0xffffffd9]Q[0xffffffbc][0x17]R[0xffffffa2][0xffffff8a][0xffffff94][0x18][0xffffffc7][0xffffffaa]TJT<%[0xffffffaa]AJ[0xffffffd4][0xffffffc8]{"[0xffffffe0][0x15]K[0xffffff89][0xffffffea][0xffffff94][0x12][0x11]E&%[0x14][0xffffff90]LJD,[0xfffffff3]Sb[0xffffff87]3;%vD[0xffffff9d]RB[0xffffffc8][0xffffff93]M[0x9][0xffffffe9]R6%[0xffffff84]Z[0xffffffb9][0xffffff94][0x8][0xffffffa6][0xffffffa5]R"[0xffffff88][0xfffffff7]BJ[0xffffffa8][0x15]U[0xffffffa3][0xffffff8f]I[0xffffffa5][0x4][0xffffffbe][0xffffffa2]j[0x1a][0xffffffac][0xffffffa8][0xffffff9a]b[0xffffff8f]J"[0xffffffe0][0xffffffd8][0xffffff8a][0xffffffaa][0x19]6[0xffffffa5][0xffffff90])a[0xffffffb2][0xffffffa2]J[0x2][0xffffffc9][0xffffffa4][0xffffff84][0xffffffc1][0xffffff8a][0xffffffaa][0x0]gvJ[0x18][0xffffffaf][0xffffffa8]R[0xfffffff2]dS[0xffffffc2]oE[0xffffff95]R+[0xffffff97][0x12].+[0xffffffaa]"
14:55:25.517 [main] DEBUG org.apache.hc.client5.http.wire - http-outgoing-1 << "[0xffffffa2]x/[0xffffffa4][0xffffff84]ZQ5[0xffffffce][0xffffff82][0xffffffa5][0x4][0xffffffbe][0xffffffa2]j[0x1a][0xffffffac][0xffffffa8][0xffffff9a]b[0xffffff8f]J"[0xffffffe0][0xffffffd8][0xffffff8a][0xffffffaa][0x19]6[0xffffffa5][0xffffff90])a[0xffffffb2][0xffffffa2]J[0x2][0xffffffc9][0xffffffa4][0xffffff84][0xffffffc1][0xffffff8a][0xffffffaa][0x0]gvJ[0x18][0xffffffaf][0xffffffa8]R[0xfffffff2]dS[0xffffffc2]oE[0xffffff95]R+[0xffffff97][0x12].+[0xffffffaa][0xffffffa2]x/[0xffffffa4][0xffffff84]ZQu[0x1e][\r][0xfffffffb][0xffffff81][0x3]_Q5[\r]VTM[0xffffffb1]G%[0x11]plE[0xffffffd5][0xc][0xffffff9b]R[0xffffffc8][0xffffff94]0YQ%[0xffffff81]dR[0xffffffc2]`EU[0xffffff80]3;%[0xffffff8c]WT)y[0xffffffb2])[0xffffffe1][0xffffffb7][0xffffffa2]J[0xffffffa9][0xffffff95]K[0x9][0xffffff97][0x15]UQ[0xffffffbc][0x17]RB[0xffffffad][0xffffffa8]:[0xffffffeb][0xffffff81][0xffffffa5][0x4][0xffffffbe][0xffffffa2]j[0x1a][0xffffffac][0xffffffa8][0xffffff9a]b[0xffffff8f]J"[0xffffffe0][0xffffffd8][0xffffff8a][0xffffffaa][0x19]6[0xffffffa5][0xffffff90])a[0xffffffb2][0xffffffa2]J[0x2][0xffffffc9][0xffffffa4][0xffffff84][0xffffffc1][0xffffff8a][0xffffffaa][0x0]gvJ[0x18][0xffffffaf][0xffffffa8]R[0xfffffff2]dS[0xffffffc2]oE[0xffffff95]R+[0xffffff97][0x12].+[0xffffffaa][0xffffffa2]x/[0xffffffa4][0xffffff84]ZQu[0xffffff9e][0xffffffd8][0xffffffe2][0xffffffec][0xffffff89][0xffffffaf][0xffffffa8][0xffffff9a][0x6]+[0xffffffaa][0xffffffa6][0xffffffd8][0xffffffa3][0xffffff92][0x8]8[0xffffffb6][0xffffffa2]j[0xffffff86]M)dJ[0xffffff98][0xffffffac][0xffffffa8][0xffffff92]@2)a[0xffffffb0][0xffffffa2]*[0xffffffc0][0xffffff99][0xffffff9d][0x12][0xffffffc6]+[0xffffffaa][0xffffff94]<[0xffffffd9][0xffffff94][0xfffffff0][Q[0xffffffa5][0xffffffd4][0xffffffca][0xffffffa5][0xffffff84][0xffffffcb][0xffffff8a][0xffffffaa]([0xffffffde][0xb])[0xffffffa1]VT[0xffffff9d][0xffffffeb][0xffffff86][0xffffffa5][0x4][0xffffffbe][0xffffffa2]j[0x1a][0xffffffac][0xffffffa8][0xffffff9a]b[0xffffff8f]J"[0xffffffe0][0xffffffd8][0xffffff8a][0xffffffaa][0x19]6[0xffffffa5][0xffffff90])a[0xffffffb2][0xffffffa2]J[0x2][0xffffffc9][0xffffffa4][0xffffff84][0xffffffc1][0xffffff8a][0xffffffaa][0x0]gvJ[0x18][0xffffffaf][0xffffffa8]R[0xfffffff2]dS[0xffffffc2]oE[0xffffff95]R+[0xffffff97][0x12].+[0xffffffaa][0xffffffa2]x_O[0xffffff89][0xffffffa5]VT[0xffffffcd]z4(%[0x16][0xffffffbe][0xffffffa2]j[0x19][0xffffffac][0xffffffa8]Zb[0xffffff8f]J[0x1e][0xffffffe0][0xb][Q[0xffffffb5][0xffffffc2][0xffffffa6][0x14]0%[0x4][0xffffff8a]HJH [0xffffff91][0xffffff94][0x10]X[0xffffffa6][0xffffffa7]D[0xffffff80]39%[0x2][0xffffffa2]F)[0xffffffa1][0xffffffe4][0xffffff89][0xffffffa6][0xffffff84]v)[0xffffff9a][0x12]J[0xffffffad]XJD[0xffffffd3]B)[0x11][0xffffffc5]{!%[0xffffffd4][0xffffff8a][0xffffffaa][0xffffffd9][\n]"
14:55:25.518 [main] DEBUG org.apache.hc.client5.http.wire - http-outgoing-1 << "uWb[0xffffffe1]+[0xffffffaa][0xffffff96][0xffffffc1][0xffffff8a][0xffffffaa]%[0xfffffff6][0xffffffa8]$[0x2][0xffffff8e][0xffffffad][0xffffffa8]ZaS[\n]"
14:55:25.518 [main] DEBUG org.apache.hc.client5.http.wire - http-outgoing-1 << "[0xffffff99][0x12]&+[0xffffffaa]$[0xffffff90]LJ[0x18][0xffffffac][0xffffffa8][\n]"
14:55:25.518 [main] DEBUG org.apache.hc.client5.http.wire - http-outgoing-1 << "pf[0xffffffa7][0xffffff84][0xfffffff1][0xffffff8a]*%O6%[0xfffffffc]VT)[0xffffffb5]r)[0xffffffe1][0xffffffb2][0xffffffa2]*[0xffffff8a][0xfffffff7]BJ[0x14][0xffffff95][0x12][0xffffffb3]Q?p[0xffffffbc][0xffffff9d][0x7]N[0xffffff89]b[0xffffff90][0x12]%[0xfffffff2][0xffffff9e][0x8]x[0xffffffc1]R[0xffffffa2]8[0xffffffa5]DD[0xffffff91]I[0x9][0x5]$[0xffffff93][0x12][0x11][0xffffffcb][0xfffffffc][0xffffff94][0xffffffd8][0xffffffe1][0xffffffcc]N[0xffffff89][0x1d]Q[0xffffffa7][0xffffff94][0x10][0xfffffff2]dSB[0xffffffba][0xffffff94]M[0x9][0xffffffa1]V.%[0xffffff82]i[0xffffffa9][0xffffff94][0x8][0xffffffe2][0xffffffbd][0xffffff90][0x12]U[0xffffffa6][0xffffffc4][0xffffffc4]R[0xffffffa2][0xffffffe2])Q[\r]R[0xffffffa2]F[0xffffffde][0x13][0x1][0xffffffaf]XJT[0xffffffa7][0xffffff94][0xffffff88](2)[0xffffffa1][0xffffff80]dR"b[0xffffff99][0xffffff9f][0x12];[0xffffff9c][0xffffffd9])[0xffffffb1]#[0xffffffea][0xffffff94][0x12]B[0xffffff9e]lJH[0xffffff97][0xffffffb2])![0xffffffd4][0xffffffca][0xffffffa5]D0-[0xffffff95][0x12]A[0xffffffbc][0x17]RBm[0xffffffbb][0xffffff9c][0xffffffab][0x14]*%[0xfffffff0]m[0xffffff97][0xffffffcb]`[0xffffffdb][0xffffffe5][0x12]+[0xffffffd9][0x12][0x1][0xffffffc7][0xffffffb6]][0xffffffae][0xffffffb0]t[0xffffff8d]L[0x9][0xffffff93]m[0xffffff97][0x12]H&%[0xc][0xffffffb6]][0x6]8[0xffffffb3]S[0xffffffc2]x[0xffffffdb][0xffffffa5][0xffffff92]'[0xffffff9b][0x12]~[0xffffffdb].[0xffffff95]Z[0xffffffb9][0xffffff94]p[0xffffffd9]v[0x19][0xffffffc5]{!%[0xffffffd4][0xffffffb6][0xffffffcb][0xffffffb9][0xfffffffa]A[0xffffffa5][0x4][0xffffffbe][0xffffffed]r[0x19]l[0xffffffbb]\b%["[0xffffffe0][0xffffffd8][0xffffffb6][0xffffffcb][0x15][0xffffff96][0xffffffae][0xffffff91])a[0xffffffb2][0xffffffed]R[0x2][0xffffffc9][0xffffffa4][0xffffff84][0xffffffc1][0xffffffb6][0xffffffcb][0x0]gvJ[0x18]o[0xffffffbb]T[0xfffffff2]dS[0xffffffc2]o[0xffffffdb][0xffffffa5]R+[0xffffff97][0x12].[0xffffffdb].[0xffffffa3]x/[0xffffffa4][0xffffff84][0xffffffda]v[0xffffffb9]n[0xffffffb7][0xffffff93]J[0x9]|[0xffffffdb][0xffffffe5]2[0xffffffd8]v[0xffffffb9][0xffffffc4]J[0xffffffb6]D[0xffffffc0][0xffffffb1]m[0xffffff97]+,]#S[0xffffffc2]d[0xffffffdb][0xffffffa5][0x4][0xffffff92]I[0x9][0xffffff83]m[0xffffff97][0x1][0xffffffce][0xffffffec][0xffffff94]0[0xffffffde]v[0xffffffa9][0xffffffe4][0xffffffc9][0xffffffa6][0xffffff84][0xffffffdf][0xffffffb6]K[0xffffffa5]V.%\[0xffffffb6]]F[0xfffffff1]^H[0x9][0xffffffb5][0xffffffed]r[0x1d][0xffffff9d][0xfffffffa][0x6][0xffffffc7][0xffffffc2][0xffffffb7]].[0xffffff83]m[0xffffff97]K[0xffffffac]dK[0x4][0x1c][0xffffffdb]v[0xffffffb9][0xffffffc2][0xffffffd2]52%L[0xffffffb6]]J [0xffffff99][0xffffff94]0[0xffffffd8]v[0x19][0xffffffe0][0xffffffcc]N[0x9][0xffffffe3]m[0xffffff97]J[0xffffff9e]lJ[0xfffffff8]m[0xffffffbb]Tj[0xffffffe5]R[0xffffffc2]e[0xffffffdb]e[0x14][0xffffffef][0xffffffa5][0xffffff94](f)Q[0xfffffff0][0xffffff94]([0x6])Q[0xffffffd0][0xffffff94](XJ[0x14][0xffffffa7][0xffffff94][0xffffffd8]Q[0xffffffa4]R"[0x2]I[0xffffffa5][0xffffffc4][0xffffff8e]%[0xffffff91][0x12][0x5]N[0xffffff89]b[0xffffff9c][0x12]A[0xffffff9e]tJ[0x8][0xffffff97][0xffffffd2])[0x11][0xffffffd4]J[0xffffffa6]DqI[0xffffff89][0xfffffff2][0xffffffd3])[0xffffffa1][0x16]g[0xffffffaf]Q[0xffffffb1][0xffffffbd][0x12][0xfffffff8][0xffffffe2][0xffffffec]e[0xffffffb0]8{[0xffffff89][0xffffffed][0xffffffae][0xffffff89][0xffffff80]c[0xffffff8b][0xffffffb3]W[0xffffffd8][0xffffffdf]J[0xffffffa6][0xffffff84][0xffffffc9][0xffffffe2]l[0x9]$[0xffffff93][0x12][0x6][0xffffff8b][0xffffffb3][0x3][0xffffff9c][0xffffffd9])a[0xffffffbc]8[[0xffffffc9][0xffffff93]M[0x9][0xffffffbf][0xffffffc5][0xffffffd9]J[0xffffffad]\J[0xffffffb8],[0xffffffce][0xffffff8e][0xffffffe2][0xffffffbd][0xffffff90][0x12]jq[0xfffffff6][0xffffff9a][0x7]vW[0x2]_[0xffffff9c][0xffffffbd][0xc][0x16]g/[0xffffffb1][0xffffffdd]5[0x11]plq[0xfffffff6][\n]"
14:55:25.518 [main] DEBUG org.apache.hc.client5.http.wire - http-outgoing-1 << "[0xfffffffb][[0xffffffc9][0xffffff94]0Y[0xffffff9c]-[0xffffff81]dR[0xffffffc2]`qv[0xffffff80]3;%[0xffffff8c][0x17]g+y[0xffffffb2])[0xffffffe1][0xffffffb7]8[[0xffffffa9][0xffffff95]K[0x9][0xffffff97][0xffffffc5][0xffffffd9]Q[0xffffffbc]/[0xffffffa7]D[0xffffffbd][0xffffffdd][0xffffffe2][0xf][0x1c][0xffffffe3]v[0xffffffa3][0xffffffb6]]]]><![CDATA[>[0xffffffce][0xffffff83][0xffffffa6][0xffffffc4][0xfffffffb][0x9][0xffffffd8][0xffffff94][0xfffffff8]<[0x3][0xffffff91][0x12][0xffffffef]O'R[0xffffffe2][0xfffffffb][0xffffff93][0x1d]RB[0xffffffa1]H[0xffffffa4][0xffffff84][0x6][0xffffff92]H[0x9][0xffffff85]evJD8sS""[0xffffffea][0xffffff93][0x12]R[0xffffff9e]dJ<q)[0xffffff99][0x12]R[0xffffffad]TJ[0x8][0xffffffd3]2)![0xffffffc4]{)%[0xffffffaa]YJT<%[0xffffffaa]AJT4%*[0xffffff96][0x12][0xffffffd5])%v[0x14][0xffffffa9][0xffffff94][0xffffff88]@R)[0xffffffb1]cI[0xffffffa4]D[0xffffff85]S[0xffffffa2][0x1a][0xffffffa7]D[0xffffff90]'[0xffffff9d][0x12][0xffffffc2][0xffffffa5]tJ[0x4][0xffffffb5][0xffffff92])Q]R[0xffffffa2][0xfffffffe]tJ[0xffffff88]op[0xffffff8c][[0xffffffa3]>[0xffffffe7][0xfffffff5]8[0xf][0xffffff9c][0x12][0xfffffffc]78>[0xffffffcf][0xffffffc0][0xffffffa4][0x4][0xfffffff5][\r][0xffffff8e][0xffffffef]O[0xfffffff6]H[0x9][0xffffff8f]oph [0xffffff99][0xffffff94][0xffffffe0][0xffffffbf][0xffffffc1][0x11][0xffffffe1][0xffffffcc]N[0x9][0xffffffdf]opHy[0xffffffb2])a[0xfffffff7][\r][0xe][0xffffffa9]V.%L[0xffffffbe][0xffffffc1]![0xffffffc4]{)%[0xffffffc4][0xf][0x1c]hJ[0xffffffd0]?p[0x1c][0x6]?p[0x1c][0xfffffff1]-\*[0xffffffe0][0xffffffd4][0xf][0x1c][0xffffff87][0xffffffd3][0xf][0x1c][0x11]E*%\~[0xffffffe0][0xffffff88]X[0x12])[0xffffffc1][0xfffffffe][0xffffffc0][0xffffffb1]#[0xffffffea][0xffffff95][0x12]f?pH[0xffffff97][0xffffffd2])a[0xfffffff4][0x3]G0-[0xffffff97][0x12]?[0xffffffff][0x3][0xffffff87]XQ5[0xffffff8e][0xffffffb5][0xffffffa0]op<[0xffffffce][0x3][0xffffffa7][0x4][0xffffffbf][0xffffffa2][0xffffffea][0xfffffff3][0xc]LJP+[0xffffffaa][0xffffffbe]?[0xffffffd9]#%<VTi [0xffffff99][0xffffff94][0xffffffe0]WTE8[0xffffffb3]S[0xffffffc2]wE[0xffffff95][0xffffff94]'[0xffffff9b][0x12]v+[0xffffffaa][0xffffffa4]Z[0xffffffb9][0xffffff94]0"
14:55:25.519 [main] DEBUG org.apache.hc.client5.http.wire - http-outgoing-1 << "YQ%[0xffffffc4]{)%[0xffffffe2][[0x9]6%[0xffffffe8][0xffffffb7][0x12][0xffffffc3][0xffffffe0][0xffffffad][0xffffffc4][0xffffff88][0xffffffe9][0xffffff9c][\n]"
14:55:25.520 [main] DEBUG org.apache.hc.client5.http.wire - http-outgoing-1 << "8[0xfffffff5]Vb8[0xffffffbd][0xffffff95][0xffffff88](R)[0xffffffe1][0xfffffff2]V"bI[0xffffffa4][0x4][0xfffffffb]VbG[0xffffffd4]+%[0xffffffcc][0xffffffde]JH[0xffffff97][0xffffffd2])a[0xfffffff4]V"[0xffffff98][0xffffff96]K[0xffffff89][0xffffff9f][0x7f]+![0xffffffb6]][0xffffff8e]r[0xffffff9b][0xffffff8d]J[0x9]z[0xffffffdb][0xffffffe5][0xfffffffb][0x9][0xffffffe8][0xffffff94] [0xffffffb7]][0xffffffbe]?[0xffffff9d]I[0x9][0xffffffa3]m[0xffffff97][\n]"
14:55:25.520 [main] DEBUG org.apache.hc.client5.http.wire - http-outgoing-1 << "E&%\[0xffffffb6]]*,[0xfffffff3]S[0xffffff82][0xffffffdd]v[0x19][0x11]uJ[0x9][0xffffffb3]m[0xffffff97]O\[0xffffffca][0xffffffa6][0xffffff84][0xffffffd1][0xffffffb6]KaZ*%~~[0xffffffdb]e[0xffffffbd][0xffffff89][0x15]U[0xffffffa3][0xffffffdc][0xffffffff]/[0xffffff95][0x12][0xfffffff4][0xffffff8a][0xffffffaa][0xfffffff7][0x13][0xffffffd0])A[0xffffffae][0xffffffa8]z[0x7f]:[0xffffff93][0x12]F+[0xffffffaa][0x14][0xffffff8a]LJ[0xffffffb8][0xffffffac][0xffffffa8]RX[0xffffffe6][0xffffffa7][0x4][0xffffffbb][0xffffffa2]*"[0xffffffea][0xffffff94][0x12]f+[0xffffffaa][0xffffff9e][0xffffffb8][0xffffff94]M[0x9][0xffffffa3][0x15]U[0xffffffc2][0xffffffb4]TJ[0xfffffffc][0xfffffffc][0xffffff8a][0xffffffaa]z[0x13]+[0xffffffaa][0xffffffee])1[0xffffffa0]/[0xffffff83]>[0xffffffce][0x3][0xffffffa7][0x4][0xffffffbf][0xffffffa2][0xffffffea][0xfffffff3][0xc]LJP+[0xffffffaa][0xffffffbe]?[0xffffffd9]#%<VTi [0xffffff99][0xffffff94][0xffffffe0]WTE8[0xffffffb3]S[0xffffffc2]wE[0xffffff95][0xffffff94]'[0xffffff9b][0x12]v+[0xffffffaa][0xffffffa4]Z[0xffffffb9][0xffffff94]0YQ%[0xffffffc4][0xfffffffb]zJ[0x1c]7[0xffffff99][0x12]kA)[0xfffffff1]v[0x1e]6%[0x1e]'[0xffffff80]S[0xffffffe2][0xfffffffb][0x19][0xffffff90][0xffffff94]x<[0x1d]I[0xffffff89]oO[0xffffffb6]H[0x9][0xffffff81]"[0xffffff92][0x12][0x12]H$%[0x4][0xffffff96][0xffffffe9])[0x11][0xffffffe0]LN[0xffffff89][0xffffff80][0xffffffa8]QJ(y[0xffffffa2])[0xffffffa1]][0xffffff8a][0xffffffa6][0xffffff84]R+[0xffffff96][0x12][0xffffffd1][0xffffffb4]PJD[0xfffffff1]^H[0x9][0xffffffb5]W[0xffffffa2][0xffffffd4][0xffffff93]z+q[0xffffffe0]{%[0xe][0xffffff83][0xffffffbd][0x12][0xffffff87][0x18]~N[0x4][0x1c][0xffffffdb]+q[0xffffff84][0xfffffff1]f2%L[0xfffffff6]JH [0xffffff99][0xffffff94]0[0xffffffd8]+[0x11][0xffffffe0][0xffffffcc]N[0x9][0xffffffe3][0xffffffbd][0x12]J[0xffffff9e]lJ[0xfffffff8][0xffffffed][0xffffff95]Pj[0xffffffe5]R[0xffffffc2]e[0xffffffaf]D[0x14][0xffffffef][0xffffff85][0xffffff94](*%[0xfffffffa][0xffffff8d][0xffffffba]+[0xfffffff1]v[0x1e]8%[0xffffff8a]AJ[0xffffff94][0xffffffc8]{"[0xffffffe0][0x5]K[0xffffff89][0xffffffe2][0xffffff94][0x12][0x11]E&%[0x14][0xffffff90]LJD,[0xfffffff3]Sb[0xffffff87]3;%vD[0xffffff9d]RB[0xffffffc8][0xffffff93]M[0x9][0xffffffe9]R6%[0xffffff84]Z[0xffffffb9][0xffffff94][0x8][0xffffffa6][0xffffffa5]R"[0xffffff88][0xfffffff7]RJ[0xffffffc4]aP6%[0xffffffe0]a[0xffffffd0][0xffffffc7][0x9][0xfffffff8][0xffffff94][0x0][0xffffff87]A[0x1f]O[0xffffffa7]R[0xffffffc2]g[0x18]T[0xffffffa0]H[0xffffffa5][0xffffff84][0xffffffc9]0[0xffffffa8][0xffffffc0][0xffffff92]H[0x9]t[0x18]4 [0xffffffea][0xffffff95][0x12]^[0xffffffc3][0xffffffa0][0xffffffda][0xffffffa5]tJ[0xfffffff8][0xc][0xffffff83]F[0xffffffd3]r)[0xfffffff1][0xffffffd3][0xffffffc3][0xffffffa0][0xfffffff7][0x7f]F3K[0xffffff89][0xffffff86][0xffffffa7]D3H[0xffffff89][0xffffff86][0xffffffa6]D[0xffffffc3]R[0xffffffa2]9[0xffffffa5][0xffffffc4][0xffffff8e]"[0xffffff95][0x12][0x11]H*%v,[0xffffff89][0xffffff94]hpJ4[0xffffffe3][0xffffff94][0x8][0xfffffff2][0xffffffa4]SB[0xffffffb8][0xffffff94]N[0xffffff89][0xffffffa0]V2%[0xffffff9a]KJ[0xffffffb4][0xffffffbf]CJ[0x1c]n[0xffffffbf]p[0x1c][0xfffffffc]O[0x1c][0xfffffff7]#[0xfffffff0]5[0xfffffff1]q[0x8]*'[0xe][0xffffffee]W[0xffffff8e][0xffffffc3][0xffffffea]g[0xffffff8e][0xffffffc0]#U[0x14][0xffffff82]J*)[0x2][0xffffff9b]DS[0x1c][0xfffffff4]O[0x1d][0xffffff87][0xfffffff3]o[0x1d]Q[0xffffffa3]tV([0xffffffab][0xffffffd2]][0x11]%K[0xffffff86][0xffffffc5][0xffffffee]\[0xffffffae],v[0x5]_J[0xffffff8b]b[0xfffffff7][0xffffff8b][0xffffff87][0xffffffc1]O[0x1e][0x16][0xffffffbf]y[0xffffffc0]?z[0xffffff80][0xffffffbf]zx[0xfffffffd][0xffffffec]a[0xfffffff3][0xffffffbb][0xffffff87][0xffffffd1][0xf][0x1f][0x16][0xffffffbf]|[0xffffffe0]?}X[0xffffffff][0xfffffff6][0xffffffe1][0xfffffff7][0xffffffe3][0xffffff87][0xffffffe3][0xffffffaf][0x1f]^?[0x7f][0xfffffff8][0xfffffffc][0xfffffffe][0xfffffff1][0xfffffff7][0xfffffff8][0x1][0xffffffa4]L[0xffffffb7][0xffffffb4][0xffffff98]|ZL[0xffffff87][0xffffffb4][0xffffff98]lZL.-[0xffffffa6]UZ[0xffffffec]<bi[0x11][0xffffffa9][0xffffffc4][0xffffffd2]bg[0x13]I[0xffffff8b]I[0xffffffa7][0xffffffc5]tN[0xffffff8b][0xffffffa0]Q<-[0xffffff84]U[0xfffffff1][0xffffffb4][0x8][0xffffff92]E[0xffffffd3]b[0xffffffda][0xffffffa4][0xffffffc5][0xfffffffc];[0xffffffa4]E[0x1b]fi[0xffffffd1][0x6][0xffffff9e][0x16][0xfffffff7]#[0xfffffff0]i[0xfffffff1]q[0x8]*-[0xffffffee][0xffffff8f][0xffffffa7][0xffffffd2][0xffffffe2][0xfffffffd][0xffffffd1].i[0x11]x[0xffffffa4][0xffffffd2]BPI[0xffffffa5]E`[0xffffff93]H[0xffffff8b][0xffffff8d][0xffffffd0][0xfffffffc][0xffffffb4][0xffffffd8]8[0xfffffff5]J[0xffffff8b][0xffffffa8]Q:-[0xffffff94]U[0xffffffe9][0xffffffb4][0xffffff88][0xffffff92]%[0xffffffd3]bw.[0xffffff97][0x16][0xffffffbb][0xffffff82]/[0xffffffa5]Ew{k[0xffffffd1][0xfffffff9][0xffffffb7][0x16][0xffffffdd][0xffffffe1][0xffffffad]Eg[0xffffffdf]Zt[0xffffffee][0xffffffad]E[0xffffffb7]zk[0x11]x[0xffffffa4][0xffffffd2]BPI[0xffffffa5]E`[0xffffff93]H[0xffffff8b]N[0xffffffbf][0xffffffb5][0xffffffe8][0xffffffce]o-[0xffffffa2]F[0xffffffe9][0xffffffb4]PV[0xffffffa5][0xffffffd3]"J[0xffffff96]L[0xffffff8b][0xffffffdd][0xffffffb9]\Z[0xffffffec][\n]"
14:55:25.520 [main] DEBUG org.apache.hc.client5.http.wire - http-outgoing-1 << "[0xffffffbe][0xffffff94][0x16][0xffffffd3][0xffffffed][0xffffffad][0xffffffc5][0xffffffe4][0xffffffdf]ZL[0xffffff87][0xffffffb7][0x16][0xffffff93]}k1[0xffffffb9][0xffffffb7][0x16][0xffffffd3][0xffffffea][0xffffffad]E[0xffffffe0][0xffffff91]J[0xb]A%[0xffffff95][0x16][0xffffff81]M"-&[0xfffffffd][0xffffffd6]b:[0xffffffbf][0xffffffb5][0xffffff88][0x1a][0xffffffa5][0xffffffd3]BY[0xffffff95]N[0xffffff8b](Y2-v[0xffffffe7]ri[0xffffffb1]+[0xfffffff8]RZ[0x1c][0xffffffb7]n[0xffffffd6][0x16][0xfffffff7][0x13][0xffffffe1]q[0xfffffff1]v[0x6][0xffffffbe].[0xffffffbe][0xffffff9d][0xffffff82][0xffffffca][0xffffff8b][0xffffffb7][0xffffffe7]S}[0xfffffff1][0xfffffff1]l[0xffffff97][0xffffffc0][0xffffff88]PR[0xffffff85][0xffffffa1][0xffffffd0][0xffffffa4][0x12]#[0x2]J4[0xffffffc6][0xffffff8e]i~d[0xffffffec][0xffffffb0]zU[0xffffff86][0x10]*[0xffffff9d][0x19][0xffffffd2][0xffffffaf]tg[0x8][0xffffffdd][0xffffff92][0xffffffa1][0x11][0xffffffec][0xffffffcb][0xffffff95]F[0xffffff90][0xfffffff1][0xffffffb5][0xffffffd4][0xffffffb0][0x1b][0x19]9[0xc]fF[0xe][0xffffff8b][0xffffffa1][0xffffff91]#^h[0xffffffce][0xffffff85][0x1d][0x1c][0x1b]9[0xffffffbc][0xffffffe6]F"[0xffffff94]Xj[0x18]M[0xffffff8e]D@[0xffffff91][0xffffffd4][0xffffffc0]gGvX[0xffffffcd]R[0xffffffc3]ozD[0xfffffffa][0x15]O[\r][0xffffffaf][0xfffffff9][0xffffff91]`_05~f[0xffffff82][0xffffffa4]=[0xfffffffe])[0xffffffa5][0xffffff8b][0xffffffc5][0xffffffde][0xffffffbd][0xffffffaf]3=4>[0xffffffcf]Ce[0xffffffc6][0xffffff97][0x13]`[0xffffff91][0xffffffb1][0xffffff9d]!91[0xffffffbe]<=90~[0xfffffffd]d8/[0xffffff9e][0xffffffa2][0xffffff98][0x1c][0x17]?[0x0]29-[0xffffff9e]b[0xffffff99][0x18][0x16]O[0xffffffe0]L[0xffffffcb][0xffffff8a]'[0xffffff88]ZD[0xffffffc5]syBI[0xfffffff1]#[0xffffff97]BA[0xfffffff1]\[0xffffffad]@N<3mzL<[0x13][0xffffffef][0xffffff85][0xffffff94][0x18]*%[0xffffffc6][0xffffff89][0xffffffa5][0xffffffc4][0xffffffc0]Sb[0x18][0xffffffa4][0xffffffc4][0xffffff88][0xffffffbc]'[0x2]>[0xffffffb0][0xffffff94][0x18]N)[0x11]QdRB[0x1][0xffffffc9][0xffffffa4]D[0xffffffc4]2?%v8[0xffffffb3]SbG[0xffffffd4])%[0xffffff84]<[0xffffffd9][0xffffff94][0xffffff90].eSB[0xffffffa8][0xffffff95]K[0xffffff89]`Z*%[0xffffff82]x/[0xffffffa4][0xffffffc4][0x14])1[0xffffffea][0xffffffaa]TJL<%[0xffffffa6]AJ[0xffffffcc][0xffffffc8]{"[0xffffffe0][0x13]K[0xffffff89][0xffffffe9][0xffffff94][0x12][0x11]E&%[0x14][0xffffff90]LJD,[0xfffffff3]Sb[0xffffff87]3;%vD[0xffffff9d]RB[0xffffffc8][0xffffff93]M[0x9][0xffffffe9]R6%[0xffffff84]Z[0xffffffb9][0xffffff94][0x8][0xffffffa6][0xffffffa5]R"[0xffffff88][0xfffffff7]BJ,[0xffffff95][0x12]g_TJ,<%[0xffffff96]AJ[0xffffffac][0xffffffc8]{"[0xffffffe0][0xb]K[0xffffff89][0xffffffe5][0xffffff94][0x12][0x11]E&%[0x14][0xffffff90]LJD,[0xfffffff3]Sb[0xffffff87]3;%vD[0xffffff9d]RB[0xffffffc8][0xffffff93]M[0x9][0xffffffe9]R6%[0xffffff84]Z[0xffffffb9][0xffffff94][0x8][0xffffffa6][0xffffffa5]R"[0xffffff88]"
14:55:25.522 [main] DEBUG org.apache.hc.client5.http.wire - http-outgoing-1 << "[0xfffffff7][0xfffffff5][0xffffff94][0xffffffa8]7[0xffffff95][0x12]kL(%[0xffffffde][0xffffffce][0xffffffc3][0xffffffa6][0xffffffc4][0xffffffe3][0x4]pJ|?[0x3][0xffffff92][0x12][0xffffff8f][0xffffffa7]#)[0xfffffff1][0xffffffed][0xffffffc9][0x16])!PDRB[0x2][0xffffff89][0xffffffa4][0xffffff84][0xffffffc0]2=%[0x2][0xffffff9c][0xffffffc9])[0x11][0x10]5J[0x9]%O4%[0xffffffb4]K[0xffffffd1][0xffffff94]Pj[0xffffffc5]R"[0xffffff9a][0x16]J[0xffffff89]([0xffffffde][0xb])q[0xffffff88][0xffffff94]8[0xffffff8f]I[0xffffffbd][0xffffff95]x;[0xf][0xffffff9c][0x12][0xffffff87]AJ[0x1c][0xffffff91][0xfffffff7]D[0xffffffc0][0xf],%[0xe][0xffffffa7][0xffffff94][0xffffff88](2)[0xffffffa1][0xffffff80]dR"b[0xffffff99][0xffffff9f][0x12];[0xffffff9c][0xffffffd9])[0xffffffb1]#[0xffffffea][0xffffff94][0x12]B[0xffffff9e]lJH[0xffffff97][0xffffffb2])![0xffffffd4][0xffffffca][0xffffffa5]D0-[0xffffff95][0x12]A[0xffffffbc][0x17]R[0xffffffa2][0xffffffa8][0xffffff94][0xffffffa8][0xffffffb3]S)Q[0xfffffff0][0xffffff94]([0x6])Q"[0xffffffef][0xffffff89][0xffffff80][0x17],%[0xffffff8a]SJD[0x14][0xffffff99][0xffffff94]P@2)[0x11][0xffffffb1][0xffffffcc]O[0xffffff89][0x1d][0xffffffce][0xffffffec][0xffffff94][0xffffffd8][0x11]uJ[0x9]!O6%[0xffffffa4]K[0xffffffd9][0xffffff94][0x10]j[0xffffffe5]R"[0xffffff98][0xffffff96]J[0xffffff89] [0xffffffde][0xb])QUJ4.%*[0xffffff9e][0x12][0xffffffd5] %j[0xffffffe4]=[0x11][0xfffffff0][0xffffff8a][0xffffffa5]DuJ[0xffffff89][0xffffff88]"[0xffffff93][0x12][\n]"
14:55:25.522 [main] DEBUG org.apache.hc.client5.http.wire - http-outgoing-1 << "H&%"[0xffffff96][0xfffffff9])[0xffffffb1][0xffffffc3][0xffffff99][0xffffff9d][0x12];[0xffffffa2]N)![0xffffffe4][0xffffffc9][0xffffffa6][0xffffff84]t)[0xffffff9b][0x12]B[0xffffffad]\J[0x4][0xffffffd3]R)[0x11][0xffffffc4]{!%[0xffffff9a]J[0xffffff89]^nTJ4<%[0xffffff9a]AJ[0xffffffb4][0xffffffc8]{"[0xffffffe0][\r]K[0xffffff89][0xffffffe6][0xffffff94][0x12][0x11]E&%[0x14][0xffffff90]LJD,[0xfffffff3]Sb[0xffffff87]3;%vD[0xffffff9d]RB[0xffffffc8][0xffffff93]M[0x9][0xffffffe9]R6%[0xffffff84]Z[0xffffffb9][0xffffff94][0x8][0xffffffa6][0xffffffa5]R"[0xffffff88][0xfffffff7]BJ[0xffffffa8][0x15]Ug[0x1f][0xffffff85]J[0x9]|EU5XQU[0xffffffc5][0x1e][0xffffff95]D[0xffffffc0][0xffffffb1][0x15]U5lJ!S[0xffffffc2]dE[0xffffff95][0x4][0xffffff92]I[0x9][0xffffff83][0x15]U[0x1][0xffffffce][0xffffffec][0xffffff94]0^Q[0xffffffa5][0xffffffe4][0xffffffc9][0xffffffa6][0xffffff84][0xffffffdf][0xffffff8a]*[0xffffffa5]V.%\VTE[0xfffffff1]^H[0x9][0xffffffb5][0xffffffa2][0xffffffea][0xffffffec][0xb][0xffffffbb]v[0xffffff89][0xffffffaf][0xffffffa8][0xffffffaa][0x6]+[0xffffffaa][0xffffffaa][0xffffffd8][0xffffffa3][0xffffff92][0x8]8[0xffffffb6][0xffffffa2][0xffffffaa][0xffffff86]M)dJ[0xffffff98][0xffffffac][0xffffffa8][0xffffff92]@2)a[0xffffffb0][0xffffffa2]*[0xffffffc0][0xffffff99][0xffffff9d][0x12][0xffffffc6]+[0xffffffaa][0xffffff94]<[0xffffffd9][0xffffff94][0xfffffff0][Q[0xffffffa5][0xffffffd4][0xffffffca][0xffffffa5][0xffffff84][0xffffffcb][0xffffff8a][0xffffffaa]([0xffffffde][0xb])q[0xffffffaa][0xffffff94][0x18][\r]{+q[0xffffffe2])q[0x1a][0xffffffa4][0xffffffc4][0x19]yO[0x4][0xfffffffc][0xffffffc4]R[0xffffffe2]tJ[0xffffff89][0xffffff88]"[0xffffff93][0x12][\n]"
14:55:25.523 [main] DEBUG org.apache.hc.client5.http.wire - http-outgoing-1 << "H&%"[0xffffff96][0xfffffff9])[0xffffffb1][0xffffffc3][0xffffff99][0xffffff9d][0x12];[0xffffffa2]N)![0xffffffe4][0xffffffc9][0xffffffa6][0xffffff84]t)[0xffffff9b][0x12]B[0xffffffad]\J[0x4][0xffffffd3]R)[0x11][0xffffffc4]{!%[0xffffffd4][0xffffffb6][0xffffffcb][0xfffffff3]\[0xffffffd8]^[0x9]|[0xffffffdb]e5[0xffffffd8]vY[0xffffffc5]J[0xffffffb6]D[0xffffffc0][0xffffffb1]m[0xffffff97]5,]#S[0xffffffc2]d[0xffffffdb][0xffffffa5][0x4][0xffffff92]I[0x9][0xffffff83]m[0xffffff97][0x1][0xffffffce][0xffffffec][0xffffff94]0[0xffffffde]v[0xffffffa9][0xffffffe4][0xffffffc9][0xffffffa6][0xffffff84][0xffffffdf][0xffffffb6]K[0xffffffa5]V.%\[0xffffffb6]]F[0xfffffff1]^H[0x9][0xffffffb5][0xffffffed]r[0x1e][0x15]{+[0xffffff81]o[0xffffffbb][0xffffffac][0x6][0xffffffdb].[0xffffffab]X[0xffffffc9][0xffffff96][0x8]8[0xffffffb6][0xffffffed][0xffffffb2][0xffffff86][0xffffffa5]kdJ[0xffffff98]l[0xffffffbb][0xffffff94]@2)a[0xffffffb0][0xffffffed]2[0xffffffc0][0xffffff99][0xffffff9d][0x12][0xffffffc6][0xffffffdb].[0xffffff95]<[0xffffffd9][0xffffff94][0xfffffff0][0xffffffdb]v[0xffffffa9][0xffffffd4][0xffffffca][0xffffffa5][0xffffff84][0xffffffcb][0xffffffb6][0xffffffcb]([0xffffffde][0xffffffd7]S[0xffffffa2][0xffffffa9][0x15]Us[0xffffffdc][0xffffffa8][0xffffff94]h[0xfffffff8][0xffffff8a][0xffffffaa]f[0xffffffb0][0xffffffa2][0xffffffaa][0xffffff89]=*y[0xffffff80]7lEU[0xb][0xffffff9b]R[0xffffffc0][0xffffff94][0x10](")![0xffffff81]DRB`[0xffffff99][0xffffff9e][0x12][0x1][0xffffffce][0xffffffe4][0xffffff94][0x8][0xffffff88][0x1a][0xffffffa5][0xffffff84][0xffffff92]'[0xffffff9a][0x12][0xffffffda][0xffffffa5]hJ([0xffffffb5]b)[0x11]M[0xb][0xffffffa5]D[0x14][0xffffffef][0xffffff85][0xffffff94]([0xffffffbf][0xffffff94][0xffffff98][0x12][0xffffffab][0x1f]TJ[0xffffffdc][0xffffffcf][0x3][0xffffffa7][0xffffffc4][0xffffffdb][0x9][0xffffffe8][0xffffff94][0xfffffff8]v[0x6]&%[0xffffffde][0xffffff9e][0xffffffce][0xffffffa4][0xffffffc4][0xffffffc7][0xffffff93]=R"[0xffffffa2][0xffffffc8][0xffffffa4][0xffffff84][0x2][0xffffff92]I[0xffffff89][0xffffff88]e~J[0xffffffec]pf[0xffffffa7][0xffffffc4][0xffffff8e][0xffffffa8]SJ[0x8]y[0xffffffb2])!][0xffffffca][0xffffffa6][0xffffff84]P+[0xffffff97][0x12][0xffffffc1][0xffffffb4]TJ[0x4][0xfffffff1]^J[0xffffff89]j[0xffffff96][0x12][0x15]O[0xffffff89]j[0xffffff90][0x12][0x15]M[0xffffff89][0xffffff8a][0xffffffa5]DuJ[0xffffff89][0x1d]E*%"[0xffffff90]TJ[0xffffffec]X[0x12])Q[0xffffffe1][0xffffff94][0xffffffa8][0xffffffc6])[0x11][0xffffffe4]I[0xffffffa7][0xffffff84]p)[0xffffff9d][0x12]A[0xffffffad]dJT[0xffffff97][0xffffff94][0xffffffa8]?[0xffffff9d][0x12]j[0xffffffdb][0xffffffe5][0xffffffaa][0xffffff83][0xffffffda]v[0xffffffd9][0xfffffff0]m[0xffffff97][0xffffffcd]`[0xffffffdb]e[0x13]+[0xffffffd9][0x12][0x1][0xffffffc7][0xffffffb6]][0xffffffb6][0xffffffb0]t[0xffffff8d]L[0x9][0xffffff93]m[0xffffff97][0x12]H&%[0xc][0xffffffb6]][0x6]8[0xffffffb3]S[0xffffffc2]x[0xffffffdb][0xffffffa5][0xffffff92]'[0xffffff9b][0x12]~[0xffffffdb].[0xffffff95]Z[0xffffffb9][0xffffff94]p[0xffffffd9]v[0x19][0xffffffc5]{!%[0xffffff9a]J[0xffffff89]v[0xffffff9e]TJ4<%[0xffffff9a]AJ[0xffffffb4][0xffffffc8]{"[0xffffffe0][\r]K[0xffffff89][0xffffffe6][0xffffff94][0x12][0x11]E&%[0x14][0xffffff90]LJD,[0xfffffff3]Sb[0xffffff87]3;%vD[0xffffff9d]RB[0xffffffc8][0xffffff93]M[0x9][0xffffffe9]R6%[0xffffff84]Z[0xffffffb9][0xffffff94][0x8][0xffffffa6][0xffffffa5]R"[0xffffff88][0xfffffff7]BJ[0xffffffa8]m[0xffffff97]k[0xffffff9d][0xffffff83]J[0x9]|[0xffffffdb]e3[0xffffffd8]v[0xffffffd9][0xffffffc4]J[0xffffffb6]D[0xffffffc0][0xffffffb1]m[0xffffff97]-,]#S[0xffffffc2]d[0xffffffdb][0xffffffa5][0x4][0xffffff92]I[0x9][0xffffff83]m[0xffffff97][0x1][0xffffffce][0xffffffec][0xffffff94]0[0xffffffde]v[0xffffffa9][0xffffffe4][0xffffffc9][0xffffffa6][0xffffff84][0xffffffdf][0xffffffb6]K[0xffffffa5]V.%\[0xffffffb6]]F[0xfffffff1]^H[0x9][0xffffffb1][0xffffffed][0xfffffff2][0xffffffbc]q[0xffffffc3][0xffffffa0][\r][0xffffffdf]v[0xffffffd9][0xc][0xffffffb6]]6[0xffffffb1][0xffffff92]-[0x11]pl[0xffffffdb]e[0xb]K[0xffffffd7][0xffffffc8][0xffffff94]0[0xffffffd9]v)[0xffffff81]dR[0xffffffc2]`[0xffffffdb]e[0xffffff80]3;%[0xffffff8c][0xffffffb7]]*y[0xffffffb2])[0xffffffe1][0xffffffb7][0xffffffed]R[0xffffffa9][0xffffff95]K[0x9][0xffffff97]m[0xffffff97]Q[0xffffffbc][0x17]RBl[0xffffffbb]<o[0xfffffffd][0xffffffa0]VT5|[0xffffffdb]e3[0xffffffd8]v[0xffffffd9][0xffffffc4]J[0xffffffb6]D[0xffffffc0][0xffffffb1]m[0xffffff97]-,]#S[0xffffffc2]d[0xffffffdb][0xffffffa5][0x4][0xffffff92]I[0x9][0xffffff83]m[0xffffff97][0x1][0xffffffce][0xffffffec][0xffffff94]0[0xffffffde]v[0xffffffa9][0xffffffe4][0xffffffc9][0xffffffa6][0xffffff84][0xffffffdf][0xffffffb6]K[0xffffffa5]V.%\[0xffffffb6]]F[0xfffffff1]^H[0x9][0xffffffb1][0xffffffed][0xfffffff2][0xffffffbc][\r].%[0xfffffff0]m[0xffffff97][0xffffffcd]`[0xffffffdb]e[0x13]+[0xffffffd9][0x12][0x1][0xffffffc7][0xffffffb6]][0xffffffb6][0xffffffb0]t[0xffffff8d]L[0x9][0xffffff93]m[0xffffff97][0x12]H&%[0xc][0xffffffb6]][0x6]8[0xffffffb3]S[0xffffffc2]x[0xffffffdb][0xffffffa5][0xffffff92]'[0xffffff9b][0x12]~[0xffffffdb].[0xffffff95]Z[0xffffffb9][0xffffff94]p[0xffffffd9]v[0x19][0xffffffc5]{!%[0xffffffc4][0xffffffb6][0xffffffcb]{J[0xc],%[0xfffffff0]m[0xffffff97][0xffffffcd]`[0xffffffdb]e[0x13]+[0xffffffd9][0x12][0x1][0xffffffc7][0xffffffb6]][0xffffffb6][0xffffffb0]t[0xffffff8d]L[0x9][0xffffff93]m[0xffffff97][0x12]H&%[0xc][0xffffffb6]][0x6]8[0xffffffb3]S[0xffffffc2]x[0xffffffdb][0xffffffa5][0xffffff92]'[0xffffff9b][0x12]~[0xffffffdb].[0xffffff95]Z[0xffffffb9][0xffffff94]p[0xffffffd9]v[0x19][0xffffffc5][0xfffffffb]zJ[0xfffffff4][0xffffff9b]J[0xffffff89]{L@)[0xfffffff1]v[0x1e]6%[0x1e]'[0xffffff80]S[0xffffffe2][0xfffffffb][0x19][0xffffff90][0xffffff94]x<[0x1d]I[0xffffff89]oO[0xffffffb6]H[0x9][0xffffff81]"
14:55:25.524 [main] DEBUG org.apache.hc.client5.http.wire - http-outgoing-1 << ""[0xffffff92][0x12][0x12]H$%[0x4][0xffffff96][0xffffffe9])[0x11][0xffffffe0]LN[0xffffff89][0xffffff80][0xffffffa8]QJ(y[0xffffffa2])[0xffffffa1]][0xffffff8a][0xffffffa6][0xffffff84]R+[0xffffff96][0x12][0xffffffd1][0xffffffb4]PJD[0xfffffff1]^H[0x9][0xffffffb1]8[0xfffffffb][0xffffff9e][0x12][0xffffff8f]c")[0xffffff81]/[0xffffffce][0xffffffee][0x6][0xffffff8b][0xffffffb3][0xffffffbb][0xffffffd8][0xffffffee][0xffffff9a][0x8]8[0xffffffb6]8[0xffffffbb][0xffffff87][0xfffffffd][0xffffffad]dJ[0xffffff98],[0xffffffce][0xffffff96]@2)a[0xffffffb0]8;[0xffffffc0][0xffffff99][0xffffff9d][0x12][0xffffffc6][0xffffff8b][0xffffffb3][0xffffff95]<[0xffffffd9][0xffffff94][0xfffffff0][[0xffffff9c][0xffffffad][0xffffffd4][0xffffffca][0xffffffa5][0xffffff84][0xffffffcb][0xffffffe2][0xffffffec]([0xffffffde][0xb])Q~9bJ[0xffffffac]~[0xffffffa3]R[0xffffffe2]~[0x1e]8%[0xffffffde]N@[0xffffffa7][0xffffffc4][0xffffffb7]30)[0xfffffff1][0xfffffff6]t&%>[0xffffff9e][0xffffffec][0xffffff91][0x12][0x11]E&%[0x14][0xffffff90]LJD,[0xfffffff3]Sb[0xffffff87]3;%vD[0xffffff9d]RB[0xffffffc8][0xffffff93]M[0x9][0xffffffe9]R6%[0xffffff84]Z[0xffffffb9][0xffffff94][0x8][0xffffffa6][0xffffffa5]R"[0xffffff88][0xfffffff7]BJ[0xffffff88]m[0xffffff97][0xffffffe7]Q[0xb][0xffffffb5][0xffffffed][0xffffffb2][0xffffffe3][0xffffffdb].[0xffffffbb][0xffffffc1][0xffffffb6][0xffffffcb].V[0xffffffb2]%[0x2][0xffffff8e]m[0xffffffbb][0xffffffec]a[0xffffffe9][0x1a][0xffffff99][0x12]&[0xffffffdb].%[0xffffff90]LJ[0x18]l[0xffffffbb][0xc]pf[0xffffffa7][0xffffff84][0xfffffff1][0xffffffb6]K%O6%[0xfffffffc][0xffffffb6]]*[0xffffffb5]r)[0xffffffe1][0xffffffb2][0xffffffed]2[0xffffff8a][0xfffffff7]BJ4[0xffffff95][0x12][0xfffffffd]hTJ4<%[0xffffff9a]AJ[0xffffffb4][0xffffffc8]{"[0xffffffe0][\r]K[0xffffff89][0xffffffe6][0xffffff94][0x12][0x11]E&%[0x14][0xffffff90]LJD,[0xfffffff3]Sb[0xffffff87]3;%vD[0xffffff9d]RB[0xffffffc8][0xffffff93]M[0x9][0xffffffe9]R6%[0xffffff84]Z[0xffffffb9][0xffffff94][0x8][0xffffffa6][0xffffffa5]R"[0xffffff88][0xfffffff7]BJ[0xffffff88]m[0xffffff97][0xffffffe7]1[0xffffffe7][0xffffffa2]R[0x2][0xffffffdf]v[0xffffffd9][\r][0xffffffb6]]v[0xffffffb1][0xffffff92]-[0x11]pl[0xffffffdb]e[0xf]K[0xffffffd7][0xffffffc8][0xffffff94]0[0xffffffd9]v)[0xffffff81]dR[0xffffffc2]`[0xffffffdb]e[0xffffff80]3;%[0xffffff8c][0xffffffb7]]*y[0xffffffb2])[0xffffffe1][0xffffffb7][0xffffffed]R[0xffffffa9][0xffffff95]K[0x9][0xffffff97]m[0xffffff97]Q[0xffffffbc][0x17]RBm[0xffffffbb],[0xffffffc7][0xffffff8d][0xfffffffa][0x6]G[0xffffffc7][0xffffffb7]]v[0xffffff83]m[0xffffff97]][0xffffffac]dK[0x4][0x1c][0xffffffdb]v[0xffffffd9][0xffffffc3][0xffffffd2]52%L[0xffffffb6]]J [0xffffff99][0xffffff94]0[0xffffffd8]v[0x19][0xffffffe0][0xffffffcc]N[0x9][0xffffffe3]m[0xffffff97]J[0xffffff9e]lJ[0xfffffff8]m[0xffffffbb]Tj[0xffffffe5]R[0xffffffc2]e[0xffffffdb]e[0x14][0xffffffef][0xffffffa5][0xffffff94](f)Q[0xfffffff0][0xffffff94]([0x6])Q[0xffffffd0][0xffffff94](XJ[0x14][0xffffffa7][0xffffff94][0xffffffd8]Q[0xffffffa4]R"[0x2]I[0xffffffa5][0xffffffc4][0xffffff8e]%[0xffffff91][0x12][0x5]N[0xffffff89]b[0xffffff9c][0x12]A[0xffffff9e]tJ[0x8][0xffffff97][0xffffffd2])[0x11][0xffffffd4]J[0xffffffa6]DqI[0xffffff89][0xfffffff2][0xffffffd3])[0xffffffa1][0x16]g[0xffffff97]^[0x1b][0xffffff95][0x12][0xfffffff8][0xffffffe2][0xffffffec]n[0xffffffb0]8[0xffffffbb][0xffffff8b][0xffffffed][0xffffffae][0xffffff89][0xffffff80]c[0xffffff8b][0xffffffb3]{[0xffffffd8][0xffffffdf]J[0xffffffa6][0xffffff84][0xffffffc9][0xffffffe2]l[0x9]$[0xffffff93][0x12][0x6][0xffffff8b][0xffffffb3][0x3][0xffffff9c][0xffffffd9])a[0xffffffbc]8[[0xffffffc9][0xffffff93]M[0x9][0xffffffbf][0xffffffc5][0xffffffd9]J[0xffffffad]\J[0xffffffb8],[0xffffffce][0xffffff8e][0xffffffe2][0xffffffbd][0xffffff90][0x12]jq[0xfffffff6][0xfffffffd][0xffffffff][0x14]*%[0xfffffff0][0xffffffc5][0xffffffd9][0xffffffdd]`qv[0x17][0xffffffdb]][0x13][0x1][0xffffffc7][0x16]g[0xfffffff7][0xffffffb0][0xffffffbf][0xffffff95]L[0x9][0xffffff93][0xffffffc5][0xffffffd9][0x12]H&%[0xc][0x16]g[0x7]8[0xffffffb3]S[0xffffffc2]xq[0xffffffb6][0xffffff92]'[0xffffff9b][0x12]~[0xffffff8b][0xffffffb3][0xffffff95]Z[0xffffffb9][0xffffff94]pY[0xffffff9c][0x1d][0xffffffc5]{!%[0xffffffd4][0xffffffe2][0xffffffec]z`[0x1f][0x19][0xffffffef][0xfffffff8][0xffffffe2][0xffffffec]n[0xffffffb0]8[0xffffffbb][0xffffff8b][0xffffffed][0xffffffae][0xffffff89][0xffffff80]c[0xffffff8b][0xffffffb3]{[0xffffffd8][0xffffffdf]J[0xffffffa6][0xffffff84][0xffffffc9][0xffffffe2]l[0x9]$[0xffffff93][0x12][0x6][0xffffff8b][0xffffffb3][0x3][0xffffff9c][0xffffffd9])a[0xffffffbc]8[[0xffffffc9][0xffffff93]M[0x9][0xffffffbf][0xffffffc5][0xffffffd9]J[0xffffffad]\J[0xffffffb8],[0xffffffce][0xffffff8e][0xffffffe2]}=%[0xffffff86]Z[0xffffff9c]]k[0xffffffa7][0xfffffff6]J[0xc]|q[0xfffffff6]0X[0xffffff9c]=[0xffffffc4]v[0xffffffd7]<[0xffffffc0][0x7][0xffffffb6]8{[0xffffff84][0xfffffffd][0xffffffad]`J[0x8][0x14][0xffffff91][0xffffff94][0xffffff90]@")![0xffffffb0]LO[0xffffff89][0x0]grJ[0x4]D[0xffffff8d]RB[0xffffffc9][0x13]M[0x9][0xffffffed]R4%[0xffffff94]Z[0xffffffb1][0xffffff94][0xffffff88][0xffffffa6][0xffffff85]R"[0xffffff8a][0xfffffff7]BJ[0xffffffa8][0xffffffc5][0xffffffd9][0xfffffff5][0xffffffc4][0xffffffb6]][0xe]|q[0xfffffff6]0X[0xffffff9c]=[0xffffffc4]v[0xffffffd7]D[0xffffffc0][0xffffffb1][0xffffffc5][0xffffffd9]#[0xffffffec]o%S[0xffffffc2]dq[0xffffffb6][0x4][0xffffff92]I[0x9][0xffffff83][0xffffffc5][0xffffffd9][0x1][0xffffffce][0xffffffec][0xffffff94]0^[0xffffff9c][0xffffffad][0xffffffe4][0xffffffc9][0xffffffa6][0xffffff84][0xffffffdf][0xffffffe2]l[0xffffffa5]V.%\[0x16]gG[0xfffffff1]^H[0xffffff89][0xffffffa2]Rbb[0x1f][0x19][0x7f];[0xf][0xffffff9c][0x12][0xffffffc5] %J[0xffffffe4]=[0x11][0xfffffff0][0xffffff82][0xffffffa5]DqJ[0xffffff89][0xffffff88]"[0xffffff93][0x12][\n]"
14:55:25.525 [main] DEBUG org.apache.hc.client5.http.wire - http-outgoing-1 << "H&%[0xfffffffe][0xffffffff][0xffffffe6][0xffffffee]&G[0xffffff8e][0x1c][0xffffffdc][0xffffffd5][0xfffffff0][0xfffffffc].[0xffffffe6] [0xffffffe3]W[0xffffffd2]b[0xffffffce]R[0xffffffce][0xffffffde]oU[0xffffffa5][0xffffffdb]v[0xffffff8b][0xc][0x3]V5[0xffffffbe][0xffffff97][0xffffffe8]Y[0xf][0xffffff9c]1 [0xffffff88][0x7]Q!JcYO[0xffffff89]9[0xffffff9c][0xffffffd5][0xffffff94][0xffffff98]#[0xffffff9a]D[0x9]S[0xffffff9e],%l[0xffffff97][0xffffffb2][0xffffff94]0[0xffffffd5][0xffffffca]QB[0xffffff9a][0xffffff96][0xffffffa2][0xffffff84][0x14][0xffffffef][0x2]%[0xffffffdc]p[0xfffffff6][0xffffffd1][0xffffffb1]K[0xffffffc6]o|8[0xfffffffb][0xe][0x18][0xffffffce][0xffffffbe][0xffffffcd][0xffffffba]ka[0xffffffc0][0xffffffb1][0xffffffe1][0xffffffec][[0xfffffff6][IJ[0xffffff84][0xc]g[0xffffffdb]@2[0xffffff94][0x8][0x18][0xffffffce][0xffffff96]pVS"x8[0xffffffdb][0xffffff95]'K[0xffffff89][0xffffffbc][0xffffffe1]lW[0xffffffad][0x1c]%R[0xffffff86][0xffffffb3][0xffffffb5]x[0x17](q:J[0xffffff8c][\r][0xfffffffb][0x3][0xffffffc7][0xffffff89]S[0xffffffe2][0xc][0xffffffa0][0xffffffc4][0xffffffa9]y/[0xc][0xfffffff8][0xffffff89]Q[0xffffffe2]L[0xffffffa2][0xffffff84]F[0xffffff91][0xffffffa1][0xffffff84][0xb]$C[0x9][0xffffff8d]e=%[0xffffffe6]pVSb[0xffffff8e]h[0x12]%Ly[0xffffffb2][0xffffff94][0xffffffb0]][0xffffffca]R[0xffffffc2]T+G[0x9]iZ[0xffffff8a][0x12]R[0xffffffbc][0xb][0xffffff94]p[0xffffffc3][0xffffffd9][0xffffffc7][0xffffffb8][0xffffffa9][0x13][0x1c]7>[0xffffff9c]}[0x7][0xc]g[0xffffffdf]f[0xffffffdd][0xffffffb5]0[0xffffffe0][0xffffffd8]p[0xfffffff6]-[0xfffffffb][0xffffffad]$%B[0xffffff86][0xffffffb3]m [0x19]J[0x4][0xc]gK8[0xffffffab])[0x11]<[0xffffff9c][0xffffffed][0xffffffca][0xffffff93][0xffffffa5]D[0xffffffde]p[0xffffffb6][0xffffffab]V[0xffffff8e][0x12])[0xffffffc3][0xffffffd9]Z[0xffffffbc][0xb][0xffffff94]p[0xffffffc3][0xffffffd9][0xffffffe7][0xfffffff6][0xffffffc2][0xfffffffe][0xffffffc0][0xffffff81][0xf]g[0xffffffdf][0x1][0xffffffc3][0xffffffd9][0xffffffb7]Yw-[0xc]86[0xffffff9c]}[0xffffffcb]~+I[0xffffff89][0xffffff90][0xffffffe1]l[0x1b]H[0xffffff86][0x12][0x1][0xffffffc3][0xffffffd9][0x12][0xffffffce]jJ[0x4][0xf]g[0xffffffbb][0xfffffff2]d)[0xffffff91]7[0xffffff9c][0xffffffed][0xffffffaa][0xffffff95][0xffffffa3]D[0xffffffca]p[0xffffffb6][0x16][0xffffffef][0x12]%[0xfffffff6]0J[0xffffffc0][0xffffffc3][0xffffffd9]w[0xffffffc0]p[0xfffffff6]m[0xffffffd6]]K[0x3][0xe][\r]g[0xffffffdf][0xffffffb2][0xffffffdf][0xffffffca]R"b8[0xffffffdb][0x6][0xffffff92][0xffffffa2][0x4]>[0xffffff9c]-[0xffffffe1][0xffffffac][0xffffffa7]D[0xffffffec]p[0xffffffb6]+O[0xffffff9a][0x12]i[0xffffffc3][0xffffffd9][0xffffffae]ZIJd[0xc]gk[0xfffffff1].P[0xffffffc2][\r]g[0xffffff9f][0xffffffd7]I[0xffffffad]][0xffffffde][0xfffffff8]p[0xfffffff6][0x1d]0[0xffffff9c]}[0xffffff9b]u[0xffffffd7][0xffffffc2][0xffffff80]c[0xffffffc3][0xffffffd9][0xffffffb7][0xffffffec][0xffffffb7][0xffffff92][0xffffff94][0x8][0x19][0xffffffce][0xffffffb6][0xffffff81]d([0x11]0[0xffffff9c]-[0xffffffe1][0xffffffac][0xffffffa6]D[0xfffffff0]p[0xffffffb6]+O[0xffffff96][0x12]y[0xffffffc3][0xffffffd9][0xffffffae]Z9J[0xffffffa4][0xc]gk[0xfffffff1].Q[0xffffffc2][0xffffffbc][0xffffff95]@)A[0xffffffbf][0xffffff95]h[0x1]o%[0xffffff9a][0xffffffd2][0xffffffb9]4[0xffffffe0][0xffffffd4][[0xffffff89][0xffffff96][0xfffffff4]VB[0xffffffa3]HQ"[0xffffffe5][0xffffffad][0xffffff84][0xffffffc6][0xffffff92][0xffffffa0][0x4]"
14:55:25.527 [main] DEBUG org.apache.hc.client5.http.wire - http-outgoing-1 << "[0xfffffffb]Vb[0xffffff8e]h[0x16]%[0xffffffc2][0xffffffde]J[0xffffffd8].[0xffffffa5])[0x11][0xfffffff4]VB[0xffffff9a][0xffffff96][0xffffffa3][0xffffffc4][0x7f][0xfffffff1]V[0xffffffa2][0xffffff87]Q[0xffffffa2][0xffffffe3][0xffffff94][0xffffffe8][0x1][0xffffff94][0xffffffe8](%:F[0xffffff89][0xffffff9e]D[0xffffff89]9[0xffffff8a][0x14]%4[0xffffff90][0x14]%[0xffffffe6]X[0x12][0xffffff94][0xffffffe8]0%z0%[0xffffffa4]<iJ[0xffffff98].[0xffffffa5])![0xffffffd5]JR[0xffffffa2][0xffffffa7]P[0xffffffa2][0xffffffff][0x7][0xffffff94][0xffffffd8]G[0xffffff98]%[0xfffffff6][0xffffff81]c[0xffffffe2][0xffffffe3][0x11]xM[0xfffffffc]x[0x8][0xffffff8a][0x13][0x1f]?Oy[0xffffffe2][0xfffffffd][0xffffffd3])[0xffffffa0][0xffffff90]<R[0xffffffa2]0[0xffffffa9][0xffffffa4]H![0xffffffd9]$L1%[0xffffffb4][0x1e][0x15]SN[0xffffffb3]T[0xffffffa1]5J[0xffffffb3][0xffffffc2][0xffffffb5]*[0xffffffed][\n]"
14:55:25.528 [main] DEBUG org.apache.hc.client5.http.wire - http-outgoing-1 << "-Y[0x12][0x16]s[0xffffffe7]r[0xffffffb2][0xffffff98]+x[0xffffff89][0x16]g[0x1a]-N[0xffffff9e][0x16]g[0x2]-N[0xffffff96][0x16]'G[0xffffff8b]3[0xffffff8a][0x16][0xffffff92]G[0xffffff8a][0x16]&[0xffffff95][0x14]-$[0xffffff9b][0x4]-N[0xffffff9a][0x16]g2-[0xffffffb4]FiZ[0xffffffb8]V[0xffffffa5]i[0xffffffa1]%K[0xffffffd2]b[0xffffffee]\[0xffffff8e][0x16]s[0x5]/[0xffffffd1][0xffffffe2]N[0xfffffffb].[0xfffffff3][0xffffffe6]?[0xffffffcc][0xfffffffc]x[0x4][0xffffff9e][0x16]?[0x1e][0xffffff82][0xffffffa2][0xffffffc5][0xffffffcd]}[0xffffff9b]yG}[0xffffff9c])y[0xffffffa4]haRI[0xffffffd1]B[0xffffffb2]I[0xffffffd0][0xffffffe2][0xffffffa6]?[0xffffffd0][0xffffffbc][0xffffff93][0xffffffbf][0xffffffd0][0xffffffd4][0x1a][0xffffffa5]i[0xffffffe1]Z[0xffffff95][0xffffffa6][0xffffff85][0xffffff96],I[0xffffff8b][0xffffffb9]s9Z[0xffffffcc][0x15][0xffffffbc]D[0xffffff8b][0xffffff96][0xfffffff6]qE[0xffffffe3][0xffffffbf][0xffffffae]h[0x9][0xffffff9f]W4[0xfffffff6][0xfffffffb][0xffffff8a][0xffffffc6]}`[0xffffffd1][0xffffffa2][0xffffffbe][0xffffffb0][0xffffff90]<R[0xffffffb4]0[0xffffffa9][0xffffffa4]h![0xffffffd9]$h[0xffffffd1][0xffffffe8][0xffffffaf],Z[0xfffffff2]g[0x16]Z[0xffffffa3]4-\[0xffffffab][0xffffffd2][0xffffffb4][0xffffffd0][0xffffff92]%i1w.G[0xffffff8b][0xffffffb9][0xffffff82][0xffffff97]h1[0xffffffb6]0Z[0xffffff8c][\r][0xffffffa7][0xffffffc5][0xffffffc7]#[0xfffffff0][0xffffffb4][0xfffffff8][0xfffffff1][0x10][0x14]->~[0xffffff9e][0xffffffa2][0xffffffc5][0xfffffffb][0xffffffa7]Sh!y[0xffffffa4]haRI[0xffffffd1]B[0xffffffb2]I[0xffffffd0]bJh=-[0xffffffa6][0xffffff9c]f[0xffffffd1]Bk[0xffffff94][0xffffffa6][0xffffff85]kU[0xffffff9a][0x16]Z[0xffffffb2]$-[0xffffffe6][0xffffffce][0xffffffe5]h1W[0xfffffff0][0x12]-[0xffffffb6][0xffffffeb][\n]"
14:55:25.529 [main] DEBUG org.apache.hc.client5.http.wire - http-outgoing-1 << "[0xffffffb3][0xffffffc5][0xffffffc7][0x13][0xffffffe1][0xffffffb8][0xfffffff8]|[0x6]^[0x17][0xffffffff]<[0x5][0xffffffc5][0xffffff8b][0xffffffcf][0xffffffdf][0xffffffa7]|[0xfffffff1][0xffffffe3][0xffffffb7]S[0xffffff80][0xffffffa1][0xffffffa1][0xffffffa4][0xffffff84][0xffffffe1][0xffffffa2]I[0x11]C[0x3]J[0x18]c[0xffffff8e]i=2[0xffffffe6][0xffffffb0]f)[0xffffffc3][0x14]*[0xffffffcd][0xc][0xffffffdb][0xffffffaf][0xffffffb4]3L[0xffffffdd][0xffffff92][0xffffffd0][0xffffff90][0xfffffff6][0xffffffe5][0xffffffa4]!e[0xffffffbc]D[0xffffff8d][0xfffffffd][0xffffff95][0xfffffff6][0x1a][0xffffffe3][0xffffffe3][0xffffff89]pj|>[0x3]O[0xffffff8d][0x7f][0xffffff9e][0xffffff82][0xffffffa2][0xffffffc6][0xffffffe7][0xffffffef]S[0xffffffd4][0xfffffff8][0xfffffff1][0xffffffdb])[0xffffffd4][0xffffffd0]PR[0xffffffd4]p[0xffffffd1][0xffffffa4][0xffffffa8][0xffffffa1][0x1]%[0xffffffa8]1[0xffffffc7][0xffffffb4][0xffffff9e][0x1a]sX[0xffffffb3][0xffffffa8]a[\n]"
14:55:25.529 [main] DEBUG org.apache.hc.client5.http.wire - http-outgoing-1 << "[0xffffff95][0xffffffa6][0xffffff86][0xffffffed]W[0xffffff9a][0x1a][0xffffffa6]nIjH[0xfffffffb]r[0xffffffd4][0xffffff90]2^[0xffffffa4]F[0xffffff8b][0xffffffa3]F[0xb][0xffffffa0]F[0xffffff8b][0xffffffa0]F[0xffffff83][0xffffffa9][0xffffffd1]@j[0xffffffb4],j[0xffffffcc][0xffffffa1][0xffffffe4][0xffffffa8][0xffffffa1][0xffffffd1][0xffffffe4][0xffffffa8]1[0x7][0xffffff94][0xffffffa1]F[0xffffffc3][0xffffffa9][0xffffffd1][0xffffffa2][0xffffffa9]![0xffffff85][0xffffffca]S[0xffffffc3][0xfffffff4]+O[\r][0xffffffa9][[0xffffff96][0x1a]-[0xffffff87][0x1a]m[0xffffff9d][0x1a][0xffffffd7][0xfffffffb]_[0xffffffe9]f[0xffffffe8][0xfffffffb]:[0xffffffae][0xffffffad][0x1c][0x1a][0xffffffbf][0xffffff9e][0xffffff87]b[0xffffffc6]oO[0xffffff80]!cz[0xffffff86]bb[0xfffffffc][0xfffffff6][0xffffffeb][0xffffffc5][0xffffffc0][0xfffffff8][0xfffffff7]/[0xffffffc3][0xffffffbc]x[0xffffff8c]b1.[0xfffffffe][0x10][0xffffffc8]bZ<[0xffffffc6][0xffffffb2][0x10][0x16][0xf][0xffffffe1],c[0xffffffc5]CD#P[0xfffffff1]\[0xffffff9e][0x10])[0xfffffffe][0xffffffd4][0xffffffa5][0x10]([0xffffff9e][0xffffffab][0x15][0xffffffe0][0xffffffc4]S[0xffffffd3][0xffffff96]c[0xffffffe2][0xffffffa9]x[0xffffff97]([0xffffffb1][0xffffff87]Q[0x2][0x1b][0xfffffffa][0xfffffffe][0xffffffed][0x9]xJ C[0xffffffdf][0xffffffbf][0xfffffffd]:E[0xffffff89][0xffffff84][0xffffffa1][0xffffffef][0xffffffc7](R[0xffffff94][0xffffffc0][0xffffff87][0xffffffbe][0x1f]cIP[0x2][0x1a][0xfffffffa]~[0xffffff88]h[0x16]%R[0xffffff86][0xffffffbe][0xffffffff][0xffffffd4][0xffffffa5]4%[0x12][0xffffff86][0xffffffbe][0xffffff9f][0xffffff9a][0xffffff96][0xffffffa3][0xffffffc4]7[0xffffff86][0xffffffbe][0x7f][0xfffffffc][0x1b][0xffffffc3][0xffffffbd][0xffffff95][0xffffffb8][0xe][0xffffff8c][0x12][0x3][0x7f]+1[0x2][0xffffffde]J[0xc][0xffffffa5]sa[0xffffffc0][0x7][0xfffffff6]Vb$[0xffffffbd][0xffffff95][0xffffffd0](2[0xffffff94]p[0xffffff81]d([0xffffffa1][0xffffffb1][0xffffffac][0xffffffa7][0xffffffc4][0x1c][0xffffffce]jJ[0xffffffcc][0x11]M[0xffffffa2][0xffffff84])O[0xffffff96][0x12][0xffffffb6]KYJ[0xffffff98]j[0xffffffe5](!MKQB[0xffffff8a][0xfffffff7][0xffffffef])[0xffffffd1]^[0xffffff8e][0x12][0xffffffa3][\r][0xffffff88][0x12][0xffffff9f][0xffffffcf][0xffffffc3]R[0xffffffe2][0xffffffeb][0x9]`J[0xfffffffc]|[0x6][0xffffff84][0x12]_[0xffffffbf][0xffffff8e]P[0xffffffe2][0xffffff9f]_[0xffffff8e][0xffffffa0][0xffffff84][0xffffff89]"B[0x9][0x1b]H[0xffffff84][0x12]&[0xffffff96][0xffffffe5][0xffffff94][0xffffff90]p[0x16]SB"[0x1a]D[0x9]W[0xffffff9e](%|[0xffffff97][0xffffffa2][0xffffff94]p[0xffffffd5][0xffffff8a]QB[0xffffff9b][0x16][0xffffffa2][0xffffff84][0x16][0xffffffef][0x2]%6C[0xffffff89]{[0xffffffbb];E[0xffffff89][\r][0xffffffa7][0xffffffc4][0x16]@[0xffffff89]M[0xfffffff3]^[0x18][0xfffffff0][\r][0xffffffa3][0xffffffc4][0xffffff96]D[0x9][0xffffff8d]"C[0x9][0x17]H[0xffffff86][0x12][0x1a][0xffffffcb]zJ[0xffffffcc][0xffffffe1][0xffffffac][0xffffffa6][0xffffffc4][0x1c][0xffffffd1]$J[0xffffff98][0xfffffff2]d)a[0xffffffbb][0xffffff94][0xffffffa5][0xffffff84][0xffffffa9]V[0xffffff8e][0x12][0xffffffd2][0xffffffb4][0x14]%[0xffffffa4]x[0x17]([0xffffffb1];J[0xffffffdc][0xffffffe7]IQb[0xffffffc7])[0xffffffb1][0x7]Pb[0xffffffd7][0xffffffbc][0x17][0x6]|[0xffffffc7]([0xffffffb1]'QB[0xffffffa3][0xffffffc8]P[0xffffffc2][0x5][0xffffff92][0xffffffa1][0xffffff84][0xffffffc6][0xffffffb2][0xffffff9e][0x12]s8[0xffffffab])1G4[0xffffff89][0x12][0xffffffa6]<YJ[0xffffffd8].e)a[0xffffffaa][0xffffff95][0xffffffa3][0xffffff84]4-E[0x9])[0xffffffde][0x5]J[0x1c][0xffffff8e][0x12][0xfffffffd][0xffffffbc])J[0x1c]8%[0xffffff8e][0x0]J[0x1c][0xffffff9a][0xfffffff7][0xffffffc2][0xffffff80][0x1f][0x18]%[0xffffff8e]$Jh[0x14][0x19]J[0xffffffb8]@2[0xffffff94][0xffffffd0]X[0xffffffd6]Sb[0xe]g5%[0xffffffe6][0xffffff88]&Q[0xffffffc2][0xffffff94]'K[0x9][0xffffffdb][0xffffffa5],%L[0xffffffb5]r[0xffffff94][0xffffff90][0xffffffa6][0xffffffa5](![0xffffffc5][0xffffffbb]@[0xffffff89][0xffffffd3]P[0xffffffa2][0xffffffed][0xffffffaf][0x17]E[0xffffff89][0x13][0xffffffa7][0xffffffc4][0x19]@[0xffffff89]S[0xfffffff3]^[0x18][0xfffffff0][0x13][0xffffffa3][0xffffffc4][0xffffff99]D[0x9][0xffffff8d]"C[0x9][0x17]H[0xffffff86][0x12][0x1a][0xffffffcb]zJ[0xffffffcc][0xffffffe1][0xffffffac][0xffffffa6][0xffffffc4][0x1c][0xffffffd1]$J[0xffffff98][0xfffffff2]d)a[0xffffffbb][0xffffff94][0xffffffa5][0xffffff84][0xffffffa9]V[0xffffff8e][0x12][0xffffffd2][0xffffffb4][0x14]%[0xffffffa4]x[0x17](qYJ[0xffffffdc][0xffffffd8][[0xffffff89][0xb][0xffffffa7][0xffffffc4][0x15]@[0xffffff89]K[0xfffffff3]^[0x18][0xfffffff0][0xb][0xffffffa3][0xffffffc4][0xffffff95]D[0x9][0xffffff8d]"C[0x9][0x17]H[0xffffff86][0x12][0x1a][0xffffffcb]zJ[0xffffffcc][0xffffffe1][0xffffffac][0xffffffa6][0xffffffc4][0x1c][0xffffffd1]$J[0xffffff98][0xfffffff2]d)a[0xffffffbb][0xffffff94][0xffffffa5][0xffffff84][0xffffffa9]V[0xffffff8e][0x12][0xffffffd2][0xffffffb4][0x14]%[0xffffffa4]x[0x17](q;J[0x1c];v[0xffffff82][0xffffffe3][0xffffffc6])q[0x7]P[0xffffffe2][0xffffffd6][0xffffffbc][0x17][0x6][0xfffffffc][0xffffffc6](q'QB[0xffffffa3][0xffffffc8]P[0xffffffc2][0x5][0xffffff92][0xffffffa1][0xffffff84][0xffffffc6][0xffffffb2][0xffffff9e][0x12]s8[0xffffffab])1G4[0xffffff89][0x12][0xffffffa6]<YJ[0xffffffd8].e)a[0xffffffaa][0xffffff95][0xffffffa3][0xffffff84]4-E[0x9])[0xffffffde][0x5]J4K[0xffffff89][0xffffffb6]S[0xffffff94]h8%Z[0x0]%[0xffffff9a][0xffffffe6][0xffffffbd]0[0xffffffe0][\r][0xffffffa3]DK[0xffffffa2][0xffffff84]F[0xffffff91][0xffffffa1][0xffffff84][0xb]$C[0x9][0xffffff8d]e=%[0xffffffe6]pVSb[0xffffff8e]h[0x12]%Ly[0xffffffb2][0xffffff94][0xffffffb0]][0xffffffca]R[0xffffffc2]T+G[0x9]iZ[0xffffff8a][0x12]R[0xffffffbc][0xb][0xffffff94]p[0xffffffc3][0xffffffd9][0xffffffed]<0J[0xffffffe0][0xffffffc3][0xffffffd9]-`8[0xffffffbb][0xffffff99]u[0xffffffd7][0xffffffc2][0xffffff80]c[0xffffffc3]"
14:55:25.532 [main] DEBUG org.apache.hc.client5.http.wire - http-outgoing-1 << "[0xffffffd9]M[0xfffffff6][IJ[0xffffff84][0xc]g[0xffffffdb]@2[0xffffff94][0x8][0x18][0xffffffce][0xffffff96]pVS"x8[0xffffffdb][0xffffff95]'K[0xffffff89][0xffffffbc][0xffffffe1]lW[0xffffffad][0x1c]%R[0xffffff86][0xffffffb3][0xffffffb5]x[0x17]([0xffffffe1][0xffffffd6].[0xffffffdb][0xfffffff5][0xfffffff5][0xffffff98][0x8]%[0xfffffff0][0xffffffb5][0xffffffcb][0x16][0xffffffb0]v[0xffffffd9][0xffffffcc]$[a[0xffffffc0][0xffffffb1][0xffffffb5][0xffffffcb]&[0xffffffa3]k$%B[0xffffffd6].m [0x19]J[0x4][0xffffffac]]J8[0xffffffab])[0x11][0xffffffbc]v[0xffffffe9][0xffffffca][0xffffff93][0xffffffa5]D[0xffffffde][0xffffffda][0xffffffa5][0xffffffab]V[0xffffff8e][0x12])k[0xffffff97]Z[0xffffffbc]K[0xffffff94]8[0xffffffc2](q[0xffffffe0][0xffffff94]8[0x2](q[0xffffffa0][0xffffff94]80J[0x1c]I[0xffffff94][0xffffff98][0xffffffa3]HQB[0x3]IQb[0xffffff8e]%A[0xffffff89][0x3][0xffffffa6][0xffffffc4][0x11]L[0x9])O[0xffffff9a][0x12][0xffffffa6]KiJH[0xffffffb5][0xffffff92][0xffffff94]8R(q|[0xffffff97][0x12][0xffffffdd][0xffffffad]][0xfffffff6]s[0x1c][0x10]%:[0xffffffbe]v[0xffffffd9][0x3][0xffffffd6].[0xffffffbb][0xffffff99]d[0xffffffab][0xb]x[0xffffffc7][0xffffffd6].[0xffffffbb][0xffffff8c][0xffffffae][0xffffff81][0xffffff94]0QD(a[0x3][0xffffff89]P[0xffffffc2][0xffffffc4][0xffffffb2][0xffffff9c][0x12][0x12][0xffffffce]bJHD[0xffffff83]([0xffffffe1][0xffffffca][0x13][0xffffffa5][0xffffff84][0xffffffef]R[0xffffff94][0x12][0xffffffae]Z1Jh[0xffffffd3]B[0xffffff94][0xffffffd0][0xffffffe2]][0xffffffa0][0xffffff84][[0xffffffbb][0xffffffec]w[0xffffffc7]([0xffffff81][0xffffffaf]][0xfffffff6][0xffffff80][0xffffffb5][0xffffffcb]n&[0xffffffd9][\n]"
14:55:25.532 [main] DEBUG org.apache.hc.client5.http.wire - http-outgoing-1 << "[0x3][0xffffff8e][0xffffffad]]v[0x19]]#)[0x11][0xffffffb2]vi[0x3][0xffffffc9]P"`[0xffffffed]R[0xffffffc2]YM[0xffffff89][0xffffffe0][0xffffffb5]KW[0xffffff9e],%[0xfffffff2][0xffffffd6].][0xffffffb5]r[0xffffff94]HY[0xffffffbb][0xffffffd4][0xffffffe2]][0xffffffa0][0xffffff84][[0xffffffbb][0xffffffec][0xffffffe3]E[0xffffffdd][0xc][0xffffffda][0xfffffff1][0xffffffb5][0xffffffcb][0x1e][0xffffffb0]v[0xffffffd9][0xffffffcd]$[a[0xffffffc0][0xffffffb1][0xffffffb5][0xffffffcb].[0xffffffa3]k$%B[0xffffffd6].m [0x19]J[0x4][0xffffffac]]J8[0xffffffab])[0x11][0xffffffbc]v[0xffffffe9][0xffffffca][0xffffff93][0xffffffa5]D[0xffffffde][0xffffffda][0xffffffa5][0xffffffab]V[0xffffff8e][0x12])k[0xffffff97]Z[0xffffffbc][0xb][0xffffff94]pk[0xffffff97]c?[0xffffffb1][0xffffffb7][0x12][0xfffffff8][0xffffffda]e[0xf]X[0xffffffbb][0xffffffec]f[0xffffff92][0xffffffad]0[0xffffffe0][0xffffffd8][0xffffffda]e[0xffffff97][0xffffffd1]5[0xffffff92][0x12]!k[0xffffff97]6[0xffffff90][0xc]%[0x2][0xffffffd6].%[0xffffff9c][0xffffffd5][0xffffff94][0x8]^[0xffffffbb]t[0xffffffe5][0xffffffc9]R"o[0xffffffed][0xffffffd2]U+G[0xffffff89][0xffffff94][0xffffffb5]K-[0xffffffde][0x5]J\[0xffffff8e][0x12][0xffffffd7]MMT}>[0xf]L[0xffffff89]+[0xffffff80][0x12][0xffffff97][0xffffffe6][0xffffffbd]0[0xffffffe0][0x17]F[0xffffff89]+[0xffffff89][0x12][0x1a]E[0xffffff86][0x12].[0xffffff90][0xc]%4[0xffffff96][0xfffffff5][0xffffff94][0xffffff98][0xffffffc3]YM[0xffffff89]9[0xffffffa2]I[0xffffff94]0[0xffffffe5][0xffffffc9]R[0xffffffc2]v)K[0x9]S[0xffffffad][0x1c]%[0xffffffa4]i)JH[0xfffffff1].P[0xffffffc2][0xffffffad]][0xffffff8e]1[0x1a]E[0x9]|[0xffffffed][0xffffffb2][0x7][0xffffffac]]v3[0xffffffc9]V[0x18]pl[0xffffffed][0xffffffb2][0xffffffcb][0xffffffe8][0x1a]I[0xffffff89][0xffffff90][0xffffffb5]K[0x1b]H[0xffffff86][0x12][0x1]k[0xffffff97][0x12][0xffffffce]jJ[0x4][0xffffffaf]][0xffffffba][0xfffffff2]d)[0xffffff91][0xffffffb7]v[0xffffffe9][0xffffffaa][0xffffff95][0xffffffa3]D[0xffffffca][0xffffffda][0xffffffa5][0x16][0xffffffef][0x2]%[0xffffffcc][0xffffffda]e[0x7f]m[0x7][0xfffffff6][0x7][0xe]|[0xffffffed][0xffffffb2][0x7][0xffffffac]]v3[0xffffffc9]V[0x18]pl[0xffffffed][0xffffffb2][0xffffffcb][0xffffffe8][0x1a]I[0xffffff89][0xffffff90][0xffffffb5]K[0x1b]H[0xffffff86][0x12][0x1]k[0xffffff97][0x12][0xffffffce]jJ[0x4][0xffffffaf]][0xffffffba][0xfffffff2]d)[0xffffff91][0xffffffb7]v[0xffffffe9][0xffffffaa][0xffffff95][0xffffffa3]D[0xffffffca][0xffffffda][0xffffffa5][0x16][0xffffffef][0x2]%[0xffffffcc][0xffffffda]e[0x7f][0xffffff9d]g[0xffffffa7]([0xffffff81][0xffffffaf]][0xfffffff6][0xffffff80][0xffffffb5][0xffffffcb]n&[0xffffffd9][\n]"
14:55:25.533 [main] DEBUG org.apache.hc.client5.http.wire - http-outgoing-1 << "[0x3][0xffffff8e][0xffffffad]]v[0x19]]#)[0x11][0xffffffb2]vi[0x3][0xffffffc9]P"`[0xffffffed]R[0xffffffc2]YM[0xffffff89][0xffffffe0][0xffffffb5]KW[0xffffff9e],%[0xfffffff2][0xffffffd6].][0xffffffb5]r[0xffffff94]HY[0xffffffbb][0xffffffd4][0xffffffe2]][0xffffffa0][0xffffff84]Y[0xffffffbb][0xffffffec][0xffffffaf]k[0xffffffc7]Np[0xffffffe0]k[0xffffff97]=`[0xffffffed][0xffffffb2][0xffffff9b]I[0xffffffb6][0xffffffc2][0xffffff80]ck[0xffffff97]]F[0xffffffd7]HJ[0xffffff84][0xffffffac]][0xffffffda]@2[0xffffff94][0x8]X[0xffffffbb][0xffffff94]pVS"x[0xffffffed][0xffffffd2][0xffffff95]'K[0xffffff89][0xffffffbc][0xffffffb5]KW[0xffffffad][0x1c]%R[0xffffffd6].[0xffffffb5]x[0xffffffff][0xffffff9e][0x12][0xffffffe3]e)q[0xffffffef][0x10]%>[0xffffff9f][0xffffff87][0xffffffa5][0xffffffc4][0xffffffd7][0x13][0xffffffc0][0xffffff94][0xfffffff8][0xfffffff9][0xc][0x8]%[0xffffffbe]~[0x1d][0xffffffa1][0xffffffc4]?[0xffffffbf][0x1c]A[0x9][0x13]E[0xffffff84][0x12]6[0xffffff90][0x8]%L,[0xffffffcb])![0xffffffe1],[0xffffffa6][0xffffff84]D4[0xffffff88][0x12][0xffffffae]<QJ[0xfffffff8].E)[0xffffffe1][0xffffffaa][0x15][0xffffffa3][0xffffff84]6-D[0x9]-[0xffffffde][0x5]J[0xffffff98][0xffffffb5][0xffffffcb][0xf]J[0xffffff8c][0xffffff93][0xffffffa2][0x4][0xffffffbe]v9[0x2][0xffffffd6].[0xffffff87][0xffffff99]d+[0xc]8[0xffffffb6]v9dt[0xffffff8d][0xffffffa4]D[0xffffffc8][0xffffffda][0xffffffa5][\r]$C[0xffffff89][0xffffff80][0xffffffb5]K[0x9]g5%[0xffffff82][0xffffffd7].]y[0xffffffb2][0xffffff94][0xffffffc8][[0xffffffbb]t[0xffffffd5][0xffffffca]Q"e[0xffffffed]R[0xffffff8b]w[0xffffff81][0x12]f[0xffffffed][0xffffffb2][0xffffffbf]n[0xffffffec][0xffffffb3][0xffffffcb][0xffffff81][0xffffffaf]][0xffffff8e][0xffffff80][0xffffffb5][0xffffffcb]a&[0xffffffd9][\n]"
14:55:25.533 [main] DEBUG org.apache.hc.client5.http.wire - http-outgoing-1 << "[0x3][0xffffff8e][0xffffffad]][0xe][0x19]]#)[0x11][0xffffffb2]vi[0x3][0xffffffc9]P"`[0xffffffed]R[0xffffffc2]YM[0xffffff89][0xffffffe0][0xffffffb5]KW[0xffffff9e],%[0xfffffff2][0xffffffd6].][0xffffffb5]r[0xffffff94]HY[0xffffffbb][0xffffffd4][0xffffffe2]][0xffffffa0][0xffffff84]Y[0xffffffbb][0xfffffffc][0xffffffa0][0x4]v[0x18]t[0xffffffe0]k[0xffffff97]#`[0xffffffed]r[0xffffff98]I[0xffffffb6][0xffffffc2][0xffffff80]ck[0xffffff97]CF[0xffffffd7]HJ[0xffffff84][0xffffffac]][0xffffffda]@2[0xffffff94][0x8]X[0xffffffbb][0xffffff94]pVS"x[0xffffffed][0xffffffd2][0xffffff95]'K[0xffffff89][0xffffffbc][0xffffffb5]KW[0xffffffad][0x1c]%R[0xffffffd6].[0xffffffb5]x[0x17](a[0xffffffd6].[0xfffffffb]k[0xffffff9c][0x18]%[0xfffffff0][0xffffffb5][0xffffffcb][0x11][0xffffffb0]v9[0xffffffcc]$[a[0xffffffc0][0xffffffb1][0xffffffb5][0xffffffcb]![0xffffffa3]k$%B[0xffffffd6].m [0x19]J[0x4][0xffffffac]]J8[0xffffffab])[0x11][0xffffffbc]v[0xffffffe9][0xffffffca][0xffffff93][0xffffffa5]D[0xffffffde][0xffffffda][0xffffffa5][0xffffffab]V[0xffffff8e][0x12])k[0xffffff97]Z[0xffffffbc][0xb][0xffffff94][0xffffffb8][0xc]%[0xffffffb6][0xffffffed]uS[0xffffff94][0xffffffb8]pJ\[0x1][0xffffff94][0xffffffb8]4[0xffffffef][0xffffff85][0x1][0xffffffbf]0J\I[0xffffff94][0xffffffd0](2[0xffffff94]p[0xffffff81]d([0xffffffa1][0xffffffb1][0xffffffac][0xffffffa7][0xffffffc4][0x1c][0xffffffce]jJ[0xffffffcc][0x11]M[0xffffffa2][0xffffff84])O[0xffffff96][0x12][0xffffffb6]KYJ[0xffffff98]j[0xffffffe5](!MKQB[0xffffff8a]w[0xffffff81][0x12]f[0xffffffed][0xffffffb2]o[0xffffffd7][0xffffffa0][0xe][0xffffff83][0xe]|[0xffffffed]r[0x4][0xffffffac]][0xe]3[0xffffffc9]V[0x18]pl[0xffffffed]r[0xffffffc8][0xffffffe8][0x1a]I[0xffffff89][0xffffff90][0xffffffb5]K[0x1b]H[0xffffff86][0x12][0x1]k[0xffffff97][0x12][0xffffffce]jJ[0x4][0xffffffaf]][0xffffffba][0xfffffff2]d)[0xffffff91][0xffffffb7]v[0xffffffe9][0xffffffaa][0xffffff95][0xffffffa3]D[0xffffffca][0xffffffda][0xffffffa5][0x16][0xffffffef][0x12]%[0xffffff8e]0J[0x1c]8%[0xffffff8e][0x0]J[0x1c](%[0xe][0xffffff8c][0x12]G[0x12]%[0xffffffe6](R[0xffffff94][0xffffffd0]@R[0xffffff94][0xffffff98]cIP[0xffffffe2][0xffffff80])q[0x4]SB[0xffffffca][0xffffff93][0xffffffa6][0xffffff84][0xffffffe9]R[0xffffff9a][0x12]R[0xffffffad]$%[0xffffff8e][0x14]J[0x1c][0xffffffdf][0xffffffa6][0xffffff84][0x1b][0xffffffce][0xffffffde][0xffffffda][0xffffff85][0xfffffffd][0xffffff81][0x3][0x1f][0xffffffce][0x1e][0x1][0xffffffc3][0xffffffd9][0xffffffc3][0xffffffac][0xffffffbb][0x16][0x6][0x1c][0x1b][0xffffffce][0x1e][0xffffffb2][0xffffffdf]JR"d8[0xffffffdb][0x6][0xffffff92][0xffffffa1]D[0xffffffc0]p[0xffffffb6][0xffffff84][0xffffffb3][0xffffff9a][0x12][0xffffffc1][0xffffffc3][0xffffffd9][0xffffffae]<YJ[0xffffffe4][\r]g[0xffffffbb]j[0xffffffe5]([0xffffff91]2[0xffffff9c][0xffffffad][0xffffffc5][0xffffffbb]@[0x9]7[0xffffff9c][0xffffffbd][0xffffffef];v[0x18][0x14][0x1f][0xffffffce][0x1e][0x1][0xffffffc3][0xffffffd9][0xffffffc3][0xffffffac][0xffffffbb][0x16][0x6][0x1c][0x1b][0xffffffce][0x1e][0xffffffb2][0xffffffdf]JR"d8[0xffffffdb][0x6][0xffffff92][0xffffffa1]D[0xffffffc0]p[0xffffffb6][0xffffff84][0xffffffb3][0xffffff9a]"
14:55:25.549 [main] DEBUG org.apache.hc.client5.http.wire - http-outgoing-1 << "[0x12][0xffffffc1][0xffffffc3][0xffffffd9][0xffffffae]<YJ[0xffffffe4][\r]g[0xffffffbb]j[0xffffffe5]([0xffffff91]2[0xffffff9c][0xffffffad][0xffffffc5][0xffffffbb]@[0x9]7[0xffffff9c][0xffffffbd][0xffffff9f][0x1b][0xfffffff6]V[0x2][0x1f][0xffffffce][0x1e][0x1][0xffffffc3][0xffffffd9][0xffffffc3][0xffffffac][0xffffffbb][0x16][0x6][0x1c][0x1b][0xffffffce][0x1e][0xffffffb2][0xffffffdf]JR"d8[0xffffffdb][0x6][0xffffff92][0xffffffa1]D[0xffffffc0]p[0xffffffb6][0xffffff84][0xffffffb3][0xffffff9a][0x12][0xffffffc1][0xffffffc3][0xffffffd9][0xffffffae]<YJ[0xffffffe4][\r]g[0xffffffbb]j[0xffffffe5]([0xffffff91]2[0xffffff9c][0xffffffad][0xffffffc5][0xfffffffb][0xffffffd7][0xffffff94]8_n8{[0xffffffef]}g([0xfffffff1][0xfffffff5]<(%[0xffffffde]O[0xffffffc0]R[0xffffffe2][0xffffffd7]3[0x10][0xffffff94]x[0xffffffff]:A[0xffffff89][0xffffff9f][0xffffffbf][0xffffff9c]@[0x9][0x17]E[0xffffff82][0x12]>[0xffffff90][0x4]%\,[0xffffffab])[0xffffffa1][0xffffffe1][0xffffffac][0xffffffa5][0xffffff84]F4[0xffffff87][0x12][0xffffffb6]<IJ<t)I[0x9][[0xffffffad][0x14]%L[0xffffffd3]2[0xffffff94]0[0xffffffc5][0xffffffbb]@[0x9]7[0xffffff9c]}[0xffffffbc]vhW[0xffffffe2][0xffffffeb]y`J[0xfffffff0][0xffffffc3][0xffffffd9][0xffffffbf][0xffffff9e][0xffffff81][0xffffffa1][0x4]5[0xffffff9c][0xfffffffd][0xfffffff3][0xffffff97]3([0xffffff91]1[0xffffff9c][0xffffffed][0x3][0xffffffc9]P[0xffffff82][0x1f][0xffffffce][0xffffffd6]pVS"w8[0xffffffdb][0xffffff96]'K[0xffffff89][0xffffffb8][0xffffffe1]l[[0xffffffad][0x1c]%B[0xffffff86][0xffffffb3]M[0xfffffff1].P[0xffffffc2][\r]g[0x1f]g[0xffffff83]Np|=[0xf]L[0x9]~8[0xfffffffb][0xffffffd7]30[0xffffff94][0xffffffa0][0xffffff86][0xffffffb3][0x7f][0xfffffffe]r[0x6]%2[0xffffff86][0xffffffb3]} [0x19]J[0xfffffff0][0xffffffc3][0xffffffd9][0x1a][0xffffffce]jJ[0xffffffe4][0xe]g[0xffffffdb][0xfffffff2]d)[0x11]7[0xffffff9c]m[0xffffffab][0xffffff95][0xffffffa3]D[0xffffffc8]p[0xffffffb6])[0xffffffde][0x5]J[0xffffffb8][0xffffffe1][0xffffffec][0xffffffe3]j'E[0x9]z8[0xfffffffb][0xfffffffd][0x4]4%[0xffffffc8][0xffffffe1][0xffffffec][0xfffffff7][0xffffffaf]3[0xffffff94][0x8][0x1a][0xffffffce]vQd([0xffffff91]2[0xffffff9c][0xffffffed]bYO[0x9]v8[#[0xffffff9a]D[0xffffff89][0xffffffb0][0xffffffe1][0xffffffec][0xffffff87].e)[0x11]4[0xffffff9c]m[0xffffff9a][0xffffff96][0xffffffa2][0xffffffc4][0xfffffff7][0xffffff87][0xffffffb3][0xffffffcf][0xffffff97][0x1b][0xffffffce]>[0xffffffee][0xffffffd7][0xffffffa0](A[0xf]g[0xffffffbf][0xffffff9f][0xffffff80][0xffffffa6][0x4]9[0xffffff9c][0xfffffffd][0xfffffffe]u[0xffffff86][0x12]A[0xffffffc3][0xffffffd9].[0xffffff8a][0xc]%R[0xffffff86][0xffffffb3]],[0xffffffeb])[0xffffffc1][0xe]gkD[0xffffff93]([0x11]6[0xffffff9c][0xfffffffd][0xffffffd0][0xffffffa5],%[0xffffff82][0xffffff86][0xffffffb3]M[0xffffffd3]R[0xffffff94][0xfffffff8][0xfffffffe]p[0xfffffff6][0xfffffff9][0xffffffba],%[0xffffffb6][0x17]E[0xffffff89][0xb][0xffffffa7][0xffffffc4][0x15]@[0xffffff89]K[0xfffffff3]^[0x18][0xfffffff0][0xb][0xffffffa3][0xffffffc4][0xffffff95]D[0x9][0xffffff8d]"C[0x9][0x17]H[0xffffff86][0x12][0x1a][0xffffffcb]zJ[0xffffffcc][0xffffffe1][0xffffffac][0xffffffa6][0xffffffc4][0x1c][0xffffffd1]$J[0xffffff98][0xfffffff2]d)a[0xffffffbb][0xffffff94][0xffffffa5][0xffffff84][0xffffffa9]V[0xffffff8e][0x12][0xffffffd2][0xffffffb4][0x14]%[0xffffffa4]x[0x17]([0xffffffe1][0xffffff86][0xffffffb3][0xffffff8f]{`[0xffffff94][0xffffffa0][0xffffff87][0xffffffb3][0xffffffdf]O@S[0xffffff82][0x1c][0xffffffce]~[0xffffffff]:C[0xffffff89][0xffffffa0][0xffffffe1]l[0x17]E[0xffffff86][0x12])[0xffffffc3][0xffffffd9].[0xffffff96][0xfffffff5][0xffffff94]`[0xffffff87][0xffffffb3]5[0xffffffa2]I[0xffffff94][0x8][0x1b][0xffffffce]~[0xffffffe8]R[0xffffff96][0x12]A[0xffffffc3][0xffffffd9][0xffffffa6]i)J|[0x7f]8[0xfffffffb]|[0xffffffb9][0xffffffb5][0xffffffcb][0xffffffa3]o[0xffffffd0]D[0xffffffd5][0xffffffd7][0xfffffff3][0xffffffc0][0xffffff94][0xffffffe0][0xffffffd7].[0x7f]=[0x3]C[0x9]j[0xffffffed][0xfffffff2][0xffffffe7]/gP"c[0xffffffed][0xffffffd2][0x7][0xffffff92][0xffffffa1][0x4][0xffffffbf]v[0xffffffa9][0xffffffe1][0xffffffac][0xffffffa6]D[0xffffffee][0xffffffda][0xffffffa5]-O[0xffffff96][0x12]qk[0xffffff97][0xffffffb6]Z9J[0xffffff84][0xffffffac]][0xffffff9a][0xffffffe2]][0xffffffa0][0xffffff84][[0xffffffbb]<[0xffffffb7][0x13]{+A[0xffffffaf]][0xffffffbe][0xffffff9f][0xffffff80][0xffffffa6][0x4][0xffffffb9]v[0xfffffff9][0xfffffffe]u[0xffffff86][0x12]Ak[0xffffff97].[0xffffff8a][0xc]%R[0xffffffd6].],[0xffffffeb])[0xffffffc1][0xffffffae]]jD[0xffffff93]([0x11][0xffffffb6]v[0xfffffff9][0xffffffd0][0xffffffa5],%[0xffffff82][0xffffffd6].M[0xffffffd3]R[0xffffff94][0xfffffff8][0xfffffffe][0xffffffda][0xffffffe5][0xfffffff9]rk[0xffffff97][0xffffffe7][0xfffffff9][0xffffffc2][0xe][0xffffff83][0xffffffd2]k[0xffffff97][0xffffffef]'[0xffffffa0])A[0xffffffae]][0xffffffbe][0x7f][0xffffff9d][0xffffffa1]D[0xffffffd0][0xffffffda][0xffffffa5][0xffffff8b]"C[0xffffff89][0xffffff94][0xffffffb5]K[0x17][0xffffffcb]zJ[0xffffffb0]k[0xffffff97][0x1a][0xffffffd1]$J[0xffffff84][0xffffffad]]]]><![CDATA[>t)K[0xffffff89][0xffffffa0][0xffffffb5]K[0xffffffd3][0xffffffb4][0x14]%[0xfffffffe][0xffffff83][0xffffffb5][0xffffffcb][0xffffffcd][0xffffffad]][0xffffff9e][0xffffffed][0xffffffee][0x10]%6|[0xffffffed]r[0xb]X[0xffffffbb][0xffffffdc][0xffffffcc]$[][0xffffffc0]7l[0xffffffed]r[0xffffff93][0xffffffd1]5[0xffffff90][0x12]&[0xffffff8a][0x8]%l [0x11]J[0xffffff98]X[0xffffff96]SB[0xffffffc2]YL[0x9][0xffffff89]h[0x10]%\y[0xffffffa2][0xffffff94][0xfffffff0]][0xffffff8a]R[0xffffffc2]U+F[0x9]mZ[0xffffff88][0x12]Z[0xffffffbc][0xb][0xffffff94][0xffffffd8][0xffffffcc]%[0xffffffe3][0xffffffd7][0xffffffeb][0xffffffa2][0xfffffffe][0xffffffc0][0xfffffff1][0xfffffff9]<0%6[0xfffffffc][0xffffff92][0xfffffff1]_[0xffffffcf][0xffffffc0]Pb[0xffffff83].[0x19][0xffffffff][0xfffffff9][0xffffffcb][0x19][0xffffff94][0xffffffd0](2[0xffffff94]p[0xffffff81]d([0xffffffa1][0xffffffb1][0xffffffac][0xffffffa7][0xffffffc4][0x1c][0xffffffce]jJ[0xffffffcc][0x11]M[0xffffffa2][0xffffff84])O[0xffffff96][0x12][0xffffffb6]KYJ[0xffffff98]j[0xffffffe5](!MKQB[0xffffff8a]w[0xffffff81][0x12]n[0xffffffed][0xfffffff2]:7j8{[0xffffffc3][0xffffffd7].[0xffffffb7][0xffffff80][0xffffffb5][0xffffffcb][0xffffffcd]L[0xffffffb2][0x15][0x6][0x1c][[0xffffffbb][0xffffffdc]dt[0xffffff8d][0xffffffa4]D[0xffffffc8][0xffffffda][0xffffffa5][\r]$C[0xffffff89][0xffffff80][0xffffffb5]K[0x9]g5%[0xffffff82][0xffffffd7].]y[0xffffffb2][0xffffff94][0xffffffc8][[0xffffffbb]t[0xffffffd5][0xffffffca]Q"e[0xffffffed]R[0xffffff8b]w[0xffffff81][0x12]n[0xffffffed][0xfffffff2]j[0xffffffe7]NQ[0x2]_[0xffffffbb][0xffffffdc][0x2][0xffffffd6].73[0xffffffc9]V[0x18]pl[0xffffffed]r[0xffffff93][0xffffffd1]5[0xffffff92][0x12]!k[0xffffff97]6[0xffffff90][0xc]%[0x2][0xffffffd6].%[0xffffff9c][0xffffffd5][0xffffff94][0x8]^[0xffffffbb]t[0xffffffe5][0xffffffc9]R"o[0xffffffed][0xffffffd2]U+G[0xffffff89][0xffffff94][0xffffffb5]K-[0xffffffde][0x5]J[0xffffffb8][0xffffffb5][0xffffffcb][0xfffffffb]ua[0xffffff94][0xffffffc0][0xffffffd7].[0xffffffb7][0xffffff80][0xffffffb5][0xffffffcb][0xffffffcd]L[0xffffffb2][0x15][0x6][0x1c][[0xffffffbb][0xffffffdc]dt[0xffffff8d][0xffffffa4]D[0xffffffc8][0xffffffda][0xffffffa5][\r]$C[0xffffff89][0xffffff80][0xffffffb5]K[0x9]g5%[0xffffff82][0xffffffd7].]y[0xffffffb2][0xffffff94][0xffffffc8][[0xffffffbb]t[0xffffffd5][0xffffffca]Q"e[0xffffffed]R[0xffffff8b]w[0xffffff81][0x12][0xffffff97][0xffffffa3][0xffffffc4][0xffffffb9]c[0xffffff9f]]^8%[0xffffffae][0x0]J\[0xffffff9a][0xfffffff7][0xffffffc2][0xffffff80]_[0x18]%[0xffffffae]$Jh[0x14][0x19]J[0xffffffb8]@2[0xffffff94][0xffffffd0]X[0xffffffd6]Sb[0xe]g5%[0xffffffe6][0xffffff88]&Q[0xffffffc2][0xffffff94]'K[0x9][0xffffffdb][0xffffffa5],%L[0xffffffb5]r[0xffffff94][0xffffff90][0xffffffa6][0xffffffa5](![0xffffffc5][0xffffffbb]@[0x9][0xffffffb7]vy[0xffffffb7][0xfffffff3][0xffffffa4]([0xffffff81][0xffffffaf]]n[0x1]k[0xffffff97][0xffffff9b][0xffffff99]d+[0xc]8[0xffffffb6]v[0xffffffb9][0xffffffc9][0xffffffe8][0x1a]I[0xffffff89][0xffffff90][0xffffffb5]K[0x1b]H[0xffffff86][0x12][0x1]k[0xffffff97][0x12][0xffffffce]jJ[0x4][0xffffffaf]][0xffffffba][0xfffffff2]d)[0xffffff91][0xffffffb7]v[0xffffffe9][0xffffffaa][0xffffff95][0xffffffa3]D[0xffffffca][0xffffffda][0xffffffa5][0x16][0xffffffef][0x2]%[0xffffffdc][0xffffffda][0xffffffe5]=.[0xffffffec][0xffffffb3]K|[0xffffffed]r[0xb]X[0xffffffbb][0xffffffdc][0xffffffcc]$[a[0xffffffc0][0xffffffb1][0xffffffb5][0xffffffcb]MF[0xffffffd7]HJ[0xffffff84][0xffffffac]][0xffffffda]@2[0xffffff94][0x8]X[0xffffffbb][0xffffff94]pVS"x[0xffffffed][0xffffffd2][0xffffff95]'K[0xffffff89][0xffffffbc][0xffffffb5]KW[0xffffffad][0x1c]%R[0xffffffd6].[0xffffffb5]x[0x17]([0xffffffe1][0xffffffd6].[0xffffffdb]k[0xffffffc3][0xffffffde]J[0xffffffe0]k[0xffffff97][[0xffffffc0][0xffffffda][0xffffffe5]f&[0xffffffd9][\n]"
14:55:25.549 [main] DEBUG org.apache.hc.client5.http.wire - http-outgoing-1 << "[0x3][0xffffff8e][0xffffffad]]n2[0xffffffba]FR"d[0xffffffed][0xffffffd2][0x6][0xffffff92][0xffffffa1]D[0xffffffc0][0xffffffda][0xffffffa5][0xffffff84][0xffffffb3][0xffffff9a][0x12][0xffffffc1]k[0xffffff97][0xffffffae]<YJ[0xffffffe4][0xffffffad]][0xffffffba]j[0xffffffe5]([0xffffff91][0xffffffb2]v[0xffffffa9][0xffffffc5][0xffffffbb]@[0x9][0xffffffb7]v[0xffffffd9][0xffffffc0]][0x9]|[0xffffffed]r[0xb]X[0xffffffbb][0xffffffdc][0xffffffcc]$[a[0xffffffc0][0xffffffb1][0xffffffb5][0xffffffcb]MF[0xffffffd7]HJ[0xffffff84][0xffffffac]][0xffffffda]@2[0xffffff94][0x8]X[0xffffffbb][0xffffff94]pVS"x[0xffffffed]"
14:55:25.551 [main] DEBUG org.apache.hc.client5.http.wire - http-outgoing-1 << "[0xffffffd2][0xffffff95]'K[0xffffff89][0xffffffbc][0xffffffb5]KW[0xffffffad][0x1c]%R[0xffffffd6].[0xffffffb5]x[0xffffffff][0xffffff9e][0x12][0xffffffbb][[0xffffffbb]l[0xffffffdb][0xffffff8b][0xffffffa2][0xffffffc4][0xffffff8e][0xffffffaf]][0xffffffee][0x1]k[0xffffff97][0xffffffbb][0xffffff99]d[0xffffffab][0xb][0xfffffff8][0xffffff8e][0xffffffad]][0xffffffee]2[0xffffffba][0x6]R[0xffffffc2]D[0x11][0xffffffa1][0xffffff84][\r]$B[0x9][0x13][0xffffffcb]rJH8[0xffffff8b])![0x11][\r][0xffffffa2][0xffffff84]+O[0xffffff94][0x12][0xffffffbe]KQJ[0xffffffb8]j[0xffffffc5]([0xffffffa1]M[0xb]QB[0xffffff8b]w[0xffffff89][0x12][0xffffffba]v[0xffffffc9]R[0x2]^[0xffffffbb][0xfffffffc]z[0x2][0xffffff9e][0x12][0xffffffe0][0xffffffda][0xffffffe5][0xffffffd7][0xffffffaf]S[0xffffff94][0xffffffc8]Y[0xffffffbb]4Q[0xffffffa4]([0x11][0xffffffb2]vibIP[0x2]][0xffffffbb][0xffffff94][0xffffff88]fQ"k[0xffffffed][0xffffffd2]w)M[0xffffff89][0xffffff9c][0xffffffb5]KmZ[0xffffff8e][0x12][0xffffffdf]^[0xffffffbb][0xffffffdc]7[0xfffffff7]Vb[0xffffffdf]/[0xffffff8a][0x12][0x1b][0xfffffffe]Vb[0xb]x+[0xffffffb1])[0xffffff9d][0xb][0x3][0xffffffbe]ao%[0xffffffb6][0xffffffa4][0xffffffb7][0x12][0x1a]E[0xffffff86][0x12].[0xffffff90][0xc]%4[0xffffff96][0xfffffff5][0xffffff94][0xffffff98][0xffffffc3]YM[0xffffff89]9[0xffffffa2]I[0xffffff94]0[0xffffffe5][0xffffffc9]R[0xffffffc2]v)K[0x9]S[0xffffffad][0x1c]%[0xffffffa4]i)JH[0xfffffff1].P[0xffffffc2][\r]g[0xffffffb7]vQ7[0xffffff83][0xffffffee][0xfffffff8]p[0xfffffff6][0x1e]0[0xffffff9c][0xffffffbd][0xffffff9b]u[0xffffffd7][0xffffffc2][0xffffff80]c[0xffffffc3][0xffffffd9][0xffffffbb][0xffffffec][0xffffffb7][0xffffff92][0xffffff94][0x8][0x19][0xffffffce][0xffffffb6][0xffffff81]d([0x11]0[0xffffff9c]-[0xffffffe1][0xffffffac][0xffffffa6]D[0xfffffff0]p[0xffffffb6]+O[0xffffff96][0x12]y[0xffffffc3][0xffffffd9][0xffffffae]Z9J[0xffffffa4][0xc]gk[0xfffffff1].Q[0xffffffc2][0xfffffffc][0xffffff81][0x3][0xffffffa5][0x4][0xfffffffd][0x7][0xffffff8e]=[0xffffffe0][0xf][0x1c][0xffffffbb][0xffffffbe][0xffffff85]+[\r]8[0xfffffff5][0x7][0xffffff8e]=[0xffffffe9][0xf][0x1c][0x1a]E[0xffffff8a][0x12])[0x7f][0xffffffe0][0xffffffd0]X[0x12][0xffffff94]`[0xffffffff][0xffffffc0]1G4[0xffffff8b][0x12]a[0x7f][0xffffffe0][0xffffffb0]]JS"[0xffffffe8][0xf][0x1c][0xffffffd2][0xffffffb4][0x1c]%[0xffffffbe][0xffffffff][0x7][0xffffff8e][0xfffffffd][0x7f][0xffffffce]0J[0xffffff9c]8%[0xffffffce][0x0]J[0xffffff9c](%N[0xffffff8c][0x12]g[0x12]%[0xffffffe6](R[0xffffff94][0xffffffd0]@R[0xffffff94][0xffffff98]cIP[0xffffffe2][0xffffff84])q[0x6]SB[0xffffffca][0xffffff93][0xffffffa6][0xffffff84][0xffffffe9]R[0xffffff9a][0x12]R[0xffffffad]$%[0xffffffce][0x14]J[0xffffff9c][0xffffffff][0x1]%[0xffffffb6]4Kl<&[0xffffffb6][0x4]Ml,'6[0xffffffce][0x13][[0x14]($[0xffffff8f][0xffffff94](L*)RH6[0x9]Sl4*[0xffffffb6]dUh[0xffffff8d][0xffffffd2][0xffffffac]p[0xffffffad]J[0xffffffbb]BK[0xffffff96][0xffffff84][0xffffffc5][0xffffffdc][0xffffffb9][0xffffff9c],[0xffffffe6][\n]"
14:55:25.551 [main] DEBUG org.apache.hc.client5.http.wire - http-outgoing-1 << "^[0xffffffa2][0xffffffc5]~[0xffffff87][0xffffffd1]b[0xffffffbf]qZ|<[0x2]O[0xffffff8b][0x1f][0xf]A[0xffffffd1][0xffffffe2][0xffffffe3][0xffffffe7])Z[0xffffffbc][0x7f]:[0xffffff85][0x16][0xffffff92]G[0xffffff8a][0x16]&[0xffffff95][0x14]-$[0xffffff9b][0x4]-[0xffffffa6][0xffffff84][0xffffffd6][0xffffffd3]b[0xffffffca]i[0x16]-[0xffffffb4]FiZ[0xffffffb8]V[0xffffffa5]i[0xffffffa1]%K[0xffffffd2]b[0xffffffee]\[0xffffff8e][0x16]s[0x5]/[0xffffffd1][0xffffffe2][0xffffffdc][0xffffffc2]hqn8->[0x1e][0xffffff81][0xffffffa7][0xffffffc5][0xffffff8f][0xffffff87][0xffffffa0]h[0xfffffff1][0xfffffff1][0xfffffff3][0x14]-[0xffffffde]?[0xffffff9d]B[0xb][0xffffffc9]#E[0xb][0xffffff93]J[0xffffff8a][0x16][0xffffff92]M[0xffffff82][0x16]SB[0xffffffeb]i1[0xffffffe5]4[0xffffff8b][0x16]Z[0xffffffa3]4-\[0xffffffab][0xffffffd2][0xffffffb4][0xffffffd0][0xffffff92]%i1w.G[0xffffff8b][0xffffffb9][0xffffff82][0xffffff97]hq[0xffffffa7][0x1d][0xfffffff9][0xffffffb8][0xfffffff9]3[0x1f][0x1f][0xffffff8f][0xffffffc0][0xffffffd3][0xffffffe2][0xffffffc7]CP[0xffffffb4][0xffffffb8][0xffffffb9]c[0x1f]w[0xffffffd4][0xffffffb9][0xf][0xffffffc9]#E[0xb][0xffffff93]J[0xffffff8a][0x16][0xffffff92]M[0xffffff82][0x16]7}[0xfffffff6][0xffffffe3]N>[0xfffffffc][0xffffffa1]5J[0xffffffd3][0xffffffc2][0xffffffb5]*M[0xb]-Y[0xffffff92][0x16]s[0xffffffe7]r[0xffffffb4][0xffffff98]+x[0xffffff89][0x16]-[0xffffffed][0xf]"[0xffffff8d][0xffffffff][0xffffff83]HK[0xfffffff8][0xffffff83]Hc[0xffffffff] [0xffffffd2][0xffffffb8]?[0xffffff88][0xffffffb4][0xffffffa8]?[0xffffff88]H[0x1e])Z[0xffffff98]TR[0xffffffb4][0xffffff90]l[0x12][0xffffffb4]h[0xfffffff4][0x1f]DZ[0xfffffff2][0x1f]D[0xffffffb4]FiZ[0xffffffb8]V[0xffffffa5]i[0xffffffa1]%K[0xffffffd2]b[0xffffffee]\[0xffffff8e][0x16]s[0x5][0xffffffaf][0xffffffd1][0xffffffa2][0xffffffa7][0xffffffd1][0xffffffa2][0xfffffff3][0xffffffb4][0xffffffe8][0x9][0xffffffb4][0xffffffe8],-:G[0xffffff8b][0x1e]E[0xffffff8b]9[0xffffff8f][0x18]-4[0xffffff95][0x18]-[0xffffffe6]l"[0xffffffb4][0xffffffe8]4-z2-[0xffffffa4]FqZ[0xffffff98]V[0xffffffc5]i!%[0xffffff8b][0xffffffd2][0xffffffa2][0xffffffc7][0xffffffd0][0xffffffa2][0xffffffff][0x7][0xffffffb4][0xffffffd8][0xffffffe2]>[0xffffffb6][0xffffffd8][0x2][0xffffffbe][0xffffffb6][0xffffffd8]">[0xffffffb7][0xffffffd8][0xfffffff4]O[0xffffff81][0xffffffa5]Q[0xffffffdf][0xffffffc0][0xf].[0xffffffb6][0xffffffac]/.4[0xffffff94][0xffffff94]0\4)bh@[0x9]c[0xffffffcc]1[0xffffffad]G[0xffffffc6][0x1c][0xffffffd6],e[0xffffff98]B[0xffffffa5][0xffffff99]a[0xfffffffb][0xffffff95]v[0xffffff86][0xffffffa9][[0x12][0x1a][0xffffffd2][0xffffffbe][0xffffff9c]4[0xffffffa4][0xffffff8c][0xffffffff][0xffffff86][0x1a][0xfffffff7][0xfffffffb]_9[0xffffffcc][0xffffffda]f?[0xffffffb7]Q[0xe][0xffffff8d]_[0xffffffcf]C1[0xffffffe3][0xffffffb7]'[0xffffffc0][0xffffff90]1=C11~[0xfffffffb][0xfffffff5]b`[0xfffffffc][0xfffffffb][0xffffff97]a^<F[0xffffffb1][0x18][0x17][0x7f][0x8]d1-[0x1e]cY[0x8][0xffffff8b][0xffffff87]p[0xffffff96][0xffffffb1][0xffffffe2]![0xffffffa2][0x11][0xffffffa8]x.O[0xffffff88][0x14][0x7f][0xffffffea]R[0x8][0x14][0xffffffcf][0xffffffd5][\n]"
14:55:25.551 [main] DEBUG org.apache.hc.client5.http.wire - http-outgoing-1 << "p[0xffffffe2][0xffffffa9]i[0xffffffcb]1[0xfffffff1]T[0xffffffbc]K[0xffffff94][0xffffffd8][0xffffffc3]([0xffffffb1][0xffffffe3][0xffffff94][0xffffffd8][0x3]([0xffffffb1][0xffffffa3][0xffffff94][0xffffffd8]1J[0xffffffec]I[0xffffff94][0xffffff98][0xffffffa3]HQB[0x3]IQb[0xffffff8e]%A[0xffffff89][0x1d][0xffffffa6][0xffffffc4][0x1e]L[0x9])O[0xffffff9a][0x12][0xffffffa6]KiJH[0xffffffb5][0xffffff92][0xffffff94][0xffffffd8]S([0xffffffb1][0x7f][0xffffff9b][0x12][0xffffffa7]{+q[0xffffffdf];E[0xffffff89][0x13][0x7f]+q[0x6][0xffffffbc][0xffffff95]8[0xffffff95][0xffffffce][0xffffff85][0x1]?[0xffffffb1][0xffffffb7][0x12]g[0xffffffd2][[0x9][0xffffff8d]"C[0x9][0x17]H[0xffffff86][0x12][0x1a][0xffffffcb]zJ[0xffffffcc][0xffffffe1][0xffffffac][0xffffffa6][0xffffffc4][0x1c][0xffffffd1]$J[0xffffff98][0xfffffff2]d)a[0xffffffbb][0xffffff94][0xffffffa5][0xffffff84][0xffffffa9]V[0xffffff8e][0x12][0xffffffd2][0xffffffb4][0x14]%[0xffffffa4]x[0xffffffff][0xffffff9e][0x12][0xffffffc7][0xffffffad][0xffffff94][0x18][0xffffffdb][0xfffffffe][0xffffffa2]([0xfffffff1][0xfffffff9]<,%[0xffffffbe][0xffffff9e][0x0][0xffffffa6][0xffffffc4][0xffffffcf]g@([0xfffffff1][0xfffffff5][0xffffffeb][0x8]%[0xfffffffe][0xfffffff9][0xffffffe5][0x8]J[0xffffff98]("[0xffffff94][0xffffffb0][0xffffff81]D(abYN[0x9][0x9]g1%$[0xffffffa2]A[0xffffff94]p[0xffffffe5][0xffffff89]R[0xffffffc2]w)J[0x9]W[0xffffffad][0x18]%[0xffffffb4]i!Jh[0xfffffff1].P[0xffffffa2]9J[0xffffff9c]W[0xffffffa7]([0xffffffd1]pJ[0xffffffb4][0x0]J4[0xffffffcd]{a[0xffffffc0][0x1b]F[0xffffff89][0xffffff96]D[0x9][0xffffff8d]"C[0x9][0x17]H[0xffffff86][0x12][0x1a][0xffffffcb]zJ[0xffffffcc][0xffffffe1][0xffffffac][0xffffffa6][0xffffffc4][0x1c][0xffffffd1]$J[0xffffff98][0xfffffff2]d)a[0xffffffbb][0xffffff94][0xffffffa5][0xffffff84][0xffffffa9]V[0xffffff8e][0x12][0xffffffd2][0xffffffb4][0x14]%[0xffffffa4]x[0xffffff97](![0xffffffdf]J[0xffffffc0][0xffffff94][0xffffff80][0xffffffbf][0xffffff95][0xfffffff8]z[0x2][0xffffff9e][0x12][0xffffffe0][0xffffffb7][0x12]_[0xffffffbf]NQ"[0xffffffe7][[0x9][0x13]E[0xffffff8a][0x12]![0xffffffdf]J[0xffffff98]X[0x12][0xffffff94]@[0xffffffbf][0xffffff95][0xffffff90][0xffffff88]fQ"[0xffffffeb][[0x9][0xffffffdf][0xffffffa5]4%r[0xffffffbe][0xffffff95][0xffffffd0][0xffffffa6][0xffffffe5]([0xfffffff1][0xffffffed]o%[0xffffff8e][0xffffffee][0xffffffde]J[0xfffffff4][0xffffffad]Q[0xffffff94][0xffffffe8][0xfffffff8][[0xffffff89][0x1e][0xfffffff0]V[0xffffffa2]+[0xffffff9d][0xb][0x3][0xffffffde][0xffffffb1][0xffffffb7][0x12]=[0xffffffe9][0xffffffad][0xffffff84]F[0xffffff91][0xffffffa1][0xffffff84][0xb]$C[0x9][0xffffff8d]e=%[0xffffffe6]pVSb[0xffffff8e]h[0x12]%Ly[0xffffffb2][0xffffff94][0xffffffb0]][0xffffffca]R[0xffffffc2]T+G[0x9]iZ[0xffffff8a][0x12]R[0xffffffbc]K[0xffffff94]0o%PJ[0xffffffd0]o%z[0xffffffc0][[0xffffff89][0xffffffae]t.[\r]8[0xfffffff5]V[0xffffffa2]'[0xffffffbd][0xffffff95][0xffffffd0](R[0xffffff94]Hy+[0xffffffa1][0xffffffb1]$([0xffffffc1][0xffffffbe][0xffffff95][0xffffff98]#"
14:55:25.553 [main] DEBUG org.apache.hc.client5.http.wire - http-outgoing-1 << "[0xffffff9a]E[0xffffff89][0xffffffb0][0xffffffb7][0x12][0xffffffb6]KiJ[0x4][0xffffffbd][0xffffff95][0xffffff90][0xffffffa6][0xffffffe5]([0xfffffff1][0xfffffffd][0xffffffb7][0x12][0xffffffc3][0xffffffbc][0xffffff95][0xffffffd8][0xffffffb7][0xffffffaf]{>[0x10]J[0xc][0xfffffffc][0xffffffad][0xffffffc4][0x8]x+1[0xffffff94][0xffffffce][0xffffff85][0x1][0x1f][0xffffffd8][[0xffffff89][0xffffff91][0xfffffff4]VB[0xffffffa3][0xffffffc8]P[0xffffffc2][0x5][0xffffff92][0xffffffa1][0xffffff84][0xffffffc6][0xffffffb2][0xffffff9e][0x12]s8[0xffffffab])1G4[0xffffff89][0x12][0xffffffa6]<YJ[0xffffffd8].e)a[0xffffffaa][0xffffff95][0xffffffa3][0xffffff84]4-E[0x9])[0xffffffde][0xffffffbf][0xffffffa7][0xffffffc4][0xfffffff9]r[0xffffff94]8:u[0xffffff82][0xffffffe3][0xfffffff3]yXJ|=[0x1]L[0xffffff89][0xffffff9f][0xffffffcf][0xffffff80]P[0xffffffe2][0xffffffeb][0xffffffd7][0x11]J[0xfffffffc][0xfffffff3][0xffffffcb][0x11][0xffffff94]0QD(a[0x3][0xffffff89]P[0xffffffc2][0xffffffc4][0xffffffb2][0xffffff9c][0x12][0x12][0xffffffce]bJHD[0xffffff83]([0xffffffe1][0xffffffca][0x13][0xffffffa5][0xffffff84][0xffffffef]R[0xffffff94][0x12][0xffffffae]Z1Jh[0xffffffd3]B[0xffffff94][0xffffffd0][0xffffffe2]][0xffffffa0][0xffffffc4][0xffffffe6]([0xffffffd1].[0xffffffea][0xf][0x1c][0xffffff9f][0xffffffcf][0x3]Sb[0xb][0xffffffa0][0xffffffc4][0xffffffa6]y/[0xc][0xfffffff8][0xffffff86]QbK[0xffffffa2][0xffffff84]F[0xffffff91][0xffffffa1][0xffffff84][0xb]$C[0x9][0xffffff8d]e=%[0xffffffe6]pVSb[0xffffff8e]h[0x12]%Ly[0xffffffb2][0xffffff94][0xffffffb0]][0xffffffca]R[0xffffffc2]T+G[0x9]iZ[0xffffff8a][0x12]R[0xffffffbc][0xb][0xffffff94][0xffffffd8][0x1d]%[0xffffffc6]uQ[0xffffff94][0xffffffd8]qJ[0xffffffec][0x1][0xffffff94][0xffffffd8]5[0xffffffef][0xffffff85][0x1][0xffffffdf]1J[0xffffffec]I[0xffffff94][0xffffffd0](2[0xffffff94]p[0xffffff81]d([0xffffffa1][0xffffffb1][0xffffffac][0xffffffa7][0xffffffc4][0x1c][0xffffffce]jJ[0xffffffcc][0x11]M[0xffffffa2][0xffffff84])O[0xffffff96][0x12][0xffffffb6]KYJ[0xffffff98]j[0xffffffe5](!MKQB[0xffffff8a]w[0xffffff81][0x12][0xffffffe6][0xe][0xffffff8e]q[0x1c][0xfffffffb]IQ[0x2][0xffffffbf][0xffffff83][0xffffffe3][0xc][0xffffffb8][0xffffff83][0xffffffe3]4C[0xfffffff1][0xffffff85][0x1][0xffffffc7][0xffffffee][0xffffffe0]8e[\n]"
14:55:25.553 [main] DEBUG org.apache.hc.client5.http.wire - http-outgoing-1 << "[0xffffff9e][0xffffffa4]D[0xffffffc8][0x1d][0x1c]6[0xffffff90][0xc]%[0x2][0xffffffee][0xffffffe0][0xffffff90]pVS"[0xfffffff8][0xe][0xe]W[0xffffff9e],%[0xfffffff2][0xffffffee][0xffffffe0]p[0xffffffd5][0xffffffca]Q"[0xffffffe5][0xe][0xe]-[0xffffffde][0x5]J[0xffffff98][0xffffffe1][0xffffffec][0xf]J[0xffffff8c][0xffffff9b][0xffffffa2][0x4]>[0xffffff9c]}[0x6][0xc]g[0xffffff9f]f[0xffffffdd][0xffffffb5]0[0xffffffe0][0xffffffd8]p[0xfffffff6])[0xfffffffb][0xffffffad]$%B[0xffffff86][0xffffffb3]m [0x19]J[0x4][0xc]gK8[0xffffffab])[0x11]<[0xffffff9c][0xffffffed][0xffffffca][0xffffff93][0xffffffa5]D[0xffffffde]p[0xffffffb6][0xffffffab]V[0xffffff8e][0x12])[0xffffffc3][0xffffffd9]Z[0xffffffbc][0xb][0xffffff94][0xffffffb8][0x1c]%[0xffffffce][0xffffffa3][0xfffffffe][\n]"
14:55:25.553 [main] DEBUG org.apache.hc.client5.http.wire - http-outgoing-1 << "[0xfffffff2]_[0xffffffcf][0x3]S[0xffffffe2][\n]"
14:55:25.553 [main] DEBUG org.apache.hc.client5.http.wire - http-outgoing-1 << "[0xffffffa0][0xffffffc4][0xffffffa5]y/[0xc][0xfffffff8][0xffffff85]Q[0xffffffe2]J[0xffffffa2][0xffffff84]F[0xffffff91][0xffffffa1][0xffffff84][0xb]$C[0x9][0xffffff8d]e=%[0xffffffe6]pVSb[0xffffff8e]h[0x12]%Ly[0xffffffb2][0xffffff94][0xffffffb0]][0xffffffca]R[0xffffffc2]T+G[0x9]iZ[0xffffff8a][0x12]R[0xffffffbc][0xb][0xffffff94][0xffffffb8]-%[0x1a]u[0x18][0xfffffff4][0xfffffff3]y`J[0xffffffdc][0x1][0xffffff94][0xffffffb8]5[0xffffffef][0xffffff85][0x1][0xffffffbf]1J[0xffffffdc]I[0xffffff94][0xffffffd0](2[0xffffff94]p[0xffffff81]d([0xffffffa1][0xffffffb1][0xffffffac][0xffffffa7][0xffffffc4][0x1c][0xffffffce]jJ[0xffffffcc][0x11]M[0xffffffa2][0xffffff84])O[0xffffff96][0x12][0xffffffb6]KYJ[0xffffff98]j[0xffffffe5](!MKQB[0xffffff8a]w[0xffffff81][0x12][0xffffffee][0xe][0xffffff8e][0xffffffe3][0x1c][0x18]%[0xfffffff0];8[0xffffffce][0xffffff80];8N3[0x14]_[0x18]p[0xffffffec][0xe][0xffffff8e]S[0xffffffa6][0xffffffe0]IJ[0xffffff84][0xffffffdc][0xffffffc1]a[0x3][0xffffffc9]P"[0xffffffe0][0xe][0xe][0x9]g5%[0xffffff82][0xffffffef][0xffffffe0]p[0xffffffe5][0xffffffc9]R"[0xffffffef][0xe][0xe]W[0xffffffad][0x1c]%R[0xffffffee][0xffffffe0][0xffffffd0][0xffffffe2]][0xffffffa0][0xffffff84][0x1b][0xffffffce]>[0xffffffee]mP[0xffffff94][0xffffffc0][0xffffff87][0xffffffb3][0xffffffcf][0xffffff80][0xffffffe1][0xffffffec][0xffffffd3][0xffffffac][0xffffffbb][0x16][0x6][0x1c][0x1b][0xffffffce]>e[0xffffffbf][0xffffff95][0xffffffa4]D[0xffffffc8]p[0xffffffb6][\r]$C[0xffffff89][0xffffff80][0xffffffe1]l[0x9]g5%[0xffffff82][0xffffff87][0xffffffb3]]y[0xffffffb2][0xffffff94][0xffffffc8][0x1b][0xffffffce]v[0xffffffd5][0xffffffca]Q"e8[[0xffffff8b]w[0xffffff81][0x12]n[0xffffffed][0xfffffff2][0xffffffe8][0x1d][0xfffffffb][0xffffffec][0x12]_[0xffffffbb]<[0x3][0xffffffd6].O3[0xffffffc9]V[0x18]pl[0xffffffed][0xfffffff2][0xffffff94][0xffffffd1]5[0xffffff92][0x12]!k[0xffffff97]6[0xffffff90][0xc]%[0x2][0xffffffd6].%[0xffffff9c][0xffffffd5][0xffffff94][0x8]^[0xffffffbb]t[0xffffffe5][0xffffffc9]R"o[0xffffffed][0xffffffd2]U+G[0xffffff89][0xffffff94][0xffffffb5]K-[0xffffffde][0xffffffbf][0xffffffa7][0xffffffc4]u[0x1b]J\[0xffffffbd]S[0x13]U[0xffffff9f][0xffffffcf][0xffffffc3]R[0xffffffe2][0xffffffeb][0x9]`J[0xfffffffc]|[0x6][0xffffff84][0x12]_[0xffffffbf][0xffffff8e]P[0xffffffe2][0xffffff9f]_[0xffffff8e][0xffffffa0][0xffffff84][0xffffff89]"B[0x9][0x1b]H[0xffffff84][0x12]&[0xffffff96][0xffffffe5][0xffffff94][0xffffff90]p[0x16]SB"[0x1a]D[0x9]W[0xffffff9e](%|[0xffffff97][0xffffffa2][0xffffff94]p[0xffffffd5][0xffffff8a]QB[0xffffff9b][0x16][0xffffffa2][0xffffff84][0x16][0xffffffef][0x2]%[0xffffffdc][0xffffffb7][0x12][0xfffffff7][0xffffffeb][0xffffffa0][0xffffffbe][0xffffff95][0xffffffb8][0xfffffff0]o%[0xffffffae][0xffffff80]o%.[0xfffffff3][0x7][0xffffffbd][0xffffffc2][0xffffff80]c[0xffffffdf]J\[0xfffffff2]';[0xffffff92][0x12]![0xffffffdf]J[0xffffffd8]@2[0xffffff94][0x8][0xfffffff8]VB[0xffffffc2]YM[0xffffff89][0xffffffe0]o%\y[0xffffffb2][0xffffff94][0xffffffc8][0xfffffffb]V[0xffffffc2]U+G[0xffffff89][0xffffff94]o%[0xffffffb4]x[0x17]([0xffffffe1][0xffffffbe][0xffffff95][0xfffffff8][0xfffffff8][0xffffffdf][0xffffffd4][0xffffffb7][0x12][0x17][0xfffffffe][0xffffffad][0xffffffc4][0x15][0xfffffff0][0xffffffad][0xffffffc4]e[0xfffffffe][0xffffffa0]W[0x18]p[0xffffffec][[0xffffff89]K[0xfffffffe]dGR"[0xffffffe4][[0x9][0x1b]H[0xffffff86][0x12][0x1][0xffffffdf]JH8[0xffffffab])[0x11][0xfffffffc][0xffffffad][0xffffff84]+O[0xffffff96][0x12]y[0xffffffdf]J[0xffffffb8]j[0xffffffe5]([0xffffff91][0xfffffff2][0xffffffad][0xffffff84][0x16][0xffffffef][0xffffffdf]S[0xffffffe2]v[0xffffffd7]y[0xffffffdd]W[0xffffffa7][0xffffff86][0xffffffb3]o[0xfffffffc]:[0xffffffaf];[0xffffffe0]:[0xffffffaf][0xffffffdb][0xffffffdc]9S[0x17][0xfffffff0][0x1b][0xffffffbb][0xffffffce][0xffffffeb][0xffffff96][e@J[0xffffff98]("[0xffffff94][0xffffffb0][0xffffff81]D(abYN[0x9][0x9]g1%$[0xffffffa2]A[0xffffff94]p[0xffffffe5][0xffffff89]R[0xffffffc2]w)J[0x9]W[0xffffffad][0x18]%[0xffffffb4]i!Jh[0xfffffff1].P[0xffffffc2]][0xffffffe7]u[0xffffffdf][0xffffffd8]p[0xfffffff6][0xffffff8d]_[0xffffffe7]u[0x7]\[0xffffffe7]u[0xffffff9b];g[\n]"
14:55:25.553 [main] DEBUG org.apache.hc.client5.http.wire - http-outgoing-1 << "[0x3][0xffffff8e]][0xffffffe7]u[0xffffffcb][0xffffffad]2$%B[0xffffffae][0xfffffff3][0xffffffb2][0xffffff81]d([0x11]p[0xffffff9d][0xffffff97][0xffffff84][0xffffffb3][0xffffff9a][0x12][0xffffffc1][0xffffffd7]y[0xffffffb9][0xfffffff2]d)[0xffffff91]w[0xffffff9d][0xffffff97][0xffffffab]V[0xffffff8e][0x12])[0xffffffd7]yi[0xfffffff1].P[0xffffffc2]][0xffffffe7]u[0xffffffdf]m[0xffffffa7]([0xffffff81]_[0xffffffe7]u[0x7]\[0xffffffe7]u[0xffffff9b];g[\n]"
14:55:25.554 [main] DEBUG org.apache.hc.client5.http.wire - http-outgoing-1 << "[0x3][0xffffff8e]][0xffffffe7]u[0xffffffcb][0xffffffad]2$%B[0xffffffae][0xfffffff3][0xffffffb2][0xffffff81]d([0x11]p[0xffffff9d][0xffffff97][0xffffff84][0xffffffb3][0xffffff9a][0x12][0xffffffc1][0xffffffd7]y[0xffffffb9][0xfffffff2]d)[0xffffff91]w[0xffffff9d][0xffffff97][0xffffffab]V[0xffffff8e][0x12])[0xffffffd7]yi[0xfffffff1].P[0xffffffc2]][0xffffffe7]u[0xffffffb7][0xffffff86][0xfffffffd][0xffffff81][0x3][0xffffffbf][0xffffffce][0xffffffeb][0xe][0xffffffb8][0xffffffce][0xffffffeb]6w[0xffffffce][0x14][0x6][0x1c][0xffffffbb][0xffffffce][0xffffffeb][0xffffff96][eHJ[0xffffff84]\[0xffffffe7]e[0x3][0xffffffc9]P"[0xffffffe0]:/[0x9]g5%[0xffffff82][0xffffffaf][0xfffffff3]r[0xffffffe5][0xffffffc9]R"[0xffffffef]:/W[0xffffffad][0x1c]%R[0xffffffae][0xfffffff3][0xffffffd2][0xffffffe2]][0xffffffa0][0xffffff84][0xffffffbb][0xffffffce][0xffffffab][0xffffffed][0x7]F[0x9][0xfffffffc]:[0xffffffaf];[0xffffffe0]:[0xffffffaf][0xffffffdb][0xffffffdc]9S[0x18]p[0xffffffec]:[0xffffffaf][n[0xffffff95]!)[0x11]r[0xffffff9d][0xffffff97][\r]$C[0xffffff89][0xffffff80][0xffffffeb][0xffffffbc]$[0xffffff9c][0xffffffd5][0xffffff94][0x8][0xffffffbe][0xffffffce][0xffffffcb][0xffffff95]'K[0xffffff89][0xffffffbc][0xffffffeb][0xffffffbc]\[0xffffffb5]r[0xffffff94]H[0xffffffb9][0xffffffce]K[0xffffff8b]w[0xffffff81][0x12][0xffffffee]:[0xffffffaf]vr[0xffffff94][0xffffffc0][0xffffffaf][0xfffffff3][0xffffffba][0x3][0xffffffae][0xfffffff3][0xffffffba][0xffffffcd][0xffffff9d]3[0xffffff85][0x1][0xffffffc7][0xffffffae][0xfffffff3][0xffffffba][0xffffffe5]V[0x19][0xffffff92][0x12]![0xffffffd7]y[0xffffffd9]@2[0xffffff94][0x8][0xffffffb8][0xffffffce]K[0xffffffc2]YM[0xffffff89][0xffffffe0][0xffffffeb][0xffffffbc]\y[0xffffffb2][0xffffff94][0xffffffc8][0xffffffbb][0xffffffce][0xffffffcb]U+G[0xffffff89]"
14:55:25.555 [main] DEBUG org.apache.hc.client5.http.wire - http-outgoing-1 << "[0xffffff94][0xffffffeb][0xffffffbc][0xffffffb4]x[0xffffff97]([0xffffffb1][0xffffff87]Qb[0xffffffc7])[0xffffffb1][0x7]PbG)[0xffffffb1]c[0xffffff94][0xffffffd8][0xffffff93](1G[0xffffff91][0xffffffa2][0xffffff84][0x6][0xffffff92][0xffffffa2][0xffffffc4][0x1c]K[0xffffff82][0x12];L[0xffffff89]=[0xffffff98][0x12]R[0xffffff9e]4%L[0xffffff97][0xffffffd2][0xffffff94][0xffffff90]j%)[0xffffffb1][0xffffffa7]Pb[0xffffffff]6%n[0xfffffff7]V[0xffffffa2][0x7f]=&B[0xffffff89][0x1b][0x7f]+q[0x7][0xffffffbc][0xffffff95][0xffffffb8][0xffffff95][0xffffffce][0xffffff85][0x1][0xffffffbf][0xffffffb1][0xffffffb7][0x12]w[0xffffffd2][[0x9][0xffffff8d]"C[0x9][0x17]H[0xffffff86][0x12][0x1a][0xffffffcb]zJ[0xffffffcc][0xffffffe1][0xffffffac][0xffffffa6][0xffffffc4][0x1c][0xffffffd1]$J[0xffffff98][0xfffffff2]d)a[0xffffffbb][0xffffff94][0xffffffa5][0xffffff84][0xffffffa9]V[0xffffff8e][0x12][0xffffffd2][0xffffffb4][0x14]%[0xffffffa4]x[0x17]([0xffffffe1][0xffffffd6].[0xfffffffb][0xffffffeb][0xffffffc4]Np[0xffffffe0]k[0xffffff97]w[0xffffffc0][0xffffffda][0xffffffe5]m&[0xffffffd9][\n]"
14:55:25.555 [main] DEBUG org.apache.hc.client5.http.wire - http-outgoing-1 << "[0x3][0xffffff8e][0xffffffad]][0xffffffde]2[0xffffffba]FR"d[0xffffffed][0xffffffd2][0x6][0xffffff92][0xffffffa1]D[0xffffffc0][0xffffffda][0xffffffa5][0xffffff84][0xffffffb3][0xffffff9a][0x12][0xffffffc1]k[0xffffff97][0xffffffae]<YJ[0xffffffe4][0xffffffad]][0xffffffba]j[0xffffffe5]([0xffffff91][0xffffffb2]v[0xffffffa9][0xffffffc5][0xffffffbb]D[0x9][0xfffffffd][0x3][0x7]K[0x9][0xfffffffa][0xf][0x1c]-[0xffffffe0][0xf][0x1c]M[0xffffffdf][0xffffffc2][0xffffff95][0x6][0xffffff9c][0xfffffffa][0x3]GK[0xfffffffa][0x3][0xffffff87]F[0xffffff91][0xffffffa2]D[0xffffffca][0x1f]84[0xffffff96][0x4]%[0xffffffd8]?p[0xffffffcc][0x11][0xffffffcd][0xffffffa2]D[0xffffffd8][0x1f]8l[0xffffff97][0xffffffd2][0xffffff94][0x8][0xfffffffa][0x3][0xffffff87]4-G[0xffffff89][0xffffffef][0xffffffff][0xffffff81][0xffffffc3][\r]g[0xfffffff7][0xfffffff3][0xffffffa0]n[0x6][0xffffffbd][0xfffffff1][0xffffffe1][0xffffffec];`8[0xfffffffb]6[0xffffffeb][0xffffffae][0xffffff85][0x1][0xffffffc7][0xffffff86][0xffffffb3]o[0xffffffd9]o%)[0x11]2[0xffffff9c]m[0x3][0xffffffc9]P"`8[[0xffffffc2]YM[0xffffff89][0xffffffe0][0xffffffe1]lW[0xffffff9e],%[0xfffffff2][0xffffff86][0xffffffb3]][0xffffffb5]r[0xffffff94]H[0x19][0xffffffce][0xffffffd6][0xffffffe2]][0xffffffa2][0xffffff84]y+[0xffffff81]R[0xffffff82]~+[0xffffffd1][0x3][0xffffffde]Jt[0xffffffa5]si[0xffffffc0][0xffffffa9][0xffffffb7][0x12]=[0xffffffe9][0xffffffad][0xffffff84]F[0xffffff91][0xffffffa2]D[0xffffffca][[0x9][0xffffff8d]%A[0x9][0xfffffff6][0xffffffad][0xffffffc4][0x1c][0xffffffd1],J[0xffffff84][0xffffffbd][0xffffff95][0xffffffb0]]JS"[0xffffffe8][0xffffffad][0xffffff84]4-G[0xffffff89][0xffffffef][0xffffffbf][0xffffff95][0x18][0xffffffee][0xffffffad][0xffffffc4]uw[0xffffff8a][0x12][0x3][0x7f]+1[0xffffff9c][0xffffffa4][0xffffff8b][0xfffffff3]>[0xffffff94][0xffffffce][0xffffff85][0x1][0x1f][0xffffffd8][[0xffffff89][0xffffff91][0xfffffff4]VB[0xffffffa3][0xffffffc8]P[0xffffffc2][0x5][0xffffff92][0xffffffa1][0xffffff84][0xffffffc6][0xffffffb2][0xffffff9e][0x12]s8[0xffffffab])1G4[0xffffff89][0x12][0xffffffa6]<YJ[0xffffffd8].e)a[0xffffffaa][0xffffff95][0xffffffa3][0xffffff84]4-E[0x9])[0xffffffde]%J[0xffffff98][0xffffffb7][0x12](%[0xffffffe8][0xffffffb7][0x12]#[0xffffffe0][0xffffffad][0xffffffc4]P:[0xffffff97][0x6][0xffffff9c]z+1[0xffffff92][0xffffffde]Jh[0x14])J[0xffffffa4][0xffffffbc][0xffffff95][0xffffffd0]X[0x12][0xffffff94]`[0xffffffdf]J[0xffffffcc][0x11][0xffffffcd][0xffffffa2]D[0xffffffd8][[0x9][0xffffffdb][0xffffffa5]4%[0xffffff82][0xffffffde]JH[0xffffffd3]r[0xffffff94][0xfffffff8][0xfffffff6][[0xffffff89][0xffffffe6]n[0x6][0x1d][0xffffffaf][0xfffffffd][0x5]Q[0xffffffa2][0xffffffe1]7[0xffffff83][0xffffffb6][0xffffff80][0xffffff9b]A[0xffffff9b][0xffffffb9][0xffffffbe][0xffffffae].[0xffffffe0][\r][0xffffffbb][0x19][0xffffffb4][0xffffffc9][0x5]u %L[0x14][0x11]J[0xffffffd8]@"[0xffffff94]0[0xffffffb1],[0xffffffa7][0xffffff84][0xffffff84][0xffffffb3][0xffffff98][0x12][0x12][0xffffffd1] J[0xffffffb8][0xfffffff2]D)[0xffffffe1][0xffffffbb][0x14][0xffffffa5][0xffffff84][0xffffffab]V[0xffffff8c][0x12][0xffffffda][0xffffffb4][0x10]%[0xffffffb4]x[0x17]([0xffffffe1]n[0x6][0x1d][0xffffffdb]6(J[0xffffffe0]7[0xffffff83][0xffffffb6][0xffffff80][0xffffff9b]A[0xffffff9b][0xffffffb9][0xffffffbe][0xffffffae]0[0xffffffe0][0xffffffd8][0xffffffcd][0xffffffa0]M.[0xffffffa8]#)[0x11]r3[0xffffffa8][\r]$C[0xffffff89][0xffffff80][0xffffff9b]A%[0xffffff9c][0xffffffd5][0xffffff94][0x8][0xffffffbe][0x19][0xffffffd4][0xffffff95]'K[0xffffff89][0xffffffbc][0xffffff9b]A][0xffffffb5]r[0xffffff94]H[0xffffffb9][0x19]T[0xffffff8b]w[0xffffff81][0x12][0xffffffee]f[0xffffffd0][0xfffffff1][0xfffffff1][0xffffffff])J[0xffffffe0]7[0xffffff83][0xffffffb6][0xffffff80][0xffffff9b]A[0xffffff9b][0xffffffb9][0xffffffbe][0xffffffae]0[0xffffffe0][0xffffffd8][0xffffffcd][0xffffffa0]M.[0xffffffa8]#)[0x11]r3[0xffffffa8][\r]$C[0xffffff89][0xffffff80][0xffffff9b]A%[0xffffff9c][0xffffffd5][0xffffff94][0x8][0xffffffbe][0x19][0xffffffd4][0xffffff95]'K[0xffffff89][0xffffffbc][0xffffff9b]A][0xffffffb5]r[0xffffff94]H[0xffffffb9][0x19]T[0xffffff8b]w[0xffffff81][0x12][0xffffffee]f[0xffffffd0][0xffffffd1][0xffffffb8][0xffffffb7][0x12][0xfffffff8][0xffffffcd][0xffffffa0]-[0xffffffe0]f[0xffffffd0]f[0xffffffae][0xffffffaf]+[0xc]8v3h[0xffffff93][0xb][0xffffffea]HJ[0xffffff84][0xffffffdc][0xc]j[0x3][0xffffffc9]P"[0xffffffe0]fP[0x9]g5%[0xffffff82]o[0x6]u[0xffffffe5][0xffffffc9]R"[0xffffffef]fPW[0xffffffad][0x1c]%Rn[0x6][0xffffffd5][0xffffffe2]][0xffffffa0][0xffffff84][0xffffffbb][0x19]t[0xffffffb4][0xffffff86]Q[0x2][0xffffffbf][0x19][0xffffffb4][0x5][0xffffffdc][0xc][0xffffffda][0xffffffcc][0xfffffff5]u[0xffffff85][0x1][0xffffffc7]n[0x6]mrA[0x1d]I[0xffffff89][0xffffff90][0xffffff9b]Am [0x19]J[0x4][0xffffffdc][0xc]*[0xffffffe1][0xffffffac][0xffffffa6]D[0xfffffff0][0xffffffcd][0xffffffa0][0xffffffae]<YJ[0xffffffe4][0xffffffdd][0xc][0xffffffea][0xffffffaa][0xffffff95][0xffffffa3]D[0xffffffca][0xffffffcd][0xffffffa0]Z[0xffffffbc][0xb][0xffffff94]p7[0xffffff83][0xffffff8e][0xfffffffe]:(J[0xffffffe0]7[0xffffff83][0xffffffb6][0xffffff80][0xffffff9b]A[0xffffff9b][0xffffffb9][0xffffffbe][0xffffffae]0[0xffffffe0][0xffffffd8][0xffffffcd][0xffffffa0]M.[0xffffffa8]#)[0x11]r3[0xffffffa8][\r]$C[0xffffff89][0xffffff80][0xffffff9b]A%[0xffffff9c][0xffffffd5][0xffffff94][0x8][0xffffffbe][0x19][0xffffffd4][0xffffff95]'K[0xffffff89][0xffffffbc][0xffffff9b]A][0xffffffb5]r[0xffffff94]H[0xffffffb9][0x19]T[0xffffff8b]w[0xffffff81][0x12][0xffffffee][0xe][0xffffff8e][0xf]K`o%[0xfffffff0];8Z[0xffffffc0][0x1d][0x1c][0xffffffcd][0xc][0xffffffc5][0x17][0x6][0x1c][0xffffffbb][0xffffff83][0xffffffa3][0xffffffc9][0x14]<I[0xffffff89][0xffffff90];8l [0x19]J[0x4][0xffffffdc][0xffffffc1]![0xffffffe1][0xffffffac][0xffffffa6]D[0xfffffff0][0x1d][0x1c][0xffffffae]<YJ[0xffffffe4][0xffffffdd][0xffffffc1][0xffffffe1][0xffffffaa][0xffffff95][0xffffffa3]D[0xffffffca][0x1d][0x1c]Z[0xffffffbc]K[0xffffff94]8[0xffffffc2](q[0xffffffe0][0xffffff94]8[0x2](q[0xffffffa0][0xffffff94]80J[0x1c]I[0xffffff94][0xffffff98][0xffffffa3]HQB[0x3]IQb[0xffffff8e]%A[0xffffff89][0x3][0xffffffa6][0xffffffc4][0x11]L[0x9])O[0xffffff9a][0x12][0xffffffa6]KiJH[0xffffffb5][0xffffff92][0xffffff94]8R(q|[0xffffff9b][0x12]z[0x7][0xffffffc7][0xfffffff1]z[0x1d][0x1b][0xfffffff6][0x7][0xe][0xfffffffc][0xe][0xffffff8e][0x16]p[0x7]G3C[0xfffffff1][0xffffff85][0x1][0xffffffc7][0xffffffee][0xffffffe0]h2[0x5]OR"[0xffffffe4][0xe][0xe][0x1b]H[0xffffff86][0x12][0x1]wpH8[0xffffffab])[0x11]|[0x7][0xffffff87]+O[0xffffff96][0x12]ywp[0xffffffb8]j[0xffffffe5]([0xffffff91]r[0x7][0xffffff87][0x16][0xffffffef][0x12]%[0xffffffe6][0xffffffb5]K[0xffffff9a][0x12][0xfffffff0][0xffffffda]e[0xb][0xffffffb8][0xffffff83][0xffffffa3][0xffffff99][0xffffffa1][0xfffffff8][0xffffffd2][0xffffff80]Ck[0xffffff97]M[0xffffffa6][0xffffffe0]YJD[0xffffffac]][0xffffffda]@R[0xffffff94][0xffffffc0][0xffffffd7].%[0xffffff9c][0xfffffff5][0xffffff94][0xffffff88]][0xffffffbb]t[0xffffffe5]IS"m[0xffffffed][0xffffffd2]U+I[0xffffff89][0xffffff8c][0xffffffb5]K-[0xffffffde]%J[0xffffffb4]0J4[0xffffff9c][0x12]-[0xffffff80][0x12][\r][0xffffffa5]D[0xffffffc3]([0xffffffd1][0xffffff92](1G[0xffffff91][0xffffffa2][0xffffff84][0x6][0xffffff92][0xffffffa2][0xffffffc4][0x1c]K[0xffffff82][0x12][\r][0xffffffa6]D[0xb][0xffffffa6][0xffffff84][0xffffff94]'M[0x9][0xffffffd3][0xffffffa5]4%[0xffffffa4]ZIJ[0xffffffb4][0x14]J[0xffffffb4][0xffffffff][0xffffff80][0x12][[0xffffff9a]%6[0x1e][0x13][[0xffffff82]&6[0xffffff96][0x13][0x1b][0xffffffe7][0xffffff89]-[\n]"
14:55:25.556 [main] DEBUG org.apache.hc.client5.http.wire - http-outgoing-1 << "[0x14][0xffffff92]GJ[0x14]&[0xffffff95][0x14])$[0xffffff9b][0xffffff84])6[0x1a][0x15][[0xffffffb2]*[0xffffffb4]FiV[0xffffffb8]V[0xffffffa5]][0xffffffa1]%K[0xffffffc2]b[0xffffffee]\N[0x16]s[0x5]/[0xffffffd1]b[0xffffffbf][0xffffffc3]h[0xffffffb1][0xffffffdf]8->[0x1e][0xffffff81][0xffffffa7][0xffffffc5][0xffffff8f][0xffffff87][0xffffffa0]h[0xfffffff1][0xfffffff1][0xfffffff3][0x14]-[0xffffffde]?[0xffffff9d]B[0xb][0xffffffc9]#E[0xb][0xffffff93]J[0xffffff8a][0x16][0xffffff92]M[0xffffff82][0x16]SB[0xffffffeb]i1[0xffffffe5]4[0xffffff8b][0x16]Z[0xffffffa3]4-\[0xffffffab][0xffffffd2][0xffffffb4][0xffffffd0][0xffffff92]%i1w.G[0xffffff8b][0xffffffb9][0xffffff82][0xffffff97]hq[0xffffffa4][0xffffffd1][0xffffffe2][0xffffffe0]iq$[0xffffffd0][0xffffffe2]`iqp[0xffffffb4]8[0xffffffa2]h!y[0xffffffa4]haR"
14:55:25.557 [main] DEBUG org.apache.hc.client5.http.wire - http-outgoing-1 << "I[0xffffffd1]B[0xffffffb2]I[0xffffffd0][0xffffffe2][0xffffffa0]iq$[0xffffffd3]Bk[0xffffff94][0xffffffa6][0xffffff85]kU[0xffffff9a][0x16]Z[0xffffffb2]$-[0xffffffe6][0xffffffce][0xffffffe5]h1W[0xfffffff0][0x12]-[0xffffffae]+[0xffffff8c][0x16][0xffffffd7][0xffffff85][0xffffffd3][0xffffffe2][0xffffffe3][0x11]xZ[0xfffffffc]x[0x8][0xffffff8a][0x16][0x1f]?O[0xffffffd1][0xffffffe2][0xfffffffd][0xffffffd3])[0xffffffb4][0xffffff90]<R[0xffffffb4]0[0xffffffa9][0xffffffa4]h![0xffffffd9]$h1%[0xffffffb4][0xffffff9e][0x16]SN[0xffffffb3]h[0xffffffa1]5J[0xffffffd3][0xffffffc2][0xffffffb5]*M[0xb]-Y[0xffffff92][0x16]s[0xffffffe7]r[0xffffffb4][0xffffff98]+x[0xffffff89][0x16][0xfffffff7][0x16]F[0xffffff8b]{[0xffffffc3]i[0xfffffff1][0xfffffff1][0x8]<-~<[0x4]E[0xffffff8b][0xffffff8f][0xffffff9f][0xffffffa7]h[0xfffffff1][0xfffffffe][0xffffffe9][0x14]ZH[0x1e])Z[0xffffff98]TR[0xffffffb4][0xffffff90]l[0x12][0xffffffb4][0xffffff98][0x12]ZO[0xffffff8b])[0xffffffa7]Y[0xffffffb4][0xffffffd0][0x1a][0xffffffa5]i[0xffffffe1]Z[0xffffff95][0xffffffa6][0xffffff85][0xffffff96],I[0xffffff8b][0xffffffb9]s9Z[0xffffffcc][0x15][0xffffffbc]F[0xffffff8b][0xffffffb4][0xffffffd3][0xffffffa5]7[0x7f][0xffffffbc][0xfffffff4]N8_z[0xffffffb3][0x7]Lo[0xffffffee][0xffffff84][0xffffffe9][0x1d]u[0xffffffc4]T[0xfffffff2][0xffffff88][0xffffffd1]"[0xffffffe7][0xffffff90][0xffffffa9]d[0x13][0xffffffa1][0x5]}[0xffffffcc][0xfffffff4]N>g[0xffffffaa]5[0xffffff8a][0xffffffd3]"[0xfffffff0][0xffffffa4][0xffffffa9][0xffffff96],J[0xffffff8b][0xffffff98][0xffffffb3][0xffffffa6]s[0x5][0xffffffaf][0xffffffd1]b[0xffffff9e][0xffffffd3][0xffffffc4]iA[0xffffffef]i~=B[0x0]-[0xffffffc8]E[0xffffffcd][0xffffffaf][0xffffff9f][0xffffffc7]h[0x11][0xffffffb4][0xffffffa9]i[0xfffffff2][0xffffff88][0xffffffd1]"eU[0xffffffd3]d[0x13][0xffffffa1][0x5][0xffffffbb][0xffffffab])9[\r][0xffffffa3]E[0xffffffd8][0xffffffb2][0xffffffa6]oU[0xffffff9c][0x16]A[0xffffffdb][0xffffff9a][0xffffffda][0xffffffb9] -[0xfffffffe][0xffffff8b]u[0xffffffcd]-[0xffffffee][0xffffff88][0xffffffc8][0x16]pFd[0xffffff8b]8$[0xffffffb2][0xffffffe9][0x7][0xffffffcc][0xffffffa5]Q[0xffffffdf][0xffffffc0]c"[[0xffffffd6]9[0x11][\r]%%[0xc][0x17]M[0xffffff8a][0x18][0x1a]P[0xffffffc2][0x18]sL[0xffffffeb][0xffffff91]1[0xffffff87]5K[0x19][0xffffffa6]Pif[0xffffffd8]~[0xffffffa5][0xffffff9d]a[0xffffffea][0xffffff96][0xffffff84][0xffffff86][0xffffffb4]/'[\r])[0xffffffe3]Ej[0xffffffc4][\r]][0xffffffec][0x1]K[0x17]{[0xffffffc4][0xffffffd4][0xffffffc5][0xe]o][0xffffffec][0xffffffe0][0xffffffd8][0xffffffc5][0xffffff9e][0xffffffb5]v![0xffffffa1][0xffffffe4][0xffffffa8][0x11][0xffffffb4]w![0x1]e[0xffffffa8][0xffffff81]/^[0xffffffec][0xffffffd1][0xffffff93][0x17]Z[0xffffffa8]<5[0x12]G/[0xffffffb4]nYj[0xffffffe4][0xffffffcc]^[0xffffffcc]e[0xffffffbc]F[0xffffff8d][0xffffff9e][0xfffffff6]1[0xffffffc6][0xffffffc7][0x13][0xfffffff1][0xffffffd4][0xffffffe8][0x9][0xffffff9f]c[0xfffffffc][0xfffffff3][0x14][0x18]5:[0xfffffff7]A[0xffffffc6][0xffffff8f][0xffffffdf][0xffffff8e][0xffffffa1][0xffffff86][0xffffff84][0x12][0xffffffa3][0xffffff86][0xffffff89]&F[\r][0x9](B[0xffffff8d]N[0x7f][0xffffff95]1[0xffffff87]5[0xffffff8c][0x1a]Z[0xffffffa8]85\[0xffffffbf][0xffffffe2][0xffffffd4][0xffffffd0][0xffffffba]E[0xffffffa9]1[0xffffffb7]/H[0xffffff8d][0xffffffb9][0xffffff8c][0xffffffff][0xffffff86][0x1a][0xffffffed][0xffffffeb]_[0xffffffe9][0xffffff87][0xffffffb9][0xffffff9e]l[0x7f][0xffffffb5]^[0xe][0xffffff8d]_[0xffffffcf]C1[0xffffffe3][0xffffffb7]'[0xffffffc0][0xffffff90]1=C11~[0xfffffffb][0xfffffff5]b`[0xfffffffc][0xfffffffb][0xffffff97]a^<F[0xffffffb1][0x18][0x17][0x7f][0x8]d1-[0x1e]cY[0x8][0xffffff8b][0xffffff87]p[0xffffff96][0xffffffb1][0xffffffe2]![0xffffffa2][0x11][0xffffffa8]x.O[0xffffff88][0x14][0x7f][0xffffffea]R[0x8][0x14][0xffffffcf][0xffffffd5][\n]"
14:55:25.557 [main] DEBUG org.apache.hc.client5.http.wire - http-outgoing-1 << "p[0xffffffe2][0xffffffa9]i[0xffffffcb]1[0xfffffff1]T[0xffffffbc][0xb][0xffffff94]8[0x1d]%[0xffffff8e][0xffffffeb][0xffffffa4](q[0xffffffe2][0xffffff94]8[0x3](qj[0xffffffde][0xb][0x3]~b[0xffffff94]8[0xffffff93]([0xffffffa1]Qd([0xffffffe1][0x2][0xffffffc9]PBcYO[0xffffff89]9[0xffffff9c][0xffffffd5][0xffffff94][0xffffff98]#[0xffffff9a]D[0x9]S[0xffffff9e],%l[0xffffff97][0xffffffb2][0xffffff94]0[0xffffffd5][0xffffffca]QB[0xffffff9a][0xffffff96][0xffffffa2][0xffffff84][0x14][0xffffffef][0x2]%.G[0xffffff89]k[0xffffffdf](J\8%[0xffffffae][0x0]J\[0xffffff9a][0xfffffff7][0xffffffc2][0xffffff80]_[0x18]%[0xffffffae]$Jh[0x14][0x19]J[0xffffffb8]@2[0xffffff94][0xffffffd0]X[0xffffffd6]Sb[0xe]g5%[0xffffffe6][0xffffff88]&Q[0xffffffc2][0xffffff94]'K[0x9][0xffffffdb][0xffffffa5],%L[0xffffffb5]r[0xffffff94][0xffffff90][0xffffffa6][0xffffffa5](![0xffffffc5][0xffffffbb]@[0xffffff89][0xffffffdb]Qb|-t"[0xffffff94][0xffffffb8]qJ[0xffffffdc][0x1][0xffffff94][0xffffffb8]5[0xffffffef][0xffffff85][0x1][0xffffffbf]1J[0xffffffdc]I[0xffffff94][0xffffffd0](2[0xffffff94]p[0xffffff81]d([0xffffffa1][0xffffffb1][0xffffffac][0xffffffa7][0xffffffc4][0x1c][0xffffffce]jJ[0xffffffcc][0x11]M[0xffffffa2][0xffffff84])O[0xffffff96][0x12][0xffffffb6]KYJ[0xffffff98]j[0xffffffe5](!MKQB[0xffffff8a]w[0xffffff81][0x12][0xffffffcd]P[0xffffffe2][0xfffffff3]?[0xffffff8a][0x12][\r][0xffffffa7]D[0xb][0xffffffa0]D[0xffffffd3][0xffffffbc][0x17][0x6][0xffffffbc]a[0xffffff94]hI[0xffffff94][0xffffffd0](2[0xffffff94]p[0xffffff81]d([0xffffffa1][0xffffffb1][0xffffffac][0xffffffa7][0xffffffc4][0x1c][0xffffffce]jJ[0xffffffcc][0x11]M[0xffffffa2][0xffffff84])O[0xffffff96][0x12][0xffffffb6]KYJ[0xffffff98]j[0xffffffe5](!MKQB[0xffffff8a]w[0xffffff81][0x12][0xffffffdd]R[0xffffffa2][0xffffff9f][0x14]%:N[0xffffff89][0x1e]@[0xffffff89][0xffffffae]y/[0xc]x[0xffffffc7]([0xffffffd1][0xffffff93]([0xffffffa1]Qd([0xffffffe1][0x2][0xffffffc9]PBcYO[0xffffff89]9[0xffffff9c][0xffffffd5][0xffffff94][0xffffff98]#[0xffffff9a]D[0x9]S[0xffffff9e],%l[0xffffff97][0xffffffb2][0xffffff94]0[0xffffffd5][0xffffffca]QB[0xffffff9a][0xffffff96][0xffffffa2][0xffffff84][0x14][0xffffffef][0x2]%[0xffffff86][0xffffffa3][0xffffffc4][0xffffffc6][0xffffffbd][0xffffff95][0x18]8%F[0x0]%[0xffffff86][0xffffffe6][0xffffffbd]0[0xffffffe0][0x3][0xffffffa3][0xffffffc4]H[0xffffffa2][0xffffff84]F[0xffffff91][0xffffffa1][0xffffff84][0xb]$C[0x9][0xffffff8d]e=%[0xffffffe6]pVSb[0xffffff8e]h[0x12]%Ly[0xffffffb2][0xffffff94][0xffffffb0]][0xffffffca]R[0xffffffc2]T+G[0x9]iZ[0xffffff8a][0x12]R[0xffffffbc][0x7f]O[0xffffff89][0xfffffff1][0xffffffb2][0xffffff94]h[0x3][0xffffffa2][0xffffffc4][0xffffffe7][0xfffffff3][0xffffffb0][0xffffff94][0xfffffff8]z[0x2][0xffffff98][0x12]?[0xffffff9f][0x1][0xffffffa1][0xffffffc4][0xffffffd7][0xffffffaf]#[0xffffff94][0xfffffff8][0xffffffe7][0xffffff97]#(a[0xffffffa2][0xffffff88]P[0xffffffc2][0x6][0x12][0xffffffa1][0xffffff84][0xffffff89]e9%$[0xffffff9c][0xffffffc5][0xffffff94][0xffffff90][0xffffff88][0x6]Q[0xffffffc2][0xffffff95]'J[0x9][0xffffffdf][0xffffffa5](%\[0xffffffb5]b[0xffffff94][0xffffffd0][0xffffffa6][0xffffff85]([0xffffffa1][0xffffffc5][0xffffffbb]@[0xffffff89][0xffffffcd]Qb[0xffffffef][0xffffffd4][[0xffffff89][0xffffffcf][0xffffffe7][0xffffff81])[0xffffffb1][0x5]Pb[0xffffffd3][0xffffffbc][0x17][0x6]|[0xffffffc3]([0xffffffb1]%QB[0xffffffa3][0xffffffc8]P[0xffffffc2][0x5][0xffffff92][0xffffffa1][0xffffff84][0xffffffc6][0xffffffb2][0xffffff9e][0x12]s8[0xffffffab])1G4[0xffffff89][0x12][0xffffffa6]<YJ[0xffffffd8].e)a[0xffffffaa][0xffffff95][0xffffffa3][0xffffff84]4-E[0x9])[0xffffffde][0x5]J[0xffffffec][0xffffff8e][0x12][0xffffffd7][0xffffff89][0xffffffbd][0xffffff95][0xffffffd8]qJ[0xffffffec][0x1][0xffffff94][0xffffffd8]5[0xffffffef][0xffffff85][0x1][0xffffffdf]1J[0xffffffec]I[0xffffff94][0xffffffd0](2[0xffffff94]p[0xffffff81]d([0xffffffa1][0xffffffb1][0xffffffac][0xffffffa7][0xffffffc4][0x1c][0xffffffce]jJ[0xffffffcc][0x11]M[0xffffffa2][0xffffff84])O[0xffffff96][0x12][0xffffffb6]KYJ[0xffffff98]j[0xffffffe5](!MKQB[0xffffff8a]w[0xffffff81][0x12]n[0xffffffed][0xfffffff2]h[0x1b]F[0x9]|[0xffffffed]r[0x4][0xffffffac]][0xe]3[0xffffffc9]V[0x18]pl[0xffffffed]r[0xffffffc8][0xffffffe8][0x1a]I[0xffffff89][0xffffff90][0xffffffb5]K[0x1b]H[0xffffff86][0x12][0x1]k[0xffffff97][0x12][0xffffffce]jJ[0x4][0xffffffaf]][0xffffffba][0xfffffff2]d)[0xffffff91][0xffffffb7]v[0xffffffe9][0xffffffaa][0xffffff95][0xffffffa3]D[0xffffffca][0xffffffda][0xffffffa5][0x16][0xffffffef][0x12]%[0xfffffff6]0J`[0xfffffff7]s[0xfffffffc][0xfffffff6][0x4]<%[0xffffff90][0xffffffbb]9~[0xfffffffb]u[0xffffff8a][0x12][0x9][0xfffffff7]r<F[0xffffff91][0xffffffa2][0x4]~'[0xffffffc7]c,[0x9]J@[0xfffffff7]q<D4[0xffffff8b][0x12])wq[0xfffffffc][0xffffffa9]KiJ$[0xffffffdc][0xffffffc3][0xfffffff1][0xffffffd4][0xffffffb4][0x1c]%[0xffffffbe]}[0x7][0xffffffc7]p[0xffffffc3][0xffffffd9][0xffffffe7][0xfffffffe][0xffffffa2][0xffffffd6].[0x7]>[0xffffff9c]=[0x2][0xffffff86][0xffffffb3][0xffffff87]Yw-[0xc]86[0xffffff9c]=d[0xffffffbf][0xffffff95][0xffffffa4]D[0xffffffc8]p[0xffffffb6][\r]$C[0xffffff89][0xffffff80][0xffffffe1]l[0x9]g5%[0xffffff82][0xffffff87][0xffffffb3]]y[0xffffffb2][0xffffff94][0xffffffc8][0x1b][0xffffffce]v[0xffffffd5][0xffffffca]Q"e8[[0xffffff8b]w[0xffffff81][0x12]n8[0xfffffffb]<[0xffffffee]FQ[0x2][0x1f][0xffffffce][0x1e][0x1][0xffffffc3]"
14:55:25.559 [main] DEBUG org.apache.hc.client5.http.wire - http-outgoing-1 << "[0xffffffd9][0xffffffc3][0xffffffac][0xffffffbb][0x16][0x6][0x1c][0x1b][0xffffffce][0x1e][0xffffffb2][0xffffffdf]JR"d8[0xffffffdb][0x6][0xffffff92][0xffffffa1]D[0xffffffc0]p[0xffffffb6][0xffffff84][0xffffffb3][0xffffff9a][0x12][0xffffffc1][0xffffffc3][0xffffffd9][0xffffffae]<YJ[0xffffffe4][\r]g[0xffffffbb]j[0xffffffe5]([0xffffff91]2[0xffffff9c][0xffffffad][0xffffffc5][0xffffffbb]@[0x9]7[0xffffff9c]}[0xffffffb6][0xffffff9d][0x1a][0xffffffce][0x1e][0xfffffff8]p[0xfffffff6][0x8][0x18][0xffffffce][0x1e]f[0xffffffdd][0xffffffb5]0[0xffffffe0][0xffffffd8]p[0xfffffff6][0xffffff90][0xfffffffd]V[0xffffff92][0x12]![0xffffffc3][0xffffffd9]6[0xffffff90][0xc]%[0x2][0xffffff86][0xffffffb3]%[0xffffff9c][0xffffffd5][0xffffff94][0x8][0x1e][0xffffffce]v[0xffffffe5][0xffffffc9]R"o8[0xffffffdb]U+G[0xffffff89][0xffffff94][0xffffffe1]l-[0xffffffde][0x5]J4C[0xffffff89][0xffffffeb][0xffffffd5][0xffffffb1]?p4[0xffffff9c][0x12]-[0xffffff80][0x12]M[0xfffffff3]^[0x18][0xfffffff0][0xffffff86]Q[0xffffffa2]%QB[0xffffffa3][0xffffffc8]P[0xffffffc2][0x5][0xffffff92][0xffffffa1][0xffffff84][0xffffffc6][0xffffffb2][0xffffff9e][0x12]s8[0xffffffab])1G4[0xffffff89][0x12][0xffffffa6]<YJ[0xffffffd8].e)a[0xffffffaa][0xffffff95][0xffffffa3][0xffffff84]4-E[0x9])[0xffffffde][0x5]J[0xfffffff4][0xffffffff]9[0xffffff94][0x12][0xffffffc7][0xffffffd6])J|<[0xf]L[0xffffff89][0xffffffcf]'[0xffffffa0])[0xfffffff1][0xffffffcf]30[0xffffff94][0xfffffff8][0xfffffffc]u[0xffffff86][0x12]?~9[0xffffff83][0x12][0x1a]E[0xffffff86][0x12].[0xffffff90][0xc]%4[0xffffff96][0xfffffff5][0xffffff94][0xffffff98][0xffffffc3]YM[0xffffff89]9[0xffffffa2]I[0xffffff94]0[0xffffffe5][0xffffffc9]R[0xffffffc2]v)K[0x9]S[0xffffffad][0x1c]%[0xffffffa4]i)JH[0xfffffff1].Pb[0xffffff98][0x13][0x1c][0xffffffd7][0xffffffdd]v[0xffffff8a][0x12][0x3]?[0xffffffc1]1[0x2]Np[0xc][0xfffffffd][0xffffffcc][0xffffffb8]0[0xffffffe0][0x3];[0xffffffc1]1[0xffffff92]Nph[0x14][0x19]J[0xffffffb8]@2[0xffffff94][0xffffffd0]X[0xffffffd6]Sb[0xe]g5%[0xffffffe6][0xffffff88]&Q[0xffffffc2][0xffffff94]'K[0x9][0xffffffdb][0xffffffa5],%L[0xffffffb5]r[0xffffff94][0xffffff90][0xffffffa6][0xffffffa5](![0xffffffc5][0xffffffbb]D[0xffffff89]3[0xffffff8c][0x12]'N[0xffffff89]3[0xffffff80][0x12]'J[0xffffff89][0x13][0xffffffa3][0xffffffc4][0xffffff99]D[0xffffff89]9[0xffffff8a][0x14]%4[0xffffff90][0x14]%[0xffffffe6]X[0x12][0xffffff94]8aJ[0xffffff9c][0xffffffc1][0xffffff94][0xffffff90][0xfffffff2][0xffffffa4])a[0xffffffba][0xffffff94][0xffffffa6][0xffffff84]T+I[0xffffff89]3[0xffffff85][0x12][0xffffffe7]7)q[0xffffffbd][0xffffffdc][0x1d][0x1c][0xfffffff7][0xffffffeb][0xffffff80]v%[0xffffffbe][0xffffff9e][0x7][0xffffffa5][0xffffffc4][0xfffffffb][0x9]XJ[0xfffffffc]z[0x6][0xffffff82][0x12][0xffffffef]_'([0xfffffff1][0xfffffff3][0xffffff97][0x13]([0xffffffe1][0xffffffa2]HP[0xffffffc2][0x7][0xffffff92][0xffffffa0][0xffffff84][0xffffff8b]e5%4[0xffffff9c][0xffffffb5][0xffffff94][0xffffffd0][0xffffff88][0xffffffe6]P[0xffffffc2][0xffffff96]'I[0xffffff89][0xffffff87].%)a[0xffffffab][0xffffff95][0xffffffa2][0xffffff84]iZ[0xffffff86][0x12][0xffffffa6]x[0x17]([0xffffffe1][0xffffffee][0xffffffe0][0xffffffb8]_[0x3][0xffffffba][0xffffff83][0xffffffe3][0xffffffeb]y`J[0xfffffff0]wp[0xfffffffc]z[0x6][0xffffff86][0x12][0xffffffd4][0x1d][0x1c]?[0x7f]9[0xffffff83][0x12][0x19]wp[0xfffffff8]@2[0xffffff94][0xffffffe0][0xffffffef][0xffffffe0][0xffffffd0]pVS"[0xfffffff7][0xe][0xe][[0xffffff9e],%[0xffffffe2][0xffffffee][0xffffffe0][0xffffffb0][0xffffffd5][0xffffffca]Q"[0xffffffe4][0xe][0xe]S[0xffffffbc][0xb][0xffffff94]h[0xffffff8e][0x12][0xffffff8d][0xfffffffa][0xffffffec][0xfffffff2][0xffffffeb]y`J[0xffffffb4][0x0]J4[0xffffffcd]{a[0xffffffc0][0x1b]F[0xffffff89][0xffffff96]D[0x9][0xffffff8d]"C[0x9][0x17]H[0xffffff86][0x12][0x1a][0xffffffcb]zJ[0xffffffcc][0xffffffe1][0xffffffac][0xffffffa6][0xffffffc4][0x1c][0xffffffd1]$J[0xffffff98][0xfffffff2]d)a[0xffffffbb][0xffffff94][0xffffffa5][0xffffff84][0xffffffa9]V[0xffffff8e][0x12][0xffffffd2][0xffffffb4][0x14]%[0xffffffa4]x[0x17]([0xffffffd1][\r]%[0xffffffda]vco%:N[0xffffff89][0x1e]@[0xffffff89][0xffffffae]y/[0xc]x[0xffffffc7]([0xffffffd1][0xffffff93]([0xffffffa1]Qd([0xffffffe1][0x2][0xffffffc9]PBcYO[0xffffff89]9[0xffffff9c][0xffffffd5][0xffffff94][0xffffff98]#[0xffffff9a]D[0x9]S[0xffffff9e],%l[0xffffff97][0xffffffb2][0xffffff94]0[0xffffffd5][0xffffffca]QB[0xffffff9a][0xffffff96][0xffffffa2][0xffffff84][0x14][0xffffffef][0x2]%[0xffffff86][0xffffffa3][0xffffffc4]qC[0xffffff9f]]~=[0xf]L[0xffffff89][0x11]@[0xffffff89][0xffffffa1]y/[0xc][0xfffffff8][0xffffffc0](1[0xffffff92]([0xffffffa1]Qd([0xffffffe1][0x2][0xffffffc9]PBcYO[0xffffff89]9[0xffffff9c][0xffffffd5][0xffffff94][0xffffff98]#[0xffffff9a]D[0x9]S[0xffffff9e],%l[0xffffff97][0xffffffb2][0xffffff94]0[0xffffffd5][0xffffffca]QB[0xffffff9a][0xffffff96][0xffffffa2][0xffffff84][0x14][0xffffffef][0xffffffdf]Sbs[0xffffff9f]][0xffffffb6]~Po%6[0xfffffffc][0xffffffb3][0xffffffcb]-[0xffffffe0][0xffffffb3][0xffffffcb][0xffffffcd]|[0x1b]T[0x17][0xfffffff0][\r][0xfffffffb][0xffffffec]r[0xffffff93][0xffffffaf][0x7f]@J[0xffffff98]("[0xffffff94][0xffffffb0][0xffffff81]D(abYN[0x9][0x9]g1%$[0xffffffa2]A[0xffffff94]p[0xffffffe5][0xffffff89]R[0xffffffc2]w)J[0x9]W[0xffffffad][0x18]%[0xffffffb4]i!Jh[0xfffffff1].Q[0xffffffe2][0xc][0xffffffa3][0x4]{[0x18][0xfffffff4][0xfffffffd][0x4]<%[0xffffffb8][0xffffffc3][0xffffffa0][0xffffffef]_[0xffffffa7]([0x11]s[0x18][0xffffffd4]E[0xffffff91][0xffffffa2]D[0xffffffc6]aP[0x17]K[0xffffff82][0x12][0xffffffe4]aP[0xffffff8d]h[0x16]%[0xffffffa2][0xe][0xffffff83]>t)M[0xffffff89][0xffffff98][0xffffffc3][0xffffffa0][0xffffffa6]i9J|[0xfffffffb]0[0xffffffe8][0xffffffe6]Np[0xffffffb4][0xffffff81]}+[0xffffffb1][0xffffffe1]'8[0xffffffb6][0xffffff80][0x13][0x1c][0xffffff9b][0xfffffff9][0xffffffcc][0xffffffb8]0[0xffffffe0][0xffffffd8][0x9][0xffffff8e]M>$&)[0x11]r[0xffffff82][0xffffffc3][0x6][0xffffff92][0xffffffa1]D[0xffffffc0][0x9][0xe][0x9]g5%[0xffffff82]Op[0xffffffb8][0xfffffff2]d)[0xffffff91]w[0xffffff82][0xffffffc3]U+G[0xffffff89][0xffffff94][0x13][0x1c]Z[0xffffffbc][0xb][0xffffff94][0xffffffd8][\r]%[0xfffffffa][0xffffffb9]Q[0xffffffdf]J|>[0xf]L[0xffffff89]=[0xffffff80][0x12][0xffffffbb][0xffffffe6][0xffffffbd]0[0xffffffe0];F[0xffffff89]=[0xffffff89][0x12][0x1a]E[0xffffff86][0x12].[0xffffff90][0xc]%4[0xffffff96][0xfffffff5][0xffffff94][0xffffff98][0xffffffc3]YM[0xffffff89]9[0xffffffa2]I[0xffffff94]0[0xffffffe5][0xffffffc9]R[0xffffffc2]v)K[0x9]S[0xffffffad][0x1c]%[0xffffffa4]i)JH[0xfffffff1].P[0xffffffc2]]2>^/[0xffffffea]0[0xffffffe8]F_2[0xfffffffe]~[0x2][0xffffff9a][0x12][0xffffffe4]%[0xffffffe3][0xffffffef]_g([0x11]t[0xffffffc9][0xffffffb8][0xffffff8b]"C[0xffffff89][0xffffff94]K[0xffffffc6]],[0xffffffeb])[0xffffffc1]^2[0xffffffae][0x11]M[0xffffffa2]D[0xffffffd8]%[0xffffffe3][0xf]][0xffffffca]R"[0xffffffe8][0xffffff92]q[0xffffffd3][0xffffffb4][0x14]%[0xffffffbe][0x7f][0xffffffc9][0xfffffff8][0xffffffb5][0xffffffb9]K[0xffffffc6][0xffffffc7][0xffffffeb][0xffffffc6](A_2[0xfffffffe]~[0x2][0xffffff9a][0x12][0xffffffe4]%[0xffffffe3][0xffffffef]_g([0x11]t[0xffffffc9][0xffffffb8][0xffffff8b]"C[0xffffff89][0xffffff94]K[0xffffffc6]],[0xffffffeb])[0xffffffc1]^2[0xffffffae][0x11]M[0xffffffa2]D[0xffffffd8]%[0xffffffe3][0xf]][0xffffffca]R"[0xffffffe8][0xffffff92]q[0xffffffd3][0xffffffb4][0x14]%[0xffffffbe][0x7f][0xffffffc9][0xfffffff8][0xffffffb5]5G[0xffffff89][0xffffffed]l[0x14]%[0x1a]N[0xffffff89][0x16]@[0xffffff89][0xffffffa6]y/[0xc]x[0xffffffc3]([0xffffffd1][0xffffff92]([0xffffffa1]Qd([0xffffffe1][0x2][0xffffffc9]PBcYO[0xffffff89]9[0xffffff9c][0xffffffd5][0xffffff94][0xffffff98]#[0xffffff9a]D[0x9]S[0xffffff9e],%l[0xffffff97][0xffffffb2][0xffffff94]0[0xffffffd5][0xffffffca]QB[0xffffff9a][0xffffff96][0xffffffa2][0xffffff84][0x14][0xffffffef][0x2]%[0xffffffba][0xffffffb9][0x19]t[0xffffffec][0xffffffe3][0xffffffa4]([0xffffffd1][0xffffffe1][0xffffff9b]A[0xffffffdf]O@S[0xffffffa2][0xffffffeb][0xfffffff5]u[0xffffff85][0x1][0xffffffef][0xffffffd0][0xffffffcd][0xffffffa0]?[0x7f]9[0xffffff83][0x12][0x1a]E[0xffffff86][0x12].[0xffffff90][0xc]%4[0xffffff96][0xfffffff5][0xffffff94][0xffffff98][0xffffffc3]YM[0xffffff89]9[0xffffffa2]I[0xffffff94]0[0xffffffe5][0xffffffc9]R[0xffffffc2]v)K[0x9]S[0xffffffad][0x1c]%[0xffffffa4]i)JH[0xfffffff1].P[0xffffffc2]MT[0xffffff8d]vn[0x14]%[0xfffffff0][0xffffff89][0xffffffaa]-`[0xffffffa2]j3;*[0xffffff85][0x1][0xffffffc7]&[0xffffffaa]6YJ!)[0x11]2Qe[0x3][0xffffffc9]P"`[0xffffffa2]J[0xffffffc2]YM[0xffffff89][0xffffffe0][0xffffff89]*W[0xffffff9e],%[0xfffffff2]&[0xffffffaa]\[0xffffffb5]r[0xffffff94]H[0xffffff99][0xffffffa8][0xffffffd2][0xffffffe2][0xfffffffd]{J[0xffffffec]n[0xffffffa2]j[0xfffffff4]N[0x1d][0x6][0xffffffdd][0xfffffff1][0xffffff89][0xffffffaa]=`[0xffffffa2]j7;*u[0x1][0xffffffdf][0xffffffb1][0xffffff89][0xffffffaa]][0xffffff96]R@J[0xffffff98]("[0xffffff94][0xffffffb0][0xffffff81]D(abYN[0x9][0x9]g1"
14:55:25.561 [main] DEBUG org.apache.hc.client5.http.wire - http-outgoing-1 << "%$[0xffffffa2]A[0xffffff94]p[0xffffffe5][0xffffff89]R[0xffffffc2]w)J[0x9]W[0xffffffad][0x18]%[0xffffffb4]i!Jh[0xfffffff1].P[0xffffffc2][0xffffffec]Jl[0xffffffaf][0xffffffed][0xffffffa6][0xffffffbe][0xffffff95][0xffffffd8][0xfffffff1]][0xffffff89]=`Wb7[0xffffff87][0xffffff9f][0xb][0x3][0xffffff8e][0xffffffed]J[0xffffffec]r[0xffffffbc][0xffffff99][0xffffffa4]D[0xffffffc8][0xffffffae][0xffffff84][\r]$C[0xffffff89][0xffffff80]][0x9][0x9]g5%[0xffffff82]w%\y[0xffffffb2][0xffffff94][0xffffffc8][0xffffffdb][0xffffff95]p[0xffffffd5][0xffffffca]Q"eWB[0xffffff8b]w[0xffffff81][0x12]fWb{][0xfffffffd][0xffffffa4]([0xffffff81][0xffffffef]J[0xffffffec][0x1][0xffffffbb][0x12][0xffffffbb]9[0xfffffffc]\[0x18]plWb[0xffffff97][0xffffffe3][0xffffffcd]$%Bv%l [0x19]J[0x4][0xffffffec]JH8[0xffffffab])[0x11][0xffffffbc]+[0xffffffe1][0xffffffca][0xffffff93][0xffffffa5]D[0xffffffde][0xffffffae][0xffffff84][0xffffffab]V[0xffffff8e][0x12])[0xffffffbb][0x12]Z[0xffffffbc][0xb][0xffffff94]8[0x1c]%[0xffffffc6][0xffffffc0][0xfffffffe][0xffffffc0]q[0xffffffe0][0xffffff94]8[0x2](qh[0xffffffde][0xb][0x3]~`[0xffffff94]8[0xffffff92]([0xffffffa1]Qd([0xffffffe1][0x2][0xffffffc9]PBcYO[0xffffff89]9[0xffffff9c][0xffffffd5][0xffffff94][0xffffff98]#[0xffffff9a]D[0x9]S[0xffffff9e],%l[0xffffff97][0xffffffb2][0xffffff94]0[0xffffffd5][0xffffffca]QB[0xffffff9a][0xffffff96][0xffffffa2][0xffffff84][0x14][0xffffffef][0x12]%[0xffffffce]0J[0xffffffc0]wp|=[0x1]O[0x9][0xfffffff0][0xe][0xffffff8e][0xffffffaf]_[0xffffffa7]([0xffffff91]s[0x7][0xffffff87][0xffffff89]"E[0xffffff89][0xffffff90];8L,[0x9]J[0xffffffa0]wpHD[0xffffffb3]([0xffffff91]u[0x7][0xffffff87][0xffffffef]R[0xffffff9a][0x12]9wph[0xffffffd3]r[0xffffff94][0xfffffff8][0xfffffff6][0x1d][0x1c][0xfffffffb]i[0xffffffde]Jl[0xfffffffb][0xffffff8e]Q[0xffffffe2][0xffffffc4][0xffffffdf]J[0xffffff9c][0x1]o%N[0xffffffa5]sa[0xffffffc0]O[0xffffffec][0xffffffad][0xffffffc4][0xffffff99][0xfffffff4]VB[0xffffffa3][0xffffffc8]P[0xffffffc2][0x5][0xffffff92][0xffffffa1][0xffffff84][0xffffffc6][0xffffffb2][0xffffff9e][0x12]s8[0xffffffab])1G4[0xffffff89][0x12][0xffffffa6]<YJ[0xffffffd8].e)a[0xffffffaa][0xffffff95][0xffffffa3][0xffffff84]4-E[0x9])[0xffffffde][0x5]J[0xffffff98][0xffffffb5][0xffffffcb]m[0x1b][0xffffffc7]IQ[0x2]_[0xffffffbb][0xffffffdc][0x3][0xffffffd6].w3[0xffffffc9]V[0x18]pl[0xffffffed]r[0xffffff97][0xffffffd1]5[0xffffff92][0x12]!k[0xffffff97]6[0xffffff90][0xc]%[0x2][0xffffffd6].%[0xffffff9c][0xffffffd5][0xffffff94][0x8]^[0xffffffbb]t[0xffffffe5][0xffffffc9]R"o[0xffffffed][0xffffffd2]U+G[0xffffff89][0xffffff94][0xffffffb5]K-[0xffffffde][0xffffffbf][0xffffffa7][0xffffffc4][0xffffffe1]Np[0xffffffec]W[0xffffffa3]Np[0x1c][0xfffffff8][0x9][0xffffff8e]#[0xffffffe0][0x4][0xffffffc7]a>3[0xffffffae][0xb][0xfffffff8][0xffffff81][0xffffff9d][0xffffffe0]8[0xffffffe4]Cb[0xffffff90][0x12]&[0xffffff8a][0x8]%l [0x11]J[0xffffff98]X[0xffffff96]SB[0xffffffc2]YL[0x9][0xffffff89]h[0x10]%\y[0xffffffa2][0xffffff94][0xfffffff0]][0xffffff8a]R[0xffffffc2]U+F[0x9]mZ[0xffffff88][0x12]Z[0xffffffbc][0xb][0xffffff94]p'8[0xfffffff6]v`[0xffffff94][0xffffffc0]Op[0x1c][0x1]'8[0xe][0xfffffff3][0xffffff99]qa[0xffffffc0][0xffffffb1][0x13][0x1c][0xffffff87]|HLR"[0xffffffe4][0x4][0xffffff87][\r]$C[0xffffff89][0xffffff80][0x13][0x1c][0x12][0xffffffce]jJ[0x4][0xffffff9f][0xffffffe0]p[0xffffffe5][0xffffffc9]R"[0xffffffef][0x4][0xffffff87][0xffffffab]V[0xffffff8e][0x12])'8[0xffffffb4]x[0x17]([0xffffffe1]Np[0x1c][0xffffffdb]M[0xffffffad]][0x1e][0xfffffff8][0x9][0xffffff8e]#[0xffffffe0][0x4][0xffffffc7]a>3.[0xc]8v[0xffffff82][0xffffffe3][0xffffff90][0xf][0xffffff89]IJ[0xffffff84][0xffffff9c][0xffffffe0][0xffffffb0][0xffffff81]d([0x11]p[0xffffff82]C[0xffffffc2]YM[0xffffff89][0xffffffe0][0x13][0x1c][0xffffffae]<YJ[0xffffffe4][0xffffff9d][0xffffffe0]p[0xffffffd5][0xffffffca]Q"[0xffffffe5][0x4][0xffffff87][0x16][0xffffffef][0x12]%[0xfffffff6]0J[0xffffffc0]wp|=[0x1]O[0x9][0xfffffff0][0xe][0xffffff8e][0xffffffaf]_[0xffffffa7]([0xffffff91]s[0x7][0xffffff87][0xffffff89]"E[0xffffff89][0xffffff90];8L,[0x9]J[0xffffffa0]wpHD[0xffffffb3]([0xffffff91]u[0x7][0xffffff87][0xffffffef]R[0xffffff9a][0x12]9wph[0xffffffd3]r[0xffffff94][0xfffffff8][0xfffffff6][0x1d][0x1c][0xffffff87];[0xc][0xffffffca]R[0x2]>[0xc]z[0x4][0x1c][0x6]=[0xffffffcc][0xffffff89][0xffffffa5][0xffffffd2][0xffffff80]C[0xffffff87]A[0xf]9[0xffffff93][0xffffffc4]R"[0xffffffe2]0[0xffffffa8][\r]$E[0x9][0xfffffffc]0[0xffffffa8][0xffffff84][0xffffffb3][0xffffff9e][0x12][0xffffffb1][0xffffff87]A]y[0xffffffd2][0xffffff94]H;[0xc][0xffffffea][0xffffffaa][0xffffff95][0xffffffa4]D[0xffffffc6]aP-[0xffffffde]%Jl-[0xffffffcc][0x12][[0xffffffc3]1[0xfffffff1][0xfffffff1][0x8][0xffffffbc]&~<[0x4][0xffffffc5][0xffffff89][0xffffff8f][0xffffff9f][0xffffffa7]<[0xfffffff1][0xfffffffe][0xffffffe9][0x14]PH[0x1e])Q[0xffffff98]TR[0xffffffa4][0xffffff90]l[0x12][0xffffffa6][0xffffff98][0x12]Z[0xffffff8f][0xffffff8a])[0xffffffa7]Y[0xffffffaa][0xffffffd0][0x1a][0xffffffa5]Y[0xffffffe1]Z[0xffffff95]v[0xffffff85][0xffffff96],[0x9][0xffffff8b][0xffffffb9]s9Y[0xffffffcc][0x15][0xffffffbc]D[0xffffff8b][0xfffffffd][0xe][0xffffffa3][0xffffffc5]~[0xffffffe3][0xffffffb4][0xfffffff8]x[0x4][0xffffff9e][0x16]?[0x1e][0xffffff82][0xffffffa2][0xffffffc5][0xffffffc7][0xffffffcf]S[0xffffffb4]x[0xffffffff]t[\n]"
14:55:25.561 [main] DEBUG org.apache.hc.client5.http.wire - http-outgoing-1 << "-$[0xffffff8f][0x14]-L*)ZH6[0x9]ZL[0x9][0xffffffad][0xffffffa7][0xffffffc5][0xffffff94][0xffffffd3],Zh[0xffffff8d][0xffffffd2][0xffffffb4]p[0xffffffad]J[0xffffffd3]BK[0xffffff96][0xffffffa4][0xffffffc5][0xffffffdc][0xffffffb9][0x1c]-[0xffffffe6][\n]"
14:55:25.561 [main] DEBUG org.apache.hc.client5.http.wire - http-outgoing-1 << "^[0xffffffa2][0xffffffc5]y[0xffffff84][0xffffffd1][0xffffffe2]<pZ|<[0x2]O[0xffffff8b][0x1f][0xf]A[0xffffffd1][0xffffffe2][0xffffffe3][0xffffffe7])Z[0xffffffbc][0x7f]:[0xffffff85][0x16][0xffffff92]G[0xffffff8a][0x16]&[0xffffff95][0x14]-$[0xffffff9b][0x4]-[0xffffffa6][0xffffff84][0xffffffd6][0xffffffd3]b[0xffffffca]i[0x16]-[0xffffffb4]FiZ[0xffffffb8]V[0xffffffa5]i[0xffffffa1]%K[0xffffffd2]b[0xffffffee]\[0xffffff8e][0x16]s[0x5]/[0xffffffd1][0xffffffe2]J[0xfffffffb][0xffffff83][0xffffffc8][0xffffffc5][0xffffffff]A[0xffffffe4]J[0xfffffff8][0xffffff83][0xffffffc8][0xffffffc5][0xfffffffe]A[0xffffffe4][0xffffffe2][0xfffffffe] rE[0xfffffffd]AD[0xfffffff2]H[0xffffffd1][0xffffffc2][0xffffffa4][0xffffff92][0xffffffa2][0xffffff85]d[0xffffff93][0xffffffa0][0xffffffc5]E[0xffffffff]A[0xffffffe4]J[0xfffffffe][0xffffff83][0xffffff88][0xffffffd6](M[0xb][0xffffffd7][0xffffffaa]4-[0xffffffb4]dIZ[0xffffffcc][0xffffff9d][0xffffffcb][0xffffffd1]b[0xffffffae][0xffffffe0]%Z[0xffffffb4][0xffffffb4]# [0xffffff8d]?[0x3][0xffffffd2][0x12][0xe][0xffffff81]4[0xfffffff6][0x14]H[0xffffffe3][0xffffff8e][0xffffff81][0xffffffb4][0xffffffa8]s [0xffffff92]G[0xffffff8a][0x16]&[0xffffff95][0x14]-$[0xffffff9b][0x4]-[0x1a]}[0x16][0xffffffa4]%[0x1f][0x6][0xffffffd1][0x1a][0xffffffa5]i[0xffffffe1]Z[0xffffff95][0xffffffa6][0xffffff85][0xffffff96],I[0xffffff8b][0xffffffb9]s9Z[0xffffffcc][0x15][0xfffffffc]7[0xffffffb4][0xffffffe8][0xffffffef][0x7f][0xffffffc4][0xffffffdd][0xffffffe9]q[0xffffffb4][0xffffffeb].[0xffffff97][0xffffffc5][0xffffffaf][0xffffffe7][0xffffffa1]`[0xfffffff1][0xffffffdb][0x13]`[0xffffffae][0xffffff98][0xffffff9e][0xffffffa1][0xffffff98][0x15][0xffffffbf][0xfffffffd]z[0xffffffb1]*[0xfffffffe][0xfffffffd][0xffffffcb]0*[0x1e][0xffffffa3]Xl[0xffffff8a]?[0x4][0xffffffb2][0xffffff98][0x14][0xffffff8f][0xffffffb1],[0x14][0xffffffc5]C8[0xffffffcb]@[0xfffffff1][0x10][0xffffffd1][0x8]O<[0xffffff97]'[0xffffffc4][0xffffff89]?u)[0xffffffa4][0xffffff89][0xffffffe7]j[0x5]0[0xfffffff1][0xffffffd4][0xffffffb4][0xffffffe5][0xffffff96]x*[0xffffffde][0x5]JtC[0xffffff89][0xffffffeb][0xfffffff5][0xffffffba](Jt[0xffffff9c][0x12]=[0xffffff80][0x12]][0xfffffff3]^[0x18][0xfffffff0][0xffffff8e]Q[0xffffffa2]'QB[0xffffffa3][0xffffffc8]P[0xffffffc2][0x5][0xffffff92][0xffffffa1][0xffffff84][0xffffffc6][0xffffffb2][0xffffff9e][0x12]s8[0xffffffab])1G4[0xffffff89][0x12][0xffffffa6]<YJ[0xffffffd8].e)a[0xffffffaa][0xffffff95][0xffffffa3][0xffffff84]4-E[0x9])[0xffffffde][0x5]J[0xc]G[0xffffff89][\r][0xffffffb8][0xffffffb4][0xfffffffc][0xffffffd7][0xfffffff3][0xffffffc0][0xffffff94][0x18][0x1][0xffffff94][0x18][0xffffff9a][0xfffffff7][0xffffffc2][0xffffff80][0xf][0xffffff8c][0x12]#[0xffffff89][0x12][0x1a]E[0xffffff86][0x12].[0xffffff90][0xc]%4[0xffffff96][0xfffffff5][0xffffff94][0xffffff98][0xffffffc3]YM[0xffffff89]9[0xffffffa2]I[0xffffff94]0[0xffffffe5][0xffffffc9]R[0xffffffc2]v)K[0x9]S[0xffffffad][0x1c]%[0xffffffa4]i)JH[0xfffffff1][0xfffffffe]=%[0xffffffce][0xffffff97][0xffffffa3][0xffffffc4][0xfffffff5]u[\n]"
14:55:25.561 [main] DEBUG org.apache.hc.client5.http.wire - http-outgoing-1 << "[0xffffff84][0xffffffa0][0xffffffc4][0xffffffe7][0xfffffff3][0xffffffb0][0xffffff94][0xfffffff8]z[0x2][0xffffff98][0x12]?[0xffffff9f][0x1][0xffffffa1][0xffffffc4][0xffffffd7][0xffffffaf]#[0xffffff94][0xfffffff8][0xffffffe7][0xffffff97]#(a[0xffffffa2][0xffffff88]P[0xffffffc2][0x6][0x12][0xffffffa1][0xffffff84][0xffffff89]e9%$[0xffffff9c][0xffffffc5][0xffffff94][0xffffff90][0xffffff88][0x6]Q[0xffffffc2][0xffffff95]'J[0x9][0xffffffdf][0xffffffa5](%\[0xffffffb5]b[0xffffff94][0xffffffd0][0xffffffa6][0xffffff85]([0xffffffa1][0xffffffc5][0xffffffbb]@[0x9]"
14:55:25.562 [main] DEBUG org.apache.hc.client5.http.wire - http-outgoing-1 << "w[0xffffffd3][0xffffffe8]uo;E[0x9][0xfffffff0][0xffffffa6][0xffffffd1][0xffffffdf][0xffffff9e][0xffffff80][0xffffffa6][0x4]t[0xffffffd3][0xffffffe8]o[0xffffffbf][0xffffffce]P"[0xffffffe3][0xffffffa6][0xffffffd1][0xffffffc7](2[0xffffff94][0x8][0xffffffb8]i[0xfffffff4]1[0xffffff96][0xfffffff5][0xffffff94][0xffffffc0]n[0x1a]}[0xffffff88]h[0x12]%rn[0x1a][0xfffffffd]S[0xffffff97][0xffffffb2][0xffffff94][0xffffffc8][0xffffffb8]i[0xfffffff4][0xffffffa9]i)J|[0xffffffeb][0xffffffa6][0xffffffd1][0x1f][0xffffffff][0xffffff86][0xffffffbb]i[0xfffffff4]j[0x3]{+[0x1][0xffffffde]4[0xfffffffa][0xffffffdb][0x13][0xffffffd0][0xffffff94][0xffffff80]n[0x1a][0xfffffffd][0xffffffed][0xffffffd7][0x19]Jd[0xffffffdc]4[0xfffffffa][0x18]E[0xffffff86][0x12][0x1]7[0xffffff8d]>[0xffffffc6][0xffffffb2][0xffffff9e][0x12][0xffffffd8]M[0xffffffa3][0xf][0x11]M[0xffffffa2]D[0xffffffce]M[0xffffffa3][0x7f][0xffffffea]R[0xffffff96][0x12][0x19]7[0xffffff8d]>5-E[0xffffff89]o[0xffffffdd]4[0xfffffffa][0xffffffe3][0xffffffdf]p7[0xffffff8d][0xffffffde][0xfffffffb][0xffffff8b]:[0xffffffc1]q[0xffffff82]7[0xffffff8d][0xfffffffe][0xfffffff6][0x4]4%[0xffffffa0][0xffffff9b]F[0x7f][0xfffffffb]u[0xffffff86][0x12][0x19]7[0xffffff8d]>F[0xffffff91][0xffffffa1]D[0xffffffc0]M[0xffffffa3][0xffffff8f][0xffffffb1][0xffffffac][0xffffffa7][0x4]v[0xffffffd3][0xffffffe8]CD[0xffffff93]([0xffffff91]s[0xffffffd3][0xffffffe8][0xffffff9f][0xffffffba][0xffffff94][0xffffffa5]D[0xffffffc6]M[0xffffffa3]OMKQ[0xffffffe2][7[0xffffff8d][0xfffffffe][0xfffffff8]7[0xffffffdc]a[0xffffffd0][0xfffffffb][0xffffffdc][0xffffffa8][0xffffffcf].O[0xfffffffc]0[0xffffffe8][0x19]p[0x18][0xfffffff4]4'[0xffffff96][\n]"
14:55:25.563 [main] DEBUG org.apache.hc.client5.http.wire - http-outgoing-1 << "[0x3][0xffffff8e][0x1d][0x6]=[0xffffffe5]L[0x12]I[0xffffff89][0xffffff90][0xffffffc3][0xffffffa0]6[0xffffff90][0xc]%[0x2][0xe][0xffffff83]J8[0xffffffab])[0x11]|[0x18][0xffffffd4][0xffffff95]'K[0xffffff89][0xffffffbc][0xffffffc3][0xffffffa0][0xffffffae]Z9J[0xffffffa4][0x1c][0x6][0xffffffd5][0xffffffe2]][0xffffffa0]D7[0xffffff94]h[0xffffffc7][0xffffff81]Q[0xffffffa2][0xffffffe3][0xffffff94][0xffffffe8][0x1][0xffffff94][0xffffffe8][0xffffff9a][0xfffffff7][0xffffffc2][0xffffff80]w[0xffffff8c][0x12]=[0xffffff89][0x12][0x1a]E[0xffffff86][0x12].[0xffffff90][0xc]%4[0xffffff96][0xfffffff5][0xffffff94][0xffffff98][0xffffffc3]YM[0xffffff89]9[0xffffffa2]I[0xffffff94]0[0xffffffe5][0xffffffc9]R[0xffffffc2]v)K[0x9]S[0xffffffad][0x1c]%[0xffffffa4]i)JH[0xfffffff1][0xfffffffe]=%.w[0xffffff82][0xffffffa3][0xfffffff5]A}vy[0xffffffe1]'8[0xffffffae][0xffffff80][0x13][0x1c][0xffffff97][0xfffffff9][0xffffffcc][0xffffffb8].[0xffffffe0][0x17]v[0xffffff82][0xffffffe3][0xffffff92][0xf][0xffffff89]AJ[0xffffff98]("[0xffffff94][0xffffffb0][0xffffff81]D(abYN[0x9][0x9]g1%$[0xffffffa2]A[0xffffff94]p[0xffffffe5][0xffffff89]R[0xffffffc2]w)J[0x9]W[0xffffffad][0x18]%[0xffffffb4]i!Jh[0xfffffff1].P[0xffffffc2][0xffffff9d][0xffffffe0][0xffffffe8][0xfffffffb][0xffffffd1](J[0xffffffe0]'8[0xffffffae][0xffffff80][0x13][0x1c][0xffffff97][0xfffffff9][0xffffffcc][0xffffffb8]0[0xffffffe0][0xffffffd8][0x9][0xffffff8e]K>$&)[0x11]r[0xffffff82][0xffffffc3][0x6][0xffffff92][0xffffffa1]D[0xffffffc0][0x9][0xe][0x9]g5%[0xffffff82]Op[0xffffffb8][0xfffffff2]d)[0xffffff91]w[0xffffff82][0xffffffc3]U+G[0xffffff89][0xffffff94][0x13][0x1c]Z[0xffffffbc][0xb][0xffffff94]p'8[0xfffffffa]>[0x6]E[0x9][0xfffffffc][0x4][0xffffffc7][0x15]p[0xffffff82][0xffffffe3]2[0xffffff9f][0x19][0x17][0x6][0x1c];[0xffffffc1]q[0xffffffc9][0xffffff87][0xffffffc4]$%BNp[0xffffffd8]@2[0xffffff94][0x8]8[0xffffffc1]![0xffffffe1][0xffffffac][0xffffffa6]D[0xfffffff0][0x9][0xe]W[0xffffff9e],%[0xfffffff2]Np[0xffffffb8]j[0xffffffe5]([0xffffff91]r[0xffffff82]C[0xffffff8b]w[0xffffff81][0x12][0xffffffee][0x4]G?^[0xffffffd8][0x1f]8[0xfffffff0][0x13][0x1c]W[0xffffffc0][0x9][0xffffff8e][0xffffffcb]|f\[0x18]p[0xffffffec][0x4][0xffffffc7]%[0x1f][0x12][0xffffff93][0xffffff94][0x8]9[0xffffffc1]a[0x3][0xffffffc9]P"[0xffffffe0][0x4][0xffffff87][0xffffff84][0xffffffb3][0xffffff9a][0x12][0xffffffc1]'8\y[0xffffffb2][0xffffff94][0xffffffc8];[0xffffffc1][0xffffffe1][0xffffffaa][0xffffff95][0xffffffa3]D[0xffffffca][0x9][0xe]-[0xffffffde][0x5]J[0xffffffb8][0x13][0x1c][0xfffffffd]80J[0xffffffe0]'8[0xffffffae][0xffffff80][0x13][0x1c][0xffffff97][0xfffffff9][0xffffffcc][0xffffffb8]0[0xffffffe0][0xffffffd8][0x9][0xffffff8e]K>$&)[0x11]r[0xffffff82][0xffffffc3][0x6][0xffffff92][0xffffffa1]D[0xffffffc0][0x9][0xe][0x9]g5%[0xffffff82]Op[0xffffffb8][0xfffffff2]d)[0xffffff91]w[0xffffff82][0xffffffc3]U+G[0xffffff89][0xffffff94][0x13][0x1c]Z[0xffffffbc][0xb][0xffffff94][0xffffffb8],%[0xffffffb8]?p\8%[0xffffffae][0x0]J\[0xffffff9a][0xfffffff7][0xffffffc2][0xffffff80]_[0x18]%[0xffffffae]$Jh[0x14][0x19]J[0xffffffb8]@2[0xffffff94][0xffffffd0]X[0xffffffd6]Sb[0xe]g5%[0xffffffe6][0xffffff88]&Q[0xffffffc2][0xffffff94]'K[0x9][0xffffffdb][0xffffffa5],%L[0xffffffb5]r[0xffffff94][0xffffff90][0xffffffa6][0xffffffa5](![0xffffffc5][0xffffffbb]D[0xffffff89]=[0xffffff8c][0x12];N[0xffffff89]=[0xffffff80][0x12];J[0xffffff89][0x1d][0xffffffa3][0xffffffc4][0xffffff9e]D[0xffffff89]9[0xffffff8a][0x14]%4[0xffffff90][0x14]%[0xffffffe6]X[0x12][0xffffff94][0xffffffd8]aJ[0xffffffec][0xffffffc1][0xffffff94][0xffffff90][0xfffffff2][0xffffffa4])a[0xffffffba][0xffffff94][0xffffffa6][0xffffff84]T+I[0xffffff89]=[0xffffff85][0x12][0xfffffffb][0xffffffb7])q;J\g[0xffffffa7](q[0xffffffe3][0xffffff94][0xffffffb8][0x3](qk[0xffffffde][0xb][0x3]~c[0xffffff94][0xffffffb8][0xffffff93]([0xffffffa1]Qd([0xffffffe1][0x2][0xffffffc9]PBcYO[0xffffff89]9[0xffffff9c][0xffffffd5][0xffffff94][0xffffff98]#[0xffffff9a]D[0x9]S[0xffffff9e],%l[0xffffff97][0xffffffb2][0xffffff94]0[0xffffffd5][0xffffffca]QB[0xffffff9a][0xffffff96][0xffffffa2][0xffffff84][0x14][0xffffffef][0x2]%[0xffffffdc]%[0xffffffe3][0xffffffe3]>0J[0xffffffe0][0xffffff97][0xffffff8c]_[0x1][0xffffff97][0xffffff8c]_[0xffffffe6]&[0xffffffdc][0xffffffc2][0xffffff80]c[0xffffff97][0xffffff8c]_r[0xffffffd7]-I[0xffffff89][0xffffff90]K[0xffffffc6]m [0x19]J[0x4]\2.[0xffffffe1][0xffffffac][0xffffffa6]D[0xfffffff0]%[0xffffffe3][0xffffffae]<YJ[0xffffffe4]]2[0xffffffee][0xffffffaa][0xffffff95][0xffffffa3]D[0xffffffca]%[0xffffffe3]Z[0xffffffbc][0x7f]O[0xffffff89][0xffffffdb]MT[0xffffff8d][0xffffffb6]Sk[0xffffff97]7>Qu[0x7]LT[0xffffffdd]fG[0xffffffa5].[0xffffffe0]76Qu[0xffffffcb]R[\n]"
14:55:25.563 [main] DEBUG org.apache.hc.client5.http.wire - http-outgoing-1 << "H[0x9][0x13]E[0xffffff84][0x12]6[0xffffff90][0x8]%L,[0xffffffcb])![0xffffffe1],[0xffffffa6][0xffffff84]D4[0xffffff88][0x12][0xffffffae]<QJ[0xfffffff8].E)[0xffffffe1][0xffffffaa][0x15][0xffffffa3][0xffffff84]6-D[0x9]-[0xffffffde][0x5]J[0xffffff98]][0xffffff89][0xfffffffd][0xffffffc5][\r]g[0xffffffdf][0xfffffff8][0xffffffae][0xffffffc4][0x1d][0xffffffb0]+q[0xffffff9b][0xffffffc3][0xffffffcf][0xffffff85][0x1][0xffffffc7]v%n9[0xffffffde]LR"dW[0xffffffc2][0x6][0xffffff92][0xffffffa1]D[0xffffffc0][0xffffffae][0xffffff84][0xffffff84][0xffffffb3][0xffffff9a][0x12][0xffffffc1][0xffffffbb][0x12][0xffffffae]<YJ[0xffffffe4][0xffffffed]J[0xffffffb8]j[0xffffffe5]([0xffffff91][0xffffffb2]+[0xffffffa1][0xffffffc5][0xffffffbb]@[0x9]s[0x18]t[0x7f][0xffffff8d]c[0xffffffa3]([0xffffff81][0x1f][0x6][0xffffffbd][0x3][0xe][0xffffff83][0xffffffde][0xffffffe6][0xffffffc4]Ra[0xffffffc0][0xffffffb1][0xffffffc3][0xffffffa0][0xffffffb7][0xffffff9c]I")[0x11]r[0x18][0xffffffd4][0x6][0xffffff92][0xffffffa1]D[0xffffffc0]aP[0x9]g5%[0xffffff82][0xf][0xffffff83][0xffffffba][0xfffffff2]d)[0xffffff91]w[0x18][0xffffffd4]U+G[0xffffff89][0xffffff94][0xffffffc3][0xffffffa0]Z[0xffffffbc][0xb][0xffffff94]0[0xffffff87]A[0xfffffff7]m[0x1f][0x18]%[0xfffffff0][0xffffffc3][0xffffffa0]w[0xffffffc0]a[0xffffffd0][0xffffffdb][0xffffff9c]X*[0xc]8v[0x18][0xfffffff4][0xffffff96]3I$%B[0xe][0xffffff83][0xffffffda]@2[0xffffff94][0x8]8[0xc]*[0xffffffe1][0xffffffac][0xffffffa6]D[0xfffffff0]aPW[0xffffff9e],%[0xfffffff2][0xe][0xffffff83][0xffffffba]j[0xffffffe5]([0xffffff91]r[0x18]T[0xffffff8b]w[0xffffff81][0x12][0xffffffcd]Q[0xffffffe2][0x18][0xffffffd4]g[0xffffff97][0xffffff9f][0xffffffcf][0x3]S[0xffffffa2][0x5]P[0xffffffa2]i[0xffffffde][0xb][0x3][0xffffffde]0J[0xffffffb4]$Jh[0x14][0x19]J[0xffffffb8]@2[0xffffff94][0xffffffd0]X[0xffffffd6]Sb[0xe]g5%[0xffffffe6][0xffffff88]&Q[0xffffffc2][0xffffff94]'K[0x9][0xffffffdb][0xffffffa5],%L[0xffffffb5]r[0xffffff94][0xffffff90][0xffffffa6][0xffffffa5](![0xffffffc5][0xffffffbb]@[0xffffff89][0xffffffee](qb[0xffffffd7]y}>[0xf]L[0xffffff89][0x1e]@[0xffffff89][0xffffffae]y/[0xc]x[0xffffffc7]([0xffffffd1][0xffffff93]([0xffffffa1]Qd([0xffffffe1][0x2][0xffffffc9]PBcYO[0xffffff89]9[0xffffff9c][0xffffffd5][0xffffff94][0xffffff98]#[0xffffff9a]D[0x9]S[0xffffff9e],%l[0xffffff97][0xffffffb2][0xffffff94]0[0xffffffd5][0xffffffca]QB[0xffffff9a][0xffffff96][0xffffffa2][0xffffff84][0x14][0xffffffef][0xffffffdf]S[0xffffffa2][0xffffff99][0x13][0x1c][0xfffffffb]v_'D[0xffffff89][0xffffff86][0xffffff9f][0xffffffe0]h[0x1]'8[0xffffff9a][0xfffffff9][0xffffffcc][0xffffffb8].[0xffffffe0][\r];[0xffffffc1][0xffffffd1][0xffffffe4]Cb[0xffffff90][0x12]&[0xffffff8a][0x8]%l [0x11]J"
14:55:25.564 [main] DEBUG org.apache.hc.client5.http.wire - http-outgoing-1 << "[0xffffff98]X[0xffffff96]SB[0xffffffc2]YL[0x9][0xffffff89]h[0x10]%\y[0xffffffa2][0xffffff94][0xfffffff0]][0xffffff8a]R[0xffffffc2]U+F[0x9]mZ[0xffffff88][0x12]Z[0xffffffbc][0xb][0xffffff94]0[0xffffff97][0xffffff8c][0xffffffef][0xffffffdb][0xffffffb8][0xffffffa8][0xffffffb7][0x12][\r][0xffffffbf]d[0xffffffbc][0x5]\2[0xffffffde][0xffffffcc]M[0xffffffb8][0xffffff85][0x1][0xffffffc7].[0x19]or[0xffffffd7]-I[0xffffff89][0xffffff90]K[0xffffffc6]m [0x19]J[0x4]\2.[0xffffffe1][0xffffffac][0xffffffa6]D[0xfffffff0]%[0xffffffe3][0xffffffae]<YJ[0xffffffe4]]2[0xffffffee][0xffffffaa][0xffffff95][0xffffffa3]D[0xffffffca]%[0xffffffe3]Z[0xffffffbc][0xb][0xffffff94]p[0xffffff87]A[0xfffffff7][0xffffffed][0xffffffa2]>[0xffffffbb]l[0xfffffff8]a[0xffffffd0][0x16]p[0x18][0xffffffb4][0xffffff99][0x13]K[0xffffff85][0x1][0xffffffc7][0xe][0xffffff83]69[0xffffff93]DR"[0xffffffe4]0[0xffffffa8][\r]$C[0xffffff89][0xffffff80][0xffffffc3][0xffffffa0][0x12][0xffffffce]jJ[0x4][0x1f][0x6]u[0xffffffe5][0xffffffc9]R"[0xffffffef]0[0xffffffa8][0xffffffab]V[0xffffff8e][0x12])[0xffffff87]A[0xffffffb5]x[0x17](a.[0x19][0xffffffdf][0xfffffff7][0xb][0xffffff9b][0xffffffa8]j[0xfffffff8]%[0xffffffe3]-[0xffffffe0][0xffffff92][0xfffffff1]fn[0xffffffc2]-[0xc]8v[0xffffffc9]x[0xffffff93][0xffffffbb]nIJ[0xffffff84]\2n[0x3][0xffffffc9]P"[0xffffffe0][0xffffff92]q[0x9]g5%[0xffffff82]/[0x19]w[0xffffffe5][0xffffffc9]R"[0xffffffef][0xffffff92]qW[0xffffffad][0x1c]%R.[0x19][0xffffffd7][0xffffffe2]][0xffffffa0][0xffffff84][0xffffffdb][0xffffff95][0xffffffd8][0x1b]v[0x7]G[0xffffffc3]w%Z[0xffffffc0][0xffffffae]D3[0xffffff87][0xffffff9f][0xb][0x3][0xffffff8e][0xffffffed]J49[0xffffffde]LR"dW[0xffffffc2][0x6][0xffffff92][0xffffffa1]D[0xffffffc0][0xffffffae][0xffffff84][0xffffff84][0xffffffb3][0xffffff9a][0x12][0xffffffc1][0xffffffbb][0x12][0xffffffae]<YJ[0xffffffe4][0xffffffed]J[0xffffffb8]j[0xffffffe5]([0xffffff91][0xffffffb2]+[0xffffffa1][0xffffffc5][0xffffffbb]@[0x9][0xffffffb7]+ql'[0xfffffff6]V[0x2][0xffffffdf][0xffffff95]h[0x1][0xffffffbb][0x12][0xffffffcd][0x1c]~.[0xc]8[0xffffffb6]+[0xffffffd1][0xffffffe4]x3I[0xffffff89][0xffffff90]][0x9][0x1b]H[0xffffff86][0x12][0x1][0xffffffbb][0x12][0x12][0xffffffce]jJ[0x4][0xffffffef]J[0xffffffb8][0xfffffff2]d)[0xffffff91][0xffffffb7]+[0xffffffe1][0xffffffaa][0xffffff95][0xffffffa3]D[0xffffffca][0xffffffae][0xffffff84][0x16][0xffffffef][0x2]%nG[0xffffff89]c[0xffffffc3]>[0xffffffbb][0xffffffbc]qJ[0xffffffdc][0x1][0xffffff94][0xffffffb8]5[0xffffffef][0xffffff85][0x1][0xffffffbf]1J[0xffffffdc]I[0xffffff94][0xffffffd0](2[0xffffff94]p[0xffffff81]d([0xffffffa1][0xffffffb1][0xffffffac][0xffffffa7][0xffffffc4][0x1c][0xffffffce]jJ[0xffffffcc][0x11]M[0xffffffa2][0xffffff84])O[0xffffff96][0x12][0xffffffb6]KYJ[0xffffff98]j[0xffffffe5](!MKQB[0xffffff8a]w[0xffffff81][0x12]n[0xffffffa2][0xffffffea][0xffffffb8]6[0xffffffec][0xffffffb3]K|[0xffffffa2][0xffffffaa][0x5]LT5[0xffffffb3][0xffffffa3]R[0x18]pl[0xffffffa2][0xffffffaa][0xffffffc9]R[\n]"
14:55:25.564 [main] DEBUG org.apache.hc.client5.http.wire - http-outgoing-1 << "I[0xffffff89][0xffffff90][0xffffff89]*[0x1b]H[0xffffff86][0x12][0x1][0x13]U[0x12][0xffffffce]jJ[0x4]OT[0xffffffb9][0xfffffff2]d)[0xffffff91]7Q[0xffffffe5][0xffffffaa][0xffffff95][0xffffffa3]D[0xffffffca]D[0xffffff95][0x16][0xffffffef][0x2]%[0xffffffba][0xffffffa3][0xffffffc4][0xffffffdd][0xffffffb1]?pt[0xffffff9c][0x12]=[0xffffff80][0x12]][0xfffffff3]^[0x18][0xfffffff0][0xffffff8e]Q[0xffffffa2]'QB[0xffffffa3][0xffffffc8]P[0xffffffc2][0x5][0xffffff92][0xffffffa1][0xffffff84][0xffffffc6][0xffffffb2][0xffffff9e][0x12]s8[0xffffffab])1G4[0xffffff89][0x12][0xffffffa6]<YJ[0xffffffd8].e)a[0xffffffaa][0xffffff95][0xffffffa3][0xffffff84]4-E[0x9])[0xffffffde][0x5]J[0xc]G[0xffffff89][0xffffffbe][\r][0xffffff8a][0x12][0x3][0xffffffa7][0xffffffc4]p[0xfffffff1]/[0xffffffce][0xfffffffb][0xffffffd0][0xffffffbc][0x17][0x6]|`[0xffffff94][0x18]I[0xffffff94][0xffffffd0](2[0xffffff94]p[0xffffff81]d([0xffffffa1][0xffffffb1][0xffffffac][0xffffffa7][0xffffffc4][0x1c][0xffffffce]jJ[0xffffffcc][0x11]M[0xffffffa2][0xffffff84])O[0xffffff96][0x12][0xffffffb6]KYJ[0xffffff98]j[0xffffffe5](!MKQB[0xffffff8a][0xfffffff7][0xffffffef])[0xffffffd1][0xffffffdd][0xffffffda][0xffffffe5][0xffffffd1][0xffffffdb][\r]Q[0xffffffa2][0xffffffe3]k[0xffffff97]=`[0xffffffed][0xffffffb2][0xffffff9b]I[0xffffffb6][0xffffffba][0xffffff80]wl[0xffffffed][0xffffffb2][0xffffffcb][0xffffffe8][0x1a]H[0x9][0x13]E[0xffffff84][0x12]6[0xffffff90][0x8]%L,[0xffffffcb])![0xffffffe1],[0xffffffa6][0xffffff84]D4[0xffffff88][0x12][0xffffffae]<QJ[0xfffffff8].E)[0xffffffe1][0xffffffaa][0x15][0xffffffa3][0xffffff84]6-D[0x9]-[0xffffffde][0x5]J[0xffffffb8][0xffffffb5][0xffffffcb]c[0xffffffec][0xffffffd4][0xffffffb7][0x12][0x1d]_[0xffffffbb][0xffffffec][0x1]k[0xffffff97][0xffffffdd]L[0xffffffb2][0x15][0x6][0x1c][[0xffffffbb][0xffffffec]2[0xffffffba]FR"d[0xffffffed][0xffffffd2][0x6][0xffffff92][0xffffffa1]D[0xffffffc0][0xffffffda][0xffffffa5][0xffffff84][0xffffffb3][0xffffff9a][0x12][0xffffffc1]k[0xffffff97][0xffffffae]<YJ[0xffffffe4][0xffffffad]][0xffffffba]j[0xffffffe5]([0xffffff91][0xffffffb2]v[0xffffffa9][0xffffffc5][0xffffffbb]@[0x9][0xffffffb7]vy[0xc][0xffffffec][0xe][0xffffff8e][0xffffff8e][0xffffffaf]][0xfffffff6][0xffffff80][0xffffffb5][0xffffffcb]n&[0xffffffd9][\n]"
14:55:25.564 [main] DEBUG org.apache.hc.client5.http.wire - http-outgoing-1 << "[0x3][0xffffff8e][0xffffffad]]v[0x19]]#)[0x11][0xffffffb2]vi[0x3][0xffffffc9]P"`[0xffffffed]R[0xffffffc2]YM[0xffffff89][0xffffffe0][0xffffffb5]KW[0xffffff9e],%[0xfffffff2][0xffffffd6].][0xffffffb5]r[0xffffff94]HY[0xffffffbb][0xffffffd4][0xffffffe2]][0xffffffa0][0xffffff84][[0xffffffbb]<[0xffffffc6][0xffffffc0][0xfffffffe][0xffffffc0][0xffffff81][0xffffffaf]][0xfffffff6][0xffffff80][0xffffffb5][0xffffffcb]n&[0xffffffd9][\n]"
14:55:25.564 [main] DEBUG org.apache.hc.client5.http.wire - http-outgoing-1 << "[0x3][0xffffff8e][0xffffffad]]v[0x19]]#)[0x11][0xffffffb2]vi[0x3][0xffffffc9]P"`[0xffffffed]R[0xffffffc2]YM[0xffffff89][0xffffffe0][0xffffffb5]KW[0xffffff9e],%[0xfffffff2][0xffffffd6].][0xffffffb5]r[0xffffff94]HY[0xffffffbb][0xffffffd4][0xffffffe2]][0xffffffa0][0xffffff84][0xffffff9b][0xffffffa8]:O[0xffffffee][0xffffffad][0x4]>Q[0xffffffd5][0x3]&[0xffffffaa][0xffffffba][0xffffffd9]Q)[0xc]86Q[0xffffffd5]e)[0xffffff85][0xffffffa4]D[0xffffffc8]D[0xffffff95][\r]$C[0xffffff89][0xffffff80][0xffffff89]*[0x9]g5%[0xffffff82]'[0xffffffaa]\y[0xffffffb2][0xffffff94][0xffffffc8][0xffffff9b][0xffffffa8]r[0xffffffd5][0xffffffca]Q"e[0xffffffa2]J[0xffffff8b]w[0xffffff81][0x12]nW[0xffffffe2][0xfffffffa][0xfffffff8][0xffffff8f][0xffffffa2][0x4][0xffffffbe]+[0xffffffd1][0x3]v%[0xffffffba]9[0xfffffffc]\[0x18]plW[0xffffffa2][0xffffffcb][0xfffffff1]f[0xffffff92][0x12]![0xffffffbb][0x12]6[0xffffff90][0xc]%[0x2]v%$[0xffffff9c][0xffffffd5][0xffffff94][0x8][0xffffffde][0xffffff95]p[0xffffffe5][0xffffffc9]R"oW[0xffffffc2]U+G[0xffffff89][0xffffff94]][0x9]-[0xffffffde][0x5]JtG[0xffffff89][0xfffffff3][0xffffffc4][0xffffffde]Jt[0xffffff9c][0x12]=[0xffffff80][0x12]][0xfffffff3]^[0x18][0xfffffff0][0xffffff8e]Q[0xffffffa2]'QB[0xffffffa3][0xffffffc8]P[0xffffffc2][0x5][0xffffff92][0xffffffa1][0xffffff84][0xffffffc6][0xffffffb2][0xffffff9e][0x12]s8[0xffffffab])1G4[0xffffff89][0x12][0xffffffa6]<YJ[0xffffffd8].e)a[0xffffffaa][0xffffff95][0xffffffa3][0xffffff84]4-E[0x9])[0xffffffde][0x5]J[0xffffffb8]][0xffffff89][0xffffffab]m[0x7]E[0x9]|W[0xffffffa2][0x7][0xffffffec]Jts[0xfffffff8][0xffffffb9]0[0xffffffe0][0xffffffd8][0xffffffae]D[0xffffff97][0xffffffe3][0xffffffcd]$%Bv%l [0x19]J[0x4][0xffffffec]JH8[0xffffffab])[0x11][0xffffffbc]+[0xffffffe1][0xffffffca][0xffffff93][0xffffffa5]D[0xffffffde][0xffffffae][0xffffff84][0xffffffab]V[0xffffff8e][0x12])[0xffffffbb][0x12]Z[0xffffffbc][0x7f]O[0xffffff89][0xffffffe1][0xe][0xffffff83][0xffffffde]g[0xffffffa7](1[0xfffffff0][0xffffffc3][0xffffffa0]#[0xffffffe0]0[0xffffffe8]0'[0xffffff96][0xffffffea][0x2]>[0xffffffb0][0xffffffc3][0xffffffa0]C[0xffffffce]$[0xffffff81][0xffffff94]0QD(a[0x3][0xffffff89]P[0xffffffc2][0xffffffc4][0xffffffb2][0xffffff9c][0x12][0x12][0xffffffce]bJHD[0xffffff83]([0xffffffe1][0xffffffca][0x13][0xffffffa5][0xffffff84][0xffffffef]R[0xffffff94][0x12][0xffffffae]Z1Jh[0xffffffd3]B[0xffffff94][0xffffffd0][0xffffffe2]][0xffffffa0][0xffffff84];[0xc]z[0xffffffb7][0xffffff83][0xfffffffa]Vb[0xffffffe0][0xffffff87]AG[0xffffffc0]a[0xffffffd0]aN,[0x15][0x6][0x1c];[0xc]:[0xffffffe4]L[0x12]I[0xffffff89][0xffffff90][0xffffffc3][0xffffffa0]6[0xffffff90][0xc]%[0x2][0xe][0xffffff83]J8[0xffffffab])[0x11]|[0x18][0xffffffd4][0xffffff95]'K[0xffffff89][0xffffffbc][0xffffffc3][0xffffffa0][0xffffffae]Z9J[0xffffffa4][0x1c][0x6][0xffffffd5][0xffffffe2]][0xffffffa0][0xffffffc4]i([0xffffffd1][0xffffffb6][0xfffffffb][0xffffffa2](q[0xffffffe2][0xffffff94]8][0xfffffffc][0xffffff8b][0xfffffff3]~j[0xffffffde][0xb][0x3]~b[0xffffff94]8[0xffffff93]([0xffffffa1]Qd([0xffffffe1][0x2][0xffffffc9]PBcYO[0xffffff89]9[0xffffff9c][0xffffffd5][0xffffff94][0xffffff98]#[0xffffff9a]D[0x9]S[0xffffff9e],%l[0xffffff97][0xffffffb2][0xffffff94]0[0xffffffd5][0xffffffca]QB[0xffffff9a][0xffffff96][0xffffffa2][0xffffff84][0x14][0xffffffef][0x2]%[0xffffffdc]a[0xffffffd0][0xffffffb6][0xffffffbf]0J[0xffffffe0][0xffffff87]AG[0xffffffc0]a[0xffffffd0]aN,[0x15][0x6]"
14:55:25.565 [main] DEBUG org.apache.hc.client5.http.wire - http-outgoing-1 << "[0x1c];[0xc]:[0xffffffe4]L[0x12]I[0xffffff89][0xffffff90][0xffffffc3][0xffffffa0]6[0xffffff90][0xc]%[0x2][0xe][0xffffff83]J8[0xffffffab])[0x11]|[0x18][0xffffffd4][0xffffff95]'K[0xffffff89][0xffffffbc][0xffffffc3][0xffffffa0][0xffffffae]Z9J[0xffffffa4][0x1c][0x6][0xffffffd5][0xffffffe2]][0xffffffa0][0xffffffc4]m)qa[0xffffff94][0xffffffb8]qJ[0xffffffdc].[0xfffffffe][0xffffffc5]y[0xffffffbf]5[0xffffffef][0xffffff85][0x1][0xffffffbf]1J[0xffffffdc]I[0xffffff94][0xffffffd0](2[0xffffff94]p[0xffffff81]d([0xffffffa1][0xffffffb1][0xffffffac][0xffffffa7][0xffffffc4][0x1c][0xffffffce]jJ[0xffffffcc][0x11]M[0xffffffa2][0xffffff84])O[0xffffff96][0x12][0xffffffb6]KYJ[0xffffff98]j[0xffffffe5](!MKQB[0xffffff8a]w[0xffffff81][0x12]nW[0xffffffa2][0x1d]/j[0xffffffed]r[0xffffffe0][0xffffffbb][0x12]#`Wb[0xffffff98][0xffffffc3][0xffffffcf][0xffffff85][0x1][0xffffffc7]v%[0xffffff86][0x1c]o&)[0x11][0xffffffb2]+a[0x3][0xffffffc9]P"`WB[0xffffffc2]YM[0xffffff89][0xffffffe0]][0x9]W[0xffffff9e],%[0xfffffff2]v%\[0xffffffb5]r[0xffffff94]H[0xffffffd9][0xffffff95][0xffffffd0][0xffffffe2]][0xffffffa0][0xffffff84];[0xc][0xffffffda][0xffffffc6][0xffffff8e]}v[0xffffff89][0x1f][0x6][0x1d][0x1][0xffffff87]A[0xffffff87]9[0xffffffb1]T[0x18]p[0xffffffec]0[0xffffffe8][0xffffff90]3I$%B[0xe][0xffffff83][0xffffffda]@2[0xffffff94][0x8]8[0xc]*[0xffffffe1][0xffffffac][0xffffffa6]D[0xfffffff0]aPW[0xffffff9e],%[0xfffffff2][0xe][0xffffff83][0xffffffba]j[0xffffffe5]([0xffffff91]r[0x18]T[0xffffff8b][0xfffffff7][0xffffffaf])q[0xffffffbf][0xffffffdc]%[0xffffffe3]}[0xffffffa3]([0xfffffff1][0xfffffff5]<(%[0xffffffde]O[0xffffffc0]R[0xffffffe2][0xffffffd7]3[0x10][0xffffff94]x[0xffffffff]:A[0xffffff89][0xffffff9f][0xffffffbf][0xffffff9c]@[0x9][0x17]E[0xffffff82][0x12]>[0xffffff90][0x4]%\,[0xffffffab])[0xffffffa1][0xffffffe1][0xffffffac][0xffffffa5][0xffffff84]F4[0xffffff87][0x12][0xffffffb6]<IJ<t)I[0x9][[0xffffffad][0x14]%L[0xffffffd3]2[0xffffff94]0[0xffffffc5][0xffffffbb]@[0x9][0xffffffb7]+[0xffffffd1][0xffffffaf][0xffffffd1])J[0xffffffd0][0xffffffbb][0x12][0xffffffef]'[0xffffffa0])A[0xffffffee]J[0xffffffbc][0x7f][0xffffff9d][0xffffffa1]D[0xffffffd0][0xffffffae][0xffffff84][0xffffff8b]"C[0xffffff89][0xffffff94]][0x9][0x17][0xffffffcb]zJ[0xffffffb0][0xffffffbb][0x12][0x1a][0xffffffd1]$J[0xffffff84][0xffffffed]J<t)K[0xffffff89][0xffffffa0]][0x9][0xffffffd3][0xffffffb4][0x14]%[0xffffffbe][0xffffffbf]+[0xfffffff1][0xfffffff9]o[0xffffffec]a[0xffffff94][0xffffffd8]qJ[0xffffffec][0x1][0xffffff94][0xffffffd8]QJ[0xffffffec][0x18]%[0xfffffff6]$J[0xffffffcc]Q[0xffffffa4]([0xffffffa1][0xffffff81][0xffffffa4](1[0xffffffc7][0xffffff92][0xffffffa0][0xffffffc4][0xe]Sb[0xf][0xffffffa6][0xffffff84][0xffffff94]'M[0x9][0xffffffd3][0xffffffa5]4%[0xffffffa4]ZIJ[0xffffffec])[0xffffff94][0xffffffd8][0xffffffbf]M[0x9]7Q[0xffffffd5][0xfffffffb]~R[0xffffff94][0xffffffa0]'[0xffffffaa][0xffffffde]O@S[0xffffff82][0xffffff9c][0xffffffa8]z[0xffffffff]:C[0xffffff89][0xffffffa0][0xffffff89]*[0x17]E[0xffffff86][0x12])[0x13]U.[0xffffff96][0xfffffff5][0xffffff94]`'[0xffffffaa]4[0xffffffa2]I[0xffffff94][0x8][0xffffff9b][0xffffffa8]z[0xffffffe8]R[0xffffff96][0x12]A[0x13]U[0xffffffa6]i)J|[0x7f][0xffffffa2][0xffffffea][0xfffffff3][0xffffffdf]0o%PJ[0xffffffd0]o%[0xfffffff6][0xffffff80][0xffffffb7][0x12][0xffffffbb][0xffffffd2][0xffffffb9]4[0xffffffe0][0xffffffd4][[0xffffff89]=[0xffffffe9][0xffffffad][0xffffff84]F[0xffffff91][0xffffffa2]D[0xffffffca][[0x9][0xffffff8d]%A[0x9][0xfffffff6][0xffffffad][0xffffffc4][0x1c][0xffffffd1],J[0xffffff84][0xffffffbd][0xffffff95][0xffffffb0]]JS"[0xffffffe8][0xffffffad][0xffffff84]4-G[0xffffff89][0xffffffef][0xffffffbf][0xffffff95]8[0xffffffcc][[0xffffff89][0xffffffb1][0xffffffb7][0x17]E[0xffffff89][0x3][0x7f]+q[0x4][0xffffffbc][0xffffff95]8[0xffffff94][0xffffffce][0xffffff85][0x1]?[0xffffffb0][0xffffffb7][0x12]G[0xffffffd2][[0x9][0xffffff8d]"C[0x9][0x17]H[0xffffff86][0x12][0x1a][0xffffffcb]zJ[0xffffffcc][0xffffffe1][0xffffffac][0xffffffa6][0xffffffc4][0x1c][0xffffffd1]$J[0xffffff98][0xfffffff2]d)a[0xffffffbb][0xffffff94][0xffffffa5][0xffffff84][0xffffffa9]V[0xffffff8e][0x12][0xffffffd2][0xffffffb4][0x14]%[0xffffffa4]x[0x17]([0xffffffe1][0xffffff86][0xffffffb3][0xffffffc7]yo[0x14]%[0xffffffe8][0xffffffe1][0xffffffec][0xfffffff7][0x13][0xffffffd0][0xffffff94] [0xffffff87][0xffffffb3][0xffffffdf][0xffffffbf][0xffffffce]P"h8[0xffffffdb]E[0xffffff91][0xffffffa1]D[0xffffffca]p[0xffffffb6][0xffffff8b]e=%[0xffffffd8][0xffffffe1]l[0xffffff8d]h[0x12]%[0xffffffc2][0xffffff86][0xffffffb3][0x1f][0xffffffba][0xffffff94][0xffffffa5]D[0xffffffd0]p[0xffffffb6]iZ[0xffffff8a][0x12][0xffffffdf][0x1f][0xffffffce][0xffffffbe]_n8{[0xffffffdc][0x3]Z[0xffffffbb][0xfffffffc]z[0x1e][0xffffff98][0x12][0xfffffffc]p[0xfffffff6][0xffffffaf]g`(A[\r]g[0xffffffff][0xfffffffc][0xffffffe5][0xc]Jd[0xc]g[0xfffffffb]@2[0xffffff94][0xffffffe0][0xffffff87][0xffffffb3]5[0xffffff9c][0xffffffd5][0xffffff94][0xffffffc8][0x1d][0xffffffce][0xffffffb6][0xffffffe5][0xffffffc9]R"n8[0xffffffdb]V+G[0xffffff89][0xffffff90][0xffffffe1]lS[0xffffffbc]K[0xffffff94][0xffffffd0]o%XJ[0xffffffd0][0xffffffdf]J\[0x1][0xffffffdf]J\[0xfffffffa][0x7][0xffffffbd][0xffffffd2][0xffffff80]S[0xffffffdf]J\I[0xffffffdf]Jh[0x14])J[0xffffffa4]|+[0xffffffa1][0xffffffb1]$([0xffffffc1]~+1G4[0xffffff8b][0x12]a[0xffffffdf]J[0xffffffd8].[0xffffffa5])[0x11][0xfffffff4][0xffffffad][0xffffff84]4-G[0xffffff89][0xffffffef][0x7f]+a[0xffffffee][0xffffffe0]8^;5[0xffffff9c][0xfffffffd][0xfffffff5]<0%[0xfffffff8];8~=[0x3]C[0x9][0xffffffea][0xe][0xffffff8e][0xffffff9f][0xffffffbf][0xffffff9c]A[0xffffff89][0xffffff8c];8| [0x19]J[0xfffffff0]wph8[0xffffffab])[0xffffff91]{[0x7][0xffffff87]-O[0xffffff96][0x12]qwp[0xffffffd8]j[0xffffffe5]([0x11]r[0x7][0xffffff87])[0xffffffde][0x5]J[0xffffff98];8[0xffffff8e][0xffffffd7][0xffffffd5]O[0xffffff8a][0x12][0xfffffff4][0x1d][0x1c][0xffffffef]'[0xffffffa0])A[0xffffffde][0xffffffc1][0xfffffff1][0xfffffffe]u[0xffffff86][0x12]Awp[0xffffffb8](2[0xffffff94]H[0xffffffb9][0xffffff83][0xffffffc3][0xffffffc5][0xffffffb2][0xffffff9e][0x12][0xffffffec][0x1d][0x1c][0x1a][0xffffffd1]$J[0xffffff84][0xffffffdd][0xffffffc1][0xfffffff1][0xffffffd0][0xffffffa5],%[0xffffff82][0xffffffee][0xffffffe0]0MKQ[0xffffffe2][0xfffffffb]wp[0xffffffdc][0xffffffaf][0xffffffee]([0xffffffd1]^[0xffffff83][0xffffffa2]D[0xffffffc7])[0xffffffd1][0x3]([0xffffffd1]5[0xffffffef][0xffffff85][0x1][0xffffffef][0x18]%z[0x12]%4[0xffffff8a][0xc]%\ [0x19]Jh,[0xffffffeb])1[0xffffff87][0xffffffb3][0xffffff9a][0x12]sD[0xffffff93](a[0xffffffca][0xffffff93][0xffffffa5][0xffffff84][0xffffffed]R[0xffffff96][0x12][0xffffffa6]Z9JH[0xffffffd3]R[0xffffff94][0xffffff90][0xffffffe2]][0xffffffa0][0xffffff84][0xffffffb9][0xffffffce][0xffffffeb][0xffffff83][0x12]W[0xffffffa3](A_[0xffffffe7][0xfffffff5]~[0x2][0xffffff9a][0x12][0xffffffe4]u^[0xffffffef]_g([0x11]t[0xffffff9d][0xffffff97][0xffffff8b]"C[0xffffff89][0xffffff94][0xffffffeb][0xffffffbc]\,[0xffffffeb])[0xffffffc1]^[0xffffffe7][0xffffffa5][0x11]M[0xffffffa2]D[0xffffffd8]u^[0xf]][0xffffffca]R"[0xffffffe8]:/[0xffffffd3][0xffffffb4][0x14]%[0xfffffffe][0xffffff83][0xffffffeb][0xffffffbc]6s[0xffffff9d][0xffffffd7][0xfffffff1][0xffffffea][0xffffffaf][0x3][0xffffffa2][0xffffffc4][0xffffff86]_[0xffffffe7][0xffffffb5][0x5]\[0xffffffe7][0xffffffb5][0xffffff99];g[0xffffffea][0x2][0xffffffbe]a[0xffffffd7]ymr[0xffffffab][0xc]H[0x9][0x13]E[0xffffff84][0x12]6[0xffffff90][0x8]%L,[0xffffffcb])![0xffffffe1],[0xffffffa6][0xffffff84]D4[0xffffff88][0x12][0xffffffae]<QJ[0xfffffff8].E)[0xffffffe1][0xffffffaa][0x15][0xffffffa3][0xffffff84]6-D[0x9]-[0xffffffde][0x5]J[0xffffff98][0xffffffeb][0xffffffbc]>(qS[0x13]U[0x1b]~[0xffffff9d][0xffffffd7][0x16]p[0xffffff9d][0xffffffd7]f[0xffffffee][0xffffff9c])[0xc]8v[0xffffff9d][0xffffffd7]&[0xffffffb7][0xffffffca][0xffffff90][0xffffff94][0x8][0xffffffb9][0xffffffce][0xffffffcb][0x6][0xffffff92][0xffffffa1]D[0xffffffc0]u^[0x12][0xffffffce]jJ[0x4]_[0xffffffe7][0xffffffe5][0xffffffca][0xffffff93][0xffffffa5]D[0xffffffde]u^[0xffffffae]Z9J[0xffffffa4]\[0xffffffe7][0xffffffa5][0xffffffc5][0xffffffbb]@[0x9]s[0x7][0xffffffc7][0xffffffb1][0xffffffbd]^[0xffffffd4][0x1f]86[0xfffffffc][0xe][0xffffff8e]-[0xffffffe0][0xe][0xffffff8e][0xffffffcd][0xc][0xffffffc5][0x17][0x6][0x1c][0xffffffbb][0xffffff83]c[0xffffff93])x[0xffffff92][0x12]!wp[0xffffffd8]@2[0xffffff94][0x8][0xffffffb8][0xffffff83]C[0xffffffc2]YM[0xffffff89][0xffffffe0];8\y[0xffffffb2][0xffffff94][0xffffffc8][0xffffffbb][0xffffff83][0xffffffc3]U+G[0xffffff89][0xffffff94];8[0xffffffb4]x[0x17](a[0xffffff86][0xffffffb3][0xffffff8f][0xffffffed][0xffffffec][0xffffffd4][0xffffffcd][0xffffffa0][0x1b]>[0xffffff9c][0xffffffbd][0x5][0xc]gof[0xffffffdd][0xffffffb5]0[0xffffffe0][0xffffffd8]p[0xfffffff6]&[0xfffffffb][0xffffffad]$%B[0xffffff86][0xffffffb3]m [0x19]J[0x4][0xc]gK8[0xffffffab])[0x11]<[0xffffff9c][0xffffffed][0xffffffca][0xffffff93][0xffffffa5]D[0xffffffde]p[0xffffffb6][0xffffffab]V[0xffffff8e][0x12])[0xffffffc3][0xffffffd9]Z[0xffffffbc]K[0xffffff94][0xffffffb8][0xffffffc2](q[0xffffffe1][0xffffff94][0xffffffb8][0x2](q[0xffffffa1][0xffffff94][0xffffffb8]0"
14:55:25.566 [main] DEBUG org.apache.hc.client5.http.wire - http-outgoing-1 << "J\I[0xffffff94][0xffffff98][0xffffffa3]HQB[0x3]IQb[0xffffff8e]%A[0xffffff89][0xb][0xffffffa6][0xffffffc4][0x15]L[0x9])O[0xffffff9a][0x12][0xffffffa6]KiJH[0xffffffb5][0xffffff92][0xffffff94][0xffffffb8]R(q[0xffffffad]Sb[0xffffffbc][0xffffffff][\r]s[0x7][0xffffffc7][0xffffffb1][0xffffffbf][0xffffff80][0xffffffc3][0xffffffa0][0xffffffbf][0xffffff9e][0xffffff87][0xffffffa2][0xffffffc4]oO[0xffffff80]Qbz[0xffffff86]bJ[0xfffffffc][0xfffffff6][0xffffffeb][0xffffffc5][0xffffff94][0xfffffff8][0xfffffff7]/[0xffffffc3][0xffffff94]x[0xffffff8c]b1%[0xfffffffe][0x10][0xffffffc8]bJ<[0xffffffc6][0xffffffb2][0xffffff90][0x12][0xf][0xffffffe1],[0xffffffa3][0xffffffc4]CD#([0xfffffff1]\[0xffffff9e][0x10]%[0xfffffffe][0xffffffd4][0xffffffa5][0x10]%[0xffffff9e][0xffffffab][0x15][0xffffffa0][0xffffffc4]S[0xffffffd3][0xffffff96]S[0xffffffe2][0xffffffa9]x[0xffffff97](q[0xffffff84]Q[0xffffffe2][0xffffffc0])q[0x4]P[0xffffffe2]@)q`[0xffffff94]8[0xffffff92](1G[0xffffff91][0xffffffa2][0xffffff84][0x6][0xffffff92][0xffffffa2][0xffffffc4][0x1c]K[0xffffff82][0x12][0x7]L[0xffffff89]#[0xffffff98][0x12]R[0xffffff9e]4%L[0xffffff97][0xffffffd2][0xffffff94][0xffffff90]j%)q[0xffffffa4]P[0xffffffe2][0xfffffff8]6%[0xffffffcc]u^[0xffffffc7][0xffffffbe][0xffffff8f][0xfffffffa][0xffffffe1][0xffffffec]_[0xffffffcf][0x3]S[0x2][0xffffffbd][0xffffffce]kz[0x6][0xffffff86][0x12][0xffffffc0]u^[0xffffffff][0xfffffffe][0xffffffe5][0xc]J[0xffffffe0][0xffffffd7]y[0xfffffffd]![0xffffff90][0xc]%[0xffffffd0][0xffffffeb][0xffffffbc][0x1e][0xffffffc2]YM[0xffffff89][0xffffffc8][0xffffffeb][0xffffffbc][0xffffff9e][0xffffffcb][0xffffff93][0xffffffa5]D[0xffffffd2]u^[0xffffffcf][0xffffffd5][0xffffffca]Q[0xffffff82][0xffffffbf][0xffffffce][0xffffffeb][0xffffffa9]x[0x17]([0xffffffe1][0xffffffee][0xffffffe0][0xffffffd8][0xffffffdb]V[0xffffffbf]+[0xfffffff1][0xffffffeb]y`J[0xffffffa0]wpL[0xffffffcf][0xffffffc0]P[0x2][0xffffffb8][0xffffff83][0xffffffe3][0xffffffdf][0xffffffbf][0xffffff9c]A[0x9][0xfffffffc][0xe][0xffffff8e]?[0x4][0xffffff92][0xffffffa1][0x4]z[0x7][0xffffffc7]C8[0xffffffab])[0x11]y[0x7][0xffffffc7]sy[0xffffffb2][0xffffff94]H[0xffffffba][0xffffff83][0xffffffe3][0xffffffb9]Z9J[0xfffffff0]wp<[0x15][0xffffffef][0x2]%[0xffffffdc][0x1d][0x1c][0xfffffffb][0xffffffe0]([0x1][0xffffffde][0xffffffc1][0xfffffff1][0xffffffdb][0x13][0xffffffd0][0xffffff94][0xffffff80][0xffffffee][0xffffffe0][0xfffffff8][0xffffffed][0xffffffd7][0x19]Jd[0xffffffdc][0xffffffc1][0xfffffff1][0x18]E[0xffffff86][0x12][0x1]wp<[0xffffffc6][0xffffffb2][0xffffff9e][0x12][0xffffffd8][0x1d][0x1c][0xf][0x11]M[0xffffffa2]D[0xffffffce][0x1d][0x1c][0x7f][0xffffffea]R[0xffffff96][0x12][0x19]wp<5-E[0xffffff89]o[0xffffffdd][0xffffffc1][0xfffffff1][0xffffffe3][0xffffffdf][0xffffffe8][0xffffff86][0x12][0x1f][0xffffff98][0xffffffa8]?[0xffffffc1][0xfffffff1][0xffffffeb]y`J[0xfffffff4][0x0]Jt[0xffffffcd]{a[0xffffffc0];F[0xffffff89][0xffffff9e]D[0x9][0xffffff8d]"C[0x9][0x17]H[0xffffff86][0x12][0x1a][0xffffffcb]zJ[0xffffffcc][0xffffffe1][0xffffffac][0xffffffa6][0xffffffc4][0x1c][0xffffffd1]$J[0xffffff98][0xfffffff2]d)a[0xffffffbb][0xffffff94][0xffffffa5][0xffffff84][0xffffffa9]V[0xffffff8e][0x12][0xffffffd2][0xffffffb4][0x14]%[0xffffffa4]x[0x17](1[0x1c]%.[0xffffff8e][0x12][0x3][0xffffffa7][0xffffffc4][0x8][0xffffffa0][0xffffffc4][0xffffffd0][0xffffffbc][0x17][0x6]|`[0xffffff94][0x18]I[0xffffff94][0xffffffd0](2[0xffffff94]p[0xffffff81]d([0xffffffa1][0xffffffb1][0xffffffac][0xffffffa7][0xffffffc4][0x1c][0xffffffce]jJ[0xffffffcc][0x11]M[0xffffffa2][0xffffff84])O[0xffffff96][0x12][0xffffffb6]KYJ[0xffffff98]j[0xffffffe5](!MKQB[0xffffff8a][0xfffffff7][0xffffffef])[0xffffffb1][0xffffffbb];8[0xe]b8[0xfffffffb][0xffffffd7][0xfffffff3][0xffffffb0][0xffffff94][0xffffffd8][0xffffffd1];8[0xffffffa6]g@([0xffffffb1][0x3]wp[0xfffffffc][0xfffffffb][0xffffff97]#(a[0xffffffa2][0xffffff88]P[0xffffffc2][0x6][0x12][0xffffffa1][0xffffff84][0xffffff89]e9%$[0xffffff9c][0xffffffc5][0xffffff94][0xffffff90][0xffffff88][0x6]Q[0xffffffc2][0xffffff95]'J[0x9][0xffffffdf][0xffffffa5](%\[0xffffffb5]b[0xffffff94][0xffffffd0][0xffffffa6][0xffffff85]([0xffffffa1][0xffffffc5][0xfffffffb]GJ[0xfffffffc][0xffffffef][0xffffffff][0xfffffffd][0xffffffbf][0xffffffff][0xf][0xfffffff2];[0x11][0xffffffd4][0xffffffbb][0xffffffbc][0x17][0x0]"
14:55:25.678 [main] DEBUG org.apache.hc.client5.http.impl.classic.InternalHttpClient - ep-0000000002 releasing valid endpoint
14:55:25.678 [main] DEBUG org.apache.hc.client5.http.impl.io.PoolingHttpClientConnectionManager - ep-0000000002 releasing endpoint
14:55:25.678 [main] DEBUG org.apache.hc.client5.http.impl.io.PoolingHttpClientConnectionManager - ep-0000000002 connection http-outgoing-1 can be kept alive for 3 MINUTES
14:55:25.678 [main] DEBUG org.apache.hc.client5.http.impl.io.PoolingHttpClientConnectionManager - ep-0000000002 connection released [route: {s}->https://googlechromelabs.github.io:443][total available: 2; route allocated: 1 of 5; total allocated: 2 of 25]
14:55:25.680 [main] INFO io.github.bonigarcia.wdm.WebDriverManager - Using chromedriver 126.0.6478.182 (resolved driver for Chrome 126)
14:55:25.683 [main] DEBUG io.github.bonigarcia.wdm.cache.ResolutionCache - Storing resolution chrome=126 in cache (valid until 15:55:25 28/07/2024 ICT)
14:55:25.684 [main] DEBUG io.github.bonigarcia.wdm.cache.ResolutionCache - Storing resolution chrome126=126.0.6478.182 in cache (valid until 14:55:25 29/07/2024 ICT)
14:55:25.705 [main] DEBUG io.github.bonigarcia.wdm.WebDriverManager - Driver chromedriver 126.0.6478.182 found in cache
14:55:25.706 [main] INFO io.github.bonigarcia.wdm.WebDriverManager - Exporting webdriver.chrome.driver as C:\Users\OS!\.cache\selenium\chromedriver\win64\126.0.6478.182\chromedriver.exe
14:55:30.525 [main] DEBUG io.github.bonigarcia.wdm.WebDriverManager - Using WebDriverManager 5.9.1
14:55:30.539 [main] DEBUG io.github.bonigarcia.wdm.cache.ResolutionCache - Resolution chrome=126 in cache (valid until 15:55:25 28/07/2024 ICT)
14:55:30.539 [main] DEBUG io.github.bonigarcia.wdm.cache.ResolutionCache - Resolution chrome126=126.0.6478.182 in cache (valid until 14:55:25 29/07/2024 ICT)
14:55:30.539 [main] INFO io.github.bonigarcia.wdm.WebDriverManager - Using chromedriver 126.0.6478.182 (resolved driver for Chrome 126)
14:55:30.550 [main] DEBUG io.github.bonigarcia.wdm.WebDriverManager - Driver chromedriver 126.0.6478.182 found in cache
14:55:30.551 [main] INFO io.github.bonigarcia.wdm.WebDriverManager - Exporting webdriver.chrome.driver as C:\Users\OS!\.cache\selenium\chromedriver\win64\126.0.6478.182\chromedriver.exe
14:55:35.045 [main] DEBUG io.github.bonigarcia.wdm.WebDriverManager - Using WebDriverManager 5.9.1
14:55:35.063 [main] DEBUG io.github.bonigarcia.wdm.cache.ResolutionCache - Resolution chrome=126 in cache (valid until 15:55:25 28/07/2024 ICT)
14:55:35.064 [main] DEBUG io.github.bonigarcia.wdm.cache.ResolutionCache - Resolution chrome126=126.0.6478.182 in cache (valid until 14:55:25 29/07/2024 ICT)
14:55:35.064 [main] INFO io.github.bonigarcia.wdm.WebDriverManager - Using chromedriver 126.0.6478.182 (resolved driver for Chrome 126)
14:55:35.070 [main] DEBUG io.github.bonigarcia.wdm.WebDriverManager - Driver chromedriver 126.0.6478.182 found in cache
14:55:35.072 [main] INFO io.github.bonigarcia.wdm.WebDriverManager - Exporting webdriver.chrome.driver as C:\Users\OS!\.cache\selenium\chromedriver\win64\126.0.6478.182\chromedriver.exe
]]></system-out>
  </testcase>
  <testcase name="submitOrder[{password=Iamking@000, product=ADIDAS ORIGINAL, email=shetty@gmail.com}](2)" classname="trangacademy.trangselenium.pageobjects.SubmitOrderTest" time="8.348">
    <failure message="expected [true] but found [false]" type="java.lang.AssertionError"><![CDATA[java.lang.AssertionError: expected [true] but found [false]
	at org.testng.Assert.fail(Assert.java:111)
	at org.testng.Assert.failNotEquals(Assert.java:1578)
	at org.testng.Assert.assertTrue(Assert.java:57)
	at org.testng.Assert.assertTrue(Assert.java:67)
	at trangacademy.trangselenium.pageobjects.SubmitOrderTest.submitOrder(SubmitOrderTest.java:36)
	at java.base/jdk.internal.reflect.NativeMethodAccessorImpl.invoke0(Native Method)
	at java.base/jdk.internal.reflect.NativeMethodAccessorImpl.invoke(NativeMethodAccessorImpl.java:77)
	at java.base/jdk.internal.reflect.DelegatingMethodAccessorImpl.invoke(DelegatingMethodAccessorImpl.java:43)
	at java.base/java.lang.reflect.Method.invoke(Method.java:568)
	at org.testng.internal.invokers.MethodInvocationHelper.invokeMethod(MethodInvocationHelper.java:139)
	at org.testng.internal.invokers.TestInvoker.invokeMethod(TestInvoker.java:664)
	at org.testng.internal.invokers.TestInvoker.invokeTestMethod(TestInvoker.java:228)
	at org.testng.internal.invokers.MethodRunner.runInSequence(MethodRunner.java:63)
	at org.testng.internal.invokers.TestInvoker$MethodInvocationAgent.invoke(TestInvoker.java:961)
	at org.testng.internal.invokers.TestInvoker.invokeTestMethods(TestInvoker.java:201)
	at org.testng.internal.invokers.TestMethodWorker.invokeTestMethods(TestMethodWorker.java:148)
	at org.testng.internal.invokers.TestMethodWorker.run(TestMethodWorker.java:128)
	at java.base/java.util.ArrayList.forEach(ArrayList.java:1511)
	at org.testng.TestRunner.privateRun(TestRunner.java:819)
	at org.testng.TestRunner.run(TestRunner.java:619)
	at org.testng.SuiteRunner.runTest(SuiteRunner.java:443)
	at org.testng.SuiteRunner.runSequentially(SuiteRunner.java:437)
	at org.testng.SuiteRunner.privateRun(SuiteRunner.java:397)
	at org.testng.SuiteRunner.run(SuiteRunner.java:336)
	at org.testng.SuiteRunnerWorker.runSuite(SuiteRunnerWorker.java:52)
	at org.testng.SuiteRunnerWorker.run(SuiteRunnerWorker.java:95)
	at org.testng.TestNG.runSuitesSequentially(TestNG.java:1301)
	at org.testng.TestNG.runSuitesLocally(TestNG.java:1228)
	at org.testng.TestNG.runSuites(TestNG.java:1134)
	at org.testng.TestNG.run(TestNG.java:1101)
	at org.apache.maven.surefire.testng.TestNGExecutor.run(TestNGExecutor.java:155)
	at org.apache.maven.surefire.testng.TestNGDirectoryTestSuite.executeMulti(TestNGDirectoryTestSuite.java:169)
	at org.apache.maven.surefire.testng.TestNGDirectoryTestSuite.execute(TestNGDirectoryTestSuite.java:88)
	at org.apache.maven.surefire.testng.TestNGProvider.invoke(TestNGProvider.java:137)
	at org.apache.maven.surefire.booter.ForkedBooter.runSuitesInProcess(ForkedBooter.java:385)
	at org.apache.maven.surefire.booter.ForkedBooter.execute(ForkedBooter.java:162)
	at org.apache.maven.surefire.booter.ForkedBooter.run(ForkedBooter.java:507)
	at org.apache.maven.surefire.booter.ForkedBooter.main(ForkedBooter.java:495)
]]></failure>
    <system-out><![CDATA[14:55:42.285 [main] DEBUG io.github.bonigarcia.wdm.WebDriverManager - Using WebDriverManager 5.9.1
14:55:42.295 [main] DEBUG io.github.bonigarcia.wdm.cache.ResolutionCache - Resolution chrome=126 in cache (valid until 15:55:25 28/07/2024 ICT)
14:55:42.297 [main] DEBUG io.github.bonigarcia.wdm.cache.ResolutionCache - Resolution chrome126=126.0.6478.182 in cache (valid until 14:55:25 29/07/2024 ICT)
14:55:42.297 [main] INFO io.github.bonigarcia.wdm.WebDriverManager - Using chromedriver 126.0.6478.182 (resolved driver for Chrome 126)
14:55:42.305 [main] DEBUG io.github.bonigarcia.wdm.WebDriverManager - Driver chromedriver 126.0.6478.182 found in cache
14:55:42.306 [main] INFO io.github.bonigarcia.wdm.WebDriverManager - Exporting webdriver.chrome.driver as C:\Users\OS!\.cache\selenium\chromedriver\win64\126.0.6478.182\chromedriver.exe
14:55:46.207 [main] DEBUG io.github.bonigarcia.wdm.WebDriverManager - Using WebDriverManager 5.9.1
14:55:46.220 [main] DEBUG io.github.bonigarcia.wdm.cache.ResolutionCache - Resolution chrome=126 in cache (valid until 15:55:25 28/07/2024 ICT)
14:55:46.220 [main] DEBUG io.github.bonigarcia.wdm.cache.ResolutionCache - Resolution chrome126=126.0.6478.182 in cache (valid until 14:55:25 29/07/2024 ICT)
14:55:46.221 [main] INFO io.github.bonigarcia.wdm.WebDriverManager - Using chromedriver 126.0.6478.182 (resolved driver for Chrome 126)
14:55:46.230 [main] DEBUG io.github.bonigarcia.wdm.WebDriverManager - Driver chromedriver 126.0.6478.182 found in cache
14:55:46.231 [main] INFO io.github.bonigarcia.wdm.WebDriverManager - Exporting webdriver.chrome.driver as C:\Users\OS!\.cache\selenium\chromedriver\win64\126.0.6478.182\chromedriver.exe
14:55:48.473 [main] DEBUG io.github.bonigarcia.wdm.WebDriverManager - Using WebDriverManager 5.9.1
14:55:48.484 [main] DEBUG io.github.bonigarcia.wdm.cache.ResolutionCache - Resolution chrome=126 in cache (valid until 15:55:25 28/07/2024 ICT)
14:55:48.485 [main] DEBUG io.github.bonigarcia.wdm.cache.ResolutionCache - Resolution chrome126=126.0.6478.182 in cache (valid until 14:55:25 29/07/2024 ICT)
14:55:48.485 [main] INFO io.github.bonigarcia.wdm.WebDriverManager - Using chromedriver 126.0.6478.182 (resolved driver for Chrome 126)
14:55:48.494 [main] DEBUG io.github.bonigarcia.wdm.WebDriverManager - Driver chromedriver 126.0.6478.182 found in cache
14:55:48.495 [main] INFO io.github.bonigarcia.wdm.WebDriverManager - Exporting webdriver.chrome.driver as C:\Users\OS!\.cache\selenium\chromedriver\win64\126.0.6478.182\chromedriver.exe
]]></system-out>
    <system-err><![CDATA[Jul 28, 2024 2:55:42 PM org.openqa.selenium.remote.http.WebSocket$Listener onError
WARNING: Connection reset
java.net.SocketException: Connection reset
	at java.base/sun.nio.ch.SocketChannelImpl.throwConnectionReset(SocketChannelImpl.java:394)
	at java.base/sun.nio.ch.SocketChannelImpl.read(SocketChannelImpl.java:426)
	at java.net.http/jdk.internal.net.http.SocketTube.readAvailable(SocketTube.java:1170)
	at java.net.http/jdk.internal.net.http.SocketTube$InternalReadPublisher$InternalReadSubscription.read(SocketTube.java:833)
	at java.net.http/jdk.internal.net.http.SocketTube$SocketFlowTask.run(SocketTube.java:181)
	at java.net.http/jdk.internal.net.http.common.SequentialScheduler$SchedulableTask.run(SequentialScheduler.java:230)
	at java.net.http/jdk.internal.net.http.common.SequentialScheduler.runOrSchedule(SequentialScheduler.java:303)
	at java.net.http/jdk.internal.net.http.common.SequentialScheduler.runOrSchedule(SequentialScheduler.java:256)
	at java.net.http/jdk.internal.net.http.SocketTube$InternalReadPublisher$InternalReadSubscription.signalReadable(SocketTube.java:774)
	at java.net.http/jdk.internal.net.http.SocketTube$InternalReadPublisher$ReadEvent.signalEvent(SocketTube.java:957)
	at java.net.http/jdk.internal.net.http.SocketTube$SocketFlowEvent.handle(SocketTube.java:253)
	at java.net.http/jdk.internal.net.http.HttpClientImpl$SelectorManager.handleEvent(HttpClientImpl.java:979)
	at java.net.http/jdk.internal.net.http.HttpClientImpl$SelectorManager.lambda$run$3(HttpClientImpl.java:934)
	at java.base/java.util.ArrayList.forEach(ArrayList.java:1511)
	at java.net.http/jdk.internal.net.http.HttpClientImpl$SelectorManager.run(HttpClientImpl.java:934)

]]></system-err>
  </testcase>
  <testcase name="OrderHistoryTest" classname="trangacademy.trangselenium.pageobjects.SubmitOrderTest" time="0.0">
    <skipped message="Method trangacademy.trangselenium.pageobjects.SubmitOrderTest.OrderHistoryTest() on instance trangacademy.trangselenium.pageobjects.SubmitOrderTest@74fe5c40 depends on not successfully finished methods &#10;[trangacademy.trangselenium.pageobjects.SubmitOrderTest.submitOrder() on instance trangacademy.trangselenium.pageobjects.SubmitOrderTest@74fe5c40]"/>
    <system-err><![CDATA[Jul 28, 2024 2:55:54 PM org.openqa.selenium.remote.http.WebSocket$Listener onError
WARNING: Connection reset
java.net.SocketException: Connection reset
	at java.base/sun.nio.ch.SocketChannelImpl.throwConnectionReset(SocketChannelImpl.java:394)
	at java.base/sun.nio.ch.SocketChannelImpl.read(SocketChannelImpl.java:426)
	at java.net.http/jdk.internal.net.http.SocketTube.readAvailable(SocketTube.java:1170)
	at java.net.http/jdk.internal.net.http.SocketTube$InternalReadPublisher$InternalReadSubscription.read(SocketTube.java:833)
	at java.net.http/jdk.internal.net.http.SocketTube$SocketFlowTask.run(SocketTube.java:181)
	at java.net.http/jdk.internal.net.http.common.SequentialScheduler$SchedulableTask.run(SequentialScheduler.java:230)
	at java.net.http/jdk.internal.net.http.common.SequentialScheduler.runOrSchedule(SequentialScheduler.java:303)
	at java.net.http/jdk.internal.net.http.common.SequentialScheduler.runOrSchedule(SequentialScheduler.java:256)
	at java.net.http/jdk.internal.net.http.SocketTube$InternalReadPublisher$InternalReadSubscription.signalReadable(SocketTube.java:774)
	at java.net.http/jdk.internal.net.http.SocketTube$InternalReadPublisher$ReadEvent.signalEvent(SocketTube.java:957)
	at java.net.http/jdk.internal.net.http.SocketTube$SocketFlowEvent.handle(SocketTube.java:253)
	at java.net.http/jdk.internal.net.http.HttpClientImpl$SelectorManager.handleEvent(HttpClientImpl.java:979)
	at java.net.http/jdk.internal.net.http.HttpClientImpl$SelectorManager.lambda$run$3(HttpClientImpl.java:934)
	at java.base/java.util.ArrayList.forEach(ArrayList.java:1511)
	at java.net.http/jdk.internal.net.http.HttpClientImpl$SelectorManager.run(HttpClientImpl.java:934)

]]></system-err>
  </testcase>
</testsuite>