<?xml version="1.0" encoding="UTF-8"?>
<!-- Generated by org.testng.reporters.JUnitReportReporter -->
<testsuite hostname="DESKTOP-CHKRU1Q" failures="0" tests="1" name="PS1" time="0.016" errors="0" timestamp="2024-04-30T09:56:39 ICT" skipped="0">
  <testcase classname="PS1" name="runTest" time="0.016"/>
</testsuite> <!-- PS1 -->
