<?xml version="1.0" encoding="UTF-8"?>
<!-- Generated by org.testng.reporters.JUnitReportReporter -->
<testsuite hostname="DESKTOP-CHKRU1Q" failures="0" tests="1" name="test01" time="0.009" errors="0" timestamp="2024-02-25T22:20:45 ICT" skipped="0">
  <testcase classname="test01" name="StreamCollect" time="0.009"/>
</testsuite> <!-- test01 -->
